[2024-08-27T17:04:44.786+0000] {processor.py:186} INFO - Started process (PID=58) to work on /home/airflow/.local/lib/python3.12/site-packages/airflow/example_dags/example_subdag_operator.py
[2024-08-27T17:04:44.787+0000] {processor.py:914} INFO - Processing file /home/airflow/.local/lib/python3.12/site-packages/airflow/example_dags/example_subdag_operator.py for tasks to queue
[2024-08-27T17:04:44.790+0000] {logging_mixin.py:190} INFO - [2024-08-27T17:04:44.790+0000] {dagbag.py:587} INFO - Filling up the DagBag from /home/airflow/.local/lib/python3.12/site-packages/airflow/example_dags/example_subdag_operator.py
[2024-08-27T17:04:44.847+0000] {processor.py:925} INFO - DAG(s) 'example_subdag_operator.section-1', 'example_subdag_operator.section-2', 'example_subdag_operator' retrieved from /home/airflow/.local/lib/python3.12/site-packages/airflow/example_dags/example_subdag_operator.py
[2024-08-27T17:04:45.074+0000] {logging_mixin.py:190} INFO - [2024-08-27T17:04:45.072+0000] {override.py:1858} INFO - Created Permission View: can edit on DAG:example_subdag_operator
[2024-08-27T17:04:45.104+0000] {logging_mixin.py:190} INFO - [2024-08-27T17:04:45.103+0000] {override.py:1858} INFO - Created Permission View: can read on DAG:example_subdag_operator
[2024-08-27T17:04:45.120+0000] {logging_mixin.py:190} INFO - [2024-08-27T17:04:45.120+0000] {override.py:1858} INFO - Created Permission View: can delete on DAG:example_subdag_operator
[2024-08-27T17:04:45.122+0000] {logging_mixin.py:190} INFO - [2024-08-27T17:04:45.122+0000] {dag.py:3211} INFO - Sync 3 DAGs
[2024-08-27T17:04:45.149+0000] {logging_mixin.py:190} INFO - [2024-08-27T17:04:45.148+0000] {dag.py:3234} INFO - Creating ORM DAG for example_subdag_operator.section-1
[2024-08-27T17:04:45.151+0000] {logging_mixin.py:190} INFO - [2024-08-27T17:04:45.150+0000] {dag.py:3234} INFO - Creating ORM DAG for example_subdag_operator
[2024-08-27T17:04:45.153+0000] {logging_mixin.py:190} INFO - [2024-08-27T17:04:45.152+0000] {dag.py:3234} INFO - Creating ORM DAG for example_subdag_operator.section-2
[2024-08-27T17:04:45.167+0000] {logging_mixin.py:190} INFO - [2024-08-27T17:04:45.166+0000] {dag.py:4138} INFO - Setting next_dagrun for example_subdag_operator to 2022-01-01 00:00:00+00:00, run_after=2022-01-01 00:00:00+00:00
[2024-08-27T17:04:45.168+0000] {logging_mixin.py:190} INFO - [2024-08-27T17:04:45.168+0000] {dag.py:4138} INFO - Setting next_dagrun for example_subdag_operator.section-1 to None, run_after=None
[2024-08-27T17:04:45.169+0000] {logging_mixin.py:190} INFO - [2024-08-27T17:04:45.169+0000] {dag.py:4138} INFO - Setting next_dagrun for example_subdag_operator.section-2 to None, run_after=None
[2024-08-27T17:04:45.186+0000] {logging_mixin.py:190} INFO - [2024-08-27T17:04:45.186+0000] {dag.py:3211} INFO - Sync 2 DAGs
[2024-08-27T17:04:45.196+0000] {logging_mixin.py:190} INFO - [2024-08-27T17:04:45.195+0000] {dag.py:4138} INFO - Setting next_dagrun for example_subdag_operator.section-1 to None, run_after=None
[2024-08-27T17:04:45.201+0000] {logging_mixin.py:190} INFO - [2024-08-27T17:04:45.201+0000] {dag.py:4138} INFO - Setting next_dagrun for example_subdag_operator.section-2 to None, run_after=None
[2024-08-27T17:04:45.228+0000] {processor.py:208} INFO - Processing /home/airflow/.local/lib/python3.12/site-packages/airflow/example_dags/example_subdag_operator.py took 0.453 seconds
[2024-08-27T17:05:15.606+0000] {processor.py:186} INFO - Started process (PID=120) to work on /home/airflow/.local/lib/python3.12/site-packages/airflow/example_dags/example_subdag_operator.py
[2024-08-27T17:05:15.608+0000] {processor.py:914} INFO - Processing file /home/airflow/.local/lib/python3.12/site-packages/airflow/example_dags/example_subdag_operator.py for tasks to queue
[2024-08-27T17:05:15.612+0000] {logging_mixin.py:190} INFO - [2024-08-27T17:05:15.612+0000] {dagbag.py:587} INFO - Filling up the DagBag from /home/airflow/.local/lib/python3.12/site-packages/airflow/example_dags/example_subdag_operator.py
[2024-08-27T17:05:15.652+0000] {processor.py:925} INFO - DAG(s) 'example_subdag_operator.section-1', 'example_subdag_operator.section-2', 'example_subdag_operator' retrieved from /home/airflow/.local/lib/python3.12/site-packages/airflow/example_dags/example_subdag_operator.py
[2024-08-27T17:05:15.676+0000] {logging_mixin.py:190} INFO - [2024-08-27T17:05:15.675+0000] {dag.py:3211} INFO - Sync 3 DAGs
[2024-08-27T17:05:15.705+0000] {logging_mixin.py:190} INFO - [2024-08-27T17:05:15.705+0000] {dag.py:4138} INFO - Setting next_dagrun for example_subdag_operator to 2022-01-01 00:00:00+00:00, run_after=2022-01-01 00:00:00+00:00
[2024-08-27T17:05:15.711+0000] {logging_mixin.py:190} INFO - [2024-08-27T17:05:15.710+0000] {dag.py:4138} INFO - Setting next_dagrun for example_subdag_operator.section-1 to None, run_after=None
[2024-08-27T17:05:15.714+0000] {logging_mixin.py:190} INFO - [2024-08-27T17:05:15.714+0000] {dag.py:4138} INFO - Setting next_dagrun for example_subdag_operator.section-2 to None, run_after=None
[2024-08-27T17:05:15.724+0000] {logging_mixin.py:190} INFO - [2024-08-27T17:05:15.724+0000] {dag.py:3211} INFO - Sync 2 DAGs
[2024-08-27T17:05:15.733+0000] {logging_mixin.py:190} INFO - [2024-08-27T17:05:15.733+0000] {dag.py:4138} INFO - Setting next_dagrun for example_subdag_operator.section-1 to None, run_after=None
[2024-08-27T17:05:15.734+0000] {logging_mixin.py:190} INFO - [2024-08-27T17:05:15.734+0000] {dag.py:4138} INFO - Setting next_dagrun for example_subdag_operator.section-2 to None, run_after=None
[2024-08-27T17:05:15.752+0000] {processor.py:208} INFO - Processing /home/airflow/.local/lib/python3.12/site-packages/airflow/example_dags/example_subdag_operator.py took 0.157 seconds
[2024-08-27T17:05:45.993+0000] {processor.py:186} INFO - Started process (PID=182) to work on /home/airflow/.local/lib/python3.12/site-packages/airflow/example_dags/example_subdag_operator.py
[2024-08-27T17:05:45.995+0000] {processor.py:914} INFO - Processing file /home/airflow/.local/lib/python3.12/site-packages/airflow/example_dags/example_subdag_operator.py for tasks to queue
[2024-08-27T17:05:45.999+0000] {logging_mixin.py:190} INFO - [2024-08-27T17:05:45.999+0000] {dagbag.py:587} INFO - Filling up the DagBag from /home/airflow/.local/lib/python3.12/site-packages/airflow/example_dags/example_subdag_operator.py
[2024-08-27T17:05:46.058+0000] {processor.py:925} INFO - DAG(s) 'example_subdag_operator.section-1', 'example_subdag_operator.section-2', 'example_subdag_operator' retrieved from /home/airflow/.local/lib/python3.12/site-packages/airflow/example_dags/example_subdag_operator.py
[2024-08-27T17:05:46.091+0000] {logging_mixin.py:190} INFO - [2024-08-27T17:05:46.091+0000] {dag.py:3211} INFO - Sync 3 DAGs
[2024-08-27T17:05:46.132+0000] {logging_mixin.py:190} INFO - [2024-08-27T17:05:46.131+0000] {dag.py:4138} INFO - Setting next_dagrun for example_subdag_operator to 2022-01-01 00:00:00+00:00, run_after=2022-01-01 00:00:00+00:00
[2024-08-27T17:05:46.140+0000] {logging_mixin.py:190} INFO - [2024-08-27T17:05:46.139+0000] {dag.py:4138} INFO - Setting next_dagrun for example_subdag_operator.section-1 to None, run_after=None
[2024-08-27T17:05:46.143+0000] {logging_mixin.py:190} INFO - [2024-08-27T17:05:46.143+0000] {dag.py:4138} INFO - Setting next_dagrun for example_subdag_operator.section-2 to None, run_after=None
[2024-08-27T17:05:46.156+0000] {logging_mixin.py:190} INFO - [2024-08-27T17:05:46.156+0000] {dag.py:3211} INFO - Sync 2 DAGs
[2024-08-27T17:05:46.165+0000] {logging_mixin.py:190} INFO - [2024-08-27T17:05:46.164+0000] {dag.py:4138} INFO - Setting next_dagrun for example_subdag_operator.section-1 to None, run_after=None
[2024-08-27T17:05:46.166+0000] {logging_mixin.py:190} INFO - [2024-08-27T17:05:46.166+0000] {dag.py:4138} INFO - Setting next_dagrun for example_subdag_operator.section-2 to None, run_after=None
[2024-08-27T17:05:46.189+0000] {processor.py:208} INFO - Processing /home/airflow/.local/lib/python3.12/site-packages/airflow/example_dags/example_subdag_operator.py took 0.207 seconds
[2024-08-27T17:06:16.341+0000] {processor.py:186} INFO - Started process (PID=244) to work on /home/airflow/.local/lib/python3.12/site-packages/airflow/example_dags/example_subdag_operator.py
[2024-08-27T17:06:16.343+0000] {processor.py:914} INFO - Processing file /home/airflow/.local/lib/python3.12/site-packages/airflow/example_dags/example_subdag_operator.py for tasks to queue
[2024-08-27T17:06:16.347+0000] {logging_mixin.py:190} INFO - [2024-08-27T17:06:16.347+0000] {dagbag.py:587} INFO - Filling up the DagBag from /home/airflow/.local/lib/python3.12/site-packages/airflow/example_dags/example_subdag_operator.py
[2024-08-27T17:06:16.390+0000] {processor.py:925} INFO - DAG(s) 'example_subdag_operator.section-1', 'example_subdag_operator.section-2', 'example_subdag_operator' retrieved from /home/airflow/.local/lib/python3.12/site-packages/airflow/example_dags/example_subdag_operator.py
[2024-08-27T17:06:16.416+0000] {logging_mixin.py:190} INFO - [2024-08-27T17:06:16.416+0000] {dag.py:3211} INFO - Sync 3 DAGs
[2024-08-27T17:06:16.452+0000] {logging_mixin.py:190} INFO - [2024-08-27T17:06:16.452+0000] {dag.py:4138} INFO - Setting next_dagrun for example_subdag_operator to 2022-01-01 00:00:00+00:00, run_after=2022-01-01 00:00:00+00:00
[2024-08-27T17:06:16.459+0000] {logging_mixin.py:190} INFO - [2024-08-27T17:06:16.458+0000] {dag.py:4138} INFO - Setting next_dagrun for example_subdag_operator.section-1 to None, run_after=None
[2024-08-27T17:06:16.461+0000] {logging_mixin.py:190} INFO - [2024-08-27T17:06:16.461+0000] {dag.py:4138} INFO - Setting next_dagrun for example_subdag_operator.section-2 to None, run_after=None
[2024-08-27T17:06:16.473+0000] {logging_mixin.py:190} INFO - [2024-08-27T17:06:16.473+0000] {dag.py:3211} INFO - Sync 2 DAGs
[2024-08-27T17:06:16.482+0000] {logging_mixin.py:190} INFO - [2024-08-27T17:06:16.482+0000] {dag.py:4138} INFO - Setting next_dagrun for example_subdag_operator.section-1 to None, run_after=None
[2024-08-27T17:06:16.483+0000] {logging_mixin.py:190} INFO - [2024-08-27T17:06:16.483+0000] {dag.py:4138} INFO - Setting next_dagrun for example_subdag_operator.section-2 to None, run_after=None
[2024-08-27T17:06:16.503+0000] {processor.py:208} INFO - Processing /home/airflow/.local/lib/python3.12/site-packages/airflow/example_dags/example_subdag_operator.py took 0.173 seconds
[2024-08-27T17:06:47.102+0000] {processor.py:186} INFO - Started process (PID=306) to work on /home/airflow/.local/lib/python3.12/site-packages/airflow/example_dags/example_subdag_operator.py
[2024-08-27T17:06:47.103+0000] {processor.py:914} INFO - Processing file /home/airflow/.local/lib/python3.12/site-packages/airflow/example_dags/example_subdag_operator.py for tasks to queue
[2024-08-27T17:06:47.106+0000] {logging_mixin.py:190} INFO - [2024-08-27T17:06:47.106+0000] {dagbag.py:587} INFO - Filling up the DagBag from /home/airflow/.local/lib/python3.12/site-packages/airflow/example_dags/example_subdag_operator.py
[2024-08-27T17:06:47.144+0000] {processor.py:925} INFO - DAG(s) 'example_subdag_operator.section-1', 'example_subdag_operator.section-2', 'example_subdag_operator' retrieved from /home/airflow/.local/lib/python3.12/site-packages/airflow/example_dags/example_subdag_operator.py
[2024-08-27T17:06:47.168+0000] {logging_mixin.py:190} INFO - [2024-08-27T17:06:47.168+0000] {dag.py:3211} INFO - Sync 3 DAGs
[2024-08-27T17:06:47.205+0000] {logging_mixin.py:190} INFO - [2024-08-27T17:06:47.204+0000] {dag.py:4138} INFO - Setting next_dagrun for example_subdag_operator to 2022-01-01 00:00:00+00:00, run_after=2022-01-01 00:00:00+00:00
[2024-08-27T17:06:47.213+0000] {logging_mixin.py:190} INFO - [2024-08-27T17:06:47.212+0000] {dag.py:4138} INFO - Setting next_dagrun for example_subdag_operator.section-1 to None, run_after=None
[2024-08-27T17:06:47.217+0000] {logging_mixin.py:190} INFO - [2024-08-27T17:06:47.216+0000] {dag.py:4138} INFO - Setting next_dagrun for example_subdag_operator.section-2 to None, run_after=None
[2024-08-27T17:06:47.234+0000] {logging_mixin.py:190} INFO - [2024-08-27T17:06:47.234+0000] {dag.py:3211} INFO - Sync 2 DAGs
[2024-08-27T17:06:47.244+0000] {logging_mixin.py:190} INFO - [2024-08-27T17:06:47.244+0000] {dag.py:4138} INFO - Setting next_dagrun for example_subdag_operator.section-1 to None, run_after=None
[2024-08-27T17:06:47.245+0000] {logging_mixin.py:190} INFO - [2024-08-27T17:06:47.245+0000] {dag.py:4138} INFO - Setting next_dagrun for example_subdag_operator.section-2 to None, run_after=None
[2024-08-27T17:06:47.267+0000] {processor.py:208} INFO - Processing /home/airflow/.local/lib/python3.12/site-packages/airflow/example_dags/example_subdag_operator.py took 0.174 seconds
[2024-08-27T17:07:17.595+0000] {processor.py:186} INFO - Started process (PID=368) to work on /home/airflow/.local/lib/python3.12/site-packages/airflow/example_dags/example_subdag_operator.py
[2024-08-27T17:07:17.596+0000] {processor.py:914} INFO - Processing file /home/airflow/.local/lib/python3.12/site-packages/airflow/example_dags/example_subdag_operator.py for tasks to queue
[2024-08-27T17:07:17.600+0000] {logging_mixin.py:190} INFO - [2024-08-27T17:07:17.600+0000] {dagbag.py:587} INFO - Filling up the DagBag from /home/airflow/.local/lib/python3.12/site-packages/airflow/example_dags/example_subdag_operator.py
[2024-08-27T17:07:17.642+0000] {processor.py:925} INFO - DAG(s) 'example_subdag_operator.section-1', 'example_subdag_operator.section-2', 'example_subdag_operator' retrieved from /home/airflow/.local/lib/python3.12/site-packages/airflow/example_dags/example_subdag_operator.py
[2024-08-27T17:07:17.664+0000] {logging_mixin.py:190} INFO - [2024-08-27T17:07:17.664+0000] {dag.py:3211} INFO - Sync 3 DAGs
[2024-08-27T17:07:17.701+0000] {logging_mixin.py:190} INFO - [2024-08-27T17:07:17.701+0000] {dag.py:4138} INFO - Setting next_dagrun for example_subdag_operator to 2022-01-01 00:00:00+00:00, run_after=2022-01-01 00:00:00+00:00
[2024-08-27T17:07:17.709+0000] {logging_mixin.py:190} INFO - [2024-08-27T17:07:17.709+0000] {dag.py:4138} INFO - Setting next_dagrun for example_subdag_operator.section-1 to None, run_after=None
[2024-08-27T17:07:17.712+0000] {logging_mixin.py:190} INFO - [2024-08-27T17:07:17.712+0000] {dag.py:4138} INFO - Setting next_dagrun for example_subdag_operator.section-2 to None, run_after=None
[2024-08-27T17:07:17.726+0000] {logging_mixin.py:190} INFO - [2024-08-27T17:07:17.726+0000] {dag.py:3211} INFO - Sync 2 DAGs
[2024-08-27T17:07:17.736+0000] {logging_mixin.py:190} INFO - [2024-08-27T17:07:17.736+0000] {dag.py:4138} INFO - Setting next_dagrun for example_subdag_operator.section-1 to None, run_after=None
[2024-08-27T17:07:17.738+0000] {logging_mixin.py:190} INFO - [2024-08-27T17:07:17.737+0000] {dag.py:4138} INFO - Setting next_dagrun for example_subdag_operator.section-2 to None, run_after=None
[2024-08-27T17:07:17.760+0000] {processor.py:208} INFO - Processing /home/airflow/.local/lib/python3.12/site-packages/airflow/example_dags/example_subdag_operator.py took 0.174 seconds
[2024-08-27T17:07:48.323+0000] {processor.py:186} INFO - Started process (PID=430) to work on /home/airflow/.local/lib/python3.12/site-packages/airflow/example_dags/example_subdag_operator.py
[2024-08-27T17:07:48.324+0000] {processor.py:914} INFO - Processing file /home/airflow/.local/lib/python3.12/site-packages/airflow/example_dags/example_subdag_operator.py for tasks to queue
[2024-08-27T17:07:48.329+0000] {logging_mixin.py:190} INFO - [2024-08-27T17:07:48.328+0000] {dagbag.py:587} INFO - Filling up the DagBag from /home/airflow/.local/lib/python3.12/site-packages/airflow/example_dags/example_subdag_operator.py
[2024-08-27T17:07:48.378+0000] {processor.py:925} INFO - DAG(s) 'example_subdag_operator.section-1', 'example_subdag_operator.section-2', 'example_subdag_operator' retrieved from /home/airflow/.local/lib/python3.12/site-packages/airflow/example_dags/example_subdag_operator.py
[2024-08-27T17:07:48.418+0000] {logging_mixin.py:190} INFO - [2024-08-27T17:07:48.418+0000] {dag.py:3211} INFO - Sync 3 DAGs
[2024-08-27T17:07:48.464+0000] {logging_mixin.py:190} INFO - [2024-08-27T17:07:48.463+0000] {dag.py:4138} INFO - Setting next_dagrun for example_subdag_operator to 2022-01-01 00:00:00+00:00, run_after=2022-01-01 00:00:00+00:00
[2024-08-27T17:07:48.471+0000] {logging_mixin.py:190} INFO - [2024-08-27T17:07:48.471+0000] {dag.py:4138} INFO - Setting next_dagrun for example_subdag_operator.section-1 to None, run_after=None
[2024-08-27T17:07:48.475+0000] {logging_mixin.py:190} INFO - [2024-08-27T17:07:48.475+0000] {dag.py:4138} INFO - Setting next_dagrun for example_subdag_operator.section-2 to None, run_after=None
[2024-08-27T17:07:48.488+0000] {logging_mixin.py:190} INFO - [2024-08-27T17:07:48.488+0000] {dag.py:3211} INFO - Sync 2 DAGs
[2024-08-27T17:07:48.499+0000] {logging_mixin.py:190} INFO - [2024-08-27T17:07:48.499+0000] {dag.py:4138} INFO - Setting next_dagrun for example_subdag_operator.section-1 to None, run_after=None
[2024-08-27T17:07:48.500+0000] {logging_mixin.py:190} INFO - [2024-08-27T17:07:48.500+0000] {dag.py:4138} INFO - Setting next_dagrun for example_subdag_operator.section-2 to None, run_after=None
[2024-08-27T17:07:48.520+0000] {processor.py:208} INFO - Processing /home/airflow/.local/lib/python3.12/site-packages/airflow/example_dags/example_subdag_operator.py took 0.205 seconds
[2024-08-27T17:08:19.028+0000] {processor.py:186} INFO - Started process (PID=492) to work on /home/airflow/.local/lib/python3.12/site-packages/airflow/example_dags/example_subdag_operator.py
[2024-08-27T17:08:19.029+0000] {processor.py:914} INFO - Processing file /home/airflow/.local/lib/python3.12/site-packages/airflow/example_dags/example_subdag_operator.py for tasks to queue
[2024-08-27T17:08:19.033+0000] {logging_mixin.py:190} INFO - [2024-08-27T17:08:19.033+0000] {dagbag.py:587} INFO - Filling up the DagBag from /home/airflow/.local/lib/python3.12/site-packages/airflow/example_dags/example_subdag_operator.py
[2024-08-27T17:08:19.072+0000] {processor.py:925} INFO - DAG(s) 'example_subdag_operator.section-1', 'example_subdag_operator.section-2', 'example_subdag_operator' retrieved from /home/airflow/.local/lib/python3.12/site-packages/airflow/example_dags/example_subdag_operator.py
[2024-08-27T17:08:19.096+0000] {logging_mixin.py:190} INFO - [2024-08-27T17:08:19.096+0000] {dag.py:3211} INFO - Sync 3 DAGs
[2024-08-27T17:08:19.135+0000] {logging_mixin.py:190} INFO - [2024-08-27T17:08:19.135+0000] {dag.py:4138} INFO - Setting next_dagrun for example_subdag_operator to 2022-01-01 00:00:00+00:00, run_after=2022-01-01 00:00:00+00:00
[2024-08-27T17:08:19.143+0000] {logging_mixin.py:190} INFO - [2024-08-27T17:08:19.143+0000] {dag.py:4138} INFO - Setting next_dagrun for example_subdag_operator.section-1 to None, run_after=None
[2024-08-27T17:08:19.146+0000] {logging_mixin.py:190} INFO - [2024-08-27T17:08:19.145+0000] {dag.py:4138} INFO - Setting next_dagrun for example_subdag_operator.section-2 to None, run_after=None
[2024-08-27T17:08:19.159+0000] {logging_mixin.py:190} INFO - [2024-08-27T17:08:19.158+0000] {dag.py:3211} INFO - Sync 2 DAGs
[2024-08-27T17:08:19.168+0000] {logging_mixin.py:190} INFO - [2024-08-27T17:08:19.167+0000] {dag.py:4138} INFO - Setting next_dagrun for example_subdag_operator.section-1 to None, run_after=None
[2024-08-27T17:08:19.169+0000] {logging_mixin.py:190} INFO - [2024-08-27T17:08:19.169+0000] {dag.py:4138} INFO - Setting next_dagrun for example_subdag_operator.section-2 to None, run_after=None
[2024-08-27T17:08:19.189+0000] {processor.py:208} INFO - Processing /home/airflow/.local/lib/python3.12/site-packages/airflow/example_dags/example_subdag_operator.py took 0.170 seconds
[2024-08-27T17:08:49.866+0000] {processor.py:186} INFO - Started process (PID=554) to work on /home/airflow/.local/lib/python3.12/site-packages/airflow/example_dags/example_subdag_operator.py
[2024-08-27T17:08:49.868+0000] {processor.py:914} INFO - Processing file /home/airflow/.local/lib/python3.12/site-packages/airflow/example_dags/example_subdag_operator.py for tasks to queue
[2024-08-27T17:08:49.873+0000] {logging_mixin.py:190} INFO - [2024-08-27T17:08:49.872+0000] {dagbag.py:587} INFO - Filling up the DagBag from /home/airflow/.local/lib/python3.12/site-packages/airflow/example_dags/example_subdag_operator.py
[2024-08-27T17:08:49.938+0000] {processor.py:925} INFO - DAG(s) 'example_subdag_operator.section-1', 'example_subdag_operator.section-2', 'example_subdag_operator' retrieved from /home/airflow/.local/lib/python3.12/site-packages/airflow/example_dags/example_subdag_operator.py
[2024-08-27T17:08:49.975+0000] {logging_mixin.py:190} INFO - [2024-08-27T17:08:49.975+0000] {dag.py:3211} INFO - Sync 3 DAGs
[2024-08-27T17:08:50.022+0000] {logging_mixin.py:190} INFO - [2024-08-27T17:08:50.022+0000] {dag.py:4138} INFO - Setting next_dagrun for example_subdag_operator to 2022-01-01 00:00:00+00:00, run_after=2022-01-01 00:00:00+00:00
[2024-08-27T17:08:50.029+0000] {logging_mixin.py:190} INFO - [2024-08-27T17:08:50.029+0000] {dag.py:4138} INFO - Setting next_dagrun for example_subdag_operator.section-1 to None, run_after=None
[2024-08-27T17:08:50.031+0000] {logging_mixin.py:190} INFO - [2024-08-27T17:08:50.031+0000] {dag.py:4138} INFO - Setting next_dagrun for example_subdag_operator.section-2 to None, run_after=None
[2024-08-27T17:08:50.042+0000] {logging_mixin.py:190} INFO - [2024-08-27T17:08:50.042+0000] {dag.py:3211} INFO - Sync 2 DAGs
[2024-08-27T17:08:50.052+0000] {logging_mixin.py:190} INFO - [2024-08-27T17:08:50.052+0000] {dag.py:4138} INFO - Setting next_dagrun for example_subdag_operator.section-1 to None, run_after=None
[2024-08-27T17:08:50.053+0000] {logging_mixin.py:190} INFO - [2024-08-27T17:08:50.053+0000] {dag.py:4138} INFO - Setting next_dagrun for example_subdag_operator.section-2 to None, run_after=None
[2024-08-27T17:08:50.073+0000] {processor.py:208} INFO - Processing /home/airflow/.local/lib/python3.12/site-packages/airflow/example_dags/example_subdag_operator.py took 0.218 seconds
[2024-08-27T17:09:20.443+0000] {processor.py:186} INFO - Started process (PID=616) to work on /home/airflow/.local/lib/python3.12/site-packages/airflow/example_dags/example_subdag_operator.py
[2024-08-27T17:09:20.445+0000] {processor.py:914} INFO - Processing file /home/airflow/.local/lib/python3.12/site-packages/airflow/example_dags/example_subdag_operator.py for tasks to queue
[2024-08-27T17:09:20.449+0000] {logging_mixin.py:190} INFO - [2024-08-27T17:09:20.448+0000] {dagbag.py:587} INFO - Filling up the DagBag from /home/airflow/.local/lib/python3.12/site-packages/airflow/example_dags/example_subdag_operator.py
[2024-08-27T17:09:20.491+0000] {processor.py:925} INFO - DAG(s) 'example_subdag_operator.section-1', 'example_subdag_operator.section-2', 'example_subdag_operator' retrieved from /home/airflow/.local/lib/python3.12/site-packages/airflow/example_dags/example_subdag_operator.py
[2024-08-27T17:09:20.518+0000] {logging_mixin.py:190} INFO - [2024-08-27T17:09:20.517+0000] {dag.py:3211} INFO - Sync 3 DAGs
[2024-08-27T17:09:20.561+0000] {logging_mixin.py:190} INFO - [2024-08-27T17:09:20.561+0000] {dag.py:4138} INFO - Setting next_dagrun for example_subdag_operator to 2022-01-01 00:00:00+00:00, run_after=2022-01-01 00:00:00+00:00
[2024-08-27T17:09:20.568+0000] {logging_mixin.py:190} INFO - [2024-08-27T17:09:20.568+0000] {dag.py:4138} INFO - Setting next_dagrun for example_subdag_operator.section-1 to None, run_after=None
[2024-08-27T17:09:20.571+0000] {logging_mixin.py:190} INFO - [2024-08-27T17:09:20.571+0000] {dag.py:4138} INFO - Setting next_dagrun for example_subdag_operator.section-2 to None, run_after=None
[2024-08-27T17:09:20.585+0000] {logging_mixin.py:190} INFO - [2024-08-27T17:09:20.585+0000] {dag.py:3211} INFO - Sync 2 DAGs
[2024-08-27T17:09:20.597+0000] {logging_mixin.py:190} INFO - [2024-08-27T17:09:20.597+0000] {dag.py:4138} INFO - Setting next_dagrun for example_subdag_operator.section-1 to None, run_after=None
[2024-08-27T17:09:20.598+0000] {logging_mixin.py:190} INFO - [2024-08-27T17:09:20.598+0000] {dag.py:4138} INFO - Setting next_dagrun for example_subdag_operator.section-2 to None, run_after=None
[2024-08-27T17:09:20.617+0000] {processor.py:208} INFO - Processing /home/airflow/.local/lib/python3.12/site-packages/airflow/example_dags/example_subdag_operator.py took 0.188 seconds
[2024-08-27T17:09:50.709+0000] {processor.py:186} INFO - Started process (PID=678) to work on /home/airflow/.local/lib/python3.12/site-packages/airflow/example_dags/example_subdag_operator.py
[2024-08-27T17:09:50.710+0000] {processor.py:914} INFO - Processing file /home/airflow/.local/lib/python3.12/site-packages/airflow/example_dags/example_subdag_operator.py for tasks to queue
[2024-08-27T17:09:50.714+0000] {logging_mixin.py:190} INFO - [2024-08-27T17:09:50.713+0000] {dagbag.py:587} INFO - Filling up the DagBag from /home/airflow/.local/lib/python3.12/site-packages/airflow/example_dags/example_subdag_operator.py
[2024-08-27T17:09:50.765+0000] {processor.py:925} INFO - DAG(s) 'example_subdag_operator.section-1', 'example_subdag_operator.section-2', 'example_subdag_operator' retrieved from /home/airflow/.local/lib/python3.12/site-packages/airflow/example_dags/example_subdag_operator.py
[2024-08-27T17:09:50.807+0000] {logging_mixin.py:190} INFO - [2024-08-27T17:09:50.807+0000] {dag.py:3211} INFO - Sync 3 DAGs
[2024-08-27T17:09:50.856+0000] {logging_mixin.py:190} INFO - [2024-08-27T17:09:50.856+0000] {dag.py:4138} INFO - Setting next_dagrun for example_subdag_operator to 2022-01-01 00:00:00+00:00, run_after=2022-01-01 00:00:00+00:00
[2024-08-27T17:09:50.864+0000] {logging_mixin.py:190} INFO - [2024-08-27T17:09:50.864+0000] {dag.py:4138} INFO - Setting next_dagrun for example_subdag_operator.section-1 to None, run_after=None
[2024-08-27T17:09:50.868+0000] {logging_mixin.py:190} INFO - [2024-08-27T17:09:50.867+0000] {dag.py:4138} INFO - Setting next_dagrun for example_subdag_operator.section-2 to None, run_after=None
[2024-08-27T17:09:50.880+0000] {logging_mixin.py:190} INFO - [2024-08-27T17:09:50.880+0000] {dag.py:3211} INFO - Sync 2 DAGs
[2024-08-27T17:09:50.897+0000] {logging_mixin.py:190} INFO - [2024-08-27T17:09:50.897+0000] {dag.py:4138} INFO - Setting next_dagrun for example_subdag_operator.section-1 to None, run_after=None
[2024-08-27T17:09:50.899+0000] {logging_mixin.py:190} INFO - [2024-08-27T17:09:50.898+0000] {dag.py:4138} INFO - Setting next_dagrun for example_subdag_operator.section-2 to None, run_after=None
[2024-08-27T17:09:50.920+0000] {processor.py:208} INFO - Processing /home/airflow/.local/lib/python3.12/site-packages/airflow/example_dags/example_subdag_operator.py took 0.221 seconds
[2024-08-27T17:10:21.117+0000] {processor.py:186} INFO - Started process (PID=740) to work on /home/airflow/.local/lib/python3.12/site-packages/airflow/example_dags/example_subdag_operator.py
[2024-08-27T17:10:21.119+0000] {processor.py:914} INFO - Processing file /home/airflow/.local/lib/python3.12/site-packages/airflow/example_dags/example_subdag_operator.py for tasks to queue
[2024-08-27T17:10:21.124+0000] {logging_mixin.py:190} INFO - [2024-08-27T17:10:21.124+0000] {dagbag.py:587} INFO - Filling up the DagBag from /home/airflow/.local/lib/python3.12/site-packages/airflow/example_dags/example_subdag_operator.py
[2024-08-27T17:10:21.166+0000] {processor.py:925} INFO - DAG(s) 'example_subdag_operator.section-1', 'example_subdag_operator.section-2', 'example_subdag_operator' retrieved from /home/airflow/.local/lib/python3.12/site-packages/airflow/example_dags/example_subdag_operator.py
[2024-08-27T17:10:21.196+0000] {logging_mixin.py:190} INFO - [2024-08-27T17:10:21.196+0000] {dag.py:3211} INFO - Sync 3 DAGs
[2024-08-27T17:10:21.245+0000] {logging_mixin.py:190} INFO - [2024-08-27T17:10:21.244+0000] {dag.py:4138} INFO - Setting next_dagrun for example_subdag_operator to 2022-01-01 00:00:00+00:00, run_after=2022-01-01 00:00:00+00:00
[2024-08-27T17:10:21.255+0000] {logging_mixin.py:190} INFO - [2024-08-27T17:10:21.254+0000] {dag.py:4138} INFO - Setting next_dagrun for example_subdag_operator.section-1 to None, run_after=None
[2024-08-27T17:10:21.257+0000] {logging_mixin.py:190} INFO - [2024-08-27T17:10:21.257+0000] {dag.py:4138} INFO - Setting next_dagrun for example_subdag_operator.section-2 to None, run_after=None
[2024-08-27T17:10:21.274+0000] {logging_mixin.py:190} INFO - [2024-08-27T17:10:21.273+0000] {dag.py:3211} INFO - Sync 2 DAGs
[2024-08-27T17:10:21.285+0000] {logging_mixin.py:190} INFO - [2024-08-27T17:10:21.284+0000] {dag.py:4138} INFO - Setting next_dagrun for example_subdag_operator.section-1 to None, run_after=None
[2024-08-27T17:10:21.286+0000] {logging_mixin.py:190} INFO - [2024-08-27T17:10:21.286+0000] {dag.py:4138} INFO - Setting next_dagrun for example_subdag_operator.section-2 to None, run_after=None
[2024-08-27T17:10:21.310+0000] {processor.py:208} INFO - Processing /home/airflow/.local/lib/python3.12/site-packages/airflow/example_dags/example_subdag_operator.py took 0.205 seconds
[2024-08-27T17:10:51.673+0000] {processor.py:186} INFO - Started process (PID=802) to work on /home/airflow/.local/lib/python3.12/site-packages/airflow/example_dags/example_subdag_operator.py
[2024-08-27T17:10:51.676+0000] {processor.py:914} INFO - Processing file /home/airflow/.local/lib/python3.12/site-packages/airflow/example_dags/example_subdag_operator.py for tasks to queue
[2024-08-27T17:10:51.681+0000] {logging_mixin.py:190} INFO - [2024-08-27T17:10:51.680+0000] {dagbag.py:587} INFO - Filling up the DagBag from /home/airflow/.local/lib/python3.12/site-packages/airflow/example_dags/example_subdag_operator.py
[2024-08-27T17:10:51.732+0000] {processor.py:925} INFO - DAG(s) 'example_subdag_operator.section-1', 'example_subdag_operator.section-2', 'example_subdag_operator' retrieved from /home/airflow/.local/lib/python3.12/site-packages/airflow/example_dags/example_subdag_operator.py
[2024-08-27T17:10:51.759+0000] {logging_mixin.py:190} INFO - [2024-08-27T17:10:51.758+0000] {dag.py:3211} INFO - Sync 3 DAGs
[2024-08-27T17:10:51.796+0000] {logging_mixin.py:190} INFO - [2024-08-27T17:10:51.796+0000] {dag.py:4138} INFO - Setting next_dagrun for example_subdag_operator to 2022-01-01 00:00:00+00:00, run_after=2022-01-01 00:00:00+00:00
[2024-08-27T17:10:51.803+0000] {logging_mixin.py:190} INFO - [2024-08-27T17:10:51.802+0000] {dag.py:4138} INFO - Setting next_dagrun for example_subdag_operator.section-1 to None, run_after=None
[2024-08-27T17:10:51.805+0000] {logging_mixin.py:190} INFO - [2024-08-27T17:10:51.805+0000] {dag.py:4138} INFO - Setting next_dagrun for example_subdag_operator.section-2 to None, run_after=None
[2024-08-27T17:10:51.817+0000] {logging_mixin.py:190} INFO - [2024-08-27T17:10:51.817+0000] {dag.py:3211} INFO - Sync 2 DAGs
[2024-08-27T17:10:51.826+0000] {logging_mixin.py:190} INFO - [2024-08-27T17:10:51.826+0000] {dag.py:4138} INFO - Setting next_dagrun for example_subdag_operator.section-1 to None, run_after=None
[2024-08-27T17:10:51.827+0000] {logging_mixin.py:190} INFO - [2024-08-27T17:10:51.827+0000] {dag.py:4138} INFO - Setting next_dagrun for example_subdag_operator.section-2 to None, run_after=None
[2024-08-27T17:10:51.852+0000] {processor.py:208} INFO - Processing /home/airflow/.local/lib/python3.12/site-packages/airflow/example_dags/example_subdag_operator.py took 0.191 seconds
[2024-08-27T17:11:22.195+0000] {processor.py:186} INFO - Started process (PID=864) to work on /home/airflow/.local/lib/python3.12/site-packages/airflow/example_dags/example_subdag_operator.py
[2024-08-27T17:11:22.197+0000] {processor.py:914} INFO - Processing file /home/airflow/.local/lib/python3.12/site-packages/airflow/example_dags/example_subdag_operator.py for tasks to queue
[2024-08-27T17:11:22.200+0000] {logging_mixin.py:190} INFO - [2024-08-27T17:11:22.200+0000] {dagbag.py:587} INFO - Filling up the DagBag from /home/airflow/.local/lib/python3.12/site-packages/airflow/example_dags/example_subdag_operator.py
[2024-08-27T17:11:22.238+0000] {processor.py:925} INFO - DAG(s) 'example_subdag_operator.section-1', 'example_subdag_operator.section-2', 'example_subdag_operator' retrieved from /home/airflow/.local/lib/python3.12/site-packages/airflow/example_dags/example_subdag_operator.py
[2024-08-27T17:11:22.269+0000] {logging_mixin.py:190} INFO - [2024-08-27T17:11:22.268+0000] {dag.py:3211} INFO - Sync 3 DAGs
[2024-08-27T17:11:22.301+0000] {logging_mixin.py:190} INFO - [2024-08-27T17:11:22.301+0000] {dag.py:4138} INFO - Setting next_dagrun for example_subdag_operator to 2022-01-01 00:00:00+00:00, run_after=2022-01-01 00:00:00+00:00
[2024-08-27T17:11:22.306+0000] {logging_mixin.py:190} INFO - [2024-08-27T17:11:22.306+0000] {dag.py:4138} INFO - Setting next_dagrun for example_subdag_operator.section-1 to None, run_after=None
[2024-08-27T17:11:22.309+0000] {logging_mixin.py:190} INFO - [2024-08-27T17:11:22.308+0000] {dag.py:4138} INFO - Setting next_dagrun for example_subdag_operator.section-2 to None, run_after=None
[2024-08-27T17:11:22.320+0000] {logging_mixin.py:190} INFO - [2024-08-27T17:11:22.319+0000] {dag.py:3211} INFO - Sync 2 DAGs
[2024-08-27T17:11:22.330+0000] {logging_mixin.py:190} INFO - [2024-08-27T17:11:22.329+0000] {dag.py:4138} INFO - Setting next_dagrun for example_subdag_operator.section-1 to None, run_after=None
[2024-08-27T17:11:22.331+0000] {logging_mixin.py:190} INFO - [2024-08-27T17:11:22.330+0000] {dag.py:4138} INFO - Setting next_dagrun for example_subdag_operator.section-2 to None, run_after=None
[2024-08-27T17:11:22.349+0000] {processor.py:208} INFO - Processing /home/airflow/.local/lib/python3.12/site-packages/airflow/example_dags/example_subdag_operator.py took 0.164 seconds
[2024-08-27T17:11:52.514+0000] {processor.py:186} INFO - Started process (PID=926) to work on /home/airflow/.local/lib/python3.12/site-packages/airflow/example_dags/example_subdag_operator.py
[2024-08-27T17:11:52.516+0000] {processor.py:914} INFO - Processing file /home/airflow/.local/lib/python3.12/site-packages/airflow/example_dags/example_subdag_operator.py for tasks to queue
[2024-08-27T17:11:52.521+0000] {logging_mixin.py:190} INFO - [2024-08-27T17:11:52.520+0000] {dagbag.py:587} INFO - Filling up the DagBag from /home/airflow/.local/lib/python3.12/site-packages/airflow/example_dags/example_subdag_operator.py
[2024-08-27T17:11:52.575+0000] {processor.py:925} INFO - DAG(s) 'example_subdag_operator.section-1', 'example_subdag_operator.section-2', 'example_subdag_operator' retrieved from /home/airflow/.local/lib/python3.12/site-packages/airflow/example_dags/example_subdag_operator.py
[2024-08-27T17:11:52.604+0000] {logging_mixin.py:190} INFO - [2024-08-27T17:11:52.604+0000] {dag.py:3211} INFO - Sync 3 DAGs
[2024-08-27T17:11:52.634+0000] {logging_mixin.py:190} INFO - [2024-08-27T17:11:52.634+0000] {dag.py:4138} INFO - Setting next_dagrun for example_subdag_operator to 2022-01-01 00:00:00+00:00, run_after=2022-01-01 00:00:00+00:00
[2024-08-27T17:11:52.641+0000] {logging_mixin.py:190} INFO - [2024-08-27T17:11:52.640+0000] {dag.py:4138} INFO - Setting next_dagrun for example_subdag_operator.section-1 to None, run_after=None
[2024-08-27T17:11:52.643+0000] {logging_mixin.py:190} INFO - [2024-08-27T17:11:52.643+0000] {dag.py:4138} INFO - Setting next_dagrun for example_subdag_operator.section-2 to None, run_after=None
[2024-08-27T17:11:52.653+0000] {logging_mixin.py:190} INFO - [2024-08-27T17:11:52.652+0000] {dag.py:3211} INFO - Sync 2 DAGs
[2024-08-27T17:11:52.662+0000] {logging_mixin.py:190} INFO - [2024-08-27T17:11:52.662+0000] {dag.py:4138} INFO - Setting next_dagrun for example_subdag_operator.section-1 to None, run_after=None
[2024-08-27T17:11:52.664+0000] {logging_mixin.py:190} INFO - [2024-08-27T17:11:52.663+0000] {dag.py:4138} INFO - Setting next_dagrun for example_subdag_operator.section-2 to None, run_after=None
[2024-08-27T17:11:52.686+0000] {processor.py:208} INFO - Processing /home/airflow/.local/lib/python3.12/site-packages/airflow/example_dags/example_subdag_operator.py took 0.184 seconds
[2024-08-27T17:12:23.379+0000] {processor.py:186} INFO - Started process (PID=988) to work on /home/airflow/.local/lib/python3.12/site-packages/airflow/example_dags/example_subdag_operator.py
[2024-08-27T17:12:23.381+0000] {processor.py:914} INFO - Processing file /home/airflow/.local/lib/python3.12/site-packages/airflow/example_dags/example_subdag_operator.py for tasks to queue
[2024-08-27T17:12:23.385+0000] {logging_mixin.py:190} INFO - [2024-08-27T17:12:23.384+0000] {dagbag.py:587} INFO - Filling up the DagBag from /home/airflow/.local/lib/python3.12/site-packages/airflow/example_dags/example_subdag_operator.py
[2024-08-27T17:12:23.425+0000] {processor.py:925} INFO - DAG(s) 'example_subdag_operator.section-1', 'example_subdag_operator.section-2', 'example_subdag_operator' retrieved from /home/airflow/.local/lib/python3.12/site-packages/airflow/example_dags/example_subdag_operator.py
[2024-08-27T17:12:23.451+0000] {logging_mixin.py:190} INFO - [2024-08-27T17:12:23.450+0000] {dag.py:3211} INFO - Sync 3 DAGs
[2024-08-27T17:12:23.489+0000] {logging_mixin.py:190} INFO - [2024-08-27T17:12:23.489+0000] {dag.py:4138} INFO - Setting next_dagrun for example_subdag_operator to 2022-01-01 00:00:00+00:00, run_after=2022-01-01 00:00:00+00:00
[2024-08-27T17:12:23.495+0000] {logging_mixin.py:190} INFO - [2024-08-27T17:12:23.495+0000] {dag.py:4138} INFO - Setting next_dagrun for example_subdag_operator.section-1 to None, run_after=None
[2024-08-27T17:12:23.498+0000] {logging_mixin.py:190} INFO - [2024-08-27T17:12:23.498+0000] {dag.py:4138} INFO - Setting next_dagrun for example_subdag_operator.section-2 to None, run_after=None
[2024-08-27T17:12:23.513+0000] {logging_mixin.py:190} INFO - [2024-08-27T17:12:23.513+0000] {dag.py:3211} INFO - Sync 2 DAGs
[2024-08-27T17:12:23.524+0000] {logging_mixin.py:190} INFO - [2024-08-27T17:12:23.524+0000] {dag.py:4138} INFO - Setting next_dagrun for example_subdag_operator.section-1 to None, run_after=None
[2024-08-27T17:12:23.525+0000] {logging_mixin.py:190} INFO - [2024-08-27T17:12:23.524+0000] {dag.py:4138} INFO - Setting next_dagrun for example_subdag_operator.section-2 to None, run_after=None
[2024-08-27T17:12:23.547+0000] {processor.py:208} INFO - Processing /home/airflow/.local/lib/python3.12/site-packages/airflow/example_dags/example_subdag_operator.py took 0.183 seconds
[2024-08-27T17:12:53.971+0000] {processor.py:186} INFO - Started process (PID=1050) to work on /home/airflow/.local/lib/python3.12/site-packages/airflow/example_dags/example_subdag_operator.py
[2024-08-27T17:12:53.973+0000] {processor.py:914} INFO - Processing file /home/airflow/.local/lib/python3.12/site-packages/airflow/example_dags/example_subdag_operator.py for tasks to queue
[2024-08-27T17:12:53.977+0000] {logging_mixin.py:190} INFO - [2024-08-27T17:12:53.976+0000] {dagbag.py:587} INFO - Filling up the DagBag from /home/airflow/.local/lib/python3.12/site-packages/airflow/example_dags/example_subdag_operator.py
[2024-08-27T17:12:54.023+0000] {processor.py:925} INFO - DAG(s) 'example_subdag_operator.section-1', 'example_subdag_operator.section-2', 'example_subdag_operator' retrieved from /home/airflow/.local/lib/python3.12/site-packages/airflow/example_dags/example_subdag_operator.py
[2024-08-27T17:12:54.050+0000] {logging_mixin.py:190} INFO - [2024-08-27T17:12:54.050+0000] {dag.py:3211} INFO - Sync 3 DAGs
[2024-08-27T17:12:54.087+0000] {logging_mixin.py:190} INFO - [2024-08-27T17:12:54.087+0000] {dag.py:4138} INFO - Setting next_dagrun for example_subdag_operator to 2022-01-01 00:00:00+00:00, run_after=2022-01-01 00:00:00+00:00
[2024-08-27T17:12:54.093+0000] {logging_mixin.py:190} INFO - [2024-08-27T17:12:54.093+0000] {dag.py:4138} INFO - Setting next_dagrun for example_subdag_operator.section-1 to None, run_after=None
[2024-08-27T17:12:54.096+0000] {logging_mixin.py:190} INFO - [2024-08-27T17:12:54.096+0000] {dag.py:4138} INFO - Setting next_dagrun for example_subdag_operator.section-2 to None, run_after=None
[2024-08-27T17:12:54.107+0000] {logging_mixin.py:190} INFO - [2024-08-27T17:12:54.107+0000] {dag.py:3211} INFO - Sync 2 DAGs
[2024-08-27T17:12:54.116+0000] {logging_mixin.py:190} INFO - [2024-08-27T17:12:54.116+0000] {dag.py:4138} INFO - Setting next_dagrun for example_subdag_operator.section-1 to None, run_after=None
[2024-08-27T17:12:54.117+0000] {logging_mixin.py:190} INFO - [2024-08-27T17:12:54.117+0000] {dag.py:4138} INFO - Setting next_dagrun for example_subdag_operator.section-2 to None, run_after=None
[2024-08-27T17:12:54.137+0000] {processor.py:208} INFO - Processing /home/airflow/.local/lib/python3.12/site-packages/airflow/example_dags/example_subdag_operator.py took 0.179 seconds
[2024-08-27T17:13:24.424+0000] {processor.py:186} INFO - Started process (PID=1112) to work on /home/airflow/.local/lib/python3.12/site-packages/airflow/example_dags/example_subdag_operator.py
[2024-08-27T17:13:24.426+0000] {processor.py:914} INFO - Processing file /home/airflow/.local/lib/python3.12/site-packages/airflow/example_dags/example_subdag_operator.py for tasks to queue
[2024-08-27T17:13:24.430+0000] {logging_mixin.py:190} INFO - [2024-08-27T17:13:24.430+0000] {dagbag.py:587} INFO - Filling up the DagBag from /home/airflow/.local/lib/python3.12/site-packages/airflow/example_dags/example_subdag_operator.py
[2024-08-27T17:13:24.478+0000] {processor.py:925} INFO - DAG(s) 'example_subdag_operator.section-1', 'example_subdag_operator.section-2', 'example_subdag_operator' retrieved from /home/airflow/.local/lib/python3.12/site-packages/airflow/example_dags/example_subdag_operator.py
[2024-08-27T17:13:24.505+0000] {logging_mixin.py:190} INFO - [2024-08-27T17:13:24.505+0000] {dag.py:3211} INFO - Sync 3 DAGs
[2024-08-27T17:13:24.547+0000] {logging_mixin.py:190} INFO - [2024-08-27T17:13:24.547+0000] {dag.py:4138} INFO - Setting next_dagrun for example_subdag_operator to 2022-01-01 00:00:00+00:00, run_after=2022-01-01 00:00:00+00:00
[2024-08-27T17:13:24.554+0000] {logging_mixin.py:190} INFO - [2024-08-27T17:13:24.553+0000] {dag.py:4138} INFO - Setting next_dagrun for example_subdag_operator.section-1 to None, run_after=None
[2024-08-27T17:13:24.556+0000] {logging_mixin.py:190} INFO - [2024-08-27T17:13:24.556+0000] {dag.py:4138} INFO - Setting next_dagrun for example_subdag_operator.section-2 to None, run_after=None
[2024-08-27T17:13:24.568+0000] {logging_mixin.py:190} INFO - [2024-08-27T17:13:24.568+0000] {dag.py:3211} INFO - Sync 2 DAGs
[2024-08-27T17:13:24.583+0000] {logging_mixin.py:190} INFO - [2024-08-27T17:13:24.582+0000] {dag.py:4138} INFO - Setting next_dagrun for example_subdag_operator.section-1 to None, run_after=None
[2024-08-27T17:13:24.584+0000] {logging_mixin.py:190} INFO - [2024-08-27T17:13:24.584+0000] {dag.py:4138} INFO - Setting next_dagrun for example_subdag_operator.section-2 to None, run_after=None
[2024-08-27T17:13:24.605+0000] {processor.py:208} INFO - Processing /home/airflow/.local/lib/python3.12/site-packages/airflow/example_dags/example_subdag_operator.py took 0.195 seconds
[2024-08-27T17:13:54.666+0000] {processor.py:186} INFO - Started process (PID=1174) to work on /home/airflow/.local/lib/python3.12/site-packages/airflow/example_dags/example_subdag_operator.py
[2024-08-27T17:13:54.668+0000] {processor.py:914} INFO - Processing file /home/airflow/.local/lib/python3.12/site-packages/airflow/example_dags/example_subdag_operator.py for tasks to queue
[2024-08-27T17:13:54.673+0000] {logging_mixin.py:190} INFO - [2024-08-27T17:13:54.672+0000] {dagbag.py:587} INFO - Filling up the DagBag from /home/airflow/.local/lib/python3.12/site-packages/airflow/example_dags/example_subdag_operator.py
[2024-08-27T17:13:54.718+0000] {processor.py:925} INFO - DAG(s) 'example_subdag_operator.section-1', 'example_subdag_operator.section-2', 'example_subdag_operator' retrieved from /home/airflow/.local/lib/python3.12/site-packages/airflow/example_dags/example_subdag_operator.py
[2024-08-27T17:13:54.752+0000] {logging_mixin.py:190} INFO - [2024-08-27T17:13:54.751+0000] {dag.py:3211} INFO - Sync 3 DAGs
[2024-08-27T17:13:54.793+0000] {logging_mixin.py:190} INFO - [2024-08-27T17:13:54.793+0000] {dag.py:4138} INFO - Setting next_dagrun for example_subdag_operator to 2022-01-01 00:00:00+00:00, run_after=2022-01-01 00:00:00+00:00
[2024-08-27T17:13:54.800+0000] {logging_mixin.py:190} INFO - [2024-08-27T17:13:54.799+0000] {dag.py:4138} INFO - Setting next_dagrun for example_subdag_operator.section-1 to None, run_after=None
[2024-08-27T17:13:54.803+0000] {logging_mixin.py:190} INFO - [2024-08-27T17:13:54.803+0000] {dag.py:4138} INFO - Setting next_dagrun for example_subdag_operator.section-2 to None, run_after=None
[2024-08-27T17:13:54.815+0000] {logging_mixin.py:190} INFO - [2024-08-27T17:13:54.814+0000] {dag.py:3211} INFO - Sync 2 DAGs
[2024-08-27T17:13:54.824+0000] {logging_mixin.py:190} INFO - [2024-08-27T17:13:54.824+0000] {dag.py:4138} INFO - Setting next_dagrun for example_subdag_operator.section-1 to None, run_after=None
[2024-08-27T17:13:54.825+0000] {logging_mixin.py:190} INFO - [2024-08-27T17:13:54.825+0000] {dag.py:4138} INFO - Setting next_dagrun for example_subdag_operator.section-2 to None, run_after=None
[2024-08-27T17:13:54.849+0000] {processor.py:208} INFO - Processing /home/airflow/.local/lib/python3.12/site-packages/airflow/example_dags/example_subdag_operator.py took 0.194 seconds
[2024-08-27T17:14:25.523+0000] {processor.py:186} INFO - Started process (PID=1236) to work on /home/airflow/.local/lib/python3.12/site-packages/airflow/example_dags/example_subdag_operator.py
[2024-08-27T17:14:25.524+0000] {processor.py:914} INFO - Processing file /home/airflow/.local/lib/python3.12/site-packages/airflow/example_dags/example_subdag_operator.py for tasks to queue
[2024-08-27T17:14:25.529+0000] {logging_mixin.py:190} INFO - [2024-08-27T17:14:25.528+0000] {dagbag.py:587} INFO - Filling up the DagBag from /home/airflow/.local/lib/python3.12/site-packages/airflow/example_dags/example_subdag_operator.py
[2024-08-27T17:14:25.569+0000] {processor.py:925} INFO - DAG(s) 'example_subdag_operator.section-1', 'example_subdag_operator.section-2', 'example_subdag_operator' retrieved from /home/airflow/.local/lib/python3.12/site-packages/airflow/example_dags/example_subdag_operator.py
[2024-08-27T17:14:25.595+0000] {logging_mixin.py:190} INFO - [2024-08-27T17:14:25.595+0000] {dag.py:3211} INFO - Sync 3 DAGs
[2024-08-27T17:14:25.643+0000] {logging_mixin.py:190} INFO - [2024-08-27T17:14:25.642+0000] {dag.py:4138} INFO - Setting next_dagrun for example_subdag_operator to 2022-01-01 00:00:00+00:00, run_after=2022-01-01 00:00:00+00:00
[2024-08-27T17:14:25.649+0000] {logging_mixin.py:190} INFO - [2024-08-27T17:14:25.648+0000] {dag.py:4138} INFO - Setting next_dagrun for example_subdag_operator.section-1 to None, run_after=None
[2024-08-27T17:14:25.651+0000] {logging_mixin.py:190} INFO - [2024-08-27T17:14:25.650+0000] {dag.py:4138} INFO - Setting next_dagrun for example_subdag_operator.section-2 to None, run_after=None
[2024-08-27T17:14:25.661+0000] {logging_mixin.py:190} INFO - [2024-08-27T17:14:25.661+0000] {dag.py:3211} INFO - Sync 2 DAGs
[2024-08-27T17:14:25.669+0000] {logging_mixin.py:190} INFO - [2024-08-27T17:14:25.669+0000] {dag.py:4138} INFO - Setting next_dagrun for example_subdag_operator.section-1 to None, run_after=None
[2024-08-27T17:14:25.670+0000] {logging_mixin.py:190} INFO - [2024-08-27T17:14:25.670+0000] {dag.py:4138} INFO - Setting next_dagrun for example_subdag_operator.section-2 to None, run_after=None
[2024-08-27T17:14:25.689+0000] {processor.py:208} INFO - Processing /home/airflow/.local/lib/python3.12/site-packages/airflow/example_dags/example_subdag_operator.py took 0.176 seconds
[2024-08-27T17:14:56.173+0000] {processor.py:186} INFO - Started process (PID=1298) to work on /home/airflow/.local/lib/python3.12/site-packages/airflow/example_dags/example_subdag_operator.py
[2024-08-27T17:14:56.174+0000] {processor.py:914} INFO - Processing file /home/airflow/.local/lib/python3.12/site-packages/airflow/example_dags/example_subdag_operator.py for tasks to queue
[2024-08-27T17:14:56.178+0000] {logging_mixin.py:190} INFO - [2024-08-27T17:14:56.178+0000] {dagbag.py:587} INFO - Filling up the DagBag from /home/airflow/.local/lib/python3.12/site-packages/airflow/example_dags/example_subdag_operator.py
[2024-08-27T17:14:56.221+0000] {processor.py:925} INFO - DAG(s) 'example_subdag_operator.section-1', 'example_subdag_operator.section-2', 'example_subdag_operator' retrieved from /home/airflow/.local/lib/python3.12/site-packages/airflow/example_dags/example_subdag_operator.py
[2024-08-27T17:14:56.250+0000] {logging_mixin.py:190} INFO - [2024-08-27T17:14:56.250+0000] {dag.py:3211} INFO - Sync 3 DAGs
[2024-08-27T17:14:56.288+0000] {logging_mixin.py:190} INFO - [2024-08-27T17:14:56.288+0000] {dag.py:4138} INFO - Setting next_dagrun for example_subdag_operator to 2022-01-01 00:00:00+00:00, run_after=2022-01-01 00:00:00+00:00
[2024-08-27T17:14:56.295+0000] {logging_mixin.py:190} INFO - [2024-08-27T17:14:56.295+0000] {dag.py:4138} INFO - Setting next_dagrun for example_subdag_operator.section-1 to None, run_after=None
[2024-08-27T17:14:56.298+0000] {logging_mixin.py:190} INFO - [2024-08-27T17:14:56.298+0000] {dag.py:4138} INFO - Setting next_dagrun for example_subdag_operator.section-2 to None, run_after=None
[2024-08-27T17:14:56.310+0000] {logging_mixin.py:190} INFO - [2024-08-27T17:14:56.310+0000] {dag.py:3211} INFO - Sync 2 DAGs
[2024-08-27T17:14:56.319+0000] {logging_mixin.py:190} INFO - [2024-08-27T17:14:56.319+0000] {dag.py:4138} INFO - Setting next_dagrun for example_subdag_operator.section-1 to None, run_after=None
[2024-08-27T17:14:56.321+0000] {logging_mixin.py:190} INFO - [2024-08-27T17:14:56.320+0000] {dag.py:4138} INFO - Setting next_dagrun for example_subdag_operator.section-2 to None, run_after=None
[2024-08-27T17:14:56.342+0000] {processor.py:208} INFO - Processing /home/airflow/.local/lib/python3.12/site-packages/airflow/example_dags/example_subdag_operator.py took 0.179 seconds
[2024-08-27T17:15:27.162+0000] {processor.py:186} INFO - Started process (PID=1360) to work on /home/airflow/.local/lib/python3.12/site-packages/airflow/example_dags/example_subdag_operator.py
[2024-08-27T17:15:27.163+0000] {processor.py:914} INFO - Processing file /home/airflow/.local/lib/python3.12/site-packages/airflow/example_dags/example_subdag_operator.py for tasks to queue
[2024-08-27T17:15:27.167+0000] {logging_mixin.py:190} INFO - [2024-08-27T17:15:27.167+0000] {dagbag.py:587} INFO - Filling up the DagBag from /home/airflow/.local/lib/python3.12/site-packages/airflow/example_dags/example_subdag_operator.py
[2024-08-27T17:15:27.204+0000] {processor.py:925} INFO - DAG(s) 'example_subdag_operator.section-1', 'example_subdag_operator.section-2', 'example_subdag_operator' retrieved from /home/airflow/.local/lib/python3.12/site-packages/airflow/example_dags/example_subdag_operator.py
[2024-08-27T17:15:27.228+0000] {logging_mixin.py:190} INFO - [2024-08-27T17:15:27.227+0000] {dag.py:3211} INFO - Sync 3 DAGs
[2024-08-27T17:15:27.263+0000] {logging_mixin.py:190} INFO - [2024-08-27T17:15:27.263+0000] {dag.py:4138} INFO - Setting next_dagrun for example_subdag_operator to 2022-01-01 00:00:00+00:00, run_after=2022-01-01 00:00:00+00:00
[2024-08-27T17:15:27.270+0000] {logging_mixin.py:190} INFO - [2024-08-27T17:15:27.270+0000] {dag.py:4138} INFO - Setting next_dagrun for example_subdag_operator.section-1 to None, run_after=None
[2024-08-27T17:15:27.273+0000] {logging_mixin.py:190} INFO - [2024-08-27T17:15:27.273+0000] {dag.py:4138} INFO - Setting next_dagrun for example_subdag_operator.section-2 to None, run_after=None
[2024-08-27T17:15:27.281+0000] {logging_mixin.py:190} INFO - [2024-08-27T17:15:27.280+0000] {dag.py:3211} INFO - Sync 2 DAGs
[2024-08-27T17:15:27.290+0000] {logging_mixin.py:190} INFO - [2024-08-27T17:15:27.290+0000] {dag.py:4138} INFO - Setting next_dagrun for example_subdag_operator.section-1 to None, run_after=None
[2024-08-27T17:15:27.291+0000] {logging_mixin.py:190} INFO - [2024-08-27T17:15:27.291+0000] {dag.py:4138} INFO - Setting next_dagrun for example_subdag_operator.section-2 to None, run_after=None
[2024-08-27T17:15:27.309+0000] {processor.py:208} INFO - Processing /home/airflow/.local/lib/python3.12/site-packages/airflow/example_dags/example_subdag_operator.py took 0.155 seconds
[2024-08-27T17:15:57.710+0000] {processor.py:186} INFO - Started process (PID=1422) to work on /home/airflow/.local/lib/python3.12/site-packages/airflow/example_dags/example_subdag_operator.py
[2024-08-27T17:15:57.713+0000] {processor.py:914} INFO - Processing file /home/airflow/.local/lib/python3.12/site-packages/airflow/example_dags/example_subdag_operator.py for tasks to queue
[2024-08-27T17:15:57.717+0000] {logging_mixin.py:190} INFO - [2024-08-27T17:15:57.717+0000] {dagbag.py:587} INFO - Filling up the DagBag from /home/airflow/.local/lib/python3.12/site-packages/airflow/example_dags/example_subdag_operator.py
[2024-08-27T17:15:57.762+0000] {processor.py:925} INFO - DAG(s) 'example_subdag_operator.section-1', 'example_subdag_operator.section-2', 'example_subdag_operator' retrieved from /home/airflow/.local/lib/python3.12/site-packages/airflow/example_dags/example_subdag_operator.py
[2024-08-27T17:15:57.790+0000] {logging_mixin.py:190} INFO - [2024-08-27T17:15:57.790+0000] {dag.py:3211} INFO - Sync 3 DAGs
[2024-08-27T17:15:57.826+0000] {logging_mixin.py:190} INFO - [2024-08-27T17:15:57.826+0000] {dag.py:4138} INFO - Setting next_dagrun for example_subdag_operator to 2022-01-01 00:00:00+00:00, run_after=2022-01-01 00:00:00+00:00
[2024-08-27T17:15:57.832+0000] {logging_mixin.py:190} INFO - [2024-08-27T17:15:57.832+0000] {dag.py:4138} INFO - Setting next_dagrun for example_subdag_operator.section-1 to None, run_after=None
[2024-08-27T17:15:57.835+0000] {logging_mixin.py:190} INFO - [2024-08-27T17:15:57.835+0000] {dag.py:4138} INFO - Setting next_dagrun for example_subdag_operator.section-2 to None, run_after=None
[2024-08-27T17:15:57.845+0000] {logging_mixin.py:190} INFO - [2024-08-27T17:15:57.845+0000] {dag.py:3211} INFO - Sync 2 DAGs
[2024-08-27T17:15:57.856+0000] {logging_mixin.py:190} INFO - [2024-08-27T17:15:57.855+0000] {dag.py:4138} INFO - Setting next_dagrun for example_subdag_operator.section-1 to None, run_after=None
[2024-08-27T17:15:57.857+0000] {logging_mixin.py:190} INFO - [2024-08-27T17:15:57.856+0000] {dag.py:4138} INFO - Setting next_dagrun for example_subdag_operator.section-2 to None, run_after=None
[2024-08-27T17:15:57.877+0000] {processor.py:208} INFO - Processing /home/airflow/.local/lib/python3.12/site-packages/airflow/example_dags/example_subdag_operator.py took 0.175 seconds
[2024-08-27T17:16:28.618+0000] {processor.py:186} INFO - Started process (PID=1484) to work on /home/airflow/.local/lib/python3.12/site-packages/airflow/example_dags/example_subdag_operator.py
[2024-08-27T17:16:28.620+0000] {processor.py:914} INFO - Processing file /home/airflow/.local/lib/python3.12/site-packages/airflow/example_dags/example_subdag_operator.py for tasks to queue
[2024-08-27T17:16:28.624+0000] {logging_mixin.py:190} INFO - [2024-08-27T17:16:28.623+0000] {dagbag.py:587} INFO - Filling up the DagBag from /home/airflow/.local/lib/python3.12/site-packages/airflow/example_dags/example_subdag_operator.py
[2024-08-27T17:16:28.667+0000] {processor.py:925} INFO - DAG(s) 'example_subdag_operator.section-1', 'example_subdag_operator.section-2', 'example_subdag_operator' retrieved from /home/airflow/.local/lib/python3.12/site-packages/airflow/example_dags/example_subdag_operator.py
[2024-08-27T17:16:28.701+0000] {logging_mixin.py:190} INFO - [2024-08-27T17:16:28.701+0000] {dag.py:3211} INFO - Sync 3 DAGs
[2024-08-27T17:16:28.754+0000] {logging_mixin.py:190} INFO - [2024-08-27T17:16:28.753+0000] {dag.py:4138} INFO - Setting next_dagrun for example_subdag_operator to 2022-01-01 00:00:00+00:00, run_after=2022-01-01 00:00:00+00:00
[2024-08-27T17:16:28.762+0000] {logging_mixin.py:190} INFO - [2024-08-27T17:16:28.761+0000] {dag.py:4138} INFO - Setting next_dagrun for example_subdag_operator.section-1 to None, run_after=None
[2024-08-27T17:16:28.765+0000] {logging_mixin.py:190} INFO - [2024-08-27T17:16:28.764+0000] {dag.py:4138} INFO - Setting next_dagrun for example_subdag_operator.section-2 to None, run_after=None
[2024-08-27T17:16:28.777+0000] {logging_mixin.py:190} INFO - [2024-08-27T17:16:28.777+0000] {dag.py:3211} INFO - Sync 2 DAGs
[2024-08-27T17:16:28.789+0000] {logging_mixin.py:190} INFO - [2024-08-27T17:16:28.789+0000] {dag.py:4138} INFO - Setting next_dagrun for example_subdag_operator.section-1 to None, run_after=None
[2024-08-27T17:16:28.791+0000] {logging_mixin.py:190} INFO - [2024-08-27T17:16:28.790+0000] {dag.py:4138} INFO - Setting next_dagrun for example_subdag_operator.section-2 to None, run_after=None
[2024-08-27T17:16:28.814+0000] {processor.py:208} INFO - Processing /home/airflow/.local/lib/python3.12/site-packages/airflow/example_dags/example_subdag_operator.py took 0.205 seconds
[2024-08-27T17:16:58.973+0000] {processor.py:186} INFO - Started process (PID=1546) to work on /home/airflow/.local/lib/python3.12/site-packages/airflow/example_dags/example_subdag_operator.py
[2024-08-27T17:16:58.975+0000] {processor.py:914} INFO - Processing file /home/airflow/.local/lib/python3.12/site-packages/airflow/example_dags/example_subdag_operator.py for tasks to queue
[2024-08-27T17:16:58.978+0000] {logging_mixin.py:190} INFO - [2024-08-27T17:16:58.978+0000] {dagbag.py:587} INFO - Filling up the DagBag from /home/airflow/.local/lib/python3.12/site-packages/airflow/example_dags/example_subdag_operator.py
[2024-08-27T17:16:59.015+0000] {processor.py:925} INFO - DAG(s) 'example_subdag_operator.section-1', 'example_subdag_operator.section-2', 'example_subdag_operator' retrieved from /home/airflow/.local/lib/python3.12/site-packages/airflow/example_dags/example_subdag_operator.py
[2024-08-27T17:16:59.038+0000] {logging_mixin.py:190} INFO - [2024-08-27T17:16:59.038+0000] {dag.py:3211} INFO - Sync 3 DAGs
[2024-08-27T17:16:59.082+0000] {logging_mixin.py:190} INFO - [2024-08-27T17:16:59.082+0000] {dag.py:4138} INFO - Setting next_dagrun for example_subdag_operator to 2022-01-01 00:00:00+00:00, run_after=2022-01-01 00:00:00+00:00
[2024-08-27T17:16:59.089+0000] {logging_mixin.py:190} INFO - [2024-08-27T17:16:59.088+0000] {dag.py:4138} INFO - Setting next_dagrun for example_subdag_operator.section-1 to None, run_after=None
[2024-08-27T17:16:59.091+0000] {logging_mixin.py:190} INFO - [2024-08-27T17:16:59.091+0000] {dag.py:4138} INFO - Setting next_dagrun for example_subdag_operator.section-2 to None, run_after=None
[2024-08-27T17:16:59.107+0000] {logging_mixin.py:190} INFO - [2024-08-27T17:16:59.106+0000] {dag.py:3211} INFO - Sync 2 DAGs
[2024-08-27T17:16:59.119+0000] {logging_mixin.py:190} INFO - [2024-08-27T17:16:59.119+0000] {dag.py:4138} INFO - Setting next_dagrun for example_subdag_operator.section-1 to None, run_after=None
[2024-08-27T17:16:59.120+0000] {logging_mixin.py:190} INFO - [2024-08-27T17:16:59.120+0000] {dag.py:4138} INFO - Setting next_dagrun for example_subdag_operator.section-2 to None, run_after=None
[2024-08-27T17:16:59.156+0000] {processor.py:208} INFO - Processing /home/airflow/.local/lib/python3.12/site-packages/airflow/example_dags/example_subdag_operator.py took 0.193 seconds
