[2024-08-27T17:04:43.270+0000] {processor.py:186} INFO - Started process (PID=51) to work on /home/airflow/.local/lib/python3.12/site-packages/airflow/example_dags/example_latest_only.py
[2024-08-27T17:04:43.272+0000] {processor.py:914} INFO - Processing file /home/airflow/.local/lib/python3.12/site-packages/airflow/example_dags/example_latest_only.py for tasks to queue
[2024-08-27T17:04:43.276+0000] {logging_mixin.py:190} INFO - [2024-08-27T17:04:43.275+0000] {dagbag.py:587} INFO - Filling up the DagBag from /home/airflow/.local/lib/python3.12/site-packages/airflow/example_dags/example_latest_only.py
[2024-08-27T17:04:43.292+0000] {processor.py:925} INFO - DAG(s) 'latest_only' retrieved from /home/airflow/.local/lib/python3.12/site-packages/airflow/example_dags/example_latest_only.py
[2024-08-27T17:04:43.505+0000] {logging_mixin.py:190} INFO - [2024-08-27T17:04:43.503+0000] {override.py:1858} INFO - Created Permission View: can edit on DAG:latest_only
[2024-08-27T17:04:43.528+0000] {logging_mixin.py:190} INFO - [2024-08-27T17:04:43.527+0000] {override.py:1858} INFO - Created Permission View: can read on DAG:latest_only
[2024-08-27T17:04:43.543+0000] {logging_mixin.py:190} INFO - [2024-08-27T17:04:43.542+0000] {override.py:1858} INFO - Created Permission View: can delete on DAG:latest_only
[2024-08-27T17:04:43.544+0000] {logging_mixin.py:190} INFO - [2024-08-27T17:04:43.543+0000] {dag.py:3211} INFO - Sync 1 DAGs
[2024-08-27T17:04:43.568+0000] {logging_mixin.py:190} INFO - [2024-08-27T17:04:43.568+0000] {dag.py:3234} INFO - Creating ORM DAG for latest_only
[2024-08-27T17:04:43.581+0000] {logging_mixin.py:190} INFO - [2024-08-27T17:04:43.581+0000] {dag.py:4138} INFO - Setting next_dagrun for latest_only to 2024-08-27 12:00:00+00:00, run_after=2024-08-27 16:00:00+00:00
[2024-08-27T17:04:43.606+0000] {processor.py:208} INFO - Processing /home/airflow/.local/lib/python3.12/site-packages/airflow/example_dags/example_latest_only.py took 0.349 seconds
[2024-08-27T17:05:13.972+0000] {processor.py:186} INFO - Started process (PID=113) to work on /home/airflow/.local/lib/python3.12/site-packages/airflow/example_dags/example_latest_only.py
[2024-08-27T17:05:13.974+0000] {processor.py:914} INFO - Processing file /home/airflow/.local/lib/python3.12/site-packages/airflow/example_dags/example_latest_only.py for tasks to queue
[2024-08-27T17:05:13.978+0000] {logging_mixin.py:190} INFO - [2024-08-27T17:05:13.978+0000] {dagbag.py:587} INFO - Filling up the DagBag from /home/airflow/.local/lib/python3.12/site-packages/airflow/example_dags/example_latest_only.py
[2024-08-27T17:05:13.989+0000] {processor.py:925} INFO - DAG(s) 'latest_only' retrieved from /home/airflow/.local/lib/python3.12/site-packages/airflow/example_dags/example_latest_only.py
[2024-08-27T17:05:14.018+0000] {logging_mixin.py:190} INFO - [2024-08-27T17:05:14.018+0000] {dag.py:3211} INFO - Sync 1 DAGs
[2024-08-27T17:05:14.063+0000] {logging_mixin.py:190} INFO - [2024-08-27T17:05:14.063+0000] {dag.py:4138} INFO - Setting next_dagrun for latest_only to 2024-08-27 12:00:00+00:00, run_after=2024-08-27 16:00:00+00:00
[2024-08-27T17:05:14.102+0000] {processor.py:208} INFO - Processing /home/airflow/.local/lib/python3.12/site-packages/airflow/example_dags/example_latest_only.py took 0.140 seconds
[2024-08-27T17:05:44.204+0000] {processor.py:186} INFO - Started process (PID=175) to work on /home/airflow/.local/lib/python3.12/site-packages/airflow/example_dags/example_latest_only.py
[2024-08-27T17:05:44.206+0000] {processor.py:914} INFO - Processing file /home/airflow/.local/lib/python3.12/site-packages/airflow/example_dags/example_latest_only.py for tasks to queue
[2024-08-27T17:05:44.211+0000] {logging_mixin.py:190} INFO - [2024-08-27T17:05:44.210+0000] {dagbag.py:587} INFO - Filling up the DagBag from /home/airflow/.local/lib/python3.12/site-packages/airflow/example_dags/example_latest_only.py
[2024-08-27T17:05:44.222+0000] {processor.py:925} INFO - DAG(s) 'latest_only' retrieved from /home/airflow/.local/lib/python3.12/site-packages/airflow/example_dags/example_latest_only.py
[2024-08-27T17:05:44.251+0000] {logging_mixin.py:190} INFO - [2024-08-27T17:05:44.251+0000] {dag.py:3211} INFO - Sync 1 DAGs
[2024-08-27T17:05:44.288+0000] {logging_mixin.py:190} INFO - [2024-08-27T17:05:44.288+0000] {dag.py:4138} INFO - Setting next_dagrun for latest_only to 2024-08-27 12:00:00+00:00, run_after=2024-08-27 16:00:00+00:00
[2024-08-27T17:05:44.322+0000] {processor.py:208} INFO - Processing /home/airflow/.local/lib/python3.12/site-packages/airflow/example_dags/example_latest_only.py took 0.127 seconds
[2024-08-27T17:06:14.481+0000] {processor.py:186} INFO - Started process (PID=236) to work on /home/airflow/.local/lib/python3.12/site-packages/airflow/example_dags/example_latest_only.py
[2024-08-27T17:06:14.483+0000] {processor.py:914} INFO - Processing file /home/airflow/.local/lib/python3.12/site-packages/airflow/example_dags/example_latest_only.py for tasks to queue
[2024-08-27T17:06:14.487+0000] {logging_mixin.py:190} INFO - [2024-08-27T17:06:14.486+0000] {dagbag.py:587} INFO - Filling up the DagBag from /home/airflow/.local/lib/python3.12/site-packages/airflow/example_dags/example_latest_only.py
[2024-08-27T17:06:14.498+0000] {processor.py:925} INFO - DAG(s) 'latest_only' retrieved from /home/airflow/.local/lib/python3.12/site-packages/airflow/example_dags/example_latest_only.py
[2024-08-27T17:06:14.531+0000] {logging_mixin.py:190} INFO - [2024-08-27T17:06:14.531+0000] {dag.py:3211} INFO - Sync 1 DAGs
[2024-08-27T17:06:14.566+0000] {logging_mixin.py:190} INFO - [2024-08-27T17:06:14.566+0000] {dag.py:4138} INFO - Setting next_dagrun for latest_only to 2024-08-27 12:00:00+00:00, run_after=2024-08-27 16:00:00+00:00
[2024-08-27T17:06:14.597+0000] {processor.py:208} INFO - Processing /home/airflow/.local/lib/python3.12/site-packages/airflow/example_dags/example_latest_only.py took 0.125 seconds
[2024-08-27T17:06:45.321+0000] {processor.py:186} INFO - Started process (PID=298) to work on /home/airflow/.local/lib/python3.12/site-packages/airflow/example_dags/example_latest_only.py
[2024-08-27T17:06:45.323+0000] {processor.py:914} INFO - Processing file /home/airflow/.local/lib/python3.12/site-packages/airflow/example_dags/example_latest_only.py for tasks to queue
[2024-08-27T17:06:45.327+0000] {logging_mixin.py:190} INFO - [2024-08-27T17:06:45.326+0000] {dagbag.py:587} INFO - Filling up the DagBag from /home/airflow/.local/lib/python3.12/site-packages/airflow/example_dags/example_latest_only.py
[2024-08-27T17:06:45.337+0000] {processor.py:925} INFO - DAG(s) 'latest_only' retrieved from /home/airflow/.local/lib/python3.12/site-packages/airflow/example_dags/example_latest_only.py
[2024-08-27T17:06:45.368+0000] {logging_mixin.py:190} INFO - [2024-08-27T17:06:45.368+0000] {dag.py:3211} INFO - Sync 1 DAGs
[2024-08-27T17:06:45.404+0000] {logging_mixin.py:190} INFO - [2024-08-27T17:06:45.403+0000] {dag.py:4138} INFO - Setting next_dagrun for latest_only to 2024-08-27 12:00:00+00:00, run_after=2024-08-27 16:00:00+00:00
[2024-08-27T17:06:45.436+0000] {processor.py:208} INFO - Processing /home/airflow/.local/lib/python3.12/site-packages/airflow/example_dags/example_latest_only.py took 0.125 seconds
[2024-08-27T17:07:15.866+0000] {processor.py:186} INFO - Started process (PID=360) to work on /home/airflow/.local/lib/python3.12/site-packages/airflow/example_dags/example_latest_only.py
[2024-08-27T17:07:15.868+0000] {processor.py:914} INFO - Processing file /home/airflow/.local/lib/python3.12/site-packages/airflow/example_dags/example_latest_only.py for tasks to queue
[2024-08-27T17:07:15.872+0000] {logging_mixin.py:190} INFO - [2024-08-27T17:07:15.871+0000] {dagbag.py:587} INFO - Filling up the DagBag from /home/airflow/.local/lib/python3.12/site-packages/airflow/example_dags/example_latest_only.py
[2024-08-27T17:07:15.882+0000] {processor.py:925} INFO - DAG(s) 'latest_only' retrieved from /home/airflow/.local/lib/python3.12/site-packages/airflow/example_dags/example_latest_only.py
[2024-08-27T17:07:15.915+0000] {logging_mixin.py:190} INFO - [2024-08-27T17:07:15.914+0000] {dag.py:3211} INFO - Sync 1 DAGs
[2024-08-27T17:07:15.951+0000] {logging_mixin.py:190} INFO - [2024-08-27T17:07:15.951+0000] {dag.py:4138} INFO - Setting next_dagrun for latest_only to 2024-08-27 12:00:00+00:00, run_after=2024-08-27 16:00:00+00:00
[2024-08-27T17:07:15.982+0000] {processor.py:208} INFO - Processing /home/airflow/.local/lib/python3.12/site-packages/airflow/example_dags/example_latest_only.py took 0.124 seconds
[2024-08-27T17:07:46.489+0000] {processor.py:186} INFO - Started process (PID=422) to work on /home/airflow/.local/lib/python3.12/site-packages/airflow/example_dags/example_latest_only.py
[2024-08-27T17:07:46.491+0000] {processor.py:914} INFO - Processing file /home/airflow/.local/lib/python3.12/site-packages/airflow/example_dags/example_latest_only.py for tasks to queue
[2024-08-27T17:07:46.495+0000] {logging_mixin.py:190} INFO - [2024-08-27T17:07:46.495+0000] {dagbag.py:587} INFO - Filling up the DagBag from /home/airflow/.local/lib/python3.12/site-packages/airflow/example_dags/example_latest_only.py
[2024-08-27T17:07:46.508+0000] {processor.py:925} INFO - DAG(s) 'latest_only' retrieved from /home/airflow/.local/lib/python3.12/site-packages/airflow/example_dags/example_latest_only.py
[2024-08-27T17:07:46.542+0000] {logging_mixin.py:190} INFO - [2024-08-27T17:07:46.542+0000] {dag.py:3211} INFO - Sync 1 DAGs
[2024-08-27T17:07:46.580+0000] {logging_mixin.py:190} INFO - [2024-08-27T17:07:46.580+0000] {dag.py:4138} INFO - Setting next_dagrun for latest_only to 2024-08-27 12:00:00+00:00, run_after=2024-08-27 16:00:00+00:00
[2024-08-27T17:07:46.619+0000] {processor.py:208} INFO - Processing /home/airflow/.local/lib/python3.12/site-packages/airflow/example_dags/example_latest_only.py took 0.140 seconds
[2024-08-27T17:08:17.129+0000] {processor.py:186} INFO - Started process (PID=484) to work on /home/airflow/.local/lib/python3.12/site-packages/airflow/example_dags/example_latest_only.py
[2024-08-27T17:08:17.130+0000] {processor.py:914} INFO - Processing file /home/airflow/.local/lib/python3.12/site-packages/airflow/example_dags/example_latest_only.py for tasks to queue
[2024-08-27T17:08:17.134+0000] {logging_mixin.py:190} INFO - [2024-08-27T17:08:17.134+0000] {dagbag.py:587} INFO - Filling up the DagBag from /home/airflow/.local/lib/python3.12/site-packages/airflow/example_dags/example_latest_only.py
[2024-08-27T17:08:17.149+0000] {processor.py:925} INFO - DAG(s) 'latest_only' retrieved from /home/airflow/.local/lib/python3.12/site-packages/airflow/example_dags/example_latest_only.py
[2024-08-27T17:08:17.181+0000] {logging_mixin.py:190} INFO - [2024-08-27T17:08:17.181+0000] {dag.py:3211} INFO - Sync 1 DAGs
[2024-08-27T17:08:17.237+0000] {logging_mixin.py:190} INFO - [2024-08-27T17:08:17.237+0000] {dag.py:4138} INFO - Setting next_dagrun for latest_only to 2024-08-27 12:00:00+00:00, run_after=2024-08-27 16:00:00+00:00
[2024-08-27T17:08:17.277+0000] {processor.py:208} INFO - Processing /home/airflow/.local/lib/python3.12/site-packages/airflow/example_dags/example_latest_only.py took 0.157 seconds
[2024-08-27T17:08:47.657+0000] {processor.py:186} INFO - Started process (PID=546) to work on /home/airflow/.local/lib/python3.12/site-packages/airflow/example_dags/example_latest_only.py
[2024-08-27T17:08:47.659+0000] {processor.py:914} INFO - Processing file /home/airflow/.local/lib/python3.12/site-packages/airflow/example_dags/example_latest_only.py for tasks to queue
[2024-08-27T17:08:47.663+0000] {logging_mixin.py:190} INFO - [2024-08-27T17:08:47.663+0000] {dagbag.py:587} INFO - Filling up the DagBag from /home/airflow/.local/lib/python3.12/site-packages/airflow/example_dags/example_latest_only.py
[2024-08-27T17:08:47.675+0000] {processor.py:925} INFO - DAG(s) 'latest_only' retrieved from /home/airflow/.local/lib/python3.12/site-packages/airflow/example_dags/example_latest_only.py
[2024-08-27T17:08:47.706+0000] {logging_mixin.py:190} INFO - [2024-08-27T17:08:47.706+0000] {dag.py:3211} INFO - Sync 1 DAGs
[2024-08-27T17:08:47.755+0000] {logging_mixin.py:190} INFO - [2024-08-27T17:08:47.754+0000] {dag.py:4138} INFO - Setting next_dagrun for latest_only to 2024-08-27 12:00:00+00:00, run_after=2024-08-27 16:00:00+00:00
[2024-08-27T17:08:47.789+0000] {processor.py:208} INFO - Processing /home/airflow/.local/lib/python3.12/site-packages/airflow/example_dags/example_latest_only.py took 0.144 seconds
[2024-08-27T17:09:18.420+0000] {processor.py:186} INFO - Started process (PID=608) to work on /home/airflow/.local/lib/python3.12/site-packages/airflow/example_dags/example_latest_only.py
[2024-08-27T17:09:18.422+0000] {processor.py:914} INFO - Processing file /home/airflow/.local/lib/python3.12/site-packages/airflow/example_dags/example_latest_only.py for tasks to queue
[2024-08-27T17:09:18.434+0000] {logging_mixin.py:190} INFO - [2024-08-27T17:09:18.429+0000] {dagbag.py:587} INFO - Filling up the DagBag from /home/airflow/.local/lib/python3.12/site-packages/airflow/example_dags/example_latest_only.py
[2024-08-27T17:09:18.455+0000] {processor.py:925} INFO - DAG(s) 'latest_only' retrieved from /home/airflow/.local/lib/python3.12/site-packages/airflow/example_dags/example_latest_only.py
[2024-08-27T17:09:18.510+0000] {logging_mixin.py:190} INFO - [2024-08-27T17:09:18.509+0000] {dag.py:3211} INFO - Sync 1 DAGs
[2024-08-27T17:09:18.557+0000] {logging_mixin.py:190} INFO - [2024-08-27T17:09:18.557+0000] {dag.py:4138} INFO - Setting next_dagrun for latest_only to 2024-08-27 12:00:00+00:00, run_after=2024-08-27 16:00:00+00:00
[2024-08-27T17:09:18.591+0000] {processor.py:208} INFO - Processing /home/airflow/.local/lib/python3.12/site-packages/airflow/example_dags/example_latest_only.py took 0.181 seconds
[2024-08-27T17:09:48.897+0000] {processor.py:186} INFO - Started process (PID=670) to work on /home/airflow/.local/lib/python3.12/site-packages/airflow/example_dags/example_latest_only.py
[2024-08-27T17:09:48.899+0000] {processor.py:914} INFO - Processing file /home/airflow/.local/lib/python3.12/site-packages/airflow/example_dags/example_latest_only.py for tasks to queue
[2024-08-27T17:09:48.903+0000] {logging_mixin.py:190} INFO - [2024-08-27T17:09:48.902+0000] {dagbag.py:587} INFO - Filling up the DagBag from /home/airflow/.local/lib/python3.12/site-packages/airflow/example_dags/example_latest_only.py
[2024-08-27T17:09:48.914+0000] {processor.py:925} INFO - DAG(s) 'latest_only' retrieved from /home/airflow/.local/lib/python3.12/site-packages/airflow/example_dags/example_latest_only.py
[2024-08-27T17:09:48.946+0000] {logging_mixin.py:190} INFO - [2024-08-27T17:09:48.946+0000] {dag.py:3211} INFO - Sync 1 DAGs
[2024-08-27T17:09:48.984+0000] {logging_mixin.py:190} INFO - [2024-08-27T17:09:48.983+0000] {dag.py:4138} INFO - Setting next_dagrun for latest_only to 2024-08-27 12:00:00+00:00, run_after=2024-08-27 16:00:00+00:00
[2024-08-27T17:09:49.017+0000] {processor.py:208} INFO - Processing /home/airflow/.local/lib/python3.12/site-packages/airflow/example_dags/example_latest_only.py took 0.131 seconds
[2024-08-27T17:10:19.235+0000] {processor.py:186} INFO - Started process (PID=732) to work on /home/airflow/.local/lib/python3.12/site-packages/airflow/example_dags/example_latest_only.py
[2024-08-27T17:10:19.237+0000] {processor.py:914} INFO - Processing file /home/airflow/.local/lib/python3.12/site-packages/airflow/example_dags/example_latest_only.py for tasks to queue
[2024-08-27T17:10:19.240+0000] {logging_mixin.py:190} INFO - [2024-08-27T17:10:19.239+0000] {dagbag.py:587} INFO - Filling up the DagBag from /home/airflow/.local/lib/python3.12/site-packages/airflow/example_dags/example_latest_only.py
[2024-08-27T17:10:19.251+0000] {processor.py:925} INFO - DAG(s) 'latest_only' retrieved from /home/airflow/.local/lib/python3.12/site-packages/airflow/example_dags/example_latest_only.py
[2024-08-27T17:10:19.278+0000] {logging_mixin.py:190} INFO - [2024-08-27T17:10:19.278+0000] {dag.py:3211} INFO - Sync 1 DAGs
[2024-08-27T17:10:19.314+0000] {logging_mixin.py:190} INFO - [2024-08-27T17:10:19.313+0000] {dag.py:4138} INFO - Setting next_dagrun for latest_only to 2024-08-27 12:00:00+00:00, run_after=2024-08-27 16:00:00+00:00
[2024-08-27T17:10:19.344+0000] {processor.py:208} INFO - Processing /home/airflow/.local/lib/python3.12/site-packages/airflow/example_dags/example_latest_only.py took 0.118 seconds
[2024-08-27T17:10:49.808+0000] {processor.py:186} INFO - Started process (PID=794) to work on /home/airflow/.local/lib/python3.12/site-packages/airflow/example_dags/example_latest_only.py
[2024-08-27T17:10:49.810+0000] {processor.py:914} INFO - Processing file /home/airflow/.local/lib/python3.12/site-packages/airflow/example_dags/example_latest_only.py for tasks to queue
[2024-08-27T17:10:49.814+0000] {logging_mixin.py:190} INFO - [2024-08-27T17:10:49.814+0000] {dagbag.py:587} INFO - Filling up the DagBag from /home/airflow/.local/lib/python3.12/site-packages/airflow/example_dags/example_latest_only.py
[2024-08-27T17:10:49.825+0000] {processor.py:925} INFO - DAG(s) 'latest_only' retrieved from /home/airflow/.local/lib/python3.12/site-packages/airflow/example_dags/example_latest_only.py
[2024-08-27T17:10:49.863+0000] {logging_mixin.py:190} INFO - [2024-08-27T17:10:49.862+0000] {dag.py:3211} INFO - Sync 1 DAGs
[2024-08-27T17:10:49.911+0000] {logging_mixin.py:190} INFO - [2024-08-27T17:10:49.911+0000] {dag.py:4138} INFO - Setting next_dagrun for latest_only to 2024-08-27 12:00:00+00:00, run_after=2024-08-27 16:00:00+00:00
[2024-08-27T17:10:49.944+0000] {processor.py:208} INFO - Processing /home/airflow/.local/lib/python3.12/site-packages/airflow/example_dags/example_latest_only.py took 0.146 seconds
[2024-08-27T17:11:20.187+0000] {processor.py:186} INFO - Started process (PID=856) to work on /home/airflow/.local/lib/python3.12/site-packages/airflow/example_dags/example_latest_only.py
[2024-08-27T17:11:20.189+0000] {processor.py:914} INFO - Processing file /home/airflow/.local/lib/python3.12/site-packages/airflow/example_dags/example_latest_only.py for tasks to queue
[2024-08-27T17:11:20.194+0000] {logging_mixin.py:190} INFO - [2024-08-27T17:11:20.194+0000] {dagbag.py:587} INFO - Filling up the DagBag from /home/airflow/.local/lib/python3.12/site-packages/airflow/example_dags/example_latest_only.py
[2024-08-27T17:11:20.211+0000] {processor.py:925} INFO - DAG(s) 'latest_only' retrieved from /home/airflow/.local/lib/python3.12/site-packages/airflow/example_dags/example_latest_only.py
[2024-08-27T17:11:20.245+0000] {logging_mixin.py:190} INFO - [2024-08-27T17:11:20.244+0000] {dag.py:3211} INFO - Sync 1 DAGs
[2024-08-27T17:11:20.283+0000] {logging_mixin.py:190} INFO - [2024-08-27T17:11:20.283+0000] {dag.py:4138} INFO - Setting next_dagrun for latest_only to 2024-08-27 12:00:00+00:00, run_after=2024-08-27 16:00:00+00:00
[2024-08-27T17:11:20.324+0000] {processor.py:208} INFO - Processing /home/airflow/.local/lib/python3.12/site-packages/airflow/example_dags/example_latest_only.py took 0.146 seconds
[2024-08-27T17:11:50.564+0000] {processor.py:186} INFO - Started process (PID=918) to work on /home/airflow/.local/lib/python3.12/site-packages/airflow/example_dags/example_latest_only.py
[2024-08-27T17:11:50.565+0000] {processor.py:914} INFO - Processing file /home/airflow/.local/lib/python3.12/site-packages/airflow/example_dags/example_latest_only.py for tasks to queue
[2024-08-27T17:11:50.570+0000] {logging_mixin.py:190} INFO - [2024-08-27T17:11:50.569+0000] {dagbag.py:587} INFO - Filling up the DagBag from /home/airflow/.local/lib/python3.12/site-packages/airflow/example_dags/example_latest_only.py
[2024-08-27T17:11:50.585+0000] {processor.py:925} INFO - DAG(s) 'latest_only' retrieved from /home/airflow/.local/lib/python3.12/site-packages/airflow/example_dags/example_latest_only.py
[2024-08-27T17:11:50.619+0000] {logging_mixin.py:190} INFO - [2024-08-27T17:11:50.619+0000] {dag.py:3211} INFO - Sync 1 DAGs
[2024-08-27T17:11:50.661+0000] {logging_mixin.py:190} INFO - [2024-08-27T17:11:50.661+0000] {dag.py:4138} INFO - Setting next_dagrun for latest_only to 2024-08-27 12:00:00+00:00, run_after=2024-08-27 16:00:00+00:00
[2024-08-27T17:11:50.696+0000] {processor.py:208} INFO - Processing /home/airflow/.local/lib/python3.12/site-packages/airflow/example_dags/example_latest_only.py took 0.143 seconds
[2024-08-27T17:12:21.576+0000] {processor.py:186} INFO - Started process (PID=980) to work on /home/airflow/.local/lib/python3.12/site-packages/airflow/example_dags/example_latest_only.py
[2024-08-27T17:12:21.578+0000] {processor.py:914} INFO - Processing file /home/airflow/.local/lib/python3.12/site-packages/airflow/example_dags/example_latest_only.py for tasks to queue
[2024-08-27T17:12:21.581+0000] {logging_mixin.py:190} INFO - [2024-08-27T17:12:21.580+0000] {dagbag.py:587} INFO - Filling up the DagBag from /home/airflow/.local/lib/python3.12/site-packages/airflow/example_dags/example_latest_only.py
[2024-08-27T17:12:21.591+0000] {processor.py:925} INFO - DAG(s) 'latest_only' retrieved from /home/airflow/.local/lib/python3.12/site-packages/airflow/example_dags/example_latest_only.py
[2024-08-27T17:12:21.619+0000] {logging_mixin.py:190} INFO - [2024-08-27T17:12:21.619+0000] {dag.py:3211} INFO - Sync 1 DAGs
[2024-08-27T17:12:21.652+0000] {logging_mixin.py:190} INFO - [2024-08-27T17:12:21.651+0000] {dag.py:4138} INFO - Setting next_dagrun for latest_only to 2024-08-27 12:00:00+00:00, run_after=2024-08-27 16:00:00+00:00
[2024-08-27T17:12:21.684+0000] {processor.py:208} INFO - Processing /home/airflow/.local/lib/python3.12/site-packages/airflow/example_dags/example_latest_only.py took 0.116 seconds
[2024-08-27T17:12:52.104+0000] {processor.py:186} INFO - Started process (PID=1042) to work on /home/airflow/.local/lib/python3.12/site-packages/airflow/example_dags/example_latest_only.py
[2024-08-27T17:12:52.106+0000] {processor.py:914} INFO - Processing file /home/airflow/.local/lib/python3.12/site-packages/airflow/example_dags/example_latest_only.py for tasks to queue
[2024-08-27T17:12:52.109+0000] {logging_mixin.py:190} INFO - [2024-08-27T17:12:52.109+0000] {dagbag.py:587} INFO - Filling up the DagBag from /home/airflow/.local/lib/python3.12/site-packages/airflow/example_dags/example_latest_only.py
[2024-08-27T17:12:52.120+0000] {processor.py:925} INFO - DAG(s) 'latest_only' retrieved from /home/airflow/.local/lib/python3.12/site-packages/airflow/example_dags/example_latest_only.py
[2024-08-27T17:12:52.149+0000] {logging_mixin.py:190} INFO - [2024-08-27T17:12:52.148+0000] {dag.py:3211} INFO - Sync 1 DAGs
[2024-08-27T17:12:52.186+0000] {logging_mixin.py:190} INFO - [2024-08-27T17:12:52.185+0000] {dag.py:4138} INFO - Setting next_dagrun for latest_only to 2024-08-27 12:00:00+00:00, run_after=2024-08-27 16:00:00+00:00
[2024-08-27T17:12:52.218+0000] {processor.py:208} INFO - Processing /home/airflow/.local/lib/python3.12/site-packages/airflow/example_dags/example_latest_only.py took 0.123 seconds
[2024-08-27T17:13:22.415+0000] {processor.py:186} INFO - Started process (PID=1104) to work on /home/airflow/.local/lib/python3.12/site-packages/airflow/example_dags/example_latest_only.py
[2024-08-27T17:13:22.417+0000] {processor.py:914} INFO - Processing file /home/airflow/.local/lib/python3.12/site-packages/airflow/example_dags/example_latest_only.py for tasks to queue
[2024-08-27T17:13:22.420+0000] {logging_mixin.py:190} INFO - [2024-08-27T17:13:22.420+0000] {dagbag.py:587} INFO - Filling up the DagBag from /home/airflow/.local/lib/python3.12/site-packages/airflow/example_dags/example_latest_only.py
[2024-08-27T17:13:22.432+0000] {processor.py:925} INFO - DAG(s) 'latest_only' retrieved from /home/airflow/.local/lib/python3.12/site-packages/airflow/example_dags/example_latest_only.py
[2024-08-27T17:13:22.467+0000] {logging_mixin.py:190} INFO - [2024-08-27T17:13:22.467+0000] {dag.py:3211} INFO - Sync 1 DAGs
[2024-08-27T17:13:22.502+0000] {logging_mixin.py:190} INFO - [2024-08-27T17:13:22.502+0000] {dag.py:4138} INFO - Setting next_dagrun for latest_only to 2024-08-27 12:00:00+00:00, run_after=2024-08-27 16:00:00+00:00
[2024-08-27T17:13:22.532+0000] {processor.py:208} INFO - Processing /home/airflow/.local/lib/python3.12/site-packages/airflow/example_dags/example_latest_only.py took 0.128 seconds
[2024-08-27T17:13:52.903+0000] {processor.py:186} INFO - Started process (PID=1166) to work on /home/airflow/.local/lib/python3.12/site-packages/airflow/example_dags/example_latest_only.py
[2024-08-27T17:13:52.905+0000] {processor.py:914} INFO - Processing file /home/airflow/.local/lib/python3.12/site-packages/airflow/example_dags/example_latest_only.py for tasks to queue
[2024-08-27T17:13:52.909+0000] {logging_mixin.py:190} INFO - [2024-08-27T17:13:52.908+0000] {dagbag.py:587} INFO - Filling up the DagBag from /home/airflow/.local/lib/python3.12/site-packages/airflow/example_dags/example_latest_only.py
[2024-08-27T17:13:52.920+0000] {processor.py:925} INFO - DAG(s) 'latest_only' retrieved from /home/airflow/.local/lib/python3.12/site-packages/airflow/example_dags/example_latest_only.py
[2024-08-27T17:13:52.951+0000] {logging_mixin.py:190} INFO - [2024-08-27T17:13:52.950+0000] {dag.py:3211} INFO - Sync 1 DAGs
[2024-08-27T17:13:52.994+0000] {logging_mixin.py:190} INFO - [2024-08-27T17:13:52.993+0000] {dag.py:4138} INFO - Setting next_dagrun for latest_only to 2024-08-27 12:00:00+00:00, run_after=2024-08-27 16:00:00+00:00
[2024-08-27T17:13:53.026+0000] {processor.py:208} INFO - Processing /home/airflow/.local/lib/python3.12/site-packages/airflow/example_dags/example_latest_only.py took 0.136 seconds
[2024-08-27T17:14:23.615+0000] {processor.py:186} INFO - Started process (PID=1228) to work on /home/airflow/.local/lib/python3.12/site-packages/airflow/example_dags/example_latest_only.py
[2024-08-27T17:14:23.617+0000] {processor.py:914} INFO - Processing file /home/airflow/.local/lib/python3.12/site-packages/airflow/example_dags/example_latest_only.py for tasks to queue
[2024-08-27T17:14:23.621+0000] {logging_mixin.py:190} INFO - [2024-08-27T17:14:23.620+0000] {dagbag.py:587} INFO - Filling up the DagBag from /home/airflow/.local/lib/python3.12/site-packages/airflow/example_dags/example_latest_only.py
[2024-08-27T17:14:23.633+0000] {processor.py:925} INFO - DAG(s) 'latest_only' retrieved from /home/airflow/.local/lib/python3.12/site-packages/airflow/example_dags/example_latest_only.py
[2024-08-27T17:14:23.675+0000] {logging_mixin.py:190} INFO - [2024-08-27T17:14:23.674+0000] {dag.py:3211} INFO - Sync 1 DAGs
[2024-08-27T17:14:23.726+0000] {logging_mixin.py:190} INFO - [2024-08-27T17:14:23.725+0000] {dag.py:4138} INFO - Setting next_dagrun for latest_only to 2024-08-27 12:00:00+00:00, run_after=2024-08-27 16:00:00+00:00
[2024-08-27T17:14:23.764+0000] {processor.py:208} INFO - Processing /home/airflow/.local/lib/python3.12/site-packages/airflow/example_dags/example_latest_only.py took 0.165 seconds
[2024-08-27T17:14:54.382+0000] {processor.py:186} INFO - Started process (PID=1290) to work on /home/airflow/.local/lib/python3.12/site-packages/airflow/example_dags/example_latest_only.py
[2024-08-27T17:14:54.384+0000] {processor.py:914} INFO - Processing file /home/airflow/.local/lib/python3.12/site-packages/airflow/example_dags/example_latest_only.py for tasks to queue
[2024-08-27T17:14:54.387+0000] {logging_mixin.py:190} INFO - [2024-08-27T17:14:54.386+0000] {dagbag.py:587} INFO - Filling up the DagBag from /home/airflow/.local/lib/python3.12/site-packages/airflow/example_dags/example_latest_only.py
[2024-08-27T17:14:54.397+0000] {processor.py:925} INFO - DAG(s) 'latest_only' retrieved from /home/airflow/.local/lib/python3.12/site-packages/airflow/example_dags/example_latest_only.py
[2024-08-27T17:14:54.425+0000] {logging_mixin.py:190} INFO - [2024-08-27T17:14:54.425+0000] {dag.py:3211} INFO - Sync 1 DAGs
[2024-08-27T17:14:54.458+0000] {logging_mixin.py:190} INFO - [2024-08-27T17:14:54.458+0000] {dag.py:4138} INFO - Setting next_dagrun for latest_only to 2024-08-27 12:00:00+00:00, run_after=2024-08-27 16:00:00+00:00
[2024-08-27T17:14:54.487+0000] {processor.py:208} INFO - Processing /home/airflow/.local/lib/python3.12/site-packages/airflow/example_dags/example_latest_only.py took 0.114 seconds
[2024-08-27T17:15:25.099+0000] {processor.py:186} INFO - Started process (PID=1352) to work on /home/airflow/.local/lib/python3.12/site-packages/airflow/example_dags/example_latest_only.py
[2024-08-27T17:15:25.100+0000] {processor.py:914} INFO - Processing file /home/airflow/.local/lib/python3.12/site-packages/airflow/example_dags/example_latest_only.py for tasks to queue
[2024-08-27T17:15:25.105+0000] {logging_mixin.py:190} INFO - [2024-08-27T17:15:25.105+0000] {dagbag.py:587} INFO - Filling up the DagBag from /home/airflow/.local/lib/python3.12/site-packages/airflow/example_dags/example_latest_only.py
[2024-08-27T17:15:25.116+0000] {processor.py:925} INFO - DAG(s) 'latest_only' retrieved from /home/airflow/.local/lib/python3.12/site-packages/airflow/example_dags/example_latest_only.py
[2024-08-27T17:15:25.146+0000] {logging_mixin.py:190} INFO - [2024-08-27T17:15:25.145+0000] {dag.py:3211} INFO - Sync 1 DAGs
[2024-08-27T17:15:25.183+0000] {logging_mixin.py:190} INFO - [2024-08-27T17:15:25.183+0000] {dag.py:4138} INFO - Setting next_dagrun for latest_only to 2024-08-27 12:00:00+00:00, run_after=2024-08-27 16:00:00+00:00
[2024-08-27T17:15:25.222+0000] {processor.py:208} INFO - Processing /home/airflow/.local/lib/python3.12/site-packages/airflow/example_dags/example_latest_only.py took 0.133 seconds
[2024-08-27T17:15:55.680+0000] {processor.py:186} INFO - Started process (PID=1414) to work on /home/airflow/.local/lib/python3.12/site-packages/airflow/example_dags/example_latest_only.py
[2024-08-27T17:15:55.681+0000] {processor.py:914} INFO - Processing file /home/airflow/.local/lib/python3.12/site-packages/airflow/example_dags/example_latest_only.py for tasks to queue
[2024-08-27T17:15:55.685+0000] {logging_mixin.py:190} INFO - [2024-08-27T17:15:55.685+0000] {dagbag.py:587} INFO - Filling up the DagBag from /home/airflow/.local/lib/python3.12/site-packages/airflow/example_dags/example_latest_only.py
[2024-08-27T17:15:55.695+0000] {processor.py:925} INFO - DAG(s) 'latest_only' retrieved from /home/airflow/.local/lib/python3.12/site-packages/airflow/example_dags/example_latest_only.py
[2024-08-27T17:15:55.725+0000] {logging_mixin.py:190} INFO - [2024-08-27T17:15:55.725+0000] {dag.py:3211} INFO - Sync 1 DAGs
[2024-08-27T17:15:55.771+0000] {logging_mixin.py:190} INFO - [2024-08-27T17:15:55.771+0000] {dag.py:4138} INFO - Setting next_dagrun for latest_only to 2024-08-27 12:00:00+00:00, run_after=2024-08-27 16:00:00+00:00
[2024-08-27T17:15:55.819+0000] {processor.py:208} INFO - Processing /home/airflow/.local/lib/python3.12/site-packages/airflow/example_dags/example_latest_only.py took 0.150 seconds
[2024-08-27T17:16:26.592+0000] {processor.py:186} INFO - Started process (PID=1476) to work on /home/airflow/.local/lib/python3.12/site-packages/airflow/example_dags/example_latest_only.py
[2024-08-27T17:16:26.594+0000] {processor.py:914} INFO - Processing file /home/airflow/.local/lib/python3.12/site-packages/airflow/example_dags/example_latest_only.py for tasks to queue
[2024-08-27T17:16:26.598+0000] {logging_mixin.py:190} INFO - [2024-08-27T17:16:26.597+0000] {dagbag.py:587} INFO - Filling up the DagBag from /home/airflow/.local/lib/python3.12/site-packages/airflow/example_dags/example_latest_only.py
[2024-08-27T17:16:26.611+0000] {processor.py:925} INFO - DAG(s) 'latest_only' retrieved from /home/airflow/.local/lib/python3.12/site-packages/airflow/example_dags/example_latest_only.py
[2024-08-27T17:16:26.645+0000] {logging_mixin.py:190} INFO - [2024-08-27T17:16:26.645+0000] {dag.py:3211} INFO - Sync 1 DAGs
[2024-08-27T17:16:26.684+0000] {logging_mixin.py:190} INFO - [2024-08-27T17:16:26.684+0000] {dag.py:4138} INFO - Setting next_dagrun for latest_only to 2024-08-27 12:00:00+00:00, run_after=2024-08-27 16:00:00+00:00
[2024-08-27T17:16:26.716+0000] {processor.py:208} INFO - Processing /home/airflow/.local/lib/python3.12/site-packages/airflow/example_dags/example_latest_only.py took 0.135 seconds
[2024-08-27T17:16:56.948+0000] {processor.py:186} INFO - Started process (PID=1538) to work on /home/airflow/.local/lib/python3.12/site-packages/airflow/example_dags/example_latest_only.py
[2024-08-27T17:16:56.949+0000] {processor.py:914} INFO - Processing file /home/airflow/.local/lib/python3.12/site-packages/airflow/example_dags/example_latest_only.py for tasks to queue
[2024-08-27T17:16:56.953+0000] {logging_mixin.py:190} INFO - [2024-08-27T17:16:56.953+0000] {dagbag.py:587} INFO - Filling up the DagBag from /home/airflow/.local/lib/python3.12/site-packages/airflow/example_dags/example_latest_only.py
[2024-08-27T17:16:56.964+0000] {processor.py:925} INFO - DAG(s) 'latest_only' retrieved from /home/airflow/.local/lib/python3.12/site-packages/airflow/example_dags/example_latest_only.py
[2024-08-27T17:16:56.995+0000] {logging_mixin.py:190} INFO - [2024-08-27T17:16:56.995+0000] {dag.py:3211} INFO - Sync 1 DAGs
[2024-08-27T17:16:57.032+0000] {logging_mixin.py:190} INFO - [2024-08-27T17:16:57.032+0000] {dag.py:4138} INFO - Setting next_dagrun for latest_only to 2024-08-27 12:00:00+00:00, run_after=2024-08-27 16:00:00+00:00
[2024-08-27T17:16:57.065+0000] {processor.py:208} INFO - Processing /home/airflow/.local/lib/python3.12/site-packages/airflow/example_dags/example_latest_only.py took 0.127 seconds
