[2024-08-27T17:04:48.725+0000] {processor.py:186} INFO - Started process (PID=71) to work on /home/airflow/.local/lib/python3.12/site-packages/airflow/example_dags/example_bash_decorator.py
[2024-08-27T17:04:48.727+0000] {processor.py:914} INFO - Processing file /home/airflow/.local/lib/python3.12/site-packages/airflow/example_dags/example_bash_decorator.py for tasks to queue
[2024-08-27T17:04:48.731+0000] {logging_mixin.py:190} INFO - [2024-08-27T17:04:48.730+0000] {dagbag.py:587} INFO - Filling up the DagBag from /home/airflow/.local/lib/python3.12/site-packages/airflow/example_dags/example_bash_decorator.py
[2024-08-27T17:04:48.759+0000] {processor.py:925} INFO - DAG(s) 'example_bash_decorator' retrieved from /home/airflow/.local/lib/python3.12/site-packages/airflow/example_dags/example_bash_decorator.py
[2024-08-27T17:04:49.036+0000] {logging_mixin.py:190} INFO - [2024-08-27T17:04:49.035+0000] {override.py:1858} INFO - Created Permission View: can edit on DAG:example_bash_decorator
[2024-08-27T17:04:49.056+0000] {logging_mixin.py:190} INFO - [2024-08-27T17:04:49.055+0000] {override.py:1858} INFO - Created Permission View: can read on DAG:example_bash_decorator
[2024-08-27T17:04:49.068+0000] {logging_mixin.py:190} INFO - [2024-08-27T17:04:49.068+0000] {override.py:1858} INFO - Created Permission View: can delete on DAG:example_bash_decorator
[2024-08-27T17:04:49.069+0000] {logging_mixin.py:190} INFO - [2024-08-27T17:04:49.069+0000] {dag.py:3211} INFO - Sync 1 DAGs
[2024-08-27T17:04:49.085+0000] {logging_mixin.py:190} INFO - [2024-08-27T17:04:49.085+0000] {dag.py:3234} INFO - Creating ORM DAG for example_bash_decorator
[2024-08-27T17:04:49.086+0000] {logging_mixin.py:190} INFO - [2024-08-27T17:04:49.086+0000] {dag.py:4138} INFO - Setting next_dagrun for example_bash_decorator to None, run_after=None
[2024-08-27T17:04:49.118+0000] {processor.py:208} INFO - Processing /home/airflow/.local/lib/python3.12/site-packages/airflow/example_dags/example_bash_decorator.py took 0.402 seconds
[2024-08-27T17:05:19.277+0000] {processor.py:186} INFO - Started process (PID=133) to work on /home/airflow/.local/lib/python3.12/site-packages/airflow/example_dags/example_bash_decorator.py
[2024-08-27T17:05:19.279+0000] {processor.py:914} INFO - Processing file /home/airflow/.local/lib/python3.12/site-packages/airflow/example_dags/example_bash_decorator.py for tasks to queue
[2024-08-27T17:05:19.284+0000] {logging_mixin.py:190} INFO - [2024-08-27T17:05:19.283+0000] {dagbag.py:587} INFO - Filling up the DagBag from /home/airflow/.local/lib/python3.12/site-packages/airflow/example_dags/example_bash_decorator.py
[2024-08-27T17:05:19.322+0000] {processor.py:925} INFO - DAG(s) 'example_bash_decorator' retrieved from /home/airflow/.local/lib/python3.12/site-packages/airflow/example_dags/example_bash_decorator.py
[2024-08-27T17:05:19.367+0000] {logging_mixin.py:190} INFO - [2024-08-27T17:05:19.367+0000] {dag.py:3211} INFO - Sync 1 DAGs
[2024-08-27T17:05:19.406+0000] {logging_mixin.py:190} INFO - [2024-08-27T17:05:19.406+0000] {dag.py:4138} INFO - Setting next_dagrun for example_bash_decorator to None, run_after=None
[2024-08-27T17:05:19.460+0000] {processor.py:208} INFO - Processing /home/airflow/.local/lib/python3.12/site-packages/airflow/example_dags/example_bash_decorator.py took 0.197 seconds
[2024-08-27T17:05:49.544+0000] {processor.py:186} INFO - Started process (PID=195) to work on /home/airflow/.local/lib/python3.12/site-packages/airflow/example_dags/example_bash_decorator.py
[2024-08-27T17:05:49.545+0000] {processor.py:914} INFO - Processing file /home/airflow/.local/lib/python3.12/site-packages/airflow/example_dags/example_bash_decorator.py for tasks to queue
[2024-08-27T17:05:49.551+0000] {logging_mixin.py:190} INFO - [2024-08-27T17:05:49.550+0000] {dagbag.py:587} INFO - Filling up the DagBag from /home/airflow/.local/lib/python3.12/site-packages/airflow/example_dags/example_bash_decorator.py
[2024-08-27T17:05:49.609+0000] {processor.py:925} INFO - DAG(s) 'example_bash_decorator' retrieved from /home/airflow/.local/lib/python3.12/site-packages/airflow/example_dags/example_bash_decorator.py
[2024-08-27T17:05:49.683+0000] {logging_mixin.py:190} INFO - [2024-08-27T17:05:49.682+0000] {dag.py:3211} INFO - Sync 1 DAGs
[2024-08-27T17:05:49.745+0000] {logging_mixin.py:190} INFO - [2024-08-27T17:05:49.744+0000] {dag.py:4138} INFO - Setting next_dagrun for example_bash_decorator to None, run_after=None
[2024-08-27T17:05:49.783+0000] {processor.py:208} INFO - Processing /home/airflow/.local/lib/python3.12/site-packages/airflow/example_dags/example_bash_decorator.py took 0.258 seconds
[2024-08-27T17:06:19.834+0000] {processor.py:186} INFO - Started process (PID=257) to work on /home/airflow/.local/lib/python3.12/site-packages/airflow/example_dags/example_bash_decorator.py
[2024-08-27T17:06:19.836+0000] {processor.py:914} INFO - Processing file /home/airflow/.local/lib/python3.12/site-packages/airflow/example_dags/example_bash_decorator.py for tasks to queue
[2024-08-27T17:06:19.839+0000] {logging_mixin.py:190} INFO - [2024-08-27T17:06:19.839+0000] {dagbag.py:587} INFO - Filling up the DagBag from /home/airflow/.local/lib/python3.12/site-packages/airflow/example_dags/example_bash_decorator.py
[2024-08-27T17:06:19.865+0000] {processor.py:925} INFO - DAG(s) 'example_bash_decorator' retrieved from /home/airflow/.local/lib/python3.12/site-packages/airflow/example_dags/example_bash_decorator.py
[2024-08-27T17:06:19.906+0000] {logging_mixin.py:190} INFO - [2024-08-27T17:06:19.906+0000] {dag.py:3211} INFO - Sync 1 DAGs
[2024-08-27T17:06:19.932+0000] {logging_mixin.py:190} INFO - [2024-08-27T17:06:19.932+0000] {dag.py:4138} INFO - Setting next_dagrun for example_bash_decorator to None, run_after=None
[2024-08-27T17:06:19.959+0000] {processor.py:208} INFO - Processing /home/airflow/.local/lib/python3.12/site-packages/airflow/example_dags/example_bash_decorator.py took 0.135 seconds
[2024-08-27T17:06:51.125+0000] {processor.py:186} INFO - Started process (PID=319) to work on /home/airflow/.local/lib/python3.12/site-packages/airflow/example_dags/example_bash_decorator.py
[2024-08-27T17:06:51.126+0000] {processor.py:914} INFO - Processing file /home/airflow/.local/lib/python3.12/site-packages/airflow/example_dags/example_bash_decorator.py for tasks to queue
[2024-08-27T17:06:51.130+0000] {logging_mixin.py:190} INFO - [2024-08-27T17:06:51.129+0000] {dagbag.py:587} INFO - Filling up the DagBag from /home/airflow/.local/lib/python3.12/site-packages/airflow/example_dags/example_bash_decorator.py
[2024-08-27T17:06:51.152+0000] {processor.py:925} INFO - DAG(s) 'example_bash_decorator' retrieved from /home/airflow/.local/lib/python3.12/site-packages/airflow/example_dags/example_bash_decorator.py
[2024-08-27T17:06:51.189+0000] {logging_mixin.py:190} INFO - [2024-08-27T17:06:51.189+0000] {dag.py:3211} INFO - Sync 1 DAGs
[2024-08-27T17:06:51.212+0000] {logging_mixin.py:190} INFO - [2024-08-27T17:06:51.211+0000] {dag.py:4138} INFO - Setting next_dagrun for example_bash_decorator to None, run_after=None
[2024-08-27T17:06:51.247+0000] {processor.py:208} INFO - Processing /home/airflow/.local/lib/python3.12/site-packages/airflow/example_dags/example_bash_decorator.py took 0.131 seconds
[2024-08-27T17:07:21.333+0000] {processor.py:186} INFO - Started process (PID=381) to work on /home/airflow/.local/lib/python3.12/site-packages/airflow/example_dags/example_bash_decorator.py
[2024-08-27T17:07:21.334+0000] {processor.py:914} INFO - Processing file /home/airflow/.local/lib/python3.12/site-packages/airflow/example_dags/example_bash_decorator.py for tasks to queue
[2024-08-27T17:07:21.337+0000] {logging_mixin.py:190} INFO - [2024-08-27T17:07:21.337+0000] {dagbag.py:587} INFO - Filling up the DagBag from /home/airflow/.local/lib/python3.12/site-packages/airflow/example_dags/example_bash_decorator.py
[2024-08-27T17:07:21.358+0000] {processor.py:925} INFO - DAG(s) 'example_bash_decorator' retrieved from /home/airflow/.local/lib/python3.12/site-packages/airflow/example_dags/example_bash_decorator.py
[2024-08-27T17:07:21.389+0000] {logging_mixin.py:190} INFO - [2024-08-27T17:07:21.388+0000] {dag.py:3211} INFO - Sync 1 DAGs
[2024-08-27T17:07:21.411+0000] {logging_mixin.py:190} INFO - [2024-08-27T17:07:21.410+0000] {dag.py:4138} INFO - Setting next_dagrun for example_bash_decorator to None, run_after=None
[2024-08-27T17:07:21.438+0000] {processor.py:208} INFO - Processing /home/airflow/.local/lib/python3.12/site-packages/airflow/example_dags/example_bash_decorator.py took 0.114 seconds
[2024-08-27T17:07:51.684+0000] {processor.py:186} INFO - Started process (PID=443) to work on /home/airflow/.local/lib/python3.12/site-packages/airflow/example_dags/example_bash_decorator.py
[2024-08-27T17:07:51.686+0000] {processor.py:914} INFO - Processing file /home/airflow/.local/lib/python3.12/site-packages/airflow/example_dags/example_bash_decorator.py for tasks to queue
[2024-08-27T17:07:51.690+0000] {logging_mixin.py:190} INFO - [2024-08-27T17:07:51.689+0000] {dagbag.py:587} INFO - Filling up the DagBag from /home/airflow/.local/lib/python3.12/site-packages/airflow/example_dags/example_bash_decorator.py
[2024-08-27T17:07:51.713+0000] {processor.py:925} INFO - DAG(s) 'example_bash_decorator' retrieved from /home/airflow/.local/lib/python3.12/site-packages/airflow/example_dags/example_bash_decorator.py
[2024-08-27T17:07:51.752+0000] {logging_mixin.py:190} INFO - [2024-08-27T17:07:51.751+0000] {dag.py:3211} INFO - Sync 1 DAGs
[2024-08-27T17:07:51.775+0000] {logging_mixin.py:190} INFO - [2024-08-27T17:07:51.775+0000] {dag.py:4138} INFO - Setting next_dagrun for example_bash_decorator to None, run_after=None
[2024-08-27T17:07:51.812+0000] {processor.py:208} INFO - Processing /home/airflow/.local/lib/python3.12/site-packages/airflow/example_dags/example_bash_decorator.py took 0.136 seconds
[2024-08-27T17:08:22.630+0000] {processor.py:186} INFO - Started process (PID=505) to work on /home/airflow/.local/lib/python3.12/site-packages/airflow/example_dags/example_bash_decorator.py
[2024-08-27T17:08:22.632+0000] {processor.py:914} INFO - Processing file /home/airflow/.local/lib/python3.12/site-packages/airflow/example_dags/example_bash_decorator.py for tasks to queue
[2024-08-27T17:08:22.637+0000] {logging_mixin.py:190} INFO - [2024-08-27T17:08:22.636+0000] {dagbag.py:587} INFO - Filling up the DagBag from /home/airflow/.local/lib/python3.12/site-packages/airflow/example_dags/example_bash_decorator.py
[2024-08-27T17:08:22.663+0000] {processor.py:925} INFO - DAG(s) 'example_bash_decorator' retrieved from /home/airflow/.local/lib/python3.12/site-packages/airflow/example_dags/example_bash_decorator.py
[2024-08-27T17:08:22.707+0000] {logging_mixin.py:190} INFO - [2024-08-27T17:08:22.707+0000] {dag.py:3211} INFO - Sync 1 DAGs
[2024-08-27T17:08:22.732+0000] {logging_mixin.py:190} INFO - [2024-08-27T17:08:22.731+0000] {dag.py:4138} INFO - Setting next_dagrun for example_bash_decorator to None, run_after=None
[2024-08-27T17:08:22.760+0000] {processor.py:208} INFO - Processing /home/airflow/.local/lib/python3.12/site-packages/airflow/example_dags/example_bash_decorator.py took 0.140 seconds
[2024-08-27T17:08:53.255+0000] {processor.py:186} INFO - Started process (PID=567) to work on /home/airflow/.local/lib/python3.12/site-packages/airflow/example_dags/example_bash_decorator.py
[2024-08-27T17:08:53.257+0000] {processor.py:914} INFO - Processing file /home/airflow/.local/lib/python3.12/site-packages/airflow/example_dags/example_bash_decorator.py for tasks to queue
[2024-08-27T17:08:53.260+0000] {logging_mixin.py:190} INFO - [2024-08-27T17:08:53.259+0000] {dagbag.py:587} INFO - Filling up the DagBag from /home/airflow/.local/lib/python3.12/site-packages/airflow/example_dags/example_bash_decorator.py
[2024-08-27T17:08:53.284+0000] {processor.py:925} INFO - DAG(s) 'example_bash_decorator' retrieved from /home/airflow/.local/lib/python3.12/site-packages/airflow/example_dags/example_bash_decorator.py
[2024-08-27T17:08:53.321+0000] {logging_mixin.py:190} INFO - [2024-08-27T17:08:53.321+0000] {dag.py:3211} INFO - Sync 1 DAGs
[2024-08-27T17:08:53.341+0000] {logging_mixin.py:190} INFO - [2024-08-27T17:08:53.341+0000] {dag.py:4138} INFO - Setting next_dagrun for example_bash_decorator to None, run_after=None
[2024-08-27T17:08:53.375+0000] {processor.py:208} INFO - Processing /home/airflow/.local/lib/python3.12/site-packages/airflow/example_dags/example_bash_decorator.py took 0.129 seconds
[2024-08-27T17:09:23.914+0000] {processor.py:186} INFO - Started process (PID=629) to work on /home/airflow/.local/lib/python3.12/site-packages/airflow/example_dags/example_bash_decorator.py
[2024-08-27T17:09:23.917+0000] {processor.py:914} INFO - Processing file /home/airflow/.local/lib/python3.12/site-packages/airflow/example_dags/example_bash_decorator.py for tasks to queue
[2024-08-27T17:09:23.925+0000] {logging_mixin.py:190} INFO - [2024-08-27T17:09:23.924+0000] {dagbag.py:587} INFO - Filling up the DagBag from /home/airflow/.local/lib/python3.12/site-packages/airflow/example_dags/example_bash_decorator.py
[2024-08-27T17:09:23.965+0000] {processor.py:925} INFO - DAG(s) 'example_bash_decorator' retrieved from /home/airflow/.local/lib/python3.12/site-packages/airflow/example_dags/example_bash_decorator.py
[2024-08-27T17:09:24.002+0000] {logging_mixin.py:190} INFO - [2024-08-27T17:09:24.001+0000] {dag.py:3211} INFO - Sync 1 DAGs
[2024-08-27T17:09:24.029+0000] {logging_mixin.py:190} INFO - [2024-08-27T17:09:24.029+0000] {dag.py:4138} INFO - Setting next_dagrun for example_bash_decorator to None, run_after=None
[2024-08-27T17:09:24.065+0000] {processor.py:208} INFO - Processing /home/airflow/.local/lib/python3.12/site-packages/airflow/example_dags/example_bash_decorator.py took 0.175 seconds
[2024-08-27T17:09:54.414+0000] {processor.py:186} INFO - Started process (PID=691) to work on /home/airflow/.local/lib/python3.12/site-packages/airflow/example_dags/example_bash_decorator.py
[2024-08-27T17:09:54.416+0000] {processor.py:914} INFO - Processing file /home/airflow/.local/lib/python3.12/site-packages/airflow/example_dags/example_bash_decorator.py for tasks to queue
[2024-08-27T17:09:54.432+0000] {logging_mixin.py:190} INFO - [2024-08-27T17:09:54.431+0000] {dagbag.py:587} INFO - Filling up the DagBag from /home/airflow/.local/lib/python3.12/site-packages/airflow/example_dags/example_bash_decorator.py
[2024-08-27T17:09:54.460+0000] {processor.py:925} INFO - DAG(s) 'example_bash_decorator' retrieved from /home/airflow/.local/lib/python3.12/site-packages/airflow/example_dags/example_bash_decorator.py
[2024-08-27T17:09:54.505+0000] {logging_mixin.py:190} INFO - [2024-08-27T17:09:54.504+0000] {dag.py:3211} INFO - Sync 1 DAGs
[2024-08-27T17:09:54.529+0000] {logging_mixin.py:190} INFO - [2024-08-27T17:09:54.529+0000] {dag.py:4138} INFO - Setting next_dagrun for example_bash_decorator to None, run_after=None
[2024-08-27T17:09:54.559+0000] {processor.py:208} INFO - Processing /home/airflow/.local/lib/python3.12/site-packages/airflow/example_dags/example_bash_decorator.py took 0.158 seconds
[2024-08-27T17:10:25.468+0000] {processor.py:186} INFO - Started process (PID=753) to work on /home/airflow/.local/lib/python3.12/site-packages/airflow/example_dags/example_bash_decorator.py
[2024-08-27T17:10:25.470+0000] {processor.py:914} INFO - Processing file /home/airflow/.local/lib/python3.12/site-packages/airflow/example_dags/example_bash_decorator.py for tasks to queue
[2024-08-27T17:10:25.474+0000] {logging_mixin.py:190} INFO - [2024-08-27T17:10:25.473+0000] {dagbag.py:587} INFO - Filling up the DagBag from /home/airflow/.local/lib/python3.12/site-packages/airflow/example_dags/example_bash_decorator.py
[2024-08-27T17:10:25.501+0000] {processor.py:925} INFO - DAG(s) 'example_bash_decorator' retrieved from /home/airflow/.local/lib/python3.12/site-packages/airflow/example_dags/example_bash_decorator.py
[2024-08-27T17:10:25.540+0000] {logging_mixin.py:190} INFO - [2024-08-27T17:10:25.539+0000] {dag.py:3211} INFO - Sync 1 DAGs
[2024-08-27T17:10:25.562+0000] {logging_mixin.py:190} INFO - [2024-08-27T17:10:25.562+0000] {dag.py:4138} INFO - Setting next_dagrun for example_bash_decorator to None, run_after=None
[2024-08-27T17:10:25.593+0000] {processor.py:208} INFO - Processing /home/airflow/.local/lib/python3.12/site-packages/airflow/example_dags/example_bash_decorator.py took 0.138 seconds
[2024-08-27T17:10:56.149+0000] {processor.py:186} INFO - Started process (PID=815) to work on /home/airflow/.local/lib/python3.12/site-packages/airflow/example_dags/example_bash_decorator.py
[2024-08-27T17:10:56.151+0000] {processor.py:914} INFO - Processing file /home/airflow/.local/lib/python3.12/site-packages/airflow/example_dags/example_bash_decorator.py for tasks to queue
[2024-08-27T17:10:56.155+0000] {logging_mixin.py:190} INFO - [2024-08-27T17:10:56.155+0000] {dagbag.py:587} INFO - Filling up the DagBag from /home/airflow/.local/lib/python3.12/site-packages/airflow/example_dags/example_bash_decorator.py
[2024-08-27T17:10:56.179+0000] {processor.py:925} INFO - DAG(s) 'example_bash_decorator' retrieved from /home/airflow/.local/lib/python3.12/site-packages/airflow/example_dags/example_bash_decorator.py
[2024-08-27T17:10:56.219+0000] {logging_mixin.py:190} INFO - [2024-08-27T17:10:56.218+0000] {dag.py:3211} INFO - Sync 1 DAGs
[2024-08-27T17:10:56.239+0000] {logging_mixin.py:190} INFO - [2024-08-27T17:10:56.239+0000] {dag.py:4138} INFO - Setting next_dagrun for example_bash_decorator to None, run_after=None
[2024-08-27T17:10:56.271+0000] {processor.py:208} INFO - Processing /home/airflow/.local/lib/python3.12/site-packages/airflow/example_dags/example_bash_decorator.py took 0.135 seconds
[2024-08-27T17:11:26.774+0000] {processor.py:186} INFO - Started process (PID=877) to work on /home/airflow/.local/lib/python3.12/site-packages/airflow/example_dags/example_bash_decorator.py
[2024-08-27T17:11:26.776+0000] {processor.py:914} INFO - Processing file /home/airflow/.local/lib/python3.12/site-packages/airflow/example_dags/example_bash_decorator.py for tasks to queue
[2024-08-27T17:11:26.780+0000] {logging_mixin.py:190} INFO - [2024-08-27T17:11:26.779+0000] {dagbag.py:587} INFO - Filling up the DagBag from /home/airflow/.local/lib/python3.12/site-packages/airflow/example_dags/example_bash_decorator.py
[2024-08-27T17:11:26.807+0000] {processor.py:925} INFO - DAG(s) 'example_bash_decorator' retrieved from /home/airflow/.local/lib/python3.12/site-packages/airflow/example_dags/example_bash_decorator.py
[2024-08-27T17:11:26.863+0000] {logging_mixin.py:190} INFO - [2024-08-27T17:11:26.863+0000] {dag.py:3211} INFO - Sync 1 DAGs
[2024-08-27T17:11:26.889+0000] {logging_mixin.py:190} INFO - [2024-08-27T17:11:26.889+0000] {dag.py:4138} INFO - Setting next_dagrun for example_bash_decorator to None, run_after=None
[2024-08-27T17:11:26.920+0000] {processor.py:208} INFO - Processing /home/airflow/.local/lib/python3.12/site-packages/airflow/example_dags/example_bash_decorator.py took 0.157 seconds
[2024-08-27T17:11:57.399+0000] {processor.py:186} INFO - Started process (PID=939) to work on /home/airflow/.local/lib/python3.12/site-packages/airflow/example_dags/example_bash_decorator.py
[2024-08-27T17:11:57.400+0000] {processor.py:914} INFO - Processing file /home/airflow/.local/lib/python3.12/site-packages/airflow/example_dags/example_bash_decorator.py for tasks to queue
[2024-08-27T17:11:57.404+0000] {logging_mixin.py:190} INFO - [2024-08-27T17:11:57.403+0000] {dagbag.py:587} INFO - Filling up the DagBag from /home/airflow/.local/lib/python3.12/site-packages/airflow/example_dags/example_bash_decorator.py
[2024-08-27T17:11:57.436+0000] {processor.py:925} INFO - DAG(s) 'example_bash_decorator' retrieved from /home/airflow/.local/lib/python3.12/site-packages/airflow/example_dags/example_bash_decorator.py
[2024-08-27T17:11:57.494+0000] {logging_mixin.py:190} INFO - [2024-08-27T17:11:57.493+0000] {dag.py:3211} INFO - Sync 1 DAGs
[2024-08-27T17:11:57.522+0000] {logging_mixin.py:190} INFO - [2024-08-27T17:11:57.521+0000] {dag.py:4138} INFO - Setting next_dagrun for example_bash_decorator to None, run_after=None
[2024-08-27T17:11:57.554+0000] {processor.py:208} INFO - Processing /home/airflow/.local/lib/python3.12/site-packages/airflow/example_dags/example_bash_decorator.py took 0.164 seconds
[2024-08-27T17:12:27.867+0000] {processor.py:186} INFO - Started process (PID=1001) to work on /home/airflow/.local/lib/python3.12/site-packages/airflow/example_dags/example_bash_decorator.py
[2024-08-27T17:12:27.869+0000] {processor.py:914} INFO - Processing file /home/airflow/.local/lib/python3.12/site-packages/airflow/example_dags/example_bash_decorator.py for tasks to queue
[2024-08-27T17:12:27.874+0000] {logging_mixin.py:190} INFO - [2024-08-27T17:12:27.874+0000] {dagbag.py:587} INFO - Filling up the DagBag from /home/airflow/.local/lib/python3.12/site-packages/airflow/example_dags/example_bash_decorator.py
[2024-08-27T17:12:27.901+0000] {processor.py:925} INFO - DAG(s) 'example_bash_decorator' retrieved from /home/airflow/.local/lib/python3.12/site-packages/airflow/example_dags/example_bash_decorator.py
[2024-08-27T17:12:27.938+0000] {logging_mixin.py:190} INFO - [2024-08-27T17:12:27.937+0000] {dag.py:3211} INFO - Sync 1 DAGs
[2024-08-27T17:12:27.958+0000] {logging_mixin.py:190} INFO - [2024-08-27T17:12:27.957+0000] {dag.py:4138} INFO - Setting next_dagrun for example_bash_decorator to None, run_after=None
[2024-08-27T17:12:27.992+0000] {processor.py:208} INFO - Processing /home/airflow/.local/lib/python3.12/site-packages/airflow/example_dags/example_bash_decorator.py took 0.135 seconds
[2024-08-27T17:12:58.490+0000] {processor.py:186} INFO - Started process (PID=1063) to work on /home/airflow/.local/lib/python3.12/site-packages/airflow/example_dags/example_bash_decorator.py
[2024-08-27T17:12:58.491+0000] {processor.py:914} INFO - Processing file /home/airflow/.local/lib/python3.12/site-packages/airflow/example_dags/example_bash_decorator.py for tasks to queue
[2024-08-27T17:12:58.495+0000] {logging_mixin.py:190} INFO - [2024-08-27T17:12:58.494+0000] {dagbag.py:587} INFO - Filling up the DagBag from /home/airflow/.local/lib/python3.12/site-packages/airflow/example_dags/example_bash_decorator.py
[2024-08-27T17:12:58.517+0000] {processor.py:925} INFO - DAG(s) 'example_bash_decorator' retrieved from /home/airflow/.local/lib/python3.12/site-packages/airflow/example_dags/example_bash_decorator.py
[2024-08-27T17:12:58.556+0000] {logging_mixin.py:190} INFO - [2024-08-27T17:12:58.556+0000] {dag.py:3211} INFO - Sync 1 DAGs
[2024-08-27T17:12:58.585+0000] {logging_mixin.py:190} INFO - [2024-08-27T17:12:58.584+0000] {dag.py:4138} INFO - Setting next_dagrun for example_bash_decorator to None, run_after=None
[2024-08-27T17:12:58.616+0000] {processor.py:208} INFO - Processing /home/airflow/.local/lib/python3.12/site-packages/airflow/example_dags/example_bash_decorator.py took 0.136 seconds
[2024-08-27T17:13:28.988+0000] {processor.py:186} INFO - Started process (PID=1125) to work on /home/airflow/.local/lib/python3.12/site-packages/airflow/example_dags/example_bash_decorator.py
[2024-08-27T17:13:28.990+0000] {processor.py:914} INFO - Processing file /home/airflow/.local/lib/python3.12/site-packages/airflow/example_dags/example_bash_decorator.py for tasks to queue
[2024-08-27T17:13:28.997+0000] {logging_mixin.py:190} INFO - [2024-08-27T17:13:28.995+0000] {dagbag.py:587} INFO - Filling up the DagBag from /home/airflow/.local/lib/python3.12/site-packages/airflow/example_dags/example_bash_decorator.py
[2024-08-27T17:13:29.029+0000] {processor.py:925} INFO - DAG(s) 'example_bash_decorator' retrieved from /home/airflow/.local/lib/python3.12/site-packages/airflow/example_dags/example_bash_decorator.py
[2024-08-27T17:13:29.071+0000] {logging_mixin.py:190} INFO - [2024-08-27T17:13:29.070+0000] {dag.py:3211} INFO - Sync 1 DAGs
[2024-08-27T17:13:29.094+0000] {logging_mixin.py:190} INFO - [2024-08-27T17:13:29.093+0000] {dag.py:4138} INFO - Setting next_dagrun for example_bash_decorator to None, run_after=None
[2024-08-27T17:13:29.127+0000] {processor.py:208} INFO - Processing /home/airflow/.local/lib/python3.12/site-packages/airflow/example_dags/example_bash_decorator.py took 0.153 seconds
[2024-08-27T17:13:59.461+0000] {processor.py:186} INFO - Started process (PID=1187) to work on /home/airflow/.local/lib/python3.12/site-packages/airflow/example_dags/example_bash_decorator.py
[2024-08-27T17:13:59.463+0000] {processor.py:914} INFO - Processing file /home/airflow/.local/lib/python3.12/site-packages/airflow/example_dags/example_bash_decorator.py for tasks to queue
[2024-08-27T17:13:59.467+0000] {logging_mixin.py:190} INFO - [2024-08-27T17:13:59.466+0000] {dagbag.py:587} INFO - Filling up the DagBag from /home/airflow/.local/lib/python3.12/site-packages/airflow/example_dags/example_bash_decorator.py
[2024-08-27T17:13:59.492+0000] {processor.py:925} INFO - DAG(s) 'example_bash_decorator' retrieved from /home/airflow/.local/lib/python3.12/site-packages/airflow/example_dags/example_bash_decorator.py
[2024-08-27T17:13:59.531+0000] {logging_mixin.py:190} INFO - [2024-08-27T17:13:59.531+0000] {dag.py:3211} INFO - Sync 1 DAGs
[2024-08-27T17:13:59.554+0000] {logging_mixin.py:190} INFO - [2024-08-27T17:13:59.553+0000] {dag.py:4138} INFO - Setting next_dagrun for example_bash_decorator to None, run_after=None
[2024-08-27T17:13:59.592+0000] {processor.py:208} INFO - Processing /home/airflow/.local/lib/python3.12/site-packages/airflow/example_dags/example_bash_decorator.py took 0.142 seconds
[2024-08-27T17:14:29.864+0000] {processor.py:186} INFO - Started process (PID=1249) to work on /home/airflow/.local/lib/python3.12/site-packages/airflow/example_dags/example_bash_decorator.py
[2024-08-27T17:14:29.865+0000] {processor.py:914} INFO - Processing file /home/airflow/.local/lib/python3.12/site-packages/airflow/example_dags/example_bash_decorator.py for tasks to queue
[2024-08-27T17:14:29.869+0000] {logging_mixin.py:190} INFO - [2024-08-27T17:14:29.869+0000] {dagbag.py:587} INFO - Filling up the DagBag from /home/airflow/.local/lib/python3.12/site-packages/airflow/example_dags/example_bash_decorator.py
[2024-08-27T17:14:29.904+0000] {processor.py:925} INFO - DAG(s) 'example_bash_decorator' retrieved from /home/airflow/.local/lib/python3.12/site-packages/airflow/example_dags/example_bash_decorator.py
[2024-08-27T17:14:29.945+0000] {logging_mixin.py:190} INFO - [2024-08-27T17:14:29.945+0000] {dag.py:3211} INFO - Sync 1 DAGs
[2024-08-27T17:14:29.970+0000] {logging_mixin.py:190} INFO - [2024-08-27T17:14:29.969+0000] {dag.py:4138} INFO - Setting next_dagrun for example_bash_decorator to None, run_after=None
[2024-08-27T17:14:30.004+0000] {processor.py:208} INFO - Processing /home/airflow/.local/lib/python3.12/site-packages/airflow/example_dags/example_bash_decorator.py took 0.150 seconds
[2024-08-27T17:15:00.763+0000] {processor.py:186} INFO - Started process (PID=1311) to work on /home/airflow/.local/lib/python3.12/site-packages/airflow/example_dags/example_bash_decorator.py
[2024-08-27T17:15:00.764+0000] {processor.py:914} INFO - Processing file /home/airflow/.local/lib/python3.12/site-packages/airflow/example_dags/example_bash_decorator.py for tasks to queue
[2024-08-27T17:15:00.768+0000] {logging_mixin.py:190} INFO - [2024-08-27T17:15:00.767+0000] {dagbag.py:587} INFO - Filling up the DagBag from /home/airflow/.local/lib/python3.12/site-packages/airflow/example_dags/example_bash_decorator.py
[2024-08-27T17:15:00.792+0000] {processor.py:925} INFO - DAG(s) 'example_bash_decorator' retrieved from /home/airflow/.local/lib/python3.12/site-packages/airflow/example_dags/example_bash_decorator.py
[2024-08-27T17:15:00.830+0000] {logging_mixin.py:190} INFO - [2024-08-27T17:15:00.830+0000] {dag.py:3211} INFO - Sync 1 DAGs
[2024-08-27T17:15:00.851+0000] {logging_mixin.py:190} INFO - [2024-08-27T17:15:00.851+0000] {dag.py:4138} INFO - Setting next_dagrun for example_bash_decorator to None, run_after=None
[2024-08-27T17:15:00.883+0000] {processor.py:208} INFO - Processing /home/airflow/.local/lib/python3.12/site-packages/airflow/example_dags/example_bash_decorator.py took 0.130 seconds
[2024-08-27T17:15:31.561+0000] {processor.py:186} INFO - Started process (PID=1373) to work on /home/airflow/.local/lib/python3.12/site-packages/airflow/example_dags/example_bash_decorator.py
[2024-08-27T17:15:31.563+0000] {processor.py:914} INFO - Processing file /home/airflow/.local/lib/python3.12/site-packages/airflow/example_dags/example_bash_decorator.py for tasks to queue
[2024-08-27T17:15:31.566+0000] {logging_mixin.py:190} INFO - [2024-08-27T17:15:31.566+0000] {dagbag.py:587} INFO - Filling up the DagBag from /home/airflow/.local/lib/python3.12/site-packages/airflow/example_dags/example_bash_decorator.py
[2024-08-27T17:15:31.599+0000] {processor.py:925} INFO - DAG(s) 'example_bash_decorator' retrieved from /home/airflow/.local/lib/python3.12/site-packages/airflow/example_dags/example_bash_decorator.py
[2024-08-27T17:15:31.642+0000] {logging_mixin.py:190} INFO - [2024-08-27T17:15:31.642+0000] {dag.py:3211} INFO - Sync 1 DAGs
[2024-08-27T17:15:31.663+0000] {logging_mixin.py:190} INFO - [2024-08-27T17:15:31.663+0000] {dag.py:4138} INFO - Setting next_dagrun for example_bash_decorator to None, run_after=None
[2024-08-27T17:15:31.699+0000] {processor.py:208} INFO - Processing /home/airflow/.local/lib/python3.12/site-packages/airflow/example_dags/example_bash_decorator.py took 0.148 seconds
[2024-08-27T17:16:02.144+0000] {processor.py:186} INFO - Started process (PID=1435) to work on /home/airflow/.local/lib/python3.12/site-packages/airflow/example_dags/example_bash_decorator.py
[2024-08-27T17:16:02.146+0000] {processor.py:914} INFO - Processing file /home/airflow/.local/lib/python3.12/site-packages/airflow/example_dags/example_bash_decorator.py for tasks to queue
[2024-08-27T17:16:02.150+0000] {logging_mixin.py:190} INFO - [2024-08-27T17:16:02.149+0000] {dagbag.py:587} INFO - Filling up the DagBag from /home/airflow/.local/lib/python3.12/site-packages/airflow/example_dags/example_bash_decorator.py
[2024-08-27T17:16:02.180+0000] {processor.py:925} INFO - DAG(s) 'example_bash_decorator' retrieved from /home/airflow/.local/lib/python3.12/site-packages/airflow/example_dags/example_bash_decorator.py
[2024-08-27T17:16:02.223+0000] {logging_mixin.py:190} INFO - [2024-08-27T17:16:02.223+0000] {dag.py:3211} INFO - Sync 1 DAGs
[2024-08-27T17:16:02.244+0000] {logging_mixin.py:190} INFO - [2024-08-27T17:16:02.243+0000] {dag.py:4138} INFO - Setting next_dagrun for example_bash_decorator to None, run_after=None
[2024-08-27T17:16:02.274+0000] {processor.py:208} INFO - Processing /home/airflow/.local/lib/python3.12/site-packages/airflow/example_dags/example_bash_decorator.py took 0.138 seconds
[2024-08-27T17:16:33.037+0000] {processor.py:186} INFO - Started process (PID=1503) to work on /home/airflow/.local/lib/python3.12/site-packages/airflow/example_dags/example_bash_decorator.py
[2024-08-27T17:16:33.039+0000] {processor.py:914} INFO - Processing file /home/airflow/.local/lib/python3.12/site-packages/airflow/example_dags/example_bash_decorator.py for tasks to queue
[2024-08-27T17:16:33.042+0000] {logging_mixin.py:190} INFO - [2024-08-27T17:16:33.042+0000] {dagbag.py:587} INFO - Filling up the DagBag from /home/airflow/.local/lib/python3.12/site-packages/airflow/example_dags/example_bash_decorator.py
[2024-08-27T17:16:33.064+0000] {processor.py:925} INFO - DAG(s) 'example_bash_decorator' retrieved from /home/airflow/.local/lib/python3.12/site-packages/airflow/example_dags/example_bash_decorator.py
[2024-08-27T17:16:33.099+0000] {logging_mixin.py:190} INFO - [2024-08-27T17:16:33.099+0000] {dag.py:3211} INFO - Sync 1 DAGs
[2024-08-27T17:16:33.122+0000] {logging_mixin.py:190} INFO - [2024-08-27T17:16:33.122+0000] {dag.py:4138} INFO - Setting next_dagrun for example_bash_decorator to None, run_after=None
[2024-08-27T17:16:33.150+0000] {processor.py:208} INFO - Processing /home/airflow/.local/lib/python3.12/site-packages/airflow/example_dags/example_bash_decorator.py took 0.126 seconds
[2024-08-27T17:17:03.598+0000] {processor.py:186} INFO - Started process (PID=1565) to work on /home/airflow/.local/lib/python3.12/site-packages/airflow/example_dags/example_bash_decorator.py
[2024-08-27T17:17:03.600+0000] {processor.py:914} INFO - Processing file /home/airflow/.local/lib/python3.12/site-packages/airflow/example_dags/example_bash_decorator.py for tasks to queue
[2024-08-27T17:17:03.606+0000] {logging_mixin.py:190} INFO - [2024-08-27T17:17:03.605+0000] {dagbag.py:587} INFO - Filling up the DagBag from /home/airflow/.local/lib/python3.12/site-packages/airflow/example_dags/example_bash_decorator.py
[2024-08-27T17:17:03.629+0000] {processor.py:925} INFO - DAG(s) 'example_bash_decorator' retrieved from /home/airflow/.local/lib/python3.12/site-packages/airflow/example_dags/example_bash_decorator.py
[2024-08-27T17:17:03.676+0000] {logging_mixin.py:190} INFO - [2024-08-27T17:17:03.676+0000] {dag.py:3211} INFO - Sync 1 DAGs
[2024-08-27T17:17:03.706+0000] {logging_mixin.py:190} INFO - [2024-08-27T17:17:03.706+0000] {dag.py:4138} INFO - Setting next_dagrun for example_bash_decorator to None, run_after=None
[2024-08-27T17:17:03.745+0000] {processor.py:208} INFO - Processing /home/airflow/.local/lib/python3.12/site-packages/airflow/example_dags/example_bash_decorator.py took 0.156 seconds
