[2024-08-27T17:04:49.981+0000] {processor.py:186} INFO - Started process (PID=76) to work on /home/airflow/.local/lib/python3.12/site-packages/airflow/example_dags/example_bash_operator.py
[2024-08-27T17:04:49.983+0000] {processor.py:914} INFO - Processing file /home/airflow/.local/lib/python3.12/site-packages/airflow/example_dags/example_bash_operator.py for tasks to queue
[2024-08-27T17:04:49.986+0000] {logging_mixin.py:190} INFO - [2024-08-27T17:04:49.986+0000] {dagbag.py:587} INFO - Filling up the DagBag from /home/airflow/.local/lib/python3.12/site-packages/airflow/example_dags/example_bash_operator.py
[2024-08-27T17:04:50.011+0000] {processor.py:925} INFO - DAG(s) 'example_bash_operator' retrieved from /home/airflow/.local/lib/python3.12/site-packages/airflow/example_dags/example_bash_operator.py
[2024-08-27T17:04:50.223+0000] {logging_mixin.py:190} INFO - [2024-08-27T17:04:50.222+0000] {override.py:1858} INFO - Created Permission View: can edit on DAG:example_bash_operator
[2024-08-27T17:04:50.241+0000] {logging_mixin.py:190} INFO - [2024-08-27T17:04:50.241+0000] {override.py:1858} INFO - Created Permission View: can read on DAG:example_bash_operator
[2024-08-27T17:04:50.257+0000] {logging_mixin.py:190} INFO - [2024-08-27T17:04:50.257+0000] {override.py:1858} INFO - Created Permission View: can delete on DAG:example_bash_operator
[2024-08-27T17:04:50.258+0000] {logging_mixin.py:190} INFO - [2024-08-27T17:04:50.258+0000] {dag.py:3211} INFO - Sync 1 DAGs
[2024-08-27T17:04:50.279+0000] {logging_mixin.py:190} INFO - [2024-08-27T17:04:50.279+0000] {dag.py:3234} INFO - Creating ORM DAG for example_bash_operator
[2024-08-27T17:04:50.299+0000] {logging_mixin.py:190} INFO - [2024-08-27T17:04:50.298+0000] {dag.py:4138} INFO - Setting next_dagrun for example_bash_operator to 2024-08-26 00:00:00+00:00, run_after=2024-08-27 00:00:00+00:00
[2024-08-27T17:04:50.332+0000] {processor.py:208} INFO - Processing /home/airflow/.local/lib/python3.12/site-packages/airflow/example_dags/example_bash_operator.py took 0.365 seconds
[2024-08-27T17:05:21.479+0000] {processor.py:186} INFO - Started process (PID=138) to work on /home/airflow/.local/lib/python3.12/site-packages/airflow/example_dags/example_bash_operator.py
[2024-08-27T17:05:21.481+0000] {processor.py:914} INFO - Processing file /home/airflow/.local/lib/python3.12/site-packages/airflow/example_dags/example_bash_operator.py for tasks to queue
[2024-08-27T17:05:21.488+0000] {logging_mixin.py:190} INFO - [2024-08-27T17:05:21.487+0000] {dagbag.py:587} INFO - Filling up the DagBag from /home/airflow/.local/lib/python3.12/site-packages/airflow/example_dags/example_bash_operator.py
[2024-08-27T17:05:21.531+0000] {processor.py:925} INFO - DAG(s) 'example_bash_operator' retrieved from /home/airflow/.local/lib/python3.12/site-packages/airflow/example_dags/example_bash_operator.py
[2024-08-27T17:05:21.626+0000] {logging_mixin.py:190} INFO - [2024-08-27T17:05:21.625+0000] {dag.py:3211} INFO - Sync 1 DAGs
[2024-08-27T17:05:21.687+0000] {logging_mixin.py:190} INFO - [2024-08-27T17:05:21.687+0000] {dag.py:4138} INFO - Setting next_dagrun for example_bash_operator to 2024-08-26 00:00:00+00:00, run_after=2024-08-27 00:00:00+00:00
[2024-08-27T17:05:21.733+0000] {processor.py:208} INFO - Processing /home/airflow/.local/lib/python3.12/site-packages/airflow/example_dags/example_bash_operator.py took 0.268 seconds
[2024-08-27T17:05:52.239+0000] {processor.py:186} INFO - Started process (PID=200) to work on /home/airflow/.local/lib/python3.12/site-packages/airflow/example_dags/example_bash_operator.py
[2024-08-27T17:05:52.240+0000] {processor.py:914} INFO - Processing file /home/airflow/.local/lib/python3.12/site-packages/airflow/example_dags/example_bash_operator.py for tasks to queue
[2024-08-27T17:05:52.244+0000] {logging_mixin.py:190} INFO - [2024-08-27T17:05:52.244+0000] {dagbag.py:587} INFO - Filling up the DagBag from /home/airflow/.local/lib/python3.12/site-packages/airflow/example_dags/example_bash_operator.py
[2024-08-27T17:05:52.263+0000] {processor.py:925} INFO - DAG(s) 'example_bash_operator' retrieved from /home/airflow/.local/lib/python3.12/site-packages/airflow/example_dags/example_bash_operator.py
[2024-08-27T17:05:52.312+0000] {logging_mixin.py:190} INFO - [2024-08-27T17:05:52.312+0000] {dag.py:3211} INFO - Sync 1 DAGs
[2024-08-27T17:05:52.350+0000] {logging_mixin.py:190} INFO - [2024-08-27T17:05:52.349+0000] {dag.py:4138} INFO - Setting next_dagrun for example_bash_operator to 2024-08-26 00:00:00+00:00, run_after=2024-08-27 00:00:00+00:00
[2024-08-27T17:05:52.380+0000] {processor.py:208} INFO - Processing /home/airflow/.local/lib/python3.12/site-packages/airflow/example_dags/example_bash_operator.py took 0.150 seconds
[2024-08-27T17:06:22.469+0000] {processor.py:186} INFO - Started process (PID=262) to work on /home/airflow/.local/lib/python3.12/site-packages/airflow/example_dags/example_bash_operator.py
[2024-08-27T17:06:22.470+0000] {processor.py:914} INFO - Processing file /home/airflow/.local/lib/python3.12/site-packages/airflow/example_dags/example_bash_operator.py for tasks to queue
[2024-08-27T17:06:22.475+0000] {logging_mixin.py:190} INFO - [2024-08-27T17:06:22.474+0000] {dagbag.py:587} INFO - Filling up the DagBag from /home/airflow/.local/lib/python3.12/site-packages/airflow/example_dags/example_bash_operator.py
[2024-08-27T17:06:22.494+0000] {processor.py:925} INFO - DAG(s) 'example_bash_operator' retrieved from /home/airflow/.local/lib/python3.12/site-packages/airflow/example_dags/example_bash_operator.py
[2024-08-27T17:06:22.550+0000] {logging_mixin.py:190} INFO - [2024-08-27T17:06:22.549+0000] {dag.py:3211} INFO - Sync 1 DAGs
[2024-08-27T17:06:22.588+0000] {logging_mixin.py:190} INFO - [2024-08-27T17:06:22.588+0000] {dag.py:4138} INFO - Setting next_dagrun for example_bash_operator to 2024-08-26 00:00:00+00:00, run_after=2024-08-27 00:00:00+00:00
[2024-08-27T17:06:22.619+0000] {processor.py:208} INFO - Processing /home/airflow/.local/lib/python3.12/site-packages/airflow/example_dags/example_bash_operator.py took 0.159 seconds
[2024-08-27T17:06:52.765+0000] {processor.py:186} INFO - Started process (PID=323) to work on /home/airflow/.local/lib/python3.12/site-packages/airflow/example_dags/example_bash_operator.py
[2024-08-27T17:06:52.767+0000] {processor.py:914} INFO - Processing file /home/airflow/.local/lib/python3.12/site-packages/airflow/example_dags/example_bash_operator.py for tasks to queue
[2024-08-27T17:06:52.771+0000] {logging_mixin.py:190} INFO - [2024-08-27T17:06:52.770+0000] {dagbag.py:587} INFO - Filling up the DagBag from /home/airflow/.local/lib/python3.12/site-packages/airflow/example_dags/example_bash_operator.py
[2024-08-27T17:06:52.794+0000] {processor.py:925} INFO - DAG(s) 'example_bash_operator' retrieved from /home/airflow/.local/lib/python3.12/site-packages/airflow/example_dags/example_bash_operator.py
[2024-08-27T17:06:52.845+0000] {logging_mixin.py:190} INFO - [2024-08-27T17:06:52.844+0000] {dag.py:3211} INFO - Sync 1 DAGs
[2024-08-27T17:06:52.893+0000] {logging_mixin.py:190} INFO - [2024-08-27T17:06:52.892+0000] {dag.py:4138} INFO - Setting next_dagrun for example_bash_operator to 2024-08-26 00:00:00+00:00, run_after=2024-08-27 00:00:00+00:00
[2024-08-27T17:06:52.931+0000] {processor.py:208} INFO - Processing /home/airflow/.local/lib/python3.12/site-packages/airflow/example_dags/example_bash_operator.py took 0.179 seconds
[2024-08-27T17:07:23.724+0000] {processor.py:186} INFO - Started process (PID=385) to work on /home/airflow/.local/lib/python3.12/site-packages/airflow/example_dags/example_bash_operator.py
[2024-08-27T17:07:23.726+0000] {processor.py:914} INFO - Processing file /home/airflow/.local/lib/python3.12/site-packages/airflow/example_dags/example_bash_operator.py for tasks to queue
[2024-08-27T17:07:23.732+0000] {logging_mixin.py:190} INFO - [2024-08-27T17:07:23.731+0000] {dagbag.py:587} INFO - Filling up the DagBag from /home/airflow/.local/lib/python3.12/site-packages/airflow/example_dags/example_bash_operator.py
[2024-08-27T17:07:23.757+0000] {processor.py:925} INFO - DAG(s) 'example_bash_operator' retrieved from /home/airflow/.local/lib/python3.12/site-packages/airflow/example_dags/example_bash_operator.py
[2024-08-27T17:07:23.816+0000] {logging_mixin.py:190} INFO - [2024-08-27T17:07:23.815+0000] {dag.py:3211} INFO - Sync 1 DAGs
[2024-08-27T17:07:23.866+0000] {logging_mixin.py:190} INFO - [2024-08-27T17:07:23.865+0000] {dag.py:4138} INFO - Setting next_dagrun for example_bash_operator to 2024-08-26 00:00:00+00:00, run_after=2024-08-27 00:00:00+00:00
[2024-08-27T17:07:23.925+0000] {processor.py:208} INFO - Processing /home/airflow/.local/lib/python3.12/site-packages/airflow/example_dags/example_bash_operator.py took 0.216 seconds
[2024-08-27T17:07:54.082+0000] {processor.py:186} INFO - Started process (PID=447) to work on /home/airflow/.local/lib/python3.12/site-packages/airflow/example_dags/example_bash_operator.py
[2024-08-27T17:07:54.083+0000] {processor.py:914} INFO - Processing file /home/airflow/.local/lib/python3.12/site-packages/airflow/example_dags/example_bash_operator.py for tasks to queue
[2024-08-27T17:07:54.088+0000] {logging_mixin.py:190} INFO - [2024-08-27T17:07:54.087+0000] {dagbag.py:587} INFO - Filling up the DagBag from /home/airflow/.local/lib/python3.12/site-packages/airflow/example_dags/example_bash_operator.py
[2024-08-27T17:07:54.115+0000] {processor.py:925} INFO - DAG(s) 'example_bash_operator' retrieved from /home/airflow/.local/lib/python3.12/site-packages/airflow/example_dags/example_bash_operator.py
[2024-08-27T17:07:54.159+0000] {logging_mixin.py:190} INFO - [2024-08-27T17:07:54.158+0000] {dag.py:3211} INFO - Sync 1 DAGs
[2024-08-27T17:07:54.189+0000] {logging_mixin.py:190} INFO - [2024-08-27T17:07:54.188+0000] {dag.py:4138} INFO - Setting next_dagrun for example_bash_operator to 2024-08-26 00:00:00+00:00, run_after=2024-08-27 00:00:00+00:00
[2024-08-27T17:07:54.218+0000] {processor.py:208} INFO - Processing /home/airflow/.local/lib/python3.12/site-packages/airflow/example_dags/example_bash_operator.py took 0.149 seconds
[2024-08-27T17:08:25.031+0000] {processor.py:186} INFO - Started process (PID=509) to work on /home/airflow/.local/lib/python3.12/site-packages/airflow/example_dags/example_bash_operator.py
[2024-08-27T17:08:25.032+0000] {processor.py:914} INFO - Processing file /home/airflow/.local/lib/python3.12/site-packages/airflow/example_dags/example_bash_operator.py for tasks to queue
[2024-08-27T17:08:25.036+0000] {logging_mixin.py:190} INFO - [2024-08-27T17:08:25.035+0000] {dagbag.py:587} INFO - Filling up the DagBag from /home/airflow/.local/lib/python3.12/site-packages/airflow/example_dags/example_bash_operator.py
[2024-08-27T17:08:25.051+0000] {processor.py:925} INFO - DAG(s) 'example_bash_operator' retrieved from /home/airflow/.local/lib/python3.12/site-packages/airflow/example_dags/example_bash_operator.py
[2024-08-27T17:08:25.095+0000] {logging_mixin.py:190} INFO - [2024-08-27T17:08:25.094+0000] {dag.py:3211} INFO - Sync 1 DAGs
[2024-08-27T17:08:25.127+0000] {logging_mixin.py:190} INFO - [2024-08-27T17:08:25.127+0000] {dag.py:4138} INFO - Setting next_dagrun for example_bash_operator to 2024-08-26 00:00:00+00:00, run_after=2024-08-27 00:00:00+00:00
[2024-08-27T17:08:25.164+0000] {processor.py:208} INFO - Processing /home/airflow/.local/lib/python3.12/site-packages/airflow/example_dags/example_bash_operator.py took 0.140 seconds
[2024-08-27T17:08:55.718+0000] {processor.py:186} INFO - Started process (PID=571) to work on /home/airflow/.local/lib/python3.12/site-packages/airflow/example_dags/example_bash_operator.py
[2024-08-27T17:08:55.720+0000] {processor.py:914} INFO - Processing file /home/airflow/.local/lib/python3.12/site-packages/airflow/example_dags/example_bash_operator.py for tasks to queue
[2024-08-27T17:08:55.724+0000] {logging_mixin.py:190} INFO - [2024-08-27T17:08:55.724+0000] {dagbag.py:587} INFO - Filling up the DagBag from /home/airflow/.local/lib/python3.12/site-packages/airflow/example_dags/example_bash_operator.py
[2024-08-27T17:08:55.747+0000] {processor.py:925} INFO - DAG(s) 'example_bash_operator' retrieved from /home/airflow/.local/lib/python3.12/site-packages/airflow/example_dags/example_bash_operator.py
[2024-08-27T17:08:55.793+0000] {logging_mixin.py:190} INFO - [2024-08-27T17:08:55.793+0000] {dag.py:3211} INFO - Sync 1 DAGs
[2024-08-27T17:08:55.856+0000] {logging_mixin.py:190} INFO - [2024-08-27T17:08:55.855+0000] {dag.py:4138} INFO - Setting next_dagrun for example_bash_operator to 2024-08-26 00:00:00+00:00, run_after=2024-08-27 00:00:00+00:00
[2024-08-27T17:08:55.910+0000] {processor.py:208} INFO - Processing /home/airflow/.local/lib/python3.12/site-packages/airflow/example_dags/example_bash_operator.py took 0.202 seconds
[2024-08-27T17:09:26.348+0000] {processor.py:186} INFO - Started process (PID=633) to work on /home/airflow/.local/lib/python3.12/site-packages/airflow/example_dags/example_bash_operator.py
[2024-08-27T17:09:26.349+0000] {processor.py:914} INFO - Processing file /home/airflow/.local/lib/python3.12/site-packages/airflow/example_dags/example_bash_operator.py for tasks to queue
[2024-08-27T17:09:26.353+0000] {logging_mixin.py:190} INFO - [2024-08-27T17:09:26.352+0000] {dagbag.py:587} INFO - Filling up the DagBag from /home/airflow/.local/lib/python3.12/site-packages/airflow/example_dags/example_bash_operator.py
[2024-08-27T17:09:26.375+0000] {processor.py:925} INFO - DAG(s) 'example_bash_operator' retrieved from /home/airflow/.local/lib/python3.12/site-packages/airflow/example_dags/example_bash_operator.py
[2024-08-27T17:09:26.419+0000] {logging_mixin.py:190} INFO - [2024-08-27T17:09:26.419+0000] {dag.py:3211} INFO - Sync 1 DAGs
[2024-08-27T17:09:26.455+0000] {logging_mixin.py:190} INFO - [2024-08-27T17:09:26.455+0000] {dag.py:4138} INFO - Setting next_dagrun for example_bash_operator to 2024-08-26 00:00:00+00:00, run_after=2024-08-27 00:00:00+00:00
[2024-08-27T17:09:26.484+0000] {processor.py:208} INFO - Processing /home/airflow/.local/lib/python3.12/site-packages/airflow/example_dags/example_bash_operator.py took 0.146 seconds
[2024-08-27T17:09:56.864+0000] {processor.py:186} INFO - Started process (PID=695) to work on /home/airflow/.local/lib/python3.12/site-packages/airflow/example_dags/example_bash_operator.py
[2024-08-27T17:09:56.866+0000] {processor.py:914} INFO - Processing file /home/airflow/.local/lib/python3.12/site-packages/airflow/example_dags/example_bash_operator.py for tasks to queue
[2024-08-27T17:09:56.870+0000] {logging_mixin.py:190} INFO - [2024-08-27T17:09:56.870+0000] {dagbag.py:587} INFO - Filling up the DagBag from /home/airflow/.local/lib/python3.12/site-packages/airflow/example_dags/example_bash_operator.py
[2024-08-27T17:09:56.894+0000] {processor.py:925} INFO - DAG(s) 'example_bash_operator' retrieved from /home/airflow/.local/lib/python3.12/site-packages/airflow/example_dags/example_bash_operator.py
[2024-08-27T17:09:56.939+0000] {logging_mixin.py:190} INFO - [2024-08-27T17:09:56.938+0000] {dag.py:3211} INFO - Sync 1 DAGs
[2024-08-27T17:09:56.972+0000] {logging_mixin.py:190} INFO - [2024-08-27T17:09:56.972+0000] {dag.py:4138} INFO - Setting next_dagrun for example_bash_operator to 2024-08-26 00:00:00+00:00, run_after=2024-08-27 00:00:00+00:00
[2024-08-27T17:09:57.000+0000] {processor.py:208} INFO - Processing /home/airflow/.local/lib/python3.12/site-packages/airflow/example_dags/example_bash_operator.py took 0.146 seconds
[2024-08-27T17:10:27.899+0000] {processor.py:186} INFO - Started process (PID=757) to work on /home/airflow/.local/lib/python3.12/site-packages/airflow/example_dags/example_bash_operator.py
[2024-08-27T17:10:27.901+0000] {processor.py:914} INFO - Processing file /home/airflow/.local/lib/python3.12/site-packages/airflow/example_dags/example_bash_operator.py for tasks to queue
[2024-08-27T17:10:27.905+0000] {logging_mixin.py:190} INFO - [2024-08-27T17:10:27.905+0000] {dagbag.py:587} INFO - Filling up the DagBag from /home/airflow/.local/lib/python3.12/site-packages/airflow/example_dags/example_bash_operator.py
[2024-08-27T17:10:27.925+0000] {processor.py:925} INFO - DAG(s) 'example_bash_operator' retrieved from /home/airflow/.local/lib/python3.12/site-packages/airflow/example_dags/example_bash_operator.py
[2024-08-27T17:10:27.967+0000] {logging_mixin.py:190} INFO - [2024-08-27T17:10:27.966+0000] {dag.py:3211} INFO - Sync 1 DAGs
[2024-08-27T17:10:28.008+0000] {logging_mixin.py:190} INFO - [2024-08-27T17:10:28.008+0000] {dag.py:4138} INFO - Setting next_dagrun for example_bash_operator to 2024-08-26 00:00:00+00:00, run_after=2024-08-27 00:00:00+00:00
[2024-08-27T17:10:28.043+0000] {processor.py:208} INFO - Processing /home/airflow/.local/lib/python3.12/site-packages/airflow/example_dags/example_bash_operator.py took 0.157 seconds
[2024-08-27T17:10:58.606+0000] {processor.py:186} INFO - Started process (PID=819) to work on /home/airflow/.local/lib/python3.12/site-packages/airflow/example_dags/example_bash_operator.py
[2024-08-27T17:10:58.607+0000] {processor.py:914} INFO - Processing file /home/airflow/.local/lib/python3.12/site-packages/airflow/example_dags/example_bash_operator.py for tasks to queue
[2024-08-27T17:10:58.611+0000] {logging_mixin.py:190} INFO - [2024-08-27T17:10:58.610+0000] {dagbag.py:587} INFO - Filling up the DagBag from /home/airflow/.local/lib/python3.12/site-packages/airflow/example_dags/example_bash_operator.py
[2024-08-27T17:10:58.633+0000] {processor.py:925} INFO - DAG(s) 'example_bash_operator' retrieved from /home/airflow/.local/lib/python3.12/site-packages/airflow/example_dags/example_bash_operator.py
[2024-08-27T17:10:58.683+0000] {logging_mixin.py:190} INFO - [2024-08-27T17:10:58.682+0000] {dag.py:3211} INFO - Sync 1 DAGs
[2024-08-27T17:10:58.731+0000] {logging_mixin.py:190} INFO - [2024-08-27T17:10:58.730+0000] {dag.py:4138} INFO - Setting next_dagrun for example_bash_operator to 2024-08-26 00:00:00+00:00, run_after=2024-08-27 00:00:00+00:00
[2024-08-27T17:10:58.776+0000] {processor.py:208} INFO - Processing /home/airflow/.local/lib/python3.12/site-packages/airflow/example_dags/example_bash_operator.py took 0.179 seconds
[2024-08-27T17:11:29.193+0000] {processor.py:186} INFO - Started process (PID=881) to work on /home/airflow/.local/lib/python3.12/site-packages/airflow/example_dags/example_bash_operator.py
[2024-08-27T17:11:29.195+0000] {processor.py:914} INFO - Processing file /home/airflow/.local/lib/python3.12/site-packages/airflow/example_dags/example_bash_operator.py for tasks to queue
[2024-08-27T17:11:29.198+0000] {logging_mixin.py:190} INFO - [2024-08-27T17:11:29.198+0000] {dagbag.py:587} INFO - Filling up the DagBag from /home/airflow/.local/lib/python3.12/site-packages/airflow/example_dags/example_bash_operator.py
[2024-08-27T17:11:29.216+0000] {processor.py:925} INFO - DAG(s) 'example_bash_operator' retrieved from /home/airflow/.local/lib/python3.12/site-packages/airflow/example_dags/example_bash_operator.py
[2024-08-27T17:11:29.259+0000] {logging_mixin.py:190} INFO - [2024-08-27T17:11:29.258+0000] {dag.py:3211} INFO - Sync 1 DAGs
[2024-08-27T17:11:29.289+0000] {logging_mixin.py:190} INFO - [2024-08-27T17:11:29.289+0000] {dag.py:4138} INFO - Setting next_dagrun for example_bash_operator to 2024-08-26 00:00:00+00:00, run_after=2024-08-27 00:00:00+00:00
[2024-08-27T17:11:29.316+0000] {processor.py:208} INFO - Processing /home/airflow/.local/lib/python3.12/site-packages/airflow/example_dags/example_bash_operator.py took 0.131 seconds
[2024-08-27T17:11:59.687+0000] {processor.py:186} INFO - Started process (PID=943) to work on /home/airflow/.local/lib/python3.12/site-packages/airflow/example_dags/example_bash_operator.py
[2024-08-27T17:11:59.689+0000] {processor.py:914} INFO - Processing file /home/airflow/.local/lib/python3.12/site-packages/airflow/example_dags/example_bash_operator.py for tasks to queue
[2024-08-27T17:11:59.694+0000] {logging_mixin.py:190} INFO - [2024-08-27T17:11:59.693+0000] {dagbag.py:587} INFO - Filling up the DagBag from /home/airflow/.local/lib/python3.12/site-packages/airflow/example_dags/example_bash_operator.py
[2024-08-27T17:11:59.721+0000] {processor.py:925} INFO - DAG(s) 'example_bash_operator' retrieved from /home/airflow/.local/lib/python3.12/site-packages/airflow/example_dags/example_bash_operator.py
[2024-08-27T17:11:59.775+0000] {logging_mixin.py:190} INFO - [2024-08-27T17:11:59.774+0000] {dag.py:3211} INFO - Sync 1 DAGs
[2024-08-27T17:11:59.821+0000] {logging_mixin.py:190} INFO - [2024-08-27T17:11:59.821+0000] {dag.py:4138} INFO - Setting next_dagrun for example_bash_operator to 2024-08-26 00:00:00+00:00, run_after=2024-08-27 00:00:00+00:00
[2024-08-27T17:11:59.861+0000] {processor.py:208} INFO - Processing /home/airflow/.local/lib/python3.12/site-packages/airflow/example_dags/example_bash_operator.py took 0.187 seconds
[2024-08-27T17:12:30.271+0000] {processor.py:186} INFO - Started process (PID=1005) to work on /home/airflow/.local/lib/python3.12/site-packages/airflow/example_dags/example_bash_operator.py
[2024-08-27T17:12:30.272+0000] {processor.py:914} INFO - Processing file /home/airflow/.local/lib/python3.12/site-packages/airflow/example_dags/example_bash_operator.py for tasks to queue
[2024-08-27T17:12:30.275+0000] {logging_mixin.py:190} INFO - [2024-08-27T17:12:30.275+0000] {dagbag.py:587} INFO - Filling up the DagBag from /home/airflow/.local/lib/python3.12/site-packages/airflow/example_dags/example_bash_operator.py
[2024-08-27T17:12:30.293+0000] {processor.py:925} INFO - DAG(s) 'example_bash_operator' retrieved from /home/airflow/.local/lib/python3.12/site-packages/airflow/example_dags/example_bash_operator.py
[2024-08-27T17:12:30.337+0000] {logging_mixin.py:190} INFO - [2024-08-27T17:12:30.337+0000] {dag.py:3211} INFO - Sync 1 DAGs
[2024-08-27T17:12:30.375+0000] {logging_mixin.py:190} INFO - [2024-08-27T17:12:30.374+0000] {dag.py:4138} INFO - Setting next_dagrun for example_bash_operator to 2024-08-26 00:00:00+00:00, run_after=2024-08-27 00:00:00+00:00
[2024-08-27T17:12:30.413+0000] {processor.py:208} INFO - Processing /home/airflow/.local/lib/python3.12/site-packages/airflow/example_dags/example_bash_operator.py took 0.152 seconds
[2024-08-27T17:13:01.551+0000] {processor.py:186} INFO - Started process (PID=1067) to work on /home/airflow/.local/lib/python3.12/site-packages/airflow/example_dags/example_bash_operator.py
[2024-08-27T17:13:01.552+0000] {processor.py:914} INFO - Processing file /home/airflow/.local/lib/python3.12/site-packages/airflow/example_dags/example_bash_operator.py for tasks to queue
[2024-08-27T17:13:01.556+0000] {logging_mixin.py:190} INFO - [2024-08-27T17:13:01.555+0000] {dagbag.py:587} INFO - Filling up the DagBag from /home/airflow/.local/lib/python3.12/site-packages/airflow/example_dags/example_bash_operator.py
[2024-08-27T17:13:01.575+0000] {processor.py:925} INFO - DAG(s) 'example_bash_operator' retrieved from /home/airflow/.local/lib/python3.12/site-packages/airflow/example_dags/example_bash_operator.py
[2024-08-27T17:13:01.619+0000] {logging_mixin.py:190} INFO - [2024-08-27T17:13:01.619+0000] {dag.py:3211} INFO - Sync 1 DAGs
[2024-08-27T17:13:01.654+0000] {logging_mixin.py:190} INFO - [2024-08-27T17:13:01.654+0000] {dag.py:4138} INFO - Setting next_dagrun for example_bash_operator to 2024-08-26 00:00:00+00:00, run_after=2024-08-27 00:00:00+00:00
[2024-08-27T17:13:01.691+0000] {processor.py:208} INFO - Processing /home/airflow/.local/lib/python3.12/site-packages/airflow/example_dags/example_bash_operator.py took 0.150 seconds
[2024-08-27T17:13:32.232+0000] {processor.py:186} INFO - Started process (PID=1130) to work on /home/airflow/.local/lib/python3.12/site-packages/airflow/example_dags/example_bash_operator.py
[2024-08-27T17:13:32.235+0000] {processor.py:914} INFO - Processing file /home/airflow/.local/lib/python3.12/site-packages/airflow/example_dags/example_bash_operator.py for tasks to queue
[2024-08-27T17:13:32.239+0000] {logging_mixin.py:190} INFO - [2024-08-27T17:13:32.239+0000] {dagbag.py:587} INFO - Filling up the DagBag from /home/airflow/.local/lib/python3.12/site-packages/airflow/example_dags/example_bash_operator.py
[2024-08-27T17:13:32.264+0000] {processor.py:925} INFO - DAG(s) 'example_bash_operator' retrieved from /home/airflow/.local/lib/python3.12/site-packages/airflow/example_dags/example_bash_operator.py
[2024-08-27T17:13:32.323+0000] {logging_mixin.py:190} INFO - [2024-08-27T17:13:32.323+0000] {dag.py:3211} INFO - Sync 1 DAGs
[2024-08-27T17:13:32.377+0000] {logging_mixin.py:190} INFO - [2024-08-27T17:13:32.377+0000] {dag.py:4138} INFO - Setting next_dagrun for example_bash_operator to 2024-08-26 00:00:00+00:00, run_after=2024-08-27 00:00:00+00:00
[2024-08-27T17:13:32.427+0000] {processor.py:208} INFO - Processing /home/airflow/.local/lib/python3.12/site-packages/airflow/example_dags/example_bash_operator.py took 0.211 seconds
[2024-08-27T17:14:02.856+0000] {processor.py:186} INFO - Started process (PID=1198) to work on /home/airflow/.local/lib/python3.12/site-packages/airflow/example_dags/example_bash_operator.py
[2024-08-27T17:14:02.858+0000] {processor.py:914} INFO - Processing file /home/airflow/.local/lib/python3.12/site-packages/airflow/example_dags/example_bash_operator.py for tasks to queue
[2024-08-27T17:14:02.863+0000] {logging_mixin.py:190} INFO - [2024-08-27T17:14:02.862+0000] {dagbag.py:587} INFO - Filling up the DagBag from /home/airflow/.local/lib/python3.12/site-packages/airflow/example_dags/example_bash_operator.py
[2024-08-27T17:14:02.887+0000] {processor.py:925} INFO - DAG(s) 'example_bash_operator' retrieved from /home/airflow/.local/lib/python3.12/site-packages/airflow/example_dags/example_bash_operator.py
[2024-08-27T17:14:02.932+0000] {logging_mixin.py:190} INFO - [2024-08-27T17:14:02.932+0000] {dag.py:3211} INFO - Sync 1 DAGs
[2024-08-27T17:14:02.976+0000] {logging_mixin.py:190} INFO - [2024-08-27T17:14:02.975+0000] {dag.py:4138} INFO - Setting next_dagrun for example_bash_operator to 2024-08-26 00:00:00+00:00, run_after=2024-08-27 00:00:00+00:00
[2024-08-27T17:14:03.016+0000] {processor.py:208} INFO - Processing /home/airflow/.local/lib/python3.12/site-packages/airflow/example_dags/example_bash_operator.py took 0.171 seconds
[2024-08-27T17:14:33.283+0000] {processor.py:186} INFO - Started process (PID=1259) to work on /home/airflow/.local/lib/python3.12/site-packages/airflow/example_dags/example_bash_operator.py
[2024-08-27T17:14:33.285+0000] {processor.py:914} INFO - Processing file /home/airflow/.local/lib/python3.12/site-packages/airflow/example_dags/example_bash_operator.py for tasks to queue
[2024-08-27T17:14:33.292+0000] {logging_mixin.py:190} INFO - [2024-08-27T17:14:33.291+0000] {dagbag.py:587} INFO - Filling up the DagBag from /home/airflow/.local/lib/python3.12/site-packages/airflow/example_dags/example_bash_operator.py
[2024-08-27T17:14:33.320+0000] {processor.py:925} INFO - DAG(s) 'example_bash_operator' retrieved from /home/airflow/.local/lib/python3.12/site-packages/airflow/example_dags/example_bash_operator.py
[2024-08-27T17:14:33.368+0000] {logging_mixin.py:190} INFO - [2024-08-27T17:14:33.368+0000] {dag.py:3211} INFO - Sync 1 DAGs
[2024-08-27T17:14:33.404+0000] {logging_mixin.py:190} INFO - [2024-08-27T17:14:33.404+0000] {dag.py:4138} INFO - Setting next_dagrun for example_bash_operator to 2024-08-26 00:00:00+00:00, run_after=2024-08-27 00:00:00+00:00
[2024-08-27T17:14:33.438+0000] {processor.py:208} INFO - Processing /home/airflow/.local/lib/python3.12/site-packages/airflow/example_dags/example_bash_operator.py took 0.166 seconds
[2024-08-27T17:15:04.104+0000] {processor.py:186} INFO - Started process (PID=1322) to work on /home/airflow/.local/lib/python3.12/site-packages/airflow/example_dags/example_bash_operator.py
[2024-08-27T17:15:04.106+0000] {processor.py:914} INFO - Processing file /home/airflow/.local/lib/python3.12/site-packages/airflow/example_dags/example_bash_operator.py for tasks to queue
[2024-08-27T17:15:04.109+0000] {logging_mixin.py:190} INFO - [2024-08-27T17:15:04.109+0000] {dagbag.py:587} INFO - Filling up the DagBag from /home/airflow/.local/lib/python3.12/site-packages/airflow/example_dags/example_bash_operator.py
[2024-08-27T17:15:04.129+0000] {processor.py:925} INFO - DAG(s) 'example_bash_operator' retrieved from /home/airflow/.local/lib/python3.12/site-packages/airflow/example_dags/example_bash_operator.py
[2024-08-27T17:15:04.175+0000] {logging_mixin.py:190} INFO - [2024-08-27T17:15:04.174+0000] {dag.py:3211} INFO - Sync 1 DAGs
[2024-08-27T17:15:04.209+0000] {logging_mixin.py:190} INFO - [2024-08-27T17:15:04.209+0000] {dag.py:4138} INFO - Setting next_dagrun for example_bash_operator to 2024-08-26 00:00:00+00:00, run_after=2024-08-27 00:00:00+00:00
[2024-08-27T17:15:04.241+0000] {processor.py:208} INFO - Processing /home/airflow/.local/lib/python3.12/site-packages/airflow/example_dags/example_bash_operator.py took 0.146 seconds
[2024-08-27T17:15:34.950+0000] {processor.py:186} INFO - Started process (PID=1384) to work on /home/airflow/.local/lib/python3.12/site-packages/airflow/example_dags/example_bash_operator.py
[2024-08-27T17:15:34.952+0000] {processor.py:914} INFO - Processing file /home/airflow/.local/lib/python3.12/site-packages/airflow/example_dags/example_bash_operator.py for tasks to queue
[2024-08-27T17:15:34.956+0000] {logging_mixin.py:190} INFO - [2024-08-27T17:15:34.956+0000] {dagbag.py:587} INFO - Filling up the DagBag from /home/airflow/.local/lib/python3.12/site-packages/airflow/example_dags/example_bash_operator.py
[2024-08-27T17:15:34.978+0000] {processor.py:925} INFO - DAG(s) 'example_bash_operator' retrieved from /home/airflow/.local/lib/python3.12/site-packages/airflow/example_dags/example_bash_operator.py
[2024-08-27T17:15:35.025+0000] {logging_mixin.py:190} INFO - [2024-08-27T17:15:35.025+0000] {dag.py:3211} INFO - Sync 1 DAGs
[2024-08-27T17:15:35.059+0000] {logging_mixin.py:190} INFO - [2024-08-27T17:15:35.059+0000] {dag.py:4138} INFO - Setting next_dagrun for example_bash_operator to 2024-08-26 00:00:00+00:00, run_after=2024-08-27 00:00:00+00:00
[2024-08-27T17:15:35.091+0000] {processor.py:208} INFO - Processing /home/airflow/.local/lib/python3.12/site-packages/airflow/example_dags/example_bash_operator.py took 0.150 seconds
[2024-08-27T17:16:05.597+0000] {processor.py:186} INFO - Started process (PID=1446) to work on /home/airflow/.local/lib/python3.12/site-packages/airflow/example_dags/example_bash_operator.py
[2024-08-27T17:16:05.599+0000] {processor.py:914} INFO - Processing file /home/airflow/.local/lib/python3.12/site-packages/airflow/example_dags/example_bash_operator.py for tasks to queue
[2024-08-27T17:16:05.608+0000] {logging_mixin.py:190} INFO - [2024-08-27T17:16:05.607+0000] {dagbag.py:587} INFO - Filling up the DagBag from /home/airflow/.local/lib/python3.12/site-packages/airflow/example_dags/example_bash_operator.py
[2024-08-27T17:16:05.641+0000] {processor.py:925} INFO - DAG(s) 'example_bash_operator' retrieved from /home/airflow/.local/lib/python3.12/site-packages/airflow/example_dags/example_bash_operator.py
[2024-08-27T17:16:05.714+0000] {logging_mixin.py:190} INFO - [2024-08-27T17:16:05.714+0000] {dag.py:3211} INFO - Sync 1 DAGs
[2024-08-27T17:16:05.767+0000] {logging_mixin.py:190} INFO - [2024-08-27T17:16:05.767+0000] {dag.py:4138} INFO - Setting next_dagrun for example_bash_operator to 2024-08-26 00:00:00+00:00, run_after=2024-08-27 00:00:00+00:00
[2024-08-27T17:16:05.803+0000] {processor.py:208} INFO - Processing /home/airflow/.local/lib/python3.12/site-packages/airflow/example_dags/example_bash_operator.py took 0.220 seconds
[2024-08-27T17:16:36.371+0000] {processor.py:186} INFO - Started process (PID=1508) to work on /home/airflow/.local/lib/python3.12/site-packages/airflow/example_dags/example_bash_operator.py
[2024-08-27T17:16:36.373+0000] {processor.py:914} INFO - Processing file /home/airflow/.local/lib/python3.12/site-packages/airflow/example_dags/example_bash_operator.py for tasks to queue
[2024-08-27T17:16:36.378+0000] {logging_mixin.py:190} INFO - [2024-08-27T17:16:36.377+0000] {dagbag.py:587} INFO - Filling up the DagBag from /home/airflow/.local/lib/python3.12/site-packages/airflow/example_dags/example_bash_operator.py
[2024-08-27T17:16:36.398+0000] {processor.py:925} INFO - DAG(s) 'example_bash_operator' retrieved from /home/airflow/.local/lib/python3.12/site-packages/airflow/example_dags/example_bash_operator.py
[2024-08-27T17:16:36.437+0000] {logging_mixin.py:190} INFO - [2024-08-27T17:16:36.437+0000] {dag.py:3211} INFO - Sync 1 DAGs
[2024-08-27T17:16:36.473+0000] {logging_mixin.py:190} INFO - [2024-08-27T17:16:36.472+0000] {dag.py:4138} INFO - Setting next_dagrun for example_bash_operator to 2024-08-26 00:00:00+00:00, run_after=2024-08-27 00:00:00+00:00
[2024-08-27T17:16:36.505+0000] {processor.py:208} INFO - Processing /home/airflow/.local/lib/python3.12/site-packages/airflow/example_dags/example_bash_operator.py took 0.143 seconds
[2024-08-27T17:17:06.902+0000] {processor.py:186} INFO - Started process (PID=1570) to work on /home/airflow/.local/lib/python3.12/site-packages/airflow/example_dags/example_bash_operator.py
[2024-08-27T17:17:06.904+0000] {processor.py:914} INFO - Processing file /home/airflow/.local/lib/python3.12/site-packages/airflow/example_dags/example_bash_operator.py for tasks to queue
[2024-08-27T17:17:06.909+0000] {logging_mixin.py:190} INFO - [2024-08-27T17:17:06.908+0000] {dagbag.py:587} INFO - Filling up the DagBag from /home/airflow/.local/lib/python3.12/site-packages/airflow/example_dags/example_bash_operator.py
[2024-08-27T17:17:06.940+0000] {processor.py:925} INFO - DAG(s) 'example_bash_operator' retrieved from /home/airflow/.local/lib/python3.12/site-packages/airflow/example_dags/example_bash_operator.py
[2024-08-27T17:17:09.464+0000] {logging_mixin.py:190} INFO - [2024-08-27T17:17:09.463+0000] {process_utils.py:266} INFO - Waiting up to 5 seconds for processes to exit...
