[2024-08-27T17:04:50.392+0000] {processor.py:186} INFO - Started process (PID=78) to work on /home/airflow/.local/lib/python3.12/site-packages/airflow/example_dags/example_branch_labels.py
[2024-08-27T17:04:50.393+0000] {processor.py:914} INFO - Processing file /home/airflow/.local/lib/python3.12/site-packages/airflow/example_dags/example_branch_labels.py for tasks to queue
[2024-08-27T17:04:50.399+0000] {logging_mixin.py:190} INFO - [2024-08-27T17:04:50.398+0000] {dagbag.py:587} INFO - Filling up the DagBag from /home/airflow/.local/lib/python3.12/site-packages/airflow/example_dags/example_branch_labels.py
[2024-08-27T17:04:50.420+0000] {processor.py:925} INFO - DAG(s) 'example_branch_labels' retrieved from /home/airflow/.local/lib/python3.12/site-packages/airflow/example_dags/example_branch_labels.py
[2024-08-27T17:04:50.636+0000] {logging_mixin.py:190} INFO - [2024-08-27T17:04:50.635+0000] {override.py:1858} INFO - Created Permission View: can edit on DAG:example_branch_labels
[2024-08-27T17:04:50.666+0000] {logging_mixin.py:190} INFO - [2024-08-27T17:04:50.665+0000] {override.py:1858} INFO - Created Permission View: can read on DAG:example_branch_labels
[2024-08-27T17:04:50.686+0000] {logging_mixin.py:190} INFO - [2024-08-27T17:04:50.685+0000] {override.py:1858} INFO - Created Permission View: can delete on DAG:example_branch_labels
[2024-08-27T17:04:50.687+0000] {logging_mixin.py:190} INFO - [2024-08-27T17:04:50.687+0000] {dag.py:3211} INFO - Sync 1 DAGs
[2024-08-27T17:04:50.711+0000] {logging_mixin.py:190} INFO - [2024-08-27T17:04:50.711+0000] {dag.py:3234} INFO - Creating ORM DAG for example_branch_labels
[2024-08-27T17:04:50.731+0000] {logging_mixin.py:190} INFO - [2024-08-27T17:04:50.730+0000] {dag.py:4138} INFO - Setting next_dagrun for example_branch_labels to 2024-08-26 00:00:00+00:00, run_after=2024-08-27 00:00:00+00:00
[2024-08-27T17:04:50.759+0000] {processor.py:208} INFO - Processing /home/airflow/.local/lib/python3.12/site-packages/airflow/example_dags/example_branch_labels.py took 0.380 seconds
[2024-08-27T17:05:21.803+0000] {processor.py:186} INFO - Started process (PID=140) to work on /home/airflow/.local/lib/python3.12/site-packages/airflow/example_dags/example_branch_labels.py
[2024-08-27T17:05:21.806+0000] {processor.py:914} INFO - Processing file /home/airflow/.local/lib/python3.12/site-packages/airflow/example_dags/example_branch_labels.py for tasks to queue
[2024-08-27T17:05:21.813+0000] {logging_mixin.py:190} INFO - [2024-08-27T17:05:21.813+0000] {dagbag.py:587} INFO - Filling up the DagBag from /home/airflow/.local/lib/python3.12/site-packages/airflow/example_dags/example_branch_labels.py
[2024-08-27T17:05:21.837+0000] {processor.py:925} INFO - DAG(s) 'example_branch_labels' retrieved from /home/airflow/.local/lib/python3.12/site-packages/airflow/example_dags/example_branch_labels.py
[2024-08-27T17:05:21.903+0000] {logging_mixin.py:190} INFO - [2024-08-27T17:05:21.902+0000] {dag.py:3211} INFO - Sync 1 DAGs
[2024-08-27T17:05:21.993+0000] {logging_mixin.py:190} INFO - [2024-08-27T17:05:21.992+0000] {dag.py:4138} INFO - Setting next_dagrun for example_branch_labels to 2024-08-26 00:00:00+00:00, run_after=2024-08-27 00:00:00+00:00
[2024-08-27T17:05:22.080+0000] {processor.py:208} INFO - Processing /home/airflow/.local/lib/python3.12/site-packages/airflow/example_dags/example_branch_labels.py took 0.289 seconds
[2024-08-27T17:05:52.433+0000] {processor.py:186} INFO - Started process (PID=202) to work on /home/airflow/.local/lib/python3.12/site-packages/airflow/example_dags/example_branch_labels.py
[2024-08-27T17:05:52.435+0000] {processor.py:914} INFO - Processing file /home/airflow/.local/lib/python3.12/site-packages/airflow/example_dags/example_branch_labels.py for tasks to queue
[2024-08-27T17:05:52.441+0000] {logging_mixin.py:190} INFO - [2024-08-27T17:05:52.440+0000] {dagbag.py:587} INFO - Filling up the DagBag from /home/airflow/.local/lib/python3.12/site-packages/airflow/example_dags/example_branch_labels.py
[2024-08-27T17:05:52.462+0000] {processor.py:925} INFO - DAG(s) 'example_branch_labels' retrieved from /home/airflow/.local/lib/python3.12/site-packages/airflow/example_dags/example_branch_labels.py
[2024-08-27T17:05:52.500+0000] {logging_mixin.py:190} INFO - [2024-08-27T17:05:52.500+0000] {dag.py:3211} INFO - Sync 1 DAGs
[2024-08-27T17:05:52.542+0000] {logging_mixin.py:190} INFO - [2024-08-27T17:05:52.541+0000] {dag.py:4138} INFO - Setting next_dagrun for example_branch_labels to 2024-08-26 00:00:00+00:00, run_after=2024-08-27 00:00:00+00:00
[2024-08-27T17:05:52.571+0000] {processor.py:208} INFO - Processing /home/airflow/.local/lib/python3.12/site-packages/airflow/example_dags/example_branch_labels.py took 0.151 seconds
[2024-08-27T17:06:22.827+0000] {processor.py:186} INFO - Started process (PID=264) to work on /home/airflow/.local/lib/python3.12/site-packages/airflow/example_dags/example_branch_labels.py
[2024-08-27T17:06:22.829+0000] {processor.py:914} INFO - Processing file /home/airflow/.local/lib/python3.12/site-packages/airflow/example_dags/example_branch_labels.py for tasks to queue
[2024-08-27T17:06:22.833+0000] {logging_mixin.py:190} INFO - [2024-08-27T17:06:22.833+0000] {dagbag.py:587} INFO - Filling up the DagBag from /home/airflow/.local/lib/python3.12/site-packages/airflow/example_dags/example_branch_labels.py
[2024-08-27T17:06:22.849+0000] {processor.py:925} INFO - DAG(s) 'example_branch_labels' retrieved from /home/airflow/.local/lib/python3.12/site-packages/airflow/example_dags/example_branch_labels.py
[2024-08-27T17:06:22.883+0000] {logging_mixin.py:190} INFO - [2024-08-27T17:06:22.883+0000] {dag.py:3211} INFO - Sync 1 DAGs
[2024-08-27T17:06:22.929+0000] {logging_mixin.py:190} INFO - [2024-08-27T17:06:22.929+0000] {dag.py:4138} INFO - Setting next_dagrun for example_branch_labels to 2024-08-26 00:00:00+00:00, run_after=2024-08-27 00:00:00+00:00
[2024-08-27T17:06:22.962+0000] {processor.py:208} INFO - Processing /home/airflow/.local/lib/python3.12/site-packages/airflow/example_dags/example_branch_labels.py took 0.144 seconds
[2024-08-27T17:06:53.295+0000] {processor.py:186} INFO - Started process (PID=326) to work on /home/airflow/.local/lib/python3.12/site-packages/airflow/example_dags/example_branch_labels.py
[2024-08-27T17:06:53.297+0000] {processor.py:914} INFO - Processing file /home/airflow/.local/lib/python3.12/site-packages/airflow/example_dags/example_branch_labels.py for tasks to queue
[2024-08-27T17:06:53.301+0000] {logging_mixin.py:190} INFO - [2024-08-27T17:06:53.300+0000] {dagbag.py:587} INFO - Filling up the DagBag from /home/airflow/.local/lib/python3.12/site-packages/airflow/example_dags/example_branch_labels.py
[2024-08-27T17:06:53.315+0000] {processor.py:925} INFO - DAG(s) 'example_branch_labels' retrieved from /home/airflow/.local/lib/python3.12/site-packages/airflow/example_dags/example_branch_labels.py
[2024-08-27T17:06:53.388+0000] {logging_mixin.py:190} INFO - [2024-08-27T17:06:53.387+0000] {dag.py:3211} INFO - Sync 1 DAGs
[2024-08-27T17:06:53.470+0000] {logging_mixin.py:190} INFO - [2024-08-27T17:06:53.470+0000] {dag.py:4138} INFO - Setting next_dagrun for example_branch_labels to 2024-08-26 00:00:00+00:00, run_after=2024-08-27 00:00:00+00:00
[2024-08-27T17:06:53.569+0000] {processor.py:208} INFO - Processing /home/airflow/.local/lib/python3.12/site-packages/airflow/example_dags/example_branch_labels.py took 0.303 seconds
[2024-08-27T17:07:24.197+0000] {processor.py:186} INFO - Started process (PID=388) to work on /home/airflow/.local/lib/python3.12/site-packages/airflow/example_dags/example_branch_labels.py
[2024-08-27T17:07:24.200+0000] {processor.py:914} INFO - Processing file /home/airflow/.local/lib/python3.12/site-packages/airflow/example_dags/example_branch_labels.py for tasks to queue
[2024-08-27T17:07:24.205+0000] {logging_mixin.py:190} INFO - [2024-08-27T17:07:24.204+0000] {dagbag.py:587} INFO - Filling up the DagBag from /home/airflow/.local/lib/python3.12/site-packages/airflow/example_dags/example_branch_labels.py
[2024-08-27T17:07:24.219+0000] {processor.py:925} INFO - DAG(s) 'example_branch_labels' retrieved from /home/airflow/.local/lib/python3.12/site-packages/airflow/example_dags/example_branch_labels.py
[2024-08-27T17:07:24.258+0000] {logging_mixin.py:190} INFO - [2024-08-27T17:07:24.258+0000] {dag.py:3211} INFO - Sync 1 DAGs
[2024-08-27T17:07:24.298+0000] {logging_mixin.py:190} INFO - [2024-08-27T17:07:24.298+0000] {dag.py:4138} INFO - Setting next_dagrun for example_branch_labels to 2024-08-26 00:00:00+00:00, run_after=2024-08-27 00:00:00+00:00
[2024-08-27T17:07:24.336+0000] {processor.py:208} INFO - Processing /home/airflow/.local/lib/python3.12/site-packages/airflow/example_dags/example_branch_labels.py took 0.150 seconds
[2024-08-27T17:07:54.497+0000] {processor.py:186} INFO - Started process (PID=449) to work on /home/airflow/.local/lib/python3.12/site-packages/airflow/example_dags/example_branch_labels.py
[2024-08-27T17:07:54.499+0000] {processor.py:914} INFO - Processing file /home/airflow/.local/lib/python3.12/site-packages/airflow/example_dags/example_branch_labels.py for tasks to queue
[2024-08-27T17:07:54.504+0000] {logging_mixin.py:190} INFO - [2024-08-27T17:07:54.503+0000] {dagbag.py:587} INFO - Filling up the DagBag from /home/airflow/.local/lib/python3.12/site-packages/airflow/example_dags/example_branch_labels.py
[2024-08-27T17:07:54.518+0000] {processor.py:925} INFO - DAG(s) 'example_branch_labels' retrieved from /home/airflow/.local/lib/python3.12/site-packages/airflow/example_dags/example_branch_labels.py
[2024-08-27T17:07:54.556+0000] {logging_mixin.py:190} INFO - [2024-08-27T17:07:54.556+0000] {dag.py:3211} INFO - Sync 1 DAGs
[2024-08-27T17:07:54.594+0000] {logging_mixin.py:190} INFO - [2024-08-27T17:07:54.594+0000] {dag.py:4138} INFO - Setting next_dagrun for example_branch_labels to 2024-08-26 00:00:00+00:00, run_after=2024-08-27 00:00:00+00:00
[2024-08-27T17:07:54.630+0000] {processor.py:208} INFO - Processing /home/airflow/.local/lib/python3.12/site-packages/airflow/example_dags/example_branch_labels.py took 0.143 seconds
[2024-08-27T17:08:25.224+0000] {processor.py:186} INFO - Started process (PID=511) to work on /home/airflow/.local/lib/python3.12/site-packages/airflow/example_dags/example_branch_labels.py
[2024-08-27T17:08:25.225+0000] {processor.py:914} INFO - Processing file /home/airflow/.local/lib/python3.12/site-packages/airflow/example_dags/example_branch_labels.py for tasks to queue
[2024-08-27T17:08:25.230+0000] {logging_mixin.py:190} INFO - [2024-08-27T17:08:25.229+0000] {dagbag.py:587} INFO - Filling up the DagBag from /home/airflow/.local/lib/python3.12/site-packages/airflow/example_dags/example_branch_labels.py
[2024-08-27T17:08:25.242+0000] {processor.py:925} INFO - DAG(s) 'example_branch_labels' retrieved from /home/airflow/.local/lib/python3.12/site-packages/airflow/example_dags/example_branch_labels.py
[2024-08-27T17:08:25.275+0000] {logging_mixin.py:190} INFO - [2024-08-27T17:08:25.274+0000] {dag.py:3211} INFO - Sync 1 DAGs
[2024-08-27T17:08:25.310+0000] {logging_mixin.py:190} INFO - [2024-08-27T17:08:25.309+0000] {dag.py:4138} INFO - Setting next_dagrun for example_branch_labels to 2024-08-26 00:00:00+00:00, run_after=2024-08-27 00:00:00+00:00
[2024-08-27T17:08:25.342+0000] {processor.py:208} INFO - Processing /home/airflow/.local/lib/python3.12/site-packages/airflow/example_dags/example_branch_labels.py took 0.125 seconds
[2024-08-27T17:08:56.005+0000] {processor.py:186} INFO - Started process (PID=573) to work on /home/airflow/.local/lib/python3.12/site-packages/airflow/example_dags/example_branch_labels.py
[2024-08-27T17:08:56.007+0000] {processor.py:914} INFO - Processing file /home/airflow/.local/lib/python3.12/site-packages/airflow/example_dags/example_branch_labels.py for tasks to queue
[2024-08-27T17:08:56.014+0000] {logging_mixin.py:190} INFO - [2024-08-27T17:08:56.013+0000] {dagbag.py:587} INFO - Filling up the DagBag from /home/airflow/.local/lib/python3.12/site-packages/airflow/example_dags/example_branch_labels.py
[2024-08-27T17:08:56.032+0000] {processor.py:925} INFO - DAG(s) 'example_branch_labels' retrieved from /home/airflow/.local/lib/python3.12/site-packages/airflow/example_dags/example_branch_labels.py
[2024-08-27T17:08:56.066+0000] {logging_mixin.py:190} INFO - [2024-08-27T17:08:56.065+0000] {dag.py:3211} INFO - Sync 1 DAGs
[2024-08-27T17:08:56.107+0000] {logging_mixin.py:190} INFO - [2024-08-27T17:08:56.106+0000] {dag.py:4138} INFO - Setting next_dagrun for example_branch_labels to 2024-08-26 00:00:00+00:00, run_after=2024-08-27 00:00:00+00:00
[2024-08-27T17:08:56.138+0000] {processor.py:208} INFO - Processing /home/airflow/.local/lib/python3.12/site-packages/airflow/example_dags/example_branch_labels.py took 0.148 seconds
[2024-08-27T17:09:26.547+0000] {processor.py:186} INFO - Started process (PID=635) to work on /home/airflow/.local/lib/python3.12/site-packages/airflow/example_dags/example_branch_labels.py
[2024-08-27T17:09:26.549+0000] {processor.py:914} INFO - Processing file /home/airflow/.local/lib/python3.12/site-packages/airflow/example_dags/example_branch_labels.py for tasks to queue
[2024-08-27T17:09:26.554+0000] {logging_mixin.py:190} INFO - [2024-08-27T17:09:26.553+0000] {dagbag.py:587} INFO - Filling up the DagBag from /home/airflow/.local/lib/python3.12/site-packages/airflow/example_dags/example_branch_labels.py
[2024-08-27T17:09:26.572+0000] {processor.py:925} INFO - DAG(s) 'example_branch_labels' retrieved from /home/airflow/.local/lib/python3.12/site-packages/airflow/example_dags/example_branch_labels.py
[2024-08-27T17:09:26.612+0000] {logging_mixin.py:190} INFO - [2024-08-27T17:09:26.612+0000] {dag.py:3211} INFO - Sync 1 DAGs
[2024-08-27T17:09:26.661+0000] {logging_mixin.py:190} INFO - [2024-08-27T17:09:26.661+0000] {dag.py:4138} INFO - Setting next_dagrun for example_branch_labels to 2024-08-26 00:00:00+00:00, run_after=2024-08-27 00:00:00+00:00
[2024-08-27T17:09:26.701+0000] {processor.py:208} INFO - Processing /home/airflow/.local/lib/python3.12/site-packages/airflow/example_dags/example_branch_labels.py took 0.163 seconds
[2024-08-27T17:09:57.064+0000] {processor.py:186} INFO - Started process (PID=697) to work on /home/airflow/.local/lib/python3.12/site-packages/airflow/example_dags/example_branch_labels.py
[2024-08-27T17:09:57.066+0000] {processor.py:914} INFO - Processing file /home/airflow/.local/lib/python3.12/site-packages/airflow/example_dags/example_branch_labels.py for tasks to queue
[2024-08-27T17:09:57.071+0000] {logging_mixin.py:190} INFO - [2024-08-27T17:09:57.070+0000] {dagbag.py:587} INFO - Filling up the DagBag from /home/airflow/.local/lib/python3.12/site-packages/airflow/example_dags/example_branch_labels.py
[2024-08-27T17:09:57.088+0000] {processor.py:925} INFO - DAG(s) 'example_branch_labels' retrieved from /home/airflow/.local/lib/python3.12/site-packages/airflow/example_dags/example_branch_labels.py
[2024-08-27T17:09:57.121+0000] {logging_mixin.py:190} INFO - [2024-08-27T17:09:57.121+0000] {dag.py:3211} INFO - Sync 1 DAGs
[2024-08-27T17:09:57.158+0000] {logging_mixin.py:190} INFO - [2024-08-27T17:09:57.158+0000] {dag.py:4138} INFO - Setting next_dagrun for example_branch_labels to 2024-08-26 00:00:00+00:00, run_after=2024-08-27 00:00:00+00:00
[2024-08-27T17:09:57.190+0000] {processor.py:208} INFO - Processing /home/airflow/.local/lib/python3.12/site-packages/airflow/example_dags/example_branch_labels.py took 0.135 seconds
[2024-08-27T17:10:28.113+0000] {processor.py:186} INFO - Started process (PID=759) to work on /home/airflow/.local/lib/python3.12/site-packages/airflow/example_dags/example_branch_labels.py
[2024-08-27T17:10:28.115+0000] {processor.py:914} INFO - Processing file /home/airflow/.local/lib/python3.12/site-packages/airflow/example_dags/example_branch_labels.py for tasks to queue
[2024-08-27T17:10:28.119+0000] {logging_mixin.py:190} INFO - [2024-08-27T17:10:28.118+0000] {dagbag.py:587} INFO - Filling up the DagBag from /home/airflow/.local/lib/python3.12/site-packages/airflow/example_dags/example_branch_labels.py
[2024-08-27T17:10:28.140+0000] {processor.py:925} INFO - DAG(s) 'example_branch_labels' retrieved from /home/airflow/.local/lib/python3.12/site-packages/airflow/example_dags/example_branch_labels.py
[2024-08-27T17:10:28.186+0000] {logging_mixin.py:190} INFO - [2024-08-27T17:10:28.186+0000] {dag.py:3211} INFO - Sync 1 DAGs
[2024-08-27T17:10:28.244+0000] {logging_mixin.py:190} INFO - [2024-08-27T17:10:28.243+0000] {dag.py:4138} INFO - Setting next_dagrun for example_branch_labels to 2024-08-26 00:00:00+00:00, run_after=2024-08-27 00:00:00+00:00
[2024-08-27T17:10:28.279+0000] {processor.py:208} INFO - Processing /home/airflow/.local/lib/python3.12/site-packages/airflow/example_dags/example_branch_labels.py took 0.177 seconds
[2024-08-27T17:10:58.852+0000] {processor.py:186} INFO - Started process (PID=821) to work on /home/airflow/.local/lib/python3.12/site-packages/airflow/example_dags/example_branch_labels.py
[2024-08-27T17:10:58.853+0000] {processor.py:914} INFO - Processing file /home/airflow/.local/lib/python3.12/site-packages/airflow/example_dags/example_branch_labels.py for tasks to queue
[2024-08-27T17:10:58.858+0000] {logging_mixin.py:190} INFO - [2024-08-27T17:10:58.857+0000] {dagbag.py:587} INFO - Filling up the DagBag from /home/airflow/.local/lib/python3.12/site-packages/airflow/example_dags/example_branch_labels.py
[2024-08-27T17:10:58.874+0000] {processor.py:925} INFO - DAG(s) 'example_branch_labels' retrieved from /home/airflow/.local/lib/python3.12/site-packages/airflow/example_dags/example_branch_labels.py
[2024-08-27T17:10:58.915+0000] {logging_mixin.py:190} INFO - [2024-08-27T17:10:58.914+0000] {dag.py:3211} INFO - Sync 1 DAGs
[2024-08-27T17:10:58.957+0000] {logging_mixin.py:190} INFO - [2024-08-27T17:10:58.956+0000] {dag.py:4138} INFO - Setting next_dagrun for example_branch_labels to 2024-08-26 00:00:00+00:00, run_after=2024-08-27 00:00:00+00:00
[2024-08-27T17:10:58.989+0000] {processor.py:208} INFO - Processing /home/airflow/.local/lib/python3.12/site-packages/airflow/example_dags/example_branch_labels.py took 0.149 seconds
[2024-08-27T17:11:29.374+0000] {processor.py:186} INFO - Started process (PID=883) to work on /home/airflow/.local/lib/python3.12/site-packages/airflow/example_dags/example_branch_labels.py
[2024-08-27T17:11:29.376+0000] {processor.py:914} INFO - Processing file /home/airflow/.local/lib/python3.12/site-packages/airflow/example_dags/example_branch_labels.py for tasks to queue
[2024-08-27T17:11:29.380+0000] {logging_mixin.py:190} INFO - [2024-08-27T17:11:29.380+0000] {dagbag.py:587} INFO - Filling up the DagBag from /home/airflow/.local/lib/python3.12/site-packages/airflow/example_dags/example_branch_labels.py
[2024-08-27T17:11:29.396+0000] {processor.py:925} INFO - DAG(s) 'example_branch_labels' retrieved from /home/airflow/.local/lib/python3.12/site-packages/airflow/example_dags/example_branch_labels.py
[2024-08-27T17:11:29.427+0000] {logging_mixin.py:190} INFO - [2024-08-27T17:11:29.426+0000] {dag.py:3211} INFO - Sync 1 DAGs
[2024-08-27T17:11:29.463+0000] {logging_mixin.py:190} INFO - [2024-08-27T17:11:29.463+0000] {dag.py:4138} INFO - Setting next_dagrun for example_branch_labels to 2024-08-26 00:00:00+00:00, run_after=2024-08-27 00:00:00+00:00
[2024-08-27T17:11:29.494+0000] {processor.py:208} INFO - Processing /home/airflow/.local/lib/python3.12/site-packages/airflow/example_dags/example_branch_labels.py took 0.128 seconds
[2024-08-27T17:11:59.931+0000] {processor.py:186} INFO - Started process (PID=945) to work on /home/airflow/.local/lib/python3.12/site-packages/airflow/example_dags/example_branch_labels.py
[2024-08-27T17:11:59.933+0000] {processor.py:914} INFO - Processing file /home/airflow/.local/lib/python3.12/site-packages/airflow/example_dags/example_branch_labels.py for tasks to queue
[2024-08-27T17:11:59.938+0000] {logging_mixin.py:190} INFO - [2024-08-27T17:11:59.937+0000] {dagbag.py:587} INFO - Filling up the DagBag from /home/airflow/.local/lib/python3.12/site-packages/airflow/example_dags/example_branch_labels.py
[2024-08-27T17:11:59.956+0000] {processor.py:925} INFO - DAG(s) 'example_branch_labels' retrieved from /home/airflow/.local/lib/python3.12/site-packages/airflow/example_dags/example_branch_labels.py
[2024-08-27T17:11:59.994+0000] {logging_mixin.py:190} INFO - [2024-08-27T17:11:59.994+0000] {dag.py:3211} INFO - Sync 1 DAGs
[2024-08-27T17:12:00.056+0000] {logging_mixin.py:190} INFO - [2024-08-27T17:12:00.055+0000] {dag.py:4138} INFO - Setting next_dagrun for example_branch_labels to 2024-08-26 00:00:00+00:00, run_after=2024-08-27 00:00:00+00:00
[2024-08-27T17:12:00.085+0000] {processor.py:208} INFO - Processing /home/airflow/.local/lib/python3.12/site-packages/airflow/example_dags/example_branch_labels.py took 0.164 seconds
[2024-08-27T17:12:30.484+0000] {processor.py:186} INFO - Started process (PID=1007) to work on /home/airflow/.local/lib/python3.12/site-packages/airflow/example_dags/example_branch_labels.py
[2024-08-27T17:12:30.485+0000] {processor.py:914} INFO - Processing file /home/airflow/.local/lib/python3.12/site-packages/airflow/example_dags/example_branch_labels.py for tasks to queue
[2024-08-27T17:12:30.489+0000] {logging_mixin.py:190} INFO - [2024-08-27T17:12:30.489+0000] {dagbag.py:587} INFO - Filling up the DagBag from /home/airflow/.local/lib/python3.12/site-packages/airflow/example_dags/example_branch_labels.py
[2024-08-27T17:12:30.506+0000] {processor.py:925} INFO - DAG(s) 'example_branch_labels' retrieved from /home/airflow/.local/lib/python3.12/site-packages/airflow/example_dags/example_branch_labels.py
[2024-08-27T17:12:30.540+0000] {logging_mixin.py:190} INFO - [2024-08-27T17:12:30.540+0000] {dag.py:3211} INFO - Sync 1 DAGs
[2024-08-27T17:12:30.577+0000] {logging_mixin.py:190} INFO - [2024-08-27T17:12:30.576+0000] {dag.py:4138} INFO - Setting next_dagrun for example_branch_labels to 2024-08-26 00:00:00+00:00, run_after=2024-08-27 00:00:00+00:00
[2024-08-27T17:12:30.613+0000] {processor.py:208} INFO - Processing /home/airflow/.local/lib/python3.12/site-packages/airflow/example_dags/example_branch_labels.py took 0.139 seconds
[2024-08-27T17:13:01.946+0000] {processor.py:186} INFO - Started process (PID=1070) to work on /home/airflow/.local/lib/python3.12/site-packages/airflow/example_dags/example_branch_labels.py
[2024-08-27T17:13:01.948+0000] {processor.py:914} INFO - Processing file /home/airflow/.local/lib/python3.12/site-packages/airflow/example_dags/example_branch_labels.py for tasks to queue
[2024-08-27T17:13:01.952+0000] {logging_mixin.py:190} INFO - [2024-08-27T17:13:01.951+0000] {dagbag.py:587} INFO - Filling up the DagBag from /home/airflow/.local/lib/python3.12/site-packages/airflow/example_dags/example_branch_labels.py
[2024-08-27T17:13:01.967+0000] {processor.py:925} INFO - DAG(s) 'example_branch_labels' retrieved from /home/airflow/.local/lib/python3.12/site-packages/airflow/example_dags/example_branch_labels.py
[2024-08-27T17:13:02.005+0000] {logging_mixin.py:190} INFO - [2024-08-27T17:13:02.005+0000] {dag.py:3211} INFO - Sync 1 DAGs
[2024-08-27T17:13:02.050+0000] {logging_mixin.py:190} INFO - [2024-08-27T17:13:02.050+0000] {dag.py:4138} INFO - Setting next_dagrun for example_branch_labels to 2024-08-26 00:00:00+00:00, run_after=2024-08-27 00:00:00+00:00
[2024-08-27T17:13:02.084+0000] {processor.py:208} INFO - Processing /home/airflow/.local/lib/python3.12/site-packages/airflow/example_dags/example_branch_labels.py took 0.149 seconds
[2024-08-27T17:13:32.633+0000] {processor.py:186} INFO - Started process (PID=1138) to work on /home/airflow/.local/lib/python3.12/site-packages/airflow/example_dags/example_branch_labels.py
[2024-08-27T17:13:32.635+0000] {processor.py:914} INFO - Processing file /home/airflow/.local/lib/python3.12/site-packages/airflow/example_dags/example_branch_labels.py for tasks to queue
[2024-08-27T17:13:32.638+0000] {logging_mixin.py:190} INFO - [2024-08-27T17:13:32.638+0000] {dagbag.py:587} INFO - Filling up the DagBag from /home/airflow/.local/lib/python3.12/site-packages/airflow/example_dags/example_branch_labels.py
[2024-08-27T17:13:32.657+0000] {processor.py:925} INFO - DAG(s) 'example_branch_labels' retrieved from /home/airflow/.local/lib/python3.12/site-packages/airflow/example_dags/example_branch_labels.py
[2024-08-27T17:13:32.689+0000] {logging_mixin.py:190} INFO - [2024-08-27T17:13:32.689+0000] {dag.py:3211} INFO - Sync 1 DAGs
[2024-08-27T17:13:32.729+0000] {logging_mixin.py:190} INFO - [2024-08-27T17:13:32.729+0000] {dag.py:4138} INFO - Setting next_dagrun for example_branch_labels to 2024-08-26 00:00:00+00:00, run_after=2024-08-27 00:00:00+00:00
[2024-08-27T17:13:32.758+0000] {processor.py:208} INFO - Processing /home/airflow/.local/lib/python3.12/site-packages/airflow/example_dags/example_branch_labels.py took 0.134 seconds
[2024-08-27T17:14:03.239+0000] {processor.py:186} INFO - Started process (PID=1200) to work on /home/airflow/.local/lib/python3.12/site-packages/airflow/example_dags/example_branch_labels.py
[2024-08-27T17:14:03.241+0000] {processor.py:914} INFO - Processing file /home/airflow/.local/lib/python3.12/site-packages/airflow/example_dags/example_branch_labels.py for tasks to queue
[2024-08-27T17:14:03.246+0000] {logging_mixin.py:190} INFO - [2024-08-27T17:14:03.245+0000] {dagbag.py:587} INFO - Filling up the DagBag from /home/airflow/.local/lib/python3.12/site-packages/airflow/example_dags/example_branch_labels.py
[2024-08-27T17:14:03.260+0000] {processor.py:925} INFO - DAG(s) 'example_branch_labels' retrieved from /home/airflow/.local/lib/python3.12/site-packages/airflow/example_dags/example_branch_labels.py
[2024-08-27T17:14:03.295+0000] {logging_mixin.py:190} INFO - [2024-08-27T17:14:03.294+0000] {dag.py:3211} INFO - Sync 1 DAGs
[2024-08-27T17:14:03.338+0000] {logging_mixin.py:190} INFO - [2024-08-27T17:14:03.337+0000] {dag.py:4138} INFO - Setting next_dagrun for example_branch_labels to 2024-08-26 00:00:00+00:00, run_after=2024-08-27 00:00:00+00:00
[2024-08-27T17:14:03.371+0000] {processor.py:208} INFO - Processing /home/airflow/.local/lib/python3.12/site-packages/airflow/example_dags/example_branch_labels.py took 0.143 seconds
[2024-08-27T17:14:33.492+0000] {processor.py:186} INFO - Started process (PID=1262) to work on /home/airflow/.local/lib/python3.12/site-packages/airflow/example_dags/example_branch_labels.py
[2024-08-27T17:14:33.493+0000] {processor.py:914} INFO - Processing file /home/airflow/.local/lib/python3.12/site-packages/airflow/example_dags/example_branch_labels.py for tasks to queue
[2024-08-27T17:14:33.497+0000] {logging_mixin.py:190} INFO - [2024-08-27T17:14:33.496+0000] {dagbag.py:587} INFO - Filling up the DagBag from /home/airflow/.local/lib/python3.12/site-packages/airflow/example_dags/example_branch_labels.py
[2024-08-27T17:14:33.514+0000] {processor.py:925} INFO - DAG(s) 'example_branch_labels' retrieved from /home/airflow/.local/lib/python3.12/site-packages/airflow/example_dags/example_branch_labels.py
[2024-08-27T17:14:33.546+0000] {logging_mixin.py:190} INFO - [2024-08-27T17:14:33.545+0000] {dag.py:3211} INFO - Sync 1 DAGs
[2024-08-27T17:14:33.585+0000] {logging_mixin.py:190} INFO - [2024-08-27T17:14:33.584+0000] {dag.py:4138} INFO - Setting next_dagrun for example_branch_labels to 2024-08-26 00:00:00+00:00, run_after=2024-08-27 00:00:00+00:00
[2024-08-27T17:14:33.612+0000] {processor.py:208} INFO - Processing /home/airflow/.local/lib/python3.12/site-packages/airflow/example_dags/example_branch_labels.py took 0.131 seconds
[2024-08-27T17:15:04.496+0000] {processor.py:186} INFO - Started process (PID=1324) to work on /home/airflow/.local/lib/python3.12/site-packages/airflow/example_dags/example_branch_labels.py
[2024-08-27T17:15:04.497+0000] {processor.py:914} INFO - Processing file /home/airflow/.local/lib/python3.12/site-packages/airflow/example_dags/example_branch_labels.py for tasks to queue
[2024-08-27T17:15:04.502+0000] {logging_mixin.py:190} INFO - [2024-08-27T17:15:04.501+0000] {dagbag.py:587} INFO - Filling up the DagBag from /home/airflow/.local/lib/python3.12/site-packages/airflow/example_dags/example_branch_labels.py
[2024-08-27T17:15:04.515+0000] {processor.py:925} INFO - DAG(s) 'example_branch_labels' retrieved from /home/airflow/.local/lib/python3.12/site-packages/airflow/example_dags/example_branch_labels.py
[2024-08-27T17:15:04.548+0000] {logging_mixin.py:190} INFO - [2024-08-27T17:15:04.547+0000] {dag.py:3211} INFO - Sync 1 DAGs
[2024-08-27T17:15:04.586+0000] {logging_mixin.py:190} INFO - [2024-08-27T17:15:04.585+0000] {dag.py:4138} INFO - Setting next_dagrun for example_branch_labels to 2024-08-26 00:00:00+00:00, run_after=2024-08-27 00:00:00+00:00
[2024-08-27T17:15:04.612+0000] {processor.py:208} INFO - Processing /home/airflow/.local/lib/python3.12/site-packages/airflow/example_dags/example_branch_labels.py took 0.125 seconds
[2024-08-27T17:15:35.289+0000] {processor.py:186} INFO - Started process (PID=1386) to work on /home/airflow/.local/lib/python3.12/site-packages/airflow/example_dags/example_branch_labels.py
[2024-08-27T17:15:35.290+0000] {processor.py:914} INFO - Processing file /home/airflow/.local/lib/python3.12/site-packages/airflow/example_dags/example_branch_labels.py for tasks to queue
[2024-08-27T17:15:35.294+0000] {logging_mixin.py:190} INFO - [2024-08-27T17:15:35.294+0000] {dagbag.py:587} INFO - Filling up the DagBag from /home/airflow/.local/lib/python3.12/site-packages/airflow/example_dags/example_branch_labels.py
[2024-08-27T17:15:35.308+0000] {processor.py:925} INFO - DAG(s) 'example_branch_labels' retrieved from /home/airflow/.local/lib/python3.12/site-packages/airflow/example_dags/example_branch_labels.py
[2024-08-27T17:15:35.340+0000] {logging_mixin.py:190} INFO - [2024-08-27T17:15:35.340+0000] {dag.py:3211} INFO - Sync 1 DAGs
[2024-08-27T17:15:35.376+0000] {logging_mixin.py:190} INFO - [2024-08-27T17:15:35.376+0000] {dag.py:4138} INFO - Setting next_dagrun for example_branch_labels to 2024-08-26 00:00:00+00:00, run_after=2024-08-27 00:00:00+00:00
[2024-08-27T17:15:35.406+0000] {processor.py:208} INFO - Processing /home/airflow/.local/lib/python3.12/site-packages/airflow/example_dags/example_branch_labels.py took 0.127 seconds
[2024-08-27T17:16:06.006+0000] {processor.py:186} INFO - Started process (PID=1448) to work on /home/airflow/.local/lib/python3.12/site-packages/airflow/example_dags/example_branch_labels.py
[2024-08-27T17:16:06.007+0000] {processor.py:914} INFO - Processing file /home/airflow/.local/lib/python3.12/site-packages/airflow/example_dags/example_branch_labels.py for tasks to queue
[2024-08-27T17:16:06.012+0000] {logging_mixin.py:190} INFO - [2024-08-27T17:16:06.012+0000] {dagbag.py:587} INFO - Filling up the DagBag from /home/airflow/.local/lib/python3.12/site-packages/airflow/example_dags/example_branch_labels.py
[2024-08-27T17:16:06.028+0000] {processor.py:925} INFO - DAG(s) 'example_branch_labels' retrieved from /home/airflow/.local/lib/python3.12/site-packages/airflow/example_dags/example_branch_labels.py
[2024-08-27T17:16:06.064+0000] {logging_mixin.py:190} INFO - [2024-08-27T17:16:06.064+0000] {dag.py:3211} INFO - Sync 1 DAGs
[2024-08-27T17:16:06.110+0000] {logging_mixin.py:190} INFO - [2024-08-27T17:16:06.110+0000] {dag.py:4138} INFO - Setting next_dagrun for example_branch_labels to 2024-08-26 00:00:00+00:00, run_after=2024-08-27 00:00:00+00:00
[2024-08-27T17:16:06.143+0000] {processor.py:208} INFO - Processing /home/airflow/.local/lib/python3.12/site-packages/airflow/example_dags/example_branch_labels.py took 0.147 seconds
[2024-08-27T17:16:36.763+0000] {processor.py:186} INFO - Started process (PID=1510) to work on /home/airflow/.local/lib/python3.12/site-packages/airflow/example_dags/example_branch_labels.py
[2024-08-27T17:16:36.765+0000] {processor.py:914} INFO - Processing file /home/airflow/.local/lib/python3.12/site-packages/airflow/example_dags/example_branch_labels.py for tasks to queue
[2024-08-27T17:16:36.769+0000] {logging_mixin.py:190} INFO - [2024-08-27T17:16:36.769+0000] {dagbag.py:587} INFO - Filling up the DagBag from /home/airflow/.local/lib/python3.12/site-packages/airflow/example_dags/example_branch_labels.py
[2024-08-27T17:16:36.784+0000] {processor.py:925} INFO - DAG(s) 'example_branch_labels' retrieved from /home/airflow/.local/lib/python3.12/site-packages/airflow/example_dags/example_branch_labels.py
[2024-08-27T17:16:36.816+0000] {logging_mixin.py:190} INFO - [2024-08-27T17:16:36.816+0000] {dag.py:3211} INFO - Sync 1 DAGs
[2024-08-27T17:16:36.851+0000] {logging_mixin.py:190} INFO - [2024-08-27T17:16:36.850+0000] {dag.py:4138} INFO - Setting next_dagrun for example_branch_labels to 2024-08-26 00:00:00+00:00, run_after=2024-08-27 00:00:00+00:00
[2024-08-27T17:16:36.882+0000] {processor.py:208} INFO - Processing /home/airflow/.local/lib/python3.12/site-packages/airflow/example_dags/example_branch_labels.py took 0.130 seconds
