[2024-08-27T17:04:42.487+0000] {processor.py:186} INFO - Started process (PID=49) to work on /home/airflow/.local/lib/python3.12/site-packages/airflow/example_dags/example_display_name.py
[2024-08-27T17:04:42.488+0000] {processor.py:914} INFO - Processing file /home/airflow/.local/lib/python3.12/site-packages/airflow/example_dags/example_display_name.py for tasks to queue
[2024-08-27T17:04:42.492+0000] {logging_mixin.py:190} INFO - [2024-08-27T17:04:42.492+0000] {dagbag.py:587} INFO - Filling up the DagBag from /home/airflow/.local/lib/python3.12/site-packages/airflow/example_dags/example_display_name.py
[2024-08-27T17:04:42.508+0000] {processor.py:925} INFO - DAG(s) 'example_display_name' retrieved from /home/airflow/.local/lib/python3.12/site-packages/airflow/example_dags/example_display_name.py
[2024-08-27T17:04:42.730+0000] {logging_mixin.py:190} INFO - [2024-08-27T17:04:42.728+0000] {override.py:1858} INFO - Created Permission View: can edit on DAG:example_display_name
[2024-08-27T17:04:42.754+0000] {logging_mixin.py:190} INFO - [2024-08-27T17:04:42.754+0000] {override.py:1858} INFO - Created Permission View: can read on DAG:example_display_name
[2024-08-27T17:04:42.775+0000] {logging_mixin.py:190} INFO - [2024-08-27T17:04:42.774+0000] {override.py:1858} INFO - Created Permission View: can delete on DAG:example_display_name
[2024-08-27T17:04:42.776+0000] {logging_mixin.py:190} INFO - [2024-08-27T17:04:42.776+0000] {dag.py:3211} INFO - Sync 1 DAGs
[2024-08-27T17:04:42.807+0000] {logging_mixin.py:190} INFO - [2024-08-27T17:04:42.806+0000] {dag.py:3234} INFO - Creating ORM DAG for example_display_name
[2024-08-27T17:04:42.808+0000] {logging_mixin.py:190} INFO - [2024-08-27T17:04:42.808+0000] {dag.py:4138} INFO - Setting next_dagrun for example_display_name to None, run_after=None
[2024-08-27T17:04:42.840+0000] {processor.py:208} INFO - Processing /home/airflow/.local/lib/python3.12/site-packages/airflow/example_dags/example_display_name.py took 0.364 seconds
[2024-08-27T17:05:13.651+0000] {processor.py:186} INFO - Started process (PID=111) to work on /home/airflow/.local/lib/python3.12/site-packages/airflow/example_dags/example_display_name.py
[2024-08-27T17:05:13.653+0000] {processor.py:914} INFO - Processing file /home/airflow/.local/lib/python3.12/site-packages/airflow/example_dags/example_display_name.py for tasks to queue
[2024-08-27T17:05:13.656+0000] {logging_mixin.py:190} INFO - [2024-08-27T17:05:13.656+0000] {dagbag.py:587} INFO - Filling up the DagBag from /home/airflow/.local/lib/python3.12/site-packages/airflow/example_dags/example_display_name.py
[2024-08-27T17:05:13.671+0000] {processor.py:925} INFO - DAG(s) 'example_display_name' retrieved from /home/airflow/.local/lib/python3.12/site-packages/airflow/example_dags/example_display_name.py
[2024-08-27T17:05:13.702+0000] {logging_mixin.py:190} INFO - [2024-08-27T17:05:13.702+0000] {dag.py:3211} INFO - Sync 1 DAGs
[2024-08-27T17:05:13.734+0000] {logging_mixin.py:190} INFO - [2024-08-27T17:05:13.734+0000] {dag.py:4138} INFO - Setting next_dagrun for example_display_name to None, run_after=None
[2024-08-27T17:05:13.768+0000] {processor.py:208} INFO - Processing /home/airflow/.local/lib/python3.12/site-packages/airflow/example_dags/example_display_name.py took 0.126 seconds
[2024-08-27T17:05:43.829+0000] {processor.py:186} INFO - Started process (PID=172) to work on /home/airflow/.local/lib/python3.12/site-packages/airflow/example_dags/example_display_name.py
[2024-08-27T17:05:43.831+0000] {processor.py:914} INFO - Processing file /home/airflow/.local/lib/python3.12/site-packages/airflow/example_dags/example_display_name.py for tasks to queue
[2024-08-27T17:05:43.836+0000] {logging_mixin.py:190} INFO - [2024-08-27T17:05:43.835+0000] {dagbag.py:587} INFO - Filling up the DagBag from /home/airflow/.local/lib/python3.12/site-packages/airflow/example_dags/example_display_name.py
[2024-08-27T17:05:43.850+0000] {processor.py:925} INFO - DAG(s) 'example_display_name' retrieved from /home/airflow/.local/lib/python3.12/site-packages/airflow/example_dags/example_display_name.py
[2024-08-27T17:05:43.890+0000] {logging_mixin.py:190} INFO - [2024-08-27T17:05:43.889+0000] {dag.py:3211} INFO - Sync 1 DAGs
[2024-08-27T17:05:43.927+0000] {logging_mixin.py:190} INFO - [2024-08-27T17:05:43.926+0000] {dag.py:4138} INFO - Setting next_dagrun for example_display_name to None, run_after=None
[2024-08-27T17:05:43.966+0000] {processor.py:208} INFO - Processing /home/airflow/.local/lib/python3.12/site-packages/airflow/example_dags/example_display_name.py took 0.148 seconds
[2024-08-27T17:06:14.178+0000] {processor.py:186} INFO - Started process (PID=234) to work on /home/airflow/.local/lib/python3.12/site-packages/airflow/example_dags/example_display_name.py
[2024-08-27T17:06:14.180+0000] {processor.py:914} INFO - Processing file /home/airflow/.local/lib/python3.12/site-packages/airflow/example_dags/example_display_name.py for tasks to queue
[2024-08-27T17:06:14.184+0000] {logging_mixin.py:190} INFO - [2024-08-27T17:06:14.183+0000] {dagbag.py:587} INFO - Filling up the DagBag from /home/airflow/.local/lib/python3.12/site-packages/airflow/example_dags/example_display_name.py
[2024-08-27T17:06:14.196+0000] {processor.py:925} INFO - DAG(s) 'example_display_name' retrieved from /home/airflow/.local/lib/python3.12/site-packages/airflow/example_dags/example_display_name.py
[2024-08-27T17:06:14.226+0000] {logging_mixin.py:190} INFO - [2024-08-27T17:06:14.226+0000] {dag.py:3211} INFO - Sync 1 DAGs
[2024-08-27T17:06:14.250+0000] {logging_mixin.py:190} INFO - [2024-08-27T17:06:14.249+0000] {dag.py:4138} INFO - Setting next_dagrun for example_display_name to None, run_after=None
[2024-08-27T17:06:14.279+0000] {processor.py:208} INFO - Processing /home/airflow/.local/lib/python3.12/site-packages/airflow/example_dags/example_display_name.py took 0.110 seconds
[2024-08-27T17:06:45.162+0000] {processor.py:186} INFO - Started process (PID=296) to work on /home/airflow/.local/lib/python3.12/site-packages/airflow/example_dags/example_display_name.py
[2024-08-27T17:06:45.163+0000] {processor.py:914} INFO - Processing file /home/airflow/.local/lib/python3.12/site-packages/airflow/example_dags/example_display_name.py for tasks to queue
[2024-08-27T17:06:45.167+0000] {logging_mixin.py:190} INFO - [2024-08-27T17:06:45.167+0000] {dagbag.py:587} INFO - Filling up the DagBag from /home/airflow/.local/lib/python3.12/site-packages/airflow/example_dags/example_display_name.py
[2024-08-27T17:06:45.179+0000] {processor.py:925} INFO - DAG(s) 'example_display_name' retrieved from /home/airflow/.local/lib/python3.12/site-packages/airflow/example_dags/example_display_name.py
[2024-08-27T17:06:45.209+0000] {logging_mixin.py:190} INFO - [2024-08-27T17:06:45.208+0000] {dag.py:3211} INFO - Sync 1 DAGs
[2024-08-27T17:06:45.232+0000] {logging_mixin.py:190} INFO - [2024-08-27T17:06:45.231+0000] {dag.py:4138} INFO - Setting next_dagrun for example_display_name to None, run_after=None
[2024-08-27T17:06:45.267+0000] {processor.py:208} INFO - Processing /home/airflow/.local/lib/python3.12/site-packages/airflow/example_dags/example_display_name.py took 0.115 seconds
[2024-08-27T17:07:15.720+0000] {processor.py:186} INFO - Started process (PID=358) to work on /home/airflow/.local/lib/python3.12/site-packages/airflow/example_dags/example_display_name.py
[2024-08-27T17:07:15.721+0000] {processor.py:914} INFO - Processing file /home/airflow/.local/lib/python3.12/site-packages/airflow/example_dags/example_display_name.py for tasks to queue
[2024-08-27T17:07:15.725+0000] {logging_mixin.py:190} INFO - [2024-08-27T17:07:15.724+0000] {dagbag.py:587} INFO - Filling up the DagBag from /home/airflow/.local/lib/python3.12/site-packages/airflow/example_dags/example_display_name.py
[2024-08-27T17:07:15.736+0000] {processor.py:925} INFO - DAG(s) 'example_display_name' retrieved from /home/airflow/.local/lib/python3.12/site-packages/airflow/example_dags/example_display_name.py
[2024-08-27T17:07:15.765+0000] {logging_mixin.py:190} INFO - [2024-08-27T17:07:15.764+0000] {dag.py:3211} INFO - Sync 1 DAGs
[2024-08-27T17:07:15.784+0000] {logging_mixin.py:190} INFO - [2024-08-27T17:07:15.784+0000] {dag.py:4138} INFO - Setting next_dagrun for example_display_name to None, run_after=None
[2024-08-27T17:07:15.815+0000] {processor.py:208} INFO - Processing /home/airflow/.local/lib/python3.12/site-packages/airflow/example_dags/example_display_name.py took 0.105 seconds
[2024-08-27T17:07:46.322+0000] {processor.py:186} INFO - Started process (PID=420) to work on /home/airflow/.local/lib/python3.12/site-packages/airflow/example_dags/example_display_name.py
[2024-08-27T17:07:46.324+0000] {processor.py:914} INFO - Processing file /home/airflow/.local/lib/python3.12/site-packages/airflow/example_dags/example_display_name.py for tasks to queue
[2024-08-27T17:07:46.328+0000] {logging_mixin.py:190} INFO - [2024-08-27T17:07:46.327+0000] {dagbag.py:587} INFO - Filling up the DagBag from /home/airflow/.local/lib/python3.12/site-packages/airflow/example_dags/example_display_name.py
[2024-08-27T17:07:46.340+0000] {processor.py:925} INFO - DAG(s) 'example_display_name' retrieved from /home/airflow/.local/lib/python3.12/site-packages/airflow/example_dags/example_display_name.py
[2024-08-27T17:07:46.376+0000] {logging_mixin.py:190} INFO - [2024-08-27T17:07:46.376+0000] {dag.py:3211} INFO - Sync 1 DAGs
[2024-08-27T17:07:46.399+0000] {logging_mixin.py:190} INFO - [2024-08-27T17:07:46.399+0000] {dag.py:4138} INFO - Setting next_dagrun for example_display_name to None, run_after=None
[2024-08-27T17:07:46.435+0000] {processor.py:208} INFO - Processing /home/airflow/.local/lib/python3.12/site-packages/airflow/example_dags/example_display_name.py took 0.123 seconds
[2024-08-27T17:08:16.803+0000] {processor.py:186} INFO - Started process (PID=482) to work on /home/airflow/.local/lib/python3.12/site-packages/airflow/example_dags/example_display_name.py
[2024-08-27T17:08:16.805+0000] {processor.py:914} INFO - Processing file /home/airflow/.local/lib/python3.12/site-packages/airflow/example_dags/example_display_name.py for tasks to queue
[2024-08-27T17:08:16.810+0000] {logging_mixin.py:190} INFO - [2024-08-27T17:08:16.809+0000] {dagbag.py:587} INFO - Filling up the DagBag from /home/airflow/.local/lib/python3.12/site-packages/airflow/example_dags/example_display_name.py
[2024-08-27T17:08:16.824+0000] {processor.py:925} INFO - DAG(s) 'example_display_name' retrieved from /home/airflow/.local/lib/python3.12/site-packages/airflow/example_dags/example_display_name.py
[2024-08-27T17:08:16.856+0000] {logging_mixin.py:190} INFO - [2024-08-27T17:08:16.856+0000] {dag.py:3211} INFO - Sync 1 DAGs
[2024-08-27T17:08:16.882+0000] {logging_mixin.py:190} INFO - [2024-08-27T17:08:16.882+0000] {dag.py:4138} INFO - Setting next_dagrun for example_display_name to None, run_after=None
[2024-08-27T17:08:16.921+0000] {processor.py:208} INFO - Processing /home/airflow/.local/lib/python3.12/site-packages/airflow/example_dags/example_display_name.py took 0.128 seconds
[2024-08-27T17:08:47.310+0000] {processor.py:186} INFO - Started process (PID=544) to work on /home/airflow/.local/lib/python3.12/site-packages/airflow/example_dags/example_display_name.py
[2024-08-27T17:08:47.311+0000] {processor.py:914} INFO - Processing file /home/airflow/.local/lib/python3.12/site-packages/airflow/example_dags/example_display_name.py for tasks to queue
[2024-08-27T17:08:47.315+0000] {logging_mixin.py:190} INFO - [2024-08-27T17:08:47.315+0000] {dagbag.py:587} INFO - Filling up the DagBag from /home/airflow/.local/lib/python3.12/site-packages/airflow/example_dags/example_display_name.py
[2024-08-27T17:08:47.334+0000] {processor.py:925} INFO - DAG(s) 'example_display_name' retrieved from /home/airflow/.local/lib/python3.12/site-packages/airflow/example_dags/example_display_name.py
[2024-08-27T17:08:47.376+0000] {logging_mixin.py:190} INFO - [2024-08-27T17:08:47.376+0000] {dag.py:3211} INFO - Sync 1 DAGs
[2024-08-27T17:08:47.402+0000] {logging_mixin.py:190} INFO - [2024-08-27T17:08:47.401+0000] {dag.py:4138} INFO - Setting next_dagrun for example_display_name to None, run_after=None
[2024-08-27T17:08:47.440+0000] {processor.py:208} INFO - Processing /home/airflow/.local/lib/python3.12/site-packages/airflow/example_dags/example_display_name.py took 0.140 seconds
[2024-08-27T17:09:18.227+0000] {processor.py:186} INFO - Started process (PID=606) to work on /home/airflow/.local/lib/python3.12/site-packages/airflow/example_dags/example_display_name.py
[2024-08-27T17:09:18.229+0000] {processor.py:914} INFO - Processing file /home/airflow/.local/lib/python3.12/site-packages/airflow/example_dags/example_display_name.py for tasks to queue
[2024-08-27T17:09:18.233+0000] {logging_mixin.py:190} INFO - [2024-08-27T17:09:18.233+0000] {dagbag.py:587} INFO - Filling up the DagBag from /home/airflow/.local/lib/python3.12/site-packages/airflow/example_dags/example_display_name.py
[2024-08-27T17:09:18.246+0000] {processor.py:925} INFO - DAG(s) 'example_display_name' retrieved from /home/airflow/.local/lib/python3.12/site-packages/airflow/example_dags/example_display_name.py
[2024-08-27T17:09:18.278+0000] {logging_mixin.py:190} INFO - [2024-08-27T17:09:18.278+0000] {dag.py:3211} INFO - Sync 1 DAGs
[2024-08-27T17:09:18.327+0000] {logging_mixin.py:190} INFO - [2024-08-27T17:09:18.326+0000] {dag.py:4138} INFO - Setting next_dagrun for example_display_name to None, run_after=None
[2024-08-27T17:09:18.369+0000] {processor.py:208} INFO - Processing /home/airflow/.local/lib/python3.12/site-packages/airflow/example_dags/example_display_name.py took 0.152 seconds
[2024-08-27T17:09:48.734+0000] {processor.py:186} INFO - Started process (PID=668) to work on /home/airflow/.local/lib/python3.12/site-packages/airflow/example_dags/example_display_name.py
[2024-08-27T17:09:48.735+0000] {processor.py:914} INFO - Processing file /home/airflow/.local/lib/python3.12/site-packages/airflow/example_dags/example_display_name.py for tasks to queue
[2024-08-27T17:09:48.739+0000] {logging_mixin.py:190} INFO - [2024-08-27T17:09:48.739+0000] {dagbag.py:587} INFO - Filling up the DagBag from /home/airflow/.local/lib/python3.12/site-packages/airflow/example_dags/example_display_name.py
[2024-08-27T17:09:48.752+0000] {processor.py:925} INFO - DAG(s) 'example_display_name' retrieved from /home/airflow/.local/lib/python3.12/site-packages/airflow/example_dags/example_display_name.py
[2024-08-27T17:09:48.784+0000] {logging_mixin.py:190} INFO - [2024-08-27T17:09:48.783+0000] {dag.py:3211} INFO - Sync 1 DAGs
[2024-08-27T17:09:48.806+0000] {logging_mixin.py:190} INFO - [2024-08-27T17:09:48.806+0000] {dag.py:4138} INFO - Setting next_dagrun for example_display_name to None, run_after=None
[2024-08-27T17:09:48.843+0000] {processor.py:208} INFO - Processing /home/airflow/.local/lib/python3.12/site-packages/airflow/example_dags/example_display_name.py took 0.120 seconds
[2024-08-27T17:10:19.076+0000] {processor.py:186} INFO - Started process (PID=730) to work on /home/airflow/.local/lib/python3.12/site-packages/airflow/example_dags/example_display_name.py
[2024-08-27T17:10:19.078+0000] {processor.py:914} INFO - Processing file /home/airflow/.local/lib/python3.12/site-packages/airflow/example_dags/example_display_name.py for tasks to queue
[2024-08-27T17:10:19.081+0000] {logging_mixin.py:190} INFO - [2024-08-27T17:10:19.081+0000] {dagbag.py:587} INFO - Filling up the DagBag from /home/airflow/.local/lib/python3.12/site-packages/airflow/example_dags/example_display_name.py
[2024-08-27T17:10:19.094+0000] {processor.py:925} INFO - DAG(s) 'example_display_name' retrieved from /home/airflow/.local/lib/python3.12/site-packages/airflow/example_dags/example_display_name.py
[2024-08-27T17:10:19.127+0000] {logging_mixin.py:190} INFO - [2024-08-27T17:10:19.126+0000] {dag.py:3211} INFO - Sync 1 DAGs
[2024-08-27T17:10:19.153+0000] {logging_mixin.py:190} INFO - [2024-08-27T17:10:19.153+0000] {dag.py:4138} INFO - Setting next_dagrun for example_display_name to None, run_after=None
[2024-08-27T17:10:19.180+0000] {processor.py:208} INFO - Processing /home/airflow/.local/lib/python3.12/site-packages/airflow/example_dags/example_display_name.py took 0.116 seconds
[2024-08-27T17:10:49.652+0000] {processor.py:186} INFO - Started process (PID=792) to work on /home/airflow/.local/lib/python3.12/site-packages/airflow/example_dags/example_display_name.py
[2024-08-27T17:10:49.654+0000] {processor.py:914} INFO - Processing file /home/airflow/.local/lib/python3.12/site-packages/airflow/example_dags/example_display_name.py for tasks to queue
[2024-08-27T17:10:49.658+0000] {logging_mixin.py:190} INFO - [2024-08-27T17:10:49.658+0000] {dagbag.py:587} INFO - Filling up the DagBag from /home/airflow/.local/lib/python3.12/site-packages/airflow/example_dags/example_display_name.py
[2024-08-27T17:10:49.669+0000] {processor.py:925} INFO - DAG(s) 'example_display_name' retrieved from /home/airflow/.local/lib/python3.12/site-packages/airflow/example_dags/example_display_name.py
[2024-08-27T17:10:49.698+0000] {logging_mixin.py:190} INFO - [2024-08-27T17:10:49.698+0000] {dag.py:3211} INFO - Sync 1 DAGs
[2024-08-27T17:10:49.719+0000] {logging_mixin.py:190} INFO - [2024-08-27T17:10:49.718+0000] {dag.py:4138} INFO - Setting next_dagrun for example_display_name to None, run_after=None
[2024-08-27T17:10:49.751+0000] {processor.py:208} INFO - Processing /home/airflow/.local/lib/python3.12/site-packages/airflow/example_dags/example_display_name.py took 0.109 seconds
[2024-08-27T17:11:20.016+0000] {processor.py:186} INFO - Started process (PID=854) to work on /home/airflow/.local/lib/python3.12/site-packages/airflow/example_dags/example_display_name.py
[2024-08-27T17:11:20.019+0000] {processor.py:914} INFO - Processing file /home/airflow/.local/lib/python3.12/site-packages/airflow/example_dags/example_display_name.py for tasks to queue
[2024-08-27T17:11:20.023+0000] {logging_mixin.py:190} INFO - [2024-08-27T17:11:20.022+0000] {dagbag.py:587} INFO - Filling up the DagBag from /home/airflow/.local/lib/python3.12/site-packages/airflow/example_dags/example_display_name.py
[2024-08-27T17:11:20.035+0000] {processor.py:925} INFO - DAG(s) 'example_display_name' retrieved from /home/airflow/.local/lib/python3.12/site-packages/airflow/example_dags/example_display_name.py
[2024-08-27T17:11:20.066+0000] {logging_mixin.py:190} INFO - [2024-08-27T17:11:20.065+0000] {dag.py:3211} INFO - Sync 1 DAGs
[2024-08-27T17:11:20.094+0000] {logging_mixin.py:190} INFO - [2024-08-27T17:11:20.093+0000] {dag.py:4138} INFO - Setting next_dagrun for example_display_name to None, run_after=None
[2024-08-27T17:11:20.128+0000] {processor.py:208} INFO - Processing /home/airflow/.local/lib/python3.12/site-packages/airflow/example_dags/example_display_name.py took 0.120 seconds
[2024-08-27T17:11:50.363+0000] {processor.py:186} INFO - Started process (PID=916) to work on /home/airflow/.local/lib/python3.12/site-packages/airflow/example_dags/example_display_name.py
[2024-08-27T17:11:50.365+0000] {processor.py:914} INFO - Processing file /home/airflow/.local/lib/python3.12/site-packages/airflow/example_dags/example_display_name.py for tasks to queue
[2024-08-27T17:11:50.370+0000] {logging_mixin.py:190} INFO - [2024-08-27T17:11:50.369+0000] {dagbag.py:587} INFO - Filling up the DagBag from /home/airflow/.local/lib/python3.12/site-packages/airflow/example_dags/example_display_name.py
[2024-08-27T17:11:50.390+0000] {processor.py:925} INFO - DAG(s) 'example_display_name' retrieved from /home/airflow/.local/lib/python3.12/site-packages/airflow/example_dags/example_display_name.py
[2024-08-27T17:11:50.430+0000] {logging_mixin.py:190} INFO - [2024-08-27T17:11:50.430+0000] {dag.py:3211} INFO - Sync 1 DAGs
[2024-08-27T17:11:50.465+0000] {logging_mixin.py:190} INFO - [2024-08-27T17:11:50.464+0000] {dag.py:4138} INFO - Setting next_dagrun for example_display_name to None, run_after=None
[2024-08-27T17:11:50.502+0000] {processor.py:208} INFO - Processing /home/airflow/.local/lib/python3.12/site-packages/airflow/example_dags/example_display_name.py took 0.152 seconds
[2024-08-27T17:12:21.433+0000] {processor.py:186} INFO - Started process (PID=978) to work on /home/airflow/.local/lib/python3.12/site-packages/airflow/example_dags/example_display_name.py
[2024-08-27T17:12:21.435+0000] {processor.py:914} INFO - Processing file /home/airflow/.local/lib/python3.12/site-packages/airflow/example_dags/example_display_name.py for tasks to queue
[2024-08-27T17:12:21.438+0000] {logging_mixin.py:190} INFO - [2024-08-27T17:12:21.438+0000] {dagbag.py:587} INFO - Filling up the DagBag from /home/airflow/.local/lib/python3.12/site-packages/airflow/example_dags/example_display_name.py
[2024-08-27T17:12:21.449+0000] {processor.py:925} INFO - DAG(s) 'example_display_name' retrieved from /home/airflow/.local/lib/python3.12/site-packages/airflow/example_dags/example_display_name.py
[2024-08-27T17:12:21.478+0000] {logging_mixin.py:190} INFO - [2024-08-27T17:12:21.477+0000] {dag.py:3211} INFO - Sync 1 DAGs
[2024-08-27T17:12:21.499+0000] {logging_mixin.py:190} INFO - [2024-08-27T17:12:21.499+0000] {dag.py:4138} INFO - Setting next_dagrun for example_display_name to None, run_after=None
[2024-08-27T17:12:21.528+0000] {processor.py:208} INFO - Processing /home/airflow/.local/lib/python3.12/site-packages/airflow/example_dags/example_display_name.py took 0.104 seconds
[2024-08-27T17:12:51.949+0000] {processor.py:186} INFO - Started process (PID=1040) to work on /home/airflow/.local/lib/python3.12/site-packages/airflow/example_dags/example_display_name.py
[2024-08-27T17:12:51.950+0000] {processor.py:914} INFO - Processing file /home/airflow/.local/lib/python3.12/site-packages/airflow/example_dags/example_display_name.py for tasks to queue
[2024-08-27T17:12:51.954+0000] {logging_mixin.py:190} INFO - [2024-08-27T17:12:51.953+0000] {dagbag.py:587} INFO - Filling up the DagBag from /home/airflow/.local/lib/python3.12/site-packages/airflow/example_dags/example_display_name.py
[2024-08-27T17:12:51.964+0000] {processor.py:925} INFO - DAG(s) 'example_display_name' retrieved from /home/airflow/.local/lib/python3.12/site-packages/airflow/example_dags/example_display_name.py
[2024-08-27T17:12:51.995+0000] {logging_mixin.py:190} INFO - [2024-08-27T17:12:51.994+0000] {dag.py:3211} INFO - Sync 1 DAGs
[2024-08-27T17:12:52.017+0000] {logging_mixin.py:190} INFO - [2024-08-27T17:12:52.017+0000] {dag.py:4138} INFO - Setting next_dagrun for example_display_name to None, run_after=None
[2024-08-27T17:12:52.049+0000] {processor.py:208} INFO - Processing /home/airflow/.local/lib/python3.12/site-packages/airflow/example_dags/example_display_name.py took 0.110 seconds
[2024-08-27T17:13:22.258+0000] {processor.py:186} INFO - Started process (PID=1102) to work on /home/airflow/.local/lib/python3.12/site-packages/airflow/example_dags/example_display_name.py
[2024-08-27T17:13:22.260+0000] {processor.py:914} INFO - Processing file /home/airflow/.local/lib/python3.12/site-packages/airflow/example_dags/example_display_name.py for tasks to queue
[2024-08-27T17:13:22.263+0000] {logging_mixin.py:190} INFO - [2024-08-27T17:13:22.263+0000] {dagbag.py:587} INFO - Filling up the DagBag from /home/airflow/.local/lib/python3.12/site-packages/airflow/example_dags/example_display_name.py
[2024-08-27T17:13:22.275+0000] {processor.py:925} INFO - DAG(s) 'example_display_name' retrieved from /home/airflow/.local/lib/python3.12/site-packages/airflow/example_dags/example_display_name.py
[2024-08-27T17:13:22.304+0000] {logging_mixin.py:190} INFO - [2024-08-27T17:13:22.304+0000] {dag.py:3211} INFO - Sync 1 DAGs
[2024-08-27T17:13:22.330+0000] {logging_mixin.py:190} INFO - [2024-08-27T17:13:22.329+0000] {dag.py:4138} INFO - Setting next_dagrun for example_display_name to None, run_after=None
[2024-08-27T17:13:22.363+0000] {processor.py:208} INFO - Processing /home/airflow/.local/lib/python3.12/site-packages/airflow/example_dags/example_display_name.py took 0.114 seconds
[2024-08-27T17:13:52.736+0000] {processor.py:186} INFO - Started process (PID=1164) to work on /home/airflow/.local/lib/python3.12/site-packages/airflow/example_dags/example_display_name.py
[2024-08-27T17:13:52.738+0000] {processor.py:914} INFO - Processing file /home/airflow/.local/lib/python3.12/site-packages/airflow/example_dags/example_display_name.py for tasks to queue
[2024-08-27T17:13:52.742+0000] {logging_mixin.py:190} INFO - [2024-08-27T17:13:52.742+0000] {dagbag.py:587} INFO - Filling up the DagBag from /home/airflow/.local/lib/python3.12/site-packages/airflow/example_dags/example_display_name.py
[2024-08-27T17:13:52.754+0000] {processor.py:925} INFO - DAG(s) 'example_display_name' retrieved from /home/airflow/.local/lib/python3.12/site-packages/airflow/example_dags/example_display_name.py
[2024-08-27T17:13:52.785+0000] {logging_mixin.py:190} INFO - [2024-08-27T17:13:52.785+0000] {dag.py:3211} INFO - Sync 1 DAGs
[2024-08-27T17:13:52.807+0000] {logging_mixin.py:190} INFO - [2024-08-27T17:13:52.807+0000] {dag.py:4138} INFO - Setting next_dagrun for example_display_name to None, run_after=None
[2024-08-27T17:13:52.844+0000] {processor.py:208} INFO - Processing /home/airflow/.local/lib/python3.12/site-packages/airflow/example_dags/example_display_name.py took 0.117 seconds
[2024-08-27T17:14:23.442+0000] {processor.py:186} INFO - Started process (PID=1226) to work on /home/airflow/.local/lib/python3.12/site-packages/airflow/example_dags/example_display_name.py
[2024-08-27T17:14:23.444+0000] {processor.py:914} INFO - Processing file /home/airflow/.local/lib/python3.12/site-packages/airflow/example_dags/example_display_name.py for tasks to queue
[2024-08-27T17:14:23.448+0000] {logging_mixin.py:190} INFO - [2024-08-27T17:14:23.447+0000] {dagbag.py:587} INFO - Filling up the DagBag from /home/airflow/.local/lib/python3.12/site-packages/airflow/example_dags/example_display_name.py
[2024-08-27T17:14:23.460+0000] {processor.py:925} INFO - DAG(s) 'example_display_name' retrieved from /home/airflow/.local/lib/python3.12/site-packages/airflow/example_dags/example_display_name.py
[2024-08-27T17:14:23.494+0000] {logging_mixin.py:190} INFO - [2024-08-27T17:14:23.494+0000] {dag.py:3211} INFO - Sync 1 DAGs
[2024-08-27T17:14:23.517+0000] {logging_mixin.py:190} INFO - [2024-08-27T17:14:23.516+0000] {dag.py:4138} INFO - Setting next_dagrun for example_display_name to None, run_after=None
[2024-08-27T17:14:23.551+0000] {processor.py:208} INFO - Processing /home/airflow/.local/lib/python3.12/site-packages/airflow/example_dags/example_display_name.py took 0.122 seconds
[2024-08-27T17:14:54.200+0000] {processor.py:186} INFO - Started process (PID=1288) to work on /home/airflow/.local/lib/python3.12/site-packages/airflow/example_dags/example_display_name.py
[2024-08-27T17:14:54.202+0000] {processor.py:914} INFO - Processing file /home/airflow/.local/lib/python3.12/site-packages/airflow/example_dags/example_display_name.py for tasks to queue
[2024-08-27T17:14:54.208+0000] {logging_mixin.py:190} INFO - [2024-08-27T17:14:54.207+0000] {dagbag.py:587} INFO - Filling up the DagBag from /home/airflow/.local/lib/python3.12/site-packages/airflow/example_dags/example_display_name.py
[2024-08-27T17:14:54.227+0000] {processor.py:925} INFO - DAG(s) 'example_display_name' retrieved from /home/airflow/.local/lib/python3.12/site-packages/airflow/example_dags/example_display_name.py
[2024-08-27T17:14:54.266+0000] {logging_mixin.py:190} INFO - [2024-08-27T17:14:54.265+0000] {dag.py:3211} INFO - Sync 1 DAGs
[2024-08-27T17:14:54.296+0000] {logging_mixin.py:190} INFO - [2024-08-27T17:14:54.295+0000] {dag.py:4138} INFO - Setting next_dagrun for example_display_name to None, run_after=None
[2024-08-27T17:14:54.337+0000] {processor.py:208} INFO - Processing /home/airflow/.local/lib/python3.12/site-packages/airflow/example_dags/example_display_name.py took 0.152 seconds
[2024-08-27T17:15:24.926+0000] {processor.py:186} INFO - Started process (PID=1350) to work on /home/airflow/.local/lib/python3.12/site-packages/airflow/example_dags/example_display_name.py
[2024-08-27T17:15:24.927+0000] {processor.py:914} INFO - Processing file /home/airflow/.local/lib/python3.12/site-packages/airflow/example_dags/example_display_name.py for tasks to queue
[2024-08-27T17:15:24.931+0000] {logging_mixin.py:190} INFO - [2024-08-27T17:15:24.931+0000] {dagbag.py:587} INFO - Filling up the DagBag from /home/airflow/.local/lib/python3.12/site-packages/airflow/example_dags/example_display_name.py
[2024-08-27T17:15:24.944+0000] {processor.py:925} INFO - DAG(s) 'example_display_name' retrieved from /home/airflow/.local/lib/python3.12/site-packages/airflow/example_dags/example_display_name.py
[2024-08-27T17:15:24.979+0000] {logging_mixin.py:190} INFO - [2024-08-27T17:15:24.979+0000] {dag.py:3211} INFO - Sync 1 DAGs
[2024-08-27T17:15:25.008+0000] {logging_mixin.py:190} INFO - [2024-08-27T17:15:25.008+0000] {dag.py:4138} INFO - Setting next_dagrun for example_display_name to None, run_after=None
[2024-08-27T17:15:25.047+0000] {processor.py:208} INFO - Processing /home/airflow/.local/lib/python3.12/site-packages/airflow/example_dags/example_display_name.py took 0.133 seconds
[2024-08-27T17:15:55.517+0000] {processor.py:186} INFO - Started process (PID=1412) to work on /home/airflow/.local/lib/python3.12/site-packages/airflow/example_dags/example_display_name.py
[2024-08-27T17:15:55.519+0000] {processor.py:914} INFO - Processing file /home/airflow/.local/lib/python3.12/site-packages/airflow/example_dags/example_display_name.py for tasks to queue
[2024-08-27T17:15:55.522+0000] {logging_mixin.py:190} INFO - [2024-08-27T17:15:55.522+0000] {dagbag.py:587} INFO - Filling up the DagBag from /home/airflow/.local/lib/python3.12/site-packages/airflow/example_dags/example_display_name.py
[2024-08-27T17:15:55.534+0000] {processor.py:925} INFO - DAG(s) 'example_display_name' retrieved from /home/airflow/.local/lib/python3.12/site-packages/airflow/example_dags/example_display_name.py
[2024-08-27T17:15:55.562+0000] {logging_mixin.py:190} INFO - [2024-08-27T17:15:55.561+0000] {dag.py:3211} INFO - Sync 1 DAGs
[2024-08-27T17:15:55.584+0000] {logging_mixin.py:190} INFO - [2024-08-27T17:15:55.584+0000] {dag.py:4138} INFO - Setting next_dagrun for example_display_name to None, run_after=None
[2024-08-27T17:15:55.619+0000] {processor.py:208} INFO - Processing /home/airflow/.local/lib/python3.12/site-packages/airflow/example_dags/example_display_name.py took 0.112 seconds
[2024-08-27T17:16:26.433+0000] {processor.py:186} INFO - Started process (PID=1474) to work on /home/airflow/.local/lib/python3.12/site-packages/airflow/example_dags/example_display_name.py
[2024-08-27T17:16:26.434+0000] {processor.py:914} INFO - Processing file /home/airflow/.local/lib/python3.12/site-packages/airflow/example_dags/example_display_name.py for tasks to queue
[2024-08-27T17:16:26.438+0000] {logging_mixin.py:190} INFO - [2024-08-27T17:16:26.437+0000] {dagbag.py:587} INFO - Filling up the DagBag from /home/airflow/.local/lib/python3.12/site-packages/airflow/example_dags/example_display_name.py
[2024-08-27T17:16:26.451+0000] {processor.py:925} INFO - DAG(s) 'example_display_name' retrieved from /home/airflow/.local/lib/python3.12/site-packages/airflow/example_dags/example_display_name.py
[2024-08-27T17:16:26.481+0000] {logging_mixin.py:190} INFO - [2024-08-27T17:16:26.481+0000] {dag.py:3211} INFO - Sync 1 DAGs
[2024-08-27T17:16:26.506+0000] {logging_mixin.py:190} INFO - [2024-08-27T17:16:26.506+0000] {dag.py:4138} INFO - Setting next_dagrun for example_display_name to None, run_after=None
[2024-08-27T17:16:26.537+0000] {processor.py:208} INFO - Processing /home/airflow/.local/lib/python3.12/site-packages/airflow/example_dags/example_display_name.py took 0.114 seconds
[2024-08-27T17:16:56.787+0000] {processor.py:186} INFO - Started process (PID=1536) to work on /home/airflow/.local/lib/python3.12/site-packages/airflow/example_dags/example_display_name.py
[2024-08-27T17:16:56.789+0000] {processor.py:914} INFO - Processing file /home/airflow/.local/lib/python3.12/site-packages/airflow/example_dags/example_display_name.py for tasks to queue
[2024-08-27T17:16:56.793+0000] {logging_mixin.py:190} INFO - [2024-08-27T17:16:56.793+0000] {dagbag.py:587} INFO - Filling up the DagBag from /home/airflow/.local/lib/python3.12/site-packages/airflow/example_dags/example_display_name.py
[2024-08-27T17:16:56.805+0000] {processor.py:925} INFO - DAG(s) 'example_display_name' retrieved from /home/airflow/.local/lib/python3.12/site-packages/airflow/example_dags/example_display_name.py
[2024-08-27T17:16:56.834+0000] {logging_mixin.py:190} INFO - [2024-08-27T17:16:56.834+0000] {dag.py:3211} INFO - Sync 1 DAGs
[2024-08-27T17:16:56.857+0000] {logging_mixin.py:190} INFO - [2024-08-27T17:16:56.857+0000] {dag.py:4138} INFO - Setting next_dagrun for example_display_name to None, run_after=None
[2024-08-27T17:16:56.891+0000] {processor.py:208} INFO - Processing /home/airflow/.local/lib/python3.12/site-packages/airflow/example_dags/example_display_name.py took 0.112 seconds
