[2024-08-27T17:04:44.163+0000] {processor.py:186} INFO - Started process (PID=55) to work on /home/airflow/.local/lib/python3.12/site-packages/airflow/example_dags/example_task_group_decorator.py
[2024-08-27T17:04:44.166+0000] {processor.py:914} INFO - Processing file /home/airflow/.local/lib/python3.12/site-packages/airflow/example_dags/example_task_group_decorator.py for tasks to queue
[2024-08-27T17:04:44.171+0000] {logging_mixin.py:190} INFO - [2024-08-27T17:04:44.171+0000] {dagbag.py:587} INFO - Filling up the DagBag from /home/airflow/.local/lib/python3.12/site-packages/airflow/example_dags/example_task_group_decorator.py
[2024-08-27T17:04:44.217+0000] {processor.py:925} INFO - DAG(s) 'example_task_group_decorator' retrieved from /home/airflow/.local/lib/python3.12/site-packages/airflow/example_dags/example_task_group_decorator.py
[2024-08-27T17:04:44.457+0000] {logging_mixin.py:190} INFO - [2024-08-27T17:04:44.455+0000] {override.py:1858} INFO - Created Permission View: can edit on DAG:example_task_group_decorator
[2024-08-27T17:04:44.480+0000] {logging_mixin.py:190} INFO - [2024-08-27T17:04:44.479+0000] {override.py:1858} INFO - Created Permission View: can read on DAG:example_task_group_decorator
[2024-08-27T17:04:44.497+0000] {logging_mixin.py:190} INFO - [2024-08-27T17:04:44.496+0000] {override.py:1858} INFO - Created Permission View: can delete on DAG:example_task_group_decorator
[2024-08-27T17:04:44.498+0000] {logging_mixin.py:190} INFO - [2024-08-27T17:04:44.497+0000] {dag.py:3211} INFO - Sync 1 DAGs
[2024-08-27T17:04:44.524+0000] {logging_mixin.py:190} INFO - [2024-08-27T17:04:44.523+0000] {dag.py:3234} INFO - Creating ORM DAG for example_task_group_decorator
[2024-08-27T17:04:44.543+0000] {logging_mixin.py:190} INFO - [2024-08-27T17:04:44.543+0000] {dag.py:4138} INFO - Setting next_dagrun for example_task_group_decorator to 2024-08-26 00:00:00+00:00, run_after=2024-08-27 00:00:00+00:00
[2024-08-27T17:04:44.579+0000] {processor.py:208} INFO - Processing /home/airflow/.local/lib/python3.12/site-packages/airflow/example_dags/example_task_group_decorator.py took 0.426 seconds
[2024-08-27T17:05:15.398+0000] {processor.py:186} INFO - Started process (PID=117) to work on /home/airflow/.local/lib/python3.12/site-packages/airflow/example_dags/example_task_group_decorator.py
[2024-08-27T17:05:15.400+0000] {processor.py:914} INFO - Processing file /home/airflow/.local/lib/python3.12/site-packages/airflow/example_dags/example_task_group_decorator.py for tasks to queue
[2024-08-27T17:05:15.405+0000] {logging_mixin.py:190} INFO - [2024-08-27T17:05:15.404+0000] {dagbag.py:587} INFO - Filling up the DagBag from /home/airflow/.local/lib/python3.12/site-packages/airflow/example_dags/example_task_group_decorator.py
[2024-08-27T17:05:15.440+0000] {processor.py:925} INFO - DAG(s) 'example_task_group_decorator' retrieved from /home/airflow/.local/lib/python3.12/site-packages/airflow/example_dags/example_task_group_decorator.py
[2024-08-27T17:05:15.482+0000] {logging_mixin.py:190} INFO - [2024-08-27T17:05:15.481+0000] {dag.py:3211} INFO - Sync 1 DAGs
[2024-08-27T17:05:15.518+0000] {logging_mixin.py:190} INFO - [2024-08-27T17:05:15.518+0000] {dag.py:4138} INFO - Setting next_dagrun for example_task_group_decorator to 2024-08-26 00:00:00+00:00, run_after=2024-08-27 00:00:00+00:00
[2024-08-27T17:05:15.550+0000] {processor.py:208} INFO - Processing /home/airflow/.local/lib/python3.12/site-packages/airflow/example_dags/example_task_group_decorator.py took 0.163 seconds
[2024-08-27T17:05:45.750+0000] {processor.py:186} INFO - Started process (PID=179) to work on /home/airflow/.local/lib/python3.12/site-packages/airflow/example_dags/example_task_group_decorator.py
[2024-08-27T17:05:45.752+0000] {processor.py:914} INFO - Processing file /home/airflow/.local/lib/python3.12/site-packages/airflow/example_dags/example_task_group_decorator.py for tasks to queue
[2024-08-27T17:05:45.757+0000] {logging_mixin.py:190} INFO - [2024-08-27T17:05:45.756+0000] {dagbag.py:587} INFO - Filling up the DagBag from /home/airflow/.local/lib/python3.12/site-packages/airflow/example_dags/example_task_group_decorator.py
[2024-08-27T17:05:45.798+0000] {processor.py:925} INFO - DAG(s) 'example_task_group_decorator' retrieved from /home/airflow/.local/lib/python3.12/site-packages/airflow/example_dags/example_task_group_decorator.py
[2024-08-27T17:05:45.853+0000] {logging_mixin.py:190} INFO - [2024-08-27T17:05:45.852+0000] {dag.py:3211} INFO - Sync 1 DAGs
[2024-08-27T17:05:45.900+0000] {logging_mixin.py:190} INFO - [2024-08-27T17:05:45.900+0000] {dag.py:4138} INFO - Setting next_dagrun for example_task_group_decorator to 2024-08-26 00:00:00+00:00, run_after=2024-08-27 00:00:00+00:00
[2024-08-27T17:05:45.939+0000] {processor.py:208} INFO - Processing /home/airflow/.local/lib/python3.12/site-packages/airflow/example_dags/example_task_group_decorator.py took 0.201 seconds
[2024-08-27T17:06:16.124+0000] {processor.py:186} INFO - Started process (PID=241) to work on /home/airflow/.local/lib/python3.12/site-packages/airflow/example_dags/example_task_group_decorator.py
[2024-08-27T17:06:16.126+0000] {processor.py:914} INFO - Processing file /home/airflow/.local/lib/python3.12/site-packages/airflow/example_dags/example_task_group_decorator.py for tasks to queue
[2024-08-27T17:06:16.130+0000] {logging_mixin.py:190} INFO - [2024-08-27T17:06:16.130+0000] {dagbag.py:587} INFO - Filling up the DagBag from /home/airflow/.local/lib/python3.12/site-packages/airflow/example_dags/example_task_group_decorator.py
[2024-08-27T17:06:16.164+0000] {processor.py:925} INFO - DAG(s) 'example_task_group_decorator' retrieved from /home/airflow/.local/lib/python3.12/site-packages/airflow/example_dags/example_task_group_decorator.py
[2024-08-27T17:06:16.208+0000] {logging_mixin.py:190} INFO - [2024-08-27T17:06:16.208+0000] {dag.py:3211} INFO - Sync 1 DAGs
[2024-08-27T17:06:16.246+0000] {logging_mixin.py:190} INFO - [2024-08-27T17:06:16.245+0000] {dag.py:4138} INFO - Setting next_dagrun for example_task_group_decorator to 2024-08-26 00:00:00+00:00, run_after=2024-08-27 00:00:00+00:00
[2024-08-27T17:06:16.280+0000] {processor.py:208} INFO - Processing /home/airflow/.local/lib/python3.12/site-packages/airflow/example_dags/example_task_group_decorator.py took 0.170 seconds
[2024-08-27T17:06:46.903+0000] {processor.py:186} INFO - Started process (PID=303) to work on /home/airflow/.local/lib/python3.12/site-packages/airflow/example_dags/example_task_group_decorator.py
[2024-08-27T17:06:46.904+0000] {processor.py:914} INFO - Processing file /home/airflow/.local/lib/python3.12/site-packages/airflow/example_dags/example_task_group_decorator.py for tasks to queue
[2024-08-27T17:06:46.908+0000] {logging_mixin.py:190} INFO - [2024-08-27T17:06:46.908+0000] {dagbag.py:587} INFO - Filling up the DagBag from /home/airflow/.local/lib/python3.12/site-packages/airflow/example_dags/example_task_group_decorator.py
[2024-08-27T17:06:46.932+0000] {processor.py:925} INFO - DAG(s) 'example_task_group_decorator' retrieved from /home/airflow/.local/lib/python3.12/site-packages/airflow/example_dags/example_task_group_decorator.py
[2024-08-27T17:06:46.976+0000] {logging_mixin.py:190} INFO - [2024-08-27T17:06:46.975+0000] {dag.py:3211} INFO - Sync 1 DAGs
[2024-08-27T17:06:47.015+0000] {logging_mixin.py:190} INFO - [2024-08-27T17:06:47.015+0000] {dag.py:4138} INFO - Setting next_dagrun for example_task_group_decorator to 2024-08-26 00:00:00+00:00, run_after=2024-08-27 00:00:00+00:00
[2024-08-27T17:06:47.047+0000] {processor.py:208} INFO - Processing /home/airflow/.local/lib/python3.12/site-packages/airflow/example_dags/example_task_group_decorator.py took 0.157 seconds
[2024-08-27T17:07:17.412+0000] {processor.py:186} INFO - Started process (PID=365) to work on /home/airflow/.local/lib/python3.12/site-packages/airflow/example_dags/example_task_group_decorator.py
[2024-08-27T17:07:17.414+0000] {processor.py:914} INFO - Processing file /home/airflow/.local/lib/python3.12/site-packages/airflow/example_dags/example_task_group_decorator.py for tasks to queue
[2024-08-27T17:07:17.417+0000] {logging_mixin.py:190} INFO - [2024-08-27T17:07:17.416+0000] {dagbag.py:587} INFO - Filling up the DagBag from /home/airflow/.local/lib/python3.12/site-packages/airflow/example_dags/example_task_group_decorator.py
[2024-08-27T17:07:17.439+0000] {processor.py:925} INFO - DAG(s) 'example_task_group_decorator' retrieved from /home/airflow/.local/lib/python3.12/site-packages/airflow/example_dags/example_task_group_decorator.py
[2024-08-27T17:07:17.476+0000] {logging_mixin.py:190} INFO - [2024-08-27T17:07:17.476+0000] {dag.py:3211} INFO - Sync 1 DAGs
[2024-08-27T17:07:17.508+0000] {logging_mixin.py:190} INFO - [2024-08-27T17:07:17.507+0000] {dag.py:4138} INFO - Setting next_dagrun for example_task_group_decorator to 2024-08-26 00:00:00+00:00, run_after=2024-08-27 00:00:00+00:00
[2024-08-27T17:07:17.539+0000] {processor.py:208} INFO - Processing /home/airflow/.local/lib/python3.12/site-packages/airflow/example_dags/example_task_group_decorator.py took 0.136 seconds
[2024-08-27T17:07:48.081+0000] {processor.py:186} INFO - Started process (PID=427) to work on /home/airflow/.local/lib/python3.12/site-packages/airflow/example_dags/example_task_group_decorator.py
[2024-08-27T17:07:48.084+0000] {processor.py:914} INFO - Processing file /home/airflow/.local/lib/python3.12/site-packages/airflow/example_dags/example_task_group_decorator.py for tasks to queue
[2024-08-27T17:07:48.089+0000] {logging_mixin.py:190} INFO - [2024-08-27T17:07:48.088+0000] {dagbag.py:587} INFO - Filling up the DagBag from /home/airflow/.local/lib/python3.12/site-packages/airflow/example_dags/example_task_group_decorator.py
[2024-08-27T17:07:48.129+0000] {processor.py:925} INFO - DAG(s) 'example_task_group_decorator' retrieved from /home/airflow/.local/lib/python3.12/site-packages/airflow/example_dags/example_task_group_decorator.py
[2024-08-27T17:07:48.192+0000] {logging_mixin.py:190} INFO - [2024-08-27T17:07:48.192+0000] {dag.py:3211} INFO - Sync 1 DAGs
[2024-08-27T17:07:48.237+0000] {logging_mixin.py:190} INFO - [2024-08-27T17:07:48.236+0000] {dag.py:4138} INFO - Setting next_dagrun for example_task_group_decorator to 2024-08-26 00:00:00+00:00, run_after=2024-08-27 00:00:00+00:00
[2024-08-27T17:07:48.269+0000] {processor.py:208} INFO - Processing /home/airflow/.local/lib/python3.12/site-packages/airflow/example_dags/example_task_group_decorator.py took 0.202 seconds
[2024-08-27T17:08:18.810+0000] {processor.py:186} INFO - Started process (PID=489) to work on /home/airflow/.local/lib/python3.12/site-packages/airflow/example_dags/example_task_group_decorator.py
[2024-08-27T17:08:18.812+0000] {processor.py:914} INFO - Processing file /home/airflow/.local/lib/python3.12/site-packages/airflow/example_dags/example_task_group_decorator.py for tasks to queue
[2024-08-27T17:08:18.817+0000] {logging_mixin.py:190} INFO - [2024-08-27T17:08:18.816+0000] {dagbag.py:587} INFO - Filling up the DagBag from /home/airflow/.local/lib/python3.12/site-packages/airflow/example_dags/example_task_group_decorator.py
[2024-08-27T17:08:18.846+0000] {processor.py:925} INFO - DAG(s) 'example_task_group_decorator' retrieved from /home/airflow/.local/lib/python3.12/site-packages/airflow/example_dags/example_task_group_decorator.py
[2024-08-27T17:08:18.892+0000] {logging_mixin.py:190} INFO - [2024-08-27T17:08:18.891+0000] {dag.py:3211} INFO - Sync 1 DAGs
[2024-08-27T17:08:18.932+0000] {logging_mixin.py:190} INFO - [2024-08-27T17:08:18.932+0000] {dag.py:4138} INFO - Setting next_dagrun for example_task_group_decorator to 2024-08-26 00:00:00+00:00, run_after=2024-08-27 00:00:00+00:00
[2024-08-27T17:08:18.976+0000] {processor.py:208} INFO - Processing /home/airflow/.local/lib/python3.12/site-packages/airflow/example_dags/example_task_group_decorator.py took 0.177 seconds
[2024-08-27T17:08:49.482+0000] {processor.py:186} INFO - Started process (PID=551) to work on /home/airflow/.local/lib/python3.12/site-packages/airflow/example_dags/example_task_group_decorator.py
[2024-08-27T17:08:49.484+0000] {processor.py:914} INFO - Processing file /home/airflow/.local/lib/python3.12/site-packages/airflow/example_dags/example_task_group_decorator.py for tasks to queue
[2024-08-27T17:08:49.488+0000] {logging_mixin.py:190} INFO - [2024-08-27T17:08:49.487+0000] {dagbag.py:587} INFO - Filling up the DagBag from /home/airflow/.local/lib/python3.12/site-packages/airflow/example_dags/example_task_group_decorator.py
[2024-08-27T17:08:49.511+0000] {processor.py:925} INFO - DAG(s) 'example_task_group_decorator' retrieved from /home/airflow/.local/lib/python3.12/site-packages/airflow/example_dags/example_task_group_decorator.py
[2024-08-27T17:08:49.552+0000] {logging_mixin.py:190} INFO - [2024-08-27T17:08:49.552+0000] {dag.py:3211} INFO - Sync 1 DAGs
[2024-08-27T17:08:49.585+0000] {logging_mixin.py:190} INFO - [2024-08-27T17:08:49.585+0000] {dag.py:4138} INFO - Setting next_dagrun for example_task_group_decorator to 2024-08-26 00:00:00+00:00, run_after=2024-08-27 00:00:00+00:00
[2024-08-27T17:08:49.625+0000] {processor.py:208} INFO - Processing /home/airflow/.local/lib/python3.12/site-packages/airflow/example_dags/example_task_group_decorator.py took 0.151 seconds
[2024-08-27T17:09:20.195+0000] {processor.py:186} INFO - Started process (PID=613) to work on /home/airflow/.local/lib/python3.12/site-packages/airflow/example_dags/example_task_group_decorator.py
[2024-08-27T17:09:20.197+0000] {processor.py:914} INFO - Processing file /home/airflow/.local/lib/python3.12/site-packages/airflow/example_dags/example_task_group_decorator.py for tasks to queue
[2024-08-27T17:09:20.202+0000] {logging_mixin.py:190} INFO - [2024-08-27T17:09:20.201+0000] {dagbag.py:587} INFO - Filling up the DagBag from /home/airflow/.local/lib/python3.12/site-packages/airflow/example_dags/example_task_group_decorator.py
[2024-08-27T17:09:20.228+0000] {processor.py:925} INFO - DAG(s) 'example_task_group_decorator' retrieved from /home/airflow/.local/lib/python3.12/site-packages/airflow/example_dags/example_task_group_decorator.py
[2024-08-27T17:09:20.269+0000] {logging_mixin.py:190} INFO - [2024-08-27T17:09:20.269+0000] {dag.py:3211} INFO - Sync 1 DAGs
[2024-08-27T17:09:20.327+0000] {logging_mixin.py:190} INFO - [2024-08-27T17:09:20.326+0000] {dag.py:4138} INFO - Setting next_dagrun for example_task_group_decorator to 2024-08-26 00:00:00+00:00, run_after=2024-08-27 00:00:00+00:00
[2024-08-27T17:09:20.369+0000] {processor.py:208} INFO - Processing /home/airflow/.local/lib/python3.12/site-packages/airflow/example_dags/example_task_group_decorator.py took 0.184 seconds
[2024-08-27T17:09:50.490+0000] {processor.py:186} INFO - Started process (PID=675) to work on /home/airflow/.local/lib/python3.12/site-packages/airflow/example_dags/example_task_group_decorator.py
[2024-08-27T17:09:50.492+0000] {processor.py:914} INFO - Processing file /home/airflow/.local/lib/python3.12/site-packages/airflow/example_dags/example_task_group_decorator.py for tasks to queue
[2024-08-27T17:09:50.495+0000] {logging_mixin.py:190} INFO - [2024-08-27T17:09:50.494+0000] {dagbag.py:587} INFO - Filling up the DagBag from /home/airflow/.local/lib/python3.12/site-packages/airflow/example_dags/example_task_group_decorator.py
[2024-08-27T17:09:50.528+0000] {processor.py:925} INFO - DAG(s) 'example_task_group_decorator' retrieved from /home/airflow/.local/lib/python3.12/site-packages/airflow/example_dags/example_task_group_decorator.py
[2024-08-27T17:09:50.579+0000] {logging_mixin.py:190} INFO - [2024-08-27T17:09:50.578+0000] {dag.py:3211} INFO - Sync 1 DAGs
[2024-08-27T17:09:50.625+0000] {logging_mixin.py:190} INFO - [2024-08-27T17:09:50.625+0000] {dag.py:4138} INFO - Setting next_dagrun for example_task_group_decorator to 2024-08-26 00:00:00+00:00, run_after=2024-08-27 00:00:00+00:00
[2024-08-27T17:09:50.659+0000] {processor.py:208} INFO - Processing /home/airflow/.local/lib/python3.12/site-packages/airflow/example_dags/example_task_group_decorator.py took 0.179 seconds
[2024-08-27T17:10:20.768+0000] {processor.py:186} INFO - Started process (PID=737) to work on /home/airflow/.local/lib/python3.12/site-packages/airflow/example_dags/example_task_group_decorator.py
[2024-08-27T17:10:20.770+0000] {processor.py:914} INFO - Processing file /home/airflow/.local/lib/python3.12/site-packages/airflow/example_dags/example_task_group_decorator.py for tasks to queue
[2024-08-27T17:10:20.774+0000] {logging_mixin.py:190} INFO - [2024-08-27T17:10:20.774+0000] {dagbag.py:587} INFO - Filling up the DagBag from /home/airflow/.local/lib/python3.12/site-packages/airflow/example_dags/example_task_group_decorator.py
[2024-08-27T17:10:20.797+0000] {processor.py:925} INFO - DAG(s) 'example_task_group_decorator' retrieved from /home/airflow/.local/lib/python3.12/site-packages/airflow/example_dags/example_task_group_decorator.py
[2024-08-27T17:10:20.835+0000] {logging_mixin.py:190} INFO - [2024-08-27T17:10:20.835+0000] {dag.py:3211} INFO - Sync 1 DAGs
[2024-08-27T17:10:20.870+0000] {logging_mixin.py:190} INFO - [2024-08-27T17:10:20.870+0000] {dag.py:4138} INFO - Setting next_dagrun for example_task_group_decorator to 2024-08-26 00:00:00+00:00, run_after=2024-08-27 00:00:00+00:00
[2024-08-27T17:10:20.905+0000] {processor.py:208} INFO - Processing /home/airflow/.local/lib/python3.12/site-packages/airflow/example_dags/example_task_group_decorator.py took 0.145 seconds
[2024-08-27T17:10:51.429+0000] {processor.py:186} INFO - Started process (PID=799) to work on /home/airflow/.local/lib/python3.12/site-packages/airflow/example_dags/example_task_group_decorator.py
[2024-08-27T17:10:51.431+0000] {processor.py:914} INFO - Processing file /home/airflow/.local/lib/python3.12/site-packages/airflow/example_dags/example_task_group_decorator.py for tasks to queue
[2024-08-27T17:10:51.437+0000] {logging_mixin.py:190} INFO - [2024-08-27T17:10:51.436+0000] {dagbag.py:587} INFO - Filling up the DagBag from /home/airflow/.local/lib/python3.12/site-packages/airflow/example_dags/example_task_group_decorator.py
[2024-08-27T17:10:51.473+0000] {processor.py:925} INFO - DAG(s) 'example_task_group_decorator' retrieved from /home/airflow/.local/lib/python3.12/site-packages/airflow/example_dags/example_task_group_decorator.py
[2024-08-27T17:10:51.517+0000] {logging_mixin.py:190} INFO - [2024-08-27T17:10:51.517+0000] {dag.py:3211} INFO - Sync 1 DAGs
[2024-08-27T17:10:51.565+0000] {logging_mixin.py:190} INFO - [2024-08-27T17:10:51.565+0000] {dag.py:4138} INFO - Setting next_dagrun for example_task_group_decorator to 2024-08-26 00:00:00+00:00, run_after=2024-08-27 00:00:00+00:00
[2024-08-27T17:10:51.607+0000] {processor.py:208} INFO - Processing /home/airflow/.local/lib/python3.12/site-packages/airflow/example_dags/example_task_group_decorator.py took 0.190 seconds
[2024-08-27T17:11:21.795+0000] {processor.py:186} INFO - Started process (PID=861) to work on /home/airflow/.local/lib/python3.12/site-packages/airflow/example_dags/example_task_group_decorator.py
[2024-08-27T17:11:21.797+0000] {processor.py:914} INFO - Processing file /home/airflow/.local/lib/python3.12/site-packages/airflow/example_dags/example_task_group_decorator.py for tasks to queue
[2024-08-27T17:11:21.802+0000] {logging_mixin.py:190} INFO - [2024-08-27T17:11:21.802+0000] {dagbag.py:587} INFO - Filling up the DagBag from /home/airflow/.local/lib/python3.12/site-packages/airflow/example_dags/example_task_group_decorator.py
[2024-08-27T17:11:21.837+0000] {processor.py:925} INFO - DAG(s) 'example_task_group_decorator' retrieved from /home/airflow/.local/lib/python3.12/site-packages/airflow/example_dags/example_task_group_decorator.py
[2024-08-27T17:11:21.903+0000] {logging_mixin.py:190} INFO - [2024-08-27T17:11:21.902+0000] {dag.py:3211} INFO - Sync 1 DAGs
[2024-08-27T17:11:21.943+0000] {logging_mixin.py:190} INFO - [2024-08-27T17:11:21.943+0000] {dag.py:4138} INFO - Setting next_dagrun for example_task_group_decorator to 2024-08-26 00:00:00+00:00, run_after=2024-08-27 00:00:00+00:00
[2024-08-27T17:11:21.971+0000] {processor.py:208} INFO - Processing /home/airflow/.local/lib/python3.12/site-packages/airflow/example_dags/example_task_group_decorator.py took 0.188 seconds
[2024-08-27T17:11:52.122+0000] {processor.py:186} INFO - Started process (PID=923) to work on /home/airflow/.local/lib/python3.12/site-packages/airflow/example_dags/example_task_group_decorator.py
[2024-08-27T17:11:52.123+0000] {processor.py:914} INFO - Processing file /home/airflow/.local/lib/python3.12/site-packages/airflow/example_dags/example_task_group_decorator.py for tasks to queue
[2024-08-27T17:11:52.128+0000] {logging_mixin.py:190} INFO - [2024-08-27T17:11:52.127+0000] {dagbag.py:587} INFO - Filling up the DagBag from /home/airflow/.local/lib/python3.12/site-packages/airflow/example_dags/example_task_group_decorator.py
[2024-08-27T17:11:52.149+0000] {processor.py:925} INFO - DAG(s) 'example_task_group_decorator' retrieved from /home/airflow/.local/lib/python3.12/site-packages/airflow/example_dags/example_task_group_decorator.py
[2024-08-27T17:11:52.186+0000] {logging_mixin.py:190} INFO - [2024-08-27T17:11:52.185+0000] {dag.py:3211} INFO - Sync 1 DAGs
[2024-08-27T17:11:52.217+0000] {logging_mixin.py:190} INFO - [2024-08-27T17:11:52.217+0000] {dag.py:4138} INFO - Setting next_dagrun for example_task_group_decorator to 2024-08-26 00:00:00+00:00, run_after=2024-08-27 00:00:00+00:00
[2024-08-27T17:11:52.263+0000] {processor.py:208} INFO - Processing /home/airflow/.local/lib/python3.12/site-packages/airflow/example_dags/example_task_group_decorator.py took 0.149 seconds
[2024-08-27T17:12:22.919+0000] {processor.py:186} INFO - Started process (PID=985) to work on /home/airflow/.local/lib/python3.12/site-packages/airflow/example_dags/example_task_group_decorator.py
[2024-08-27T17:12:22.920+0000] {processor.py:914} INFO - Processing file /home/airflow/.local/lib/python3.12/site-packages/airflow/example_dags/example_task_group_decorator.py for tasks to queue
[2024-08-27T17:12:22.923+0000] {logging_mixin.py:190} INFO - [2024-08-27T17:12:22.923+0000] {dagbag.py:587} INFO - Filling up the DagBag from /home/airflow/.local/lib/python3.12/site-packages/airflow/example_dags/example_task_group_decorator.py
[2024-08-27T17:12:22.945+0000] {processor.py:925} INFO - DAG(s) 'example_task_group_decorator' retrieved from /home/airflow/.local/lib/python3.12/site-packages/airflow/example_dags/example_task_group_decorator.py
[2024-08-27T17:12:22.983+0000] {logging_mixin.py:190} INFO - [2024-08-27T17:12:22.982+0000] {dag.py:3211} INFO - Sync 1 DAGs
[2024-08-27T17:12:23.024+0000] {logging_mixin.py:190} INFO - [2024-08-27T17:12:23.024+0000] {dag.py:4138} INFO - Setting next_dagrun for example_task_group_decorator to 2024-08-26 00:00:00+00:00, run_after=2024-08-27 00:00:00+00:00
[2024-08-27T17:12:23.064+0000] {processor.py:208} INFO - Processing /home/airflow/.local/lib/python3.12/site-packages/airflow/example_dags/example_task_group_decorator.py took 0.155 seconds
[2024-08-27T17:12:53.477+0000] {processor.py:186} INFO - Started process (PID=1047) to work on /home/airflow/.local/lib/python3.12/site-packages/airflow/example_dags/example_task_group_decorator.py
[2024-08-27T17:12:53.479+0000] {processor.py:914} INFO - Processing file /home/airflow/.local/lib/python3.12/site-packages/airflow/example_dags/example_task_group_decorator.py for tasks to queue
[2024-08-27T17:12:53.484+0000] {logging_mixin.py:190} INFO - [2024-08-27T17:12:53.483+0000] {dagbag.py:587} INFO - Filling up the DagBag from /home/airflow/.local/lib/python3.12/site-packages/airflow/example_dags/example_task_group_decorator.py
[2024-08-27T17:12:53.504+0000] {processor.py:925} INFO - DAG(s) 'example_task_group_decorator' retrieved from /home/airflow/.local/lib/python3.12/site-packages/airflow/example_dags/example_task_group_decorator.py
[2024-08-27T17:12:53.544+0000] {logging_mixin.py:190} INFO - [2024-08-27T17:12:53.544+0000] {dag.py:3211} INFO - Sync 1 DAGs
[2024-08-27T17:12:53.597+0000] {logging_mixin.py:190} INFO - [2024-08-27T17:12:53.597+0000] {dag.py:4138} INFO - Setting next_dagrun for example_task_group_decorator to 2024-08-26 00:00:00+00:00, run_after=2024-08-27 00:00:00+00:00
[2024-08-27T17:12:53.647+0000] {processor.py:208} INFO - Processing /home/airflow/.local/lib/python3.12/site-packages/airflow/example_dags/example_task_group_decorator.py took 0.183 seconds
[2024-08-27T17:13:23.788+0000] {processor.py:186} INFO - Started process (PID=1108) to work on /home/airflow/.local/lib/python3.12/site-packages/airflow/example_dags/example_task_group_decorator.py
[2024-08-27T17:13:23.790+0000] {processor.py:914} INFO - Processing file /home/airflow/.local/lib/python3.12/site-packages/airflow/example_dags/example_task_group_decorator.py for tasks to queue
[2024-08-27T17:13:23.794+0000] {logging_mixin.py:190} INFO - [2024-08-27T17:13:23.793+0000] {dagbag.py:587} INFO - Filling up the DagBag from /home/airflow/.local/lib/python3.12/site-packages/airflow/example_dags/example_task_group_decorator.py
[2024-08-27T17:13:23.819+0000] {processor.py:925} INFO - DAG(s) 'example_task_group_decorator' retrieved from /home/airflow/.local/lib/python3.12/site-packages/airflow/example_dags/example_task_group_decorator.py
[2024-08-27T17:13:23.858+0000] {logging_mixin.py:190} INFO - [2024-08-27T17:13:23.857+0000] {dag.py:3211} INFO - Sync 1 DAGs
[2024-08-27T17:13:23.909+0000] {logging_mixin.py:190} INFO - [2024-08-27T17:13:23.909+0000] {dag.py:4138} INFO - Setting next_dagrun for example_task_group_decorator to 2024-08-26 00:00:00+00:00, run_after=2024-08-27 00:00:00+00:00
[2024-08-27T17:13:23.970+0000] {processor.py:208} INFO - Processing /home/airflow/.local/lib/python3.12/site-packages/airflow/example_dags/example_task_group_decorator.py took 0.192 seconds
[2024-08-27T17:13:54.264+0000] {processor.py:186} INFO - Started process (PID=1170) to work on /home/airflow/.local/lib/python3.12/site-packages/airflow/example_dags/example_task_group_decorator.py
[2024-08-27T17:13:54.266+0000] {processor.py:914} INFO - Processing file /home/airflow/.local/lib/python3.12/site-packages/airflow/example_dags/example_task_group_decorator.py for tasks to queue
[2024-08-27T17:13:54.270+0000] {logging_mixin.py:190} INFO - [2024-08-27T17:13:54.270+0000] {dagbag.py:587} INFO - Filling up the DagBag from /home/airflow/.local/lib/python3.12/site-packages/airflow/example_dags/example_task_group_decorator.py
[2024-08-27T17:13:54.301+0000] {processor.py:925} INFO - DAG(s) 'example_task_group_decorator' retrieved from /home/airflow/.local/lib/python3.12/site-packages/airflow/example_dags/example_task_group_decorator.py
[2024-08-27T17:13:54.354+0000] {logging_mixin.py:190} INFO - [2024-08-27T17:13:54.353+0000] {dag.py:3211} INFO - Sync 1 DAGs
[2024-08-27T17:13:54.402+0000] {logging_mixin.py:190} INFO - [2024-08-27T17:13:54.401+0000] {dag.py:4138} INFO - Setting next_dagrun for example_task_group_decorator to 2024-08-26 00:00:00+00:00, run_after=2024-08-27 00:00:00+00:00
[2024-08-27T17:13:54.441+0000] {processor.py:208} INFO - Processing /home/airflow/.local/lib/python3.12/site-packages/airflow/example_dags/example_task_group_decorator.py took 0.186 seconds
[2024-08-27T17:14:25.007+0000] {processor.py:186} INFO - Started process (PID=1233) to work on /home/airflow/.local/lib/python3.12/site-packages/airflow/example_dags/example_task_group_decorator.py
[2024-08-27T17:14:25.009+0000] {processor.py:914} INFO - Processing file /home/airflow/.local/lib/python3.12/site-packages/airflow/example_dags/example_task_group_decorator.py for tasks to queue
[2024-08-27T17:14:25.012+0000] {logging_mixin.py:190} INFO - [2024-08-27T17:14:25.012+0000] {dagbag.py:587} INFO - Filling up the DagBag from /home/airflow/.local/lib/python3.12/site-packages/airflow/example_dags/example_task_group_decorator.py
[2024-08-27T17:14:25.039+0000] {processor.py:925} INFO - DAG(s) 'example_task_group_decorator' retrieved from /home/airflow/.local/lib/python3.12/site-packages/airflow/example_dags/example_task_group_decorator.py
[2024-08-27T17:14:25.103+0000] {logging_mixin.py:190} INFO - [2024-08-27T17:14:25.102+0000] {dag.py:3211} INFO - Sync 1 DAGs
[2024-08-27T17:14:25.151+0000] {logging_mixin.py:190} INFO - [2024-08-27T17:14:25.151+0000] {dag.py:4138} INFO - Setting next_dagrun for example_task_group_decorator to 2024-08-26 00:00:00+00:00, run_after=2024-08-27 00:00:00+00:00
[2024-08-27T17:14:25.183+0000] {processor.py:208} INFO - Processing /home/airflow/.local/lib/python3.12/site-packages/airflow/example_dags/example_task_group_decorator.py took 0.185 seconds
[2024-08-27T17:14:55.716+0000] {processor.py:186} INFO - Started process (PID=1295) to work on /home/airflow/.local/lib/python3.12/site-packages/airflow/example_dags/example_task_group_decorator.py
[2024-08-27T17:14:55.718+0000] {processor.py:914} INFO - Processing file /home/airflow/.local/lib/python3.12/site-packages/airflow/example_dags/example_task_group_decorator.py for tasks to queue
[2024-08-27T17:14:55.722+0000] {logging_mixin.py:190} INFO - [2024-08-27T17:14:55.721+0000] {dagbag.py:587} INFO - Filling up the DagBag from /home/airflow/.local/lib/python3.12/site-packages/airflow/example_dags/example_task_group_decorator.py
[2024-08-27T17:14:55.749+0000] {processor.py:925} INFO - DAG(s) 'example_task_group_decorator' retrieved from /home/airflow/.local/lib/python3.12/site-packages/airflow/example_dags/example_task_group_decorator.py
[2024-08-27T17:14:55.793+0000] {logging_mixin.py:190} INFO - [2024-08-27T17:14:55.792+0000] {dag.py:3211} INFO - Sync 1 DAGs
[2024-08-27T17:14:55.832+0000] {logging_mixin.py:190} INFO - [2024-08-27T17:14:55.831+0000] {dag.py:4138} INFO - Setting next_dagrun for example_task_group_decorator to 2024-08-26 00:00:00+00:00, run_after=2024-08-27 00:00:00+00:00
[2024-08-27T17:14:55.867+0000] {processor.py:208} INFO - Processing /home/airflow/.local/lib/python3.12/site-packages/airflow/example_dags/example_task_group_decorator.py took 0.160 seconds
[2024-08-27T17:15:26.501+0000] {processor.py:186} INFO - Started process (PID=1357) to work on /home/airflow/.local/lib/python3.12/site-packages/airflow/example_dags/example_task_group_decorator.py
[2024-08-27T17:15:26.503+0000] {processor.py:914} INFO - Processing file /home/airflow/.local/lib/python3.12/site-packages/airflow/example_dags/example_task_group_decorator.py for tasks to queue
[2024-08-27T17:15:26.508+0000] {logging_mixin.py:190} INFO - [2024-08-27T17:15:26.507+0000] {dagbag.py:587} INFO - Filling up the DagBag from /home/airflow/.local/lib/python3.12/site-packages/airflow/example_dags/example_task_group_decorator.py
[2024-08-27T17:15:26.545+0000] {processor.py:925} INFO - DAG(s) 'example_task_group_decorator' retrieved from /home/airflow/.local/lib/python3.12/site-packages/airflow/example_dags/example_task_group_decorator.py
[2024-08-27T17:15:26.591+0000] {logging_mixin.py:190} INFO - [2024-08-27T17:15:26.590+0000] {dag.py:3211} INFO - Sync 1 DAGs
[2024-08-27T17:15:26.632+0000] {logging_mixin.py:190} INFO - [2024-08-27T17:15:26.632+0000] {dag.py:4138} INFO - Setting next_dagrun for example_task_group_decorator to 2024-08-26 00:00:00+00:00, run_after=2024-08-27 00:00:00+00:00
[2024-08-27T17:15:26.671+0000] {processor.py:208} INFO - Processing /home/airflow/.local/lib/python3.12/site-packages/airflow/example_dags/example_task_group_decorator.py took 0.184 seconds
[2024-08-27T17:15:57.127+0000] {processor.py:186} INFO - Started process (PID=1419) to work on /home/airflow/.local/lib/python3.12/site-packages/airflow/example_dags/example_task_group_decorator.py
[2024-08-27T17:15:57.129+0000] {processor.py:914} INFO - Processing file /home/airflow/.local/lib/python3.12/site-packages/airflow/example_dags/example_task_group_decorator.py for tasks to queue
[2024-08-27T17:15:57.134+0000] {logging_mixin.py:190} INFO - [2024-08-27T17:15:57.133+0000] {dagbag.py:587} INFO - Filling up the DagBag from /home/airflow/.local/lib/python3.12/site-packages/airflow/example_dags/example_task_group_decorator.py
[2024-08-27T17:15:57.163+0000] {processor.py:925} INFO - DAG(s) 'example_task_group_decorator' retrieved from /home/airflow/.local/lib/python3.12/site-packages/airflow/example_dags/example_task_group_decorator.py
[2024-08-27T17:15:57.203+0000] {logging_mixin.py:190} INFO - [2024-08-27T17:15:57.203+0000] {dag.py:3211} INFO - Sync 1 DAGs
[2024-08-27T17:15:57.238+0000] {logging_mixin.py:190} INFO - [2024-08-27T17:15:57.238+0000] {dag.py:4138} INFO - Setting next_dagrun for example_task_group_decorator to 2024-08-26 00:00:00+00:00, run_after=2024-08-27 00:00:00+00:00
[2024-08-27T17:15:57.270+0000] {processor.py:208} INFO - Processing /home/airflow/.local/lib/python3.12/site-packages/airflow/example_dags/example_task_group_decorator.py took 0.154 seconds
[2024-08-27T17:16:27.974+0000] {processor.py:186} INFO - Started process (PID=1481) to work on /home/airflow/.local/lib/python3.12/site-packages/airflow/example_dags/example_task_group_decorator.py
[2024-08-27T17:16:27.976+0000] {processor.py:914} INFO - Processing file /home/airflow/.local/lib/python3.12/site-packages/airflow/example_dags/example_task_group_decorator.py for tasks to queue
[2024-08-27T17:16:27.980+0000] {logging_mixin.py:190} INFO - [2024-08-27T17:16:27.979+0000] {dagbag.py:587} INFO - Filling up the DagBag from /home/airflow/.local/lib/python3.12/site-packages/airflow/example_dags/example_task_group_decorator.py
[2024-08-27T17:16:28.005+0000] {processor.py:925} INFO - DAG(s) 'example_task_group_decorator' retrieved from /home/airflow/.local/lib/python3.12/site-packages/airflow/example_dags/example_task_group_decorator.py
[2024-08-27T17:16:28.048+0000] {logging_mixin.py:190} INFO - [2024-08-27T17:16:28.048+0000] {dag.py:3211} INFO - Sync 1 DAGs
[2024-08-27T17:16:28.084+0000] {logging_mixin.py:190} INFO - [2024-08-27T17:16:28.083+0000] {dag.py:4138} INFO - Setting next_dagrun for example_task_group_decorator to 2024-08-26 00:00:00+00:00, run_after=2024-08-27 00:00:00+00:00
[2024-08-27T17:16:28.121+0000] {processor.py:208} INFO - Processing /home/airflow/.local/lib/python3.12/site-packages/airflow/example_dags/example_task_group_decorator.py took 0.157 seconds
[2024-08-27T17:16:58.357+0000] {processor.py:186} INFO - Started process (PID=1542) to work on /home/airflow/.local/lib/python3.12/site-packages/airflow/example_dags/example_task_group_decorator.py
[2024-08-27T17:16:58.359+0000] {processor.py:914} INFO - Processing file /home/airflow/.local/lib/python3.12/site-packages/airflow/example_dags/example_task_group_decorator.py for tasks to queue
[2024-08-27T17:16:58.364+0000] {logging_mixin.py:190} INFO - [2024-08-27T17:16:58.363+0000] {dagbag.py:587} INFO - Filling up the DagBag from /home/airflow/.local/lib/python3.12/site-packages/airflow/example_dags/example_task_group_decorator.py
[2024-08-27T17:16:58.415+0000] {processor.py:925} INFO - DAG(s) 'example_task_group_decorator' retrieved from /home/airflow/.local/lib/python3.12/site-packages/airflow/example_dags/example_task_group_decorator.py
[2024-08-27T17:16:58.473+0000] {logging_mixin.py:190} INFO - [2024-08-27T17:16:58.472+0000] {dag.py:3211} INFO - Sync 1 DAGs
[2024-08-27T17:16:58.519+0000] {logging_mixin.py:190} INFO - [2024-08-27T17:16:58.519+0000] {dag.py:4138} INFO - Setting next_dagrun for example_task_group_decorator to 2024-08-26 00:00:00+00:00, run_after=2024-08-27 00:00:00+00:00
[2024-08-27T17:16:58.556+0000] {processor.py:208} INFO - Processing /home/airflow/.local/lib/python3.12/site-packages/airflow/example_dags/example_task_group_decorator.py took 0.219 seconds
