[2024-08-27T17:04:40.446+0000] {processor.py:186} INFO - Started process (PID=41) to work on /home/airflow/.local/lib/python3.12/site-packages/airflow/example_dags/example_dag_decorator.py
[2024-08-27T17:04:40.449+0000] {processor.py:914} INFO - Processing file /home/airflow/.local/lib/python3.12/site-packages/airflow/example_dags/example_dag_decorator.py for tasks to queue
[2024-08-27T17:04:40.454+0000] {logging_mixin.py:190} INFO - [2024-08-27T17:04:40.453+0000] {dagbag.py:587} INFO - Filling up the DagBag from /home/airflow/.local/lib/python3.12/site-packages/airflow/example_dags/example_dag_decorator.py
[2024-08-27T17:04:40.501+0000] {processor.py:925} INFO - DAG(s) 'example_dag_decorator' retrieved from /home/airflow/.local/lib/python3.12/site-packages/airflow/example_dags/example_dag_decorator.py
[2024-08-27T17:04:40.880+0000] {logging_mixin.py:190} INFO - [2024-08-27T17:04:40.878+0000] {override.py:1858} INFO - Created Permission View: can edit on DAG:example_dag_decorator
[2024-08-27T17:04:40.904+0000] {logging_mixin.py:190} INFO - [2024-08-27T17:04:40.904+0000] {override.py:1858} INFO - Created Permission View: can read on DAG:example_dag_decorator
[2024-08-27T17:04:40.918+0000] {logging_mixin.py:190} INFO - [2024-08-27T17:04:40.917+0000] {override.py:1858} INFO - Created Permission View: can delete on DAG:example_dag_decorator
[2024-08-27T17:04:40.919+0000] {logging_mixin.py:190} INFO - [2024-08-27T17:04:40.919+0000] {dag.py:3211} INFO - Sync 1 DAGs
[2024-08-27T17:04:40.944+0000] {logging_mixin.py:190} INFO - [2024-08-27T17:04:40.944+0000] {dag.py:3234} INFO - Creating ORM DAG for example_dag_decorator
[2024-08-27T17:04:40.946+0000] {logging_mixin.py:190} INFO - [2024-08-27T17:04:40.945+0000] {dag.py:4138} INFO - Setting next_dagrun for example_dag_decorator to None, run_after=None
[2024-08-27T17:04:40.979+0000] {processor.py:208} INFO - Processing /home/airflow/.local/lib/python3.12/site-packages/airflow/example_dags/example_dag_decorator.py took 0.549 seconds
[2024-08-27T17:05:11.889+0000] {processor.py:186} INFO - Started process (PID=103) to work on /home/airflow/.local/lib/python3.12/site-packages/airflow/example_dags/example_dag_decorator.py
[2024-08-27T17:05:11.890+0000] {processor.py:914} INFO - Processing file /home/airflow/.local/lib/python3.12/site-packages/airflow/example_dags/example_dag_decorator.py for tasks to queue
[2024-08-27T17:05:11.898+0000] {logging_mixin.py:190} INFO - [2024-08-27T17:05:11.897+0000] {dagbag.py:587} INFO - Filling up the DagBag from /home/airflow/.local/lib/python3.12/site-packages/airflow/example_dags/example_dag_decorator.py
[2024-08-27T17:05:11.924+0000] {processor.py:925} INFO - DAG(s) 'example_dag_decorator' retrieved from /home/airflow/.local/lib/python3.12/site-packages/airflow/example_dags/example_dag_decorator.py
[2024-08-27T17:05:12.116+0000] {logging_mixin.py:190} INFO - [2024-08-27T17:05:12.115+0000] {dag.py:3211} INFO - Sync 1 DAGs
[2024-08-27T17:05:12.139+0000] {logging_mixin.py:190} INFO - [2024-08-27T17:05:12.139+0000] {dag.py:4138} INFO - Setting next_dagrun for example_dag_decorator to None, run_after=None
[2024-08-27T17:05:12.190+0000] {processor.py:208} INFO - Processing /home/airflow/.local/lib/python3.12/site-packages/airflow/example_dags/example_dag_decorator.py took 0.311 seconds
[2024-08-27T17:05:43.108+0000] {processor.py:186} INFO - Started process (PID=165) to work on /home/airflow/.local/lib/python3.12/site-packages/airflow/example_dags/example_dag_decorator.py
[2024-08-27T17:05:43.110+0000] {processor.py:914} INFO - Processing file /home/airflow/.local/lib/python3.12/site-packages/airflow/example_dags/example_dag_decorator.py for tasks to queue
[2024-08-27T17:05:43.115+0000] {logging_mixin.py:190} INFO - [2024-08-27T17:05:43.114+0000] {dagbag.py:587} INFO - Filling up the DagBag from /home/airflow/.local/lib/python3.12/site-packages/airflow/example_dags/example_dag_decorator.py
[2024-08-27T17:05:43.140+0000] {processor.py:925} INFO - DAG(s) 'example_dag_decorator' retrieved from /home/airflow/.local/lib/python3.12/site-packages/airflow/example_dags/example_dag_decorator.py
[2024-08-27T17:05:43.334+0000] {logging_mixin.py:190} INFO - [2024-08-27T17:05:43.333+0000] {dag.py:3211} INFO - Sync 1 DAGs
[2024-08-27T17:05:43.358+0000] {logging_mixin.py:190} INFO - [2024-08-27T17:05:43.358+0000] {dag.py:4138} INFO - Setting next_dagrun for example_dag_decorator to None, run_after=None
[2024-08-27T17:05:43.390+0000] {processor.py:208} INFO - Processing /home/airflow/.local/lib/python3.12/site-packages/airflow/example_dags/example_dag_decorator.py took 0.293 seconds
[2024-08-27T17:06:13.524+0000] {processor.py:186} INFO - Started process (PID=227) to work on /home/airflow/.local/lib/python3.12/site-packages/airflow/example_dags/example_dag_decorator.py
[2024-08-27T17:06:13.526+0000] {processor.py:914} INFO - Processing file /home/airflow/.local/lib/python3.12/site-packages/airflow/example_dags/example_dag_decorator.py for tasks to queue
[2024-08-27T17:06:13.530+0000] {logging_mixin.py:190} INFO - [2024-08-27T17:06:13.529+0000] {dagbag.py:587} INFO - Filling up the DagBag from /home/airflow/.local/lib/python3.12/site-packages/airflow/example_dags/example_dag_decorator.py
[2024-08-27T17:06:13.546+0000] {processor.py:925} INFO - DAG(s) 'example_dag_decorator' retrieved from /home/airflow/.local/lib/python3.12/site-packages/airflow/example_dags/example_dag_decorator.py
[2024-08-27T17:06:13.696+0000] {logging_mixin.py:190} INFO - [2024-08-27T17:06:13.696+0000] {dag.py:3211} INFO - Sync 1 DAGs
[2024-08-27T17:06:13.721+0000] {logging_mixin.py:190} INFO - [2024-08-27T17:06:13.721+0000] {dag.py:4138} INFO - Setting next_dagrun for example_dag_decorator to None, run_after=None
[2024-08-27T17:06:13.755+0000] {processor.py:208} INFO - Processing /home/airflow/.local/lib/python3.12/site-packages/airflow/example_dags/example_dag_decorator.py took 0.241 seconds
[2024-08-27T17:06:44.324+0000] {processor.py:186} INFO - Started process (PID=289) to work on /home/airflow/.local/lib/python3.12/site-packages/airflow/example_dags/example_dag_decorator.py
[2024-08-27T17:06:44.326+0000] {processor.py:914} INFO - Processing file /home/airflow/.local/lib/python3.12/site-packages/airflow/example_dags/example_dag_decorator.py for tasks to queue
[2024-08-27T17:06:44.330+0000] {logging_mixin.py:190} INFO - [2024-08-27T17:06:44.329+0000] {dagbag.py:587} INFO - Filling up the DagBag from /home/airflow/.local/lib/python3.12/site-packages/airflow/example_dags/example_dag_decorator.py
[2024-08-27T17:06:44.347+0000] {processor.py:925} INFO - DAG(s) 'example_dag_decorator' retrieved from /home/airflow/.local/lib/python3.12/site-packages/airflow/example_dags/example_dag_decorator.py
[2024-08-27T17:06:44.649+0000] {logging_mixin.py:190} INFO - [2024-08-27T17:06:44.649+0000] {dag.py:3211} INFO - Sync 1 DAGs
[2024-08-27T17:06:44.686+0000] {logging_mixin.py:190} INFO - [2024-08-27T17:06:44.686+0000] {dag.py:4138} INFO - Setting next_dagrun for example_dag_decorator to None, run_after=None
[2024-08-27T17:06:44.729+0000] {processor.py:208} INFO - Processing /home/airflow/.local/lib/python3.12/site-packages/airflow/example_dags/example_dag_decorator.py took 0.414 seconds
[2024-08-27T17:07:15.087+0000] {processor.py:186} INFO - Started process (PID=351) to work on /home/airflow/.local/lib/python3.12/site-packages/airflow/example_dags/example_dag_decorator.py
[2024-08-27T17:07:15.089+0000] {processor.py:914} INFO - Processing file /home/airflow/.local/lib/python3.12/site-packages/airflow/example_dags/example_dag_decorator.py for tasks to queue
[2024-08-27T17:07:15.094+0000] {logging_mixin.py:190} INFO - [2024-08-27T17:07:15.094+0000] {dagbag.py:587} INFO - Filling up the DagBag from /home/airflow/.local/lib/python3.12/site-packages/airflow/example_dags/example_dag_decorator.py
[2024-08-27T17:07:15.121+0000] {processor.py:925} INFO - DAG(s) 'example_dag_decorator' retrieved from /home/airflow/.local/lib/python3.12/site-packages/airflow/example_dags/example_dag_decorator.py
[2024-08-27T17:07:15.280+0000] {logging_mixin.py:190} INFO - [2024-08-27T17:07:15.279+0000] {dag.py:3211} INFO - Sync 1 DAGs
[2024-08-27T17:07:15.299+0000] {logging_mixin.py:190} INFO - [2024-08-27T17:07:15.299+0000] {dag.py:4138} INFO - Setting next_dagrun for example_dag_decorator to None, run_after=None
[2024-08-27T17:07:15.331+0000] {processor.py:208} INFO - Processing /home/airflow/.local/lib/python3.12/site-packages/airflow/example_dags/example_dag_decorator.py took 0.256 seconds
[2024-08-27T17:07:45.557+0000] {processor.py:186} INFO - Started process (PID=413) to work on /home/airflow/.local/lib/python3.12/site-packages/airflow/example_dags/example_dag_decorator.py
[2024-08-27T17:07:45.558+0000] {processor.py:914} INFO - Processing file /home/airflow/.local/lib/python3.12/site-packages/airflow/example_dags/example_dag_decorator.py for tasks to queue
[2024-08-27T17:07:45.564+0000] {logging_mixin.py:190} INFO - [2024-08-27T17:07:45.563+0000] {dagbag.py:587} INFO - Filling up the DagBag from /home/airflow/.local/lib/python3.12/site-packages/airflow/example_dags/example_dag_decorator.py
[2024-08-27T17:07:45.581+0000] {processor.py:925} INFO - DAG(s) 'example_dag_decorator' retrieved from /home/airflow/.local/lib/python3.12/site-packages/airflow/example_dags/example_dag_decorator.py
[2024-08-27T17:07:45.784+0000] {logging_mixin.py:190} INFO - [2024-08-27T17:07:45.784+0000] {dag.py:3211} INFO - Sync 1 DAGs
[2024-08-27T17:07:45.805+0000] {logging_mixin.py:190} INFO - [2024-08-27T17:07:45.804+0000] {dag.py:4138} INFO - Setting next_dagrun for example_dag_decorator to None, run_after=None
[2024-08-27T17:07:45.838+0000] {processor.py:208} INFO - Processing /home/airflow/.local/lib/python3.12/site-packages/airflow/example_dags/example_dag_decorator.py took 0.289 seconds
[2024-08-27T17:08:16.013+0000] {processor.py:186} INFO - Started process (PID=475) to work on /home/airflow/.local/lib/python3.12/site-packages/airflow/example_dags/example_dag_decorator.py
[2024-08-27T17:08:16.015+0000] {processor.py:914} INFO - Processing file /home/airflow/.local/lib/python3.12/site-packages/airflow/example_dags/example_dag_decorator.py for tasks to queue
[2024-08-27T17:08:16.019+0000] {logging_mixin.py:190} INFO - [2024-08-27T17:08:16.019+0000] {dagbag.py:587} INFO - Filling up the DagBag from /home/airflow/.local/lib/python3.12/site-packages/airflow/example_dags/example_dag_decorator.py
[2024-08-27T17:08:16.037+0000] {processor.py:925} INFO - DAG(s) 'example_dag_decorator' retrieved from /home/airflow/.local/lib/python3.12/site-packages/airflow/example_dags/example_dag_decorator.py
[2024-08-27T17:08:16.243+0000] {logging_mixin.py:190} INFO - [2024-08-27T17:08:16.243+0000] {dag.py:3211} INFO - Sync 1 DAGs
[2024-08-27T17:08:16.264+0000] {logging_mixin.py:190} INFO - [2024-08-27T17:08:16.264+0000] {dag.py:4138} INFO - Setting next_dagrun for example_dag_decorator to None, run_after=None
[2024-08-27T17:08:16.311+0000] {processor.py:208} INFO - Processing /home/airflow/.local/lib/python3.12/site-packages/airflow/example_dags/example_dag_decorator.py took 0.310 seconds
[2024-08-27T17:08:46.549+0000] {processor.py:186} INFO - Started process (PID=537) to work on /home/airflow/.local/lib/python3.12/site-packages/airflow/example_dags/example_dag_decorator.py
[2024-08-27T17:08:46.551+0000] {processor.py:914} INFO - Processing file /home/airflow/.local/lib/python3.12/site-packages/airflow/example_dags/example_dag_decorator.py for tasks to queue
[2024-08-27T17:08:46.556+0000] {logging_mixin.py:190} INFO - [2024-08-27T17:08:46.555+0000] {dagbag.py:587} INFO - Filling up the DagBag from /home/airflow/.local/lib/python3.12/site-packages/airflow/example_dags/example_dag_decorator.py
[2024-08-27T17:08:46.574+0000] {processor.py:925} INFO - DAG(s) 'example_dag_decorator' retrieved from /home/airflow/.local/lib/python3.12/site-packages/airflow/example_dags/example_dag_decorator.py
[2024-08-27T17:08:46.743+0000] {logging_mixin.py:190} INFO - [2024-08-27T17:08:46.743+0000] {dag.py:3211} INFO - Sync 1 DAGs
[2024-08-27T17:08:46.773+0000] {logging_mixin.py:190} INFO - [2024-08-27T17:08:46.772+0000] {dag.py:4138} INFO - Setting next_dagrun for example_dag_decorator to None, run_after=None
[2024-08-27T17:08:46.819+0000] {processor.py:208} INFO - Processing /home/airflow/.local/lib/python3.12/site-packages/airflow/example_dags/example_dag_decorator.py took 0.282 seconds
[2024-08-27T17:09:17.424+0000] {processor.py:186} INFO - Started process (PID=599) to work on /home/airflow/.local/lib/python3.12/site-packages/airflow/example_dags/example_dag_decorator.py
[2024-08-27T17:09:17.426+0000] {processor.py:914} INFO - Processing file /home/airflow/.local/lib/python3.12/site-packages/airflow/example_dags/example_dag_decorator.py for tasks to queue
[2024-08-27T17:09:17.431+0000] {logging_mixin.py:190} INFO - [2024-08-27T17:09:17.431+0000] {dagbag.py:587} INFO - Filling up the DagBag from /home/airflow/.local/lib/python3.12/site-packages/airflow/example_dags/example_dag_decorator.py
[2024-08-27T17:09:17.468+0000] {processor.py:925} INFO - DAG(s) 'example_dag_decorator' retrieved from /home/airflow/.local/lib/python3.12/site-packages/airflow/example_dags/example_dag_decorator.py
[2024-08-27T17:09:17.522+0000] {logging_mixin.py:190} INFO - [2024-08-27T17:09:17.522+0000] {dag.py:3211} INFO - Sync 1 DAGs
[2024-08-27T17:09:17.578+0000] {logging_mixin.py:190} INFO - [2024-08-27T17:09:17.578+0000] {dag.py:4138} INFO - Setting next_dagrun for example_dag_decorator to None, run_after=None
[2024-08-27T17:09:17.636+0000] {processor.py:208} INFO - Processing /home/airflow/.local/lib/python3.12/site-packages/airflow/example_dags/example_dag_decorator.py took 0.223 seconds
[2024-08-27T17:09:48.054+0000] {processor.py:186} INFO - Started process (PID=661) to work on /home/airflow/.local/lib/python3.12/site-packages/airflow/example_dags/example_dag_decorator.py
[2024-08-27T17:09:48.056+0000] {processor.py:914} INFO - Processing file /home/airflow/.local/lib/python3.12/site-packages/airflow/example_dags/example_dag_decorator.py for tasks to queue
[2024-08-27T17:09:48.060+0000] {logging_mixin.py:190} INFO - [2024-08-27T17:09:48.059+0000] {dagbag.py:587} INFO - Filling up the DagBag from /home/airflow/.local/lib/python3.12/site-packages/airflow/example_dags/example_dag_decorator.py
[2024-08-27T17:09:48.075+0000] {processor.py:925} INFO - DAG(s) 'example_dag_decorator' retrieved from /home/airflow/.local/lib/python3.12/site-packages/airflow/example_dags/example_dag_decorator.py
[2024-08-27T17:09:48.223+0000] {logging_mixin.py:190} INFO - [2024-08-27T17:09:48.223+0000] {dag.py:3211} INFO - Sync 1 DAGs
[2024-08-27T17:09:48.243+0000] {logging_mixin.py:190} INFO - [2024-08-27T17:09:48.242+0000] {dag.py:4138} INFO - Setting next_dagrun for example_dag_decorator to None, run_after=None
[2024-08-27T17:09:48.278+0000] {processor.py:208} INFO - Processing /home/airflow/.local/lib/python3.12/site-packages/airflow/example_dags/example_dag_decorator.py took 0.232 seconds
[2024-08-27T17:10:18.367+0000] {processor.py:186} INFO - Started process (PID=723) to work on /home/airflow/.local/lib/python3.12/site-packages/airflow/example_dags/example_dag_decorator.py
[2024-08-27T17:10:18.368+0000] {processor.py:914} INFO - Processing file /home/airflow/.local/lib/python3.12/site-packages/airflow/example_dags/example_dag_decorator.py for tasks to queue
[2024-08-27T17:10:18.376+0000] {logging_mixin.py:190} INFO - [2024-08-27T17:10:18.375+0000] {dagbag.py:587} INFO - Filling up the DagBag from /home/airflow/.local/lib/python3.12/site-packages/airflow/example_dags/example_dag_decorator.py
[2024-08-27T17:10:18.403+0000] {processor.py:925} INFO - DAG(s) 'example_dag_decorator' retrieved from /home/airflow/.local/lib/python3.12/site-packages/airflow/example_dags/example_dag_decorator.py
[2024-08-27T17:10:18.566+0000] {logging_mixin.py:190} INFO - [2024-08-27T17:10:18.566+0000] {dag.py:3211} INFO - Sync 1 DAGs
[2024-08-27T17:10:18.585+0000] {logging_mixin.py:190} INFO - [2024-08-27T17:10:18.585+0000] {dag.py:4138} INFO - Setting next_dagrun for example_dag_decorator to None, run_after=None
[2024-08-27T17:10:18.614+0000] {processor.py:208} INFO - Processing /home/airflow/.local/lib/python3.12/site-packages/airflow/example_dags/example_dag_decorator.py took 0.258 seconds
[2024-08-27T17:10:49.004+0000] {processor.py:186} INFO - Started process (PID=785) to work on /home/airflow/.local/lib/python3.12/site-packages/airflow/example_dags/example_dag_decorator.py
[2024-08-27T17:10:49.006+0000] {processor.py:914} INFO - Processing file /home/airflow/.local/lib/python3.12/site-packages/airflow/example_dags/example_dag_decorator.py for tasks to queue
[2024-08-27T17:10:49.010+0000] {logging_mixin.py:190} INFO - [2024-08-27T17:10:49.009+0000] {dagbag.py:587} INFO - Filling up the DagBag from /home/airflow/.local/lib/python3.12/site-packages/airflow/example_dags/example_dag_decorator.py
[2024-08-27T17:10:49.026+0000] {processor.py:925} INFO - DAG(s) 'example_dag_decorator' retrieved from /home/airflow/.local/lib/python3.12/site-packages/airflow/example_dags/example_dag_decorator.py
[2024-08-27T17:10:49.183+0000] {logging_mixin.py:190} INFO - [2024-08-27T17:10:49.182+0000] {dag.py:3211} INFO - Sync 1 DAGs
[2024-08-27T17:10:49.206+0000] {logging_mixin.py:190} INFO - [2024-08-27T17:10:49.205+0000] {dag.py:4138} INFO - Setting next_dagrun for example_dag_decorator to None, run_after=None
[2024-08-27T17:10:49.238+0000] {processor.py:208} INFO - Processing /home/airflow/.local/lib/python3.12/site-packages/airflow/example_dags/example_dag_decorator.py took 0.243 seconds
[2024-08-27T17:11:19.377+0000] {processor.py:186} INFO - Started process (PID=847) to work on /home/airflow/.local/lib/python3.12/site-packages/airflow/example_dags/example_dag_decorator.py
[2024-08-27T17:11:19.379+0000] {processor.py:914} INFO - Processing file /home/airflow/.local/lib/python3.12/site-packages/airflow/example_dags/example_dag_decorator.py for tasks to queue
[2024-08-27T17:11:19.383+0000] {logging_mixin.py:190} INFO - [2024-08-27T17:11:19.382+0000] {dagbag.py:587} INFO - Filling up the DagBag from /home/airflow/.local/lib/python3.12/site-packages/airflow/example_dags/example_dag_decorator.py
[2024-08-27T17:11:19.397+0000] {processor.py:925} INFO - DAG(s) 'example_dag_decorator' retrieved from /home/airflow/.local/lib/python3.12/site-packages/airflow/example_dags/example_dag_decorator.py
[2024-08-27T17:11:19.566+0000] {logging_mixin.py:190} INFO - [2024-08-27T17:11:19.566+0000] {dag.py:3211} INFO - Sync 1 DAGs
[2024-08-27T17:11:19.585+0000] {logging_mixin.py:190} INFO - [2024-08-27T17:11:19.585+0000] {dag.py:4138} INFO - Setting next_dagrun for example_dag_decorator to None, run_after=None
[2024-08-27T17:11:19.618+0000] {processor.py:208} INFO - Processing /home/airflow/.local/lib/python3.12/site-packages/airflow/example_dags/example_dag_decorator.py took 0.249 seconds
[2024-08-27T17:11:49.755+0000] {processor.py:186} INFO - Started process (PID=909) to work on /home/airflow/.local/lib/python3.12/site-packages/airflow/example_dags/example_dag_decorator.py
[2024-08-27T17:11:49.756+0000] {processor.py:914} INFO - Processing file /home/airflow/.local/lib/python3.12/site-packages/airflow/example_dags/example_dag_decorator.py for tasks to queue
[2024-08-27T17:11:49.761+0000] {logging_mixin.py:190} INFO - [2024-08-27T17:11:49.760+0000] {dagbag.py:587} INFO - Filling up the DagBag from /home/airflow/.local/lib/python3.12/site-packages/airflow/example_dags/example_dag_decorator.py
[2024-08-27T17:11:49.776+0000] {processor.py:925} INFO - DAG(s) 'example_dag_decorator' retrieved from /home/airflow/.local/lib/python3.12/site-packages/airflow/example_dags/example_dag_decorator.py
[2024-08-27T17:11:49.811+0000] {logging_mixin.py:190} INFO - [2024-08-27T17:11:49.811+0000] {dag.py:3211} INFO - Sync 1 DAGs
[2024-08-27T17:11:49.830+0000] {logging_mixin.py:190} INFO - [2024-08-27T17:11:49.830+0000] {dag.py:4138} INFO - Setting next_dagrun for example_dag_decorator to None, run_after=None
[2024-08-27T17:11:49.861+0000] {processor.py:208} INFO - Processing /home/airflow/.local/lib/python3.12/site-packages/airflow/example_dags/example_dag_decorator.py took 0.115 seconds
[2024-08-27T17:12:20.791+0000] {processor.py:186} INFO - Started process (PID=971) to work on /home/airflow/.local/lib/python3.12/site-packages/airflow/example_dags/example_dag_decorator.py
[2024-08-27T17:12:20.796+0000] {processor.py:914} INFO - Processing file /home/airflow/.local/lib/python3.12/site-packages/airflow/example_dags/example_dag_decorator.py for tasks to queue
[2024-08-27T17:12:20.801+0000] {logging_mixin.py:190} INFO - [2024-08-27T17:12:20.800+0000] {dagbag.py:587} INFO - Filling up the DagBag from /home/airflow/.local/lib/python3.12/site-packages/airflow/example_dags/example_dag_decorator.py
[2024-08-27T17:12:20.824+0000] {processor.py:925} INFO - DAG(s) 'example_dag_decorator' retrieved from /home/airflow/.local/lib/python3.12/site-packages/airflow/example_dags/example_dag_decorator.py
[2024-08-27T17:12:20.868+0000] {logging_mixin.py:190} INFO - [2024-08-27T17:12:20.868+0000] {dag.py:3211} INFO - Sync 1 DAGs
[2024-08-27T17:12:20.899+0000] {logging_mixin.py:190} INFO - [2024-08-27T17:12:20.899+0000] {dag.py:4138} INFO - Setting next_dagrun for example_dag_decorator to None, run_after=None
[2024-08-27T17:12:20.935+0000] {processor.py:208} INFO - Processing /home/airflow/.local/lib/python3.12/site-packages/airflow/example_dags/example_dag_decorator.py took 0.153 seconds
[2024-08-27T17:12:51.337+0000] {processor.py:186} INFO - Started process (PID=1033) to work on /home/airflow/.local/lib/python3.12/site-packages/airflow/example_dags/example_dag_decorator.py
[2024-08-27T17:12:51.339+0000] {processor.py:914} INFO - Processing file /home/airflow/.local/lib/python3.12/site-packages/airflow/example_dags/example_dag_decorator.py for tasks to queue
[2024-08-27T17:12:51.345+0000] {logging_mixin.py:190} INFO - [2024-08-27T17:12:51.344+0000] {dagbag.py:587} INFO - Filling up the DagBag from /home/airflow/.local/lib/python3.12/site-packages/airflow/example_dags/example_dag_decorator.py
[2024-08-27T17:12:51.370+0000] {processor.py:925} INFO - DAG(s) 'example_dag_decorator' retrieved from /home/airflow/.local/lib/python3.12/site-packages/airflow/example_dags/example_dag_decorator.py
[2024-08-27T17:12:51.418+0000] {logging_mixin.py:190} INFO - [2024-08-27T17:12:51.417+0000] {dag.py:3211} INFO - Sync 1 DAGs
[2024-08-27T17:12:51.446+0000] {logging_mixin.py:190} INFO - [2024-08-27T17:12:51.446+0000] {dag.py:4138} INFO - Setting next_dagrun for example_dag_decorator to None, run_after=None
[2024-08-27T17:12:51.478+0000] {processor.py:208} INFO - Processing /home/airflow/.local/lib/python3.12/site-packages/airflow/example_dags/example_dag_decorator.py took 0.154 seconds
[2024-08-27T17:13:21.597+0000] {processor.py:186} INFO - Started process (PID=1095) to work on /home/airflow/.local/lib/python3.12/site-packages/airflow/example_dags/example_dag_decorator.py
[2024-08-27T17:13:21.599+0000] {processor.py:914} INFO - Processing file /home/airflow/.local/lib/python3.12/site-packages/airflow/example_dags/example_dag_decorator.py for tasks to queue
[2024-08-27T17:13:21.604+0000] {logging_mixin.py:190} INFO - [2024-08-27T17:13:21.604+0000] {dagbag.py:587} INFO - Filling up the DagBag from /home/airflow/.local/lib/python3.12/site-packages/airflow/example_dags/example_dag_decorator.py
[2024-08-27T17:13:21.626+0000] {processor.py:925} INFO - DAG(s) 'example_dag_decorator' retrieved from /home/airflow/.local/lib/python3.12/site-packages/airflow/example_dags/example_dag_decorator.py
[2024-08-27T17:13:21.672+0000] {logging_mixin.py:190} INFO - [2024-08-27T17:13:21.672+0000] {dag.py:3211} INFO - Sync 1 DAGs
[2024-08-27T17:13:21.700+0000] {logging_mixin.py:190} INFO - [2024-08-27T17:13:21.700+0000] {dag.py:4138} INFO - Setting next_dagrun for example_dag_decorator to None, run_after=None
[2024-08-27T17:13:21.736+0000] {processor.py:208} INFO - Processing /home/airflow/.local/lib/python3.12/site-packages/airflow/example_dags/example_dag_decorator.py took 0.152 seconds
[2024-08-27T17:13:52.009+0000] {processor.py:186} INFO - Started process (PID=1157) to work on /home/airflow/.local/lib/python3.12/site-packages/airflow/example_dags/example_dag_decorator.py
[2024-08-27T17:13:52.010+0000] {processor.py:914} INFO - Processing file /home/airflow/.local/lib/python3.12/site-packages/airflow/example_dags/example_dag_decorator.py for tasks to queue
[2024-08-27T17:13:52.015+0000] {logging_mixin.py:190} INFO - [2024-08-27T17:13:52.014+0000] {dagbag.py:587} INFO - Filling up the DagBag from /home/airflow/.local/lib/python3.12/site-packages/airflow/example_dags/example_dag_decorator.py
[2024-08-27T17:13:52.035+0000] {processor.py:925} INFO - DAG(s) 'example_dag_decorator' retrieved from /home/airflow/.local/lib/python3.12/site-packages/airflow/example_dags/example_dag_decorator.py
[2024-08-27T17:13:52.231+0000] {logging_mixin.py:190} INFO - [2024-08-27T17:13:52.231+0000] {dag.py:3211} INFO - Sync 1 DAGs
[2024-08-27T17:13:52.261+0000] {logging_mixin.py:190} INFO - [2024-08-27T17:13:52.260+0000] {dag.py:4138} INFO - Setting next_dagrun for example_dag_decorator to None, run_after=None
[2024-08-27T17:13:52.303+0000] {processor.py:208} INFO - Processing /home/airflow/.local/lib/python3.12/site-packages/airflow/example_dags/example_dag_decorator.py took 0.306 seconds
[2024-08-27T17:14:22.666+0000] {processor.py:186} INFO - Started process (PID=1219) to work on /home/airflow/.local/lib/python3.12/site-packages/airflow/example_dags/example_dag_decorator.py
[2024-08-27T17:14:22.669+0000] {processor.py:914} INFO - Processing file /home/airflow/.local/lib/python3.12/site-packages/airflow/example_dags/example_dag_decorator.py for tasks to queue
[2024-08-27T17:14:22.675+0000] {logging_mixin.py:190} INFO - [2024-08-27T17:14:22.674+0000] {dagbag.py:587} INFO - Filling up the DagBag from /home/airflow/.local/lib/python3.12/site-packages/airflow/example_dags/example_dag_decorator.py
[2024-08-27T17:14:22.703+0000] {processor.py:925} INFO - DAG(s) 'example_dag_decorator' retrieved from /home/airflow/.local/lib/python3.12/site-packages/airflow/example_dags/example_dag_decorator.py
[2024-08-27T17:14:22.956+0000] {logging_mixin.py:190} INFO - [2024-08-27T17:14:22.955+0000] {dag.py:3211} INFO - Sync 1 DAGs
[2024-08-27T17:14:22.983+0000] {logging_mixin.py:190} INFO - [2024-08-27T17:14:22.983+0000] {dag.py:4138} INFO - Setting next_dagrun for example_dag_decorator to None, run_after=None
[2024-08-27T17:14:23.020+0000] {processor.py:208} INFO - Processing /home/airflow/.local/lib/python3.12/site-packages/airflow/example_dags/example_dag_decorator.py took 0.370 seconds
[2024-08-27T17:14:53.492+0000] {processor.py:186} INFO - Started process (PID=1281) to work on /home/airflow/.local/lib/python3.12/site-packages/airflow/example_dags/example_dag_decorator.py
[2024-08-27T17:14:53.494+0000] {processor.py:914} INFO - Processing file /home/airflow/.local/lib/python3.12/site-packages/airflow/example_dags/example_dag_decorator.py for tasks to queue
[2024-08-27T17:14:53.501+0000] {logging_mixin.py:190} INFO - [2024-08-27T17:14:53.500+0000] {dagbag.py:587} INFO - Filling up the DagBag from /home/airflow/.local/lib/python3.12/site-packages/airflow/example_dags/example_dag_decorator.py
[2024-08-27T17:14:53.530+0000] {processor.py:925} INFO - DAG(s) 'example_dag_decorator' retrieved from /home/airflow/.local/lib/python3.12/site-packages/airflow/example_dags/example_dag_decorator.py
[2024-08-27T17:14:53.690+0000] {logging_mixin.py:190} INFO - [2024-08-27T17:14:53.690+0000] {dag.py:3211} INFO - Sync 1 DAGs
[2024-08-27T17:14:53.712+0000] {logging_mixin.py:190} INFO - [2024-08-27T17:14:53.712+0000] {dag.py:4138} INFO - Setting next_dagrun for example_dag_decorator to None, run_after=None
[2024-08-27T17:14:53.741+0000] {processor.py:208} INFO - Processing /home/airflow/.local/lib/python3.12/site-packages/airflow/example_dags/example_dag_decorator.py took 0.264 seconds
[2024-08-27T17:15:24.185+0000] {processor.py:186} INFO - Started process (PID=1343) to work on /home/airflow/.local/lib/python3.12/site-packages/airflow/example_dags/example_dag_decorator.py
[2024-08-27T17:15:24.187+0000] {processor.py:914} INFO - Processing file /home/airflow/.local/lib/python3.12/site-packages/airflow/example_dags/example_dag_decorator.py for tasks to queue
[2024-08-27T17:15:24.190+0000] {logging_mixin.py:190} INFO - [2024-08-27T17:15:24.190+0000] {dagbag.py:587} INFO - Filling up the DagBag from /home/airflow/.local/lib/python3.12/site-packages/airflow/example_dags/example_dag_decorator.py
[2024-08-27T17:15:24.206+0000] {processor.py:925} INFO - DAG(s) 'example_dag_decorator' retrieved from /home/airflow/.local/lib/python3.12/site-packages/airflow/example_dags/example_dag_decorator.py
[2024-08-27T17:15:24.359+0000] {logging_mixin.py:190} INFO - [2024-08-27T17:15:24.359+0000] {dag.py:3211} INFO - Sync 1 DAGs
[2024-08-27T17:15:24.383+0000] {logging_mixin.py:190} INFO - [2024-08-27T17:15:24.383+0000] {dag.py:4138} INFO - Setting next_dagrun for example_dag_decorator to None, run_after=None
[2024-08-27T17:15:24.420+0000] {processor.py:208} INFO - Processing /home/airflow/.local/lib/python3.12/site-packages/airflow/example_dags/example_dag_decorator.py took 0.243 seconds
[2024-08-27T17:15:54.829+0000] {processor.py:186} INFO - Started process (PID=1405) to work on /home/airflow/.local/lib/python3.12/site-packages/airflow/example_dags/example_dag_decorator.py
[2024-08-27T17:15:54.832+0000] {processor.py:914} INFO - Processing file /home/airflow/.local/lib/python3.12/site-packages/airflow/example_dags/example_dag_decorator.py for tasks to queue
[2024-08-27T17:15:54.837+0000] {logging_mixin.py:190} INFO - [2024-08-27T17:15:54.836+0000] {dagbag.py:587} INFO - Filling up the DagBag from /home/airflow/.local/lib/python3.12/site-packages/airflow/example_dags/example_dag_decorator.py
[2024-08-27T17:15:54.859+0000] {processor.py:925} INFO - DAG(s) 'example_dag_decorator' retrieved from /home/airflow/.local/lib/python3.12/site-packages/airflow/example_dags/example_dag_decorator.py
[2024-08-27T17:15:55.047+0000] {logging_mixin.py:190} INFO - [2024-08-27T17:15:55.047+0000] {dag.py:3211} INFO - Sync 1 DAGs
[2024-08-27T17:15:55.071+0000] {logging_mixin.py:190} INFO - [2024-08-27T17:15:55.071+0000] {dag.py:4138} INFO - Setting next_dagrun for example_dag_decorator to None, run_after=None
[2024-08-27T17:15:55.118+0000] {processor.py:208} INFO - Processing /home/airflow/.local/lib/python3.12/site-packages/airflow/example_dags/example_dag_decorator.py took 0.296 seconds
[2024-08-27T17:16:25.701+0000] {processor.py:186} INFO - Started process (PID=1467) to work on /home/airflow/.local/lib/python3.12/site-packages/airflow/example_dags/example_dag_decorator.py
[2024-08-27T17:16:25.703+0000] {processor.py:914} INFO - Processing file /home/airflow/.local/lib/python3.12/site-packages/airflow/example_dags/example_dag_decorator.py for tasks to queue
[2024-08-27T17:16:25.706+0000] {logging_mixin.py:190} INFO - [2024-08-27T17:16:25.706+0000] {dagbag.py:587} INFO - Filling up the DagBag from /home/airflow/.local/lib/python3.12/site-packages/airflow/example_dags/example_dag_decorator.py
[2024-08-27T17:16:25.728+0000] {processor.py:925} INFO - DAG(s) 'example_dag_decorator' retrieved from /home/airflow/.local/lib/python3.12/site-packages/airflow/example_dags/example_dag_decorator.py
[2024-08-27T17:16:25.913+0000] {logging_mixin.py:190} INFO - [2024-08-27T17:16:25.913+0000] {dag.py:3211} INFO - Sync 1 DAGs
[2024-08-27T17:16:25.933+0000] {logging_mixin.py:190} INFO - [2024-08-27T17:16:25.932+0000] {dag.py:4138} INFO - Setting next_dagrun for example_dag_decorator to None, run_after=None
[2024-08-27T17:16:25.968+0000] {processor.py:208} INFO - Processing /home/airflow/.local/lib/python3.12/site-packages/airflow/example_dags/example_dag_decorator.py took 0.276 seconds
[2024-08-27T17:16:56.087+0000] {processor.py:186} INFO - Started process (PID=1529) to work on /home/airflow/.local/lib/python3.12/site-packages/airflow/example_dags/example_dag_decorator.py
[2024-08-27T17:16:56.088+0000] {processor.py:914} INFO - Processing file /home/airflow/.local/lib/python3.12/site-packages/airflow/example_dags/example_dag_decorator.py for tasks to queue
[2024-08-27T17:16:56.092+0000] {logging_mixin.py:190} INFO - [2024-08-27T17:16:56.091+0000] {dagbag.py:587} INFO - Filling up the DagBag from /home/airflow/.local/lib/python3.12/site-packages/airflow/example_dags/example_dag_decorator.py
[2024-08-27T17:16:56.111+0000] {processor.py:925} INFO - DAG(s) 'example_dag_decorator' retrieved from /home/airflow/.local/lib/python3.12/site-packages/airflow/example_dags/example_dag_decorator.py
[2024-08-27T17:16:56.305+0000] {logging_mixin.py:190} INFO - [2024-08-27T17:16:56.305+0000] {dag.py:3211} INFO - Sync 1 DAGs
[2024-08-27T17:16:56.332+0000] {logging_mixin.py:190} INFO - [2024-08-27T17:16:56.332+0000] {dag.py:4138} INFO - Setting next_dagrun for example_dag_decorator to None, run_after=None
[2024-08-27T17:16:56.375+0000] {processor.py:208} INFO - Processing /home/airflow/.local/lib/python3.12/site-packages/airflow/example_dags/example_dag_decorator.py took 0.298 seconds
