[2024-08-27T17:04:44.373+0000] {processor.py:186} INFO - Started process (PID=56) to work on /home/airflow/.local/lib/python3.12/site-packages/airflow/example_dags/example_xcom.py
[2024-08-27T17:04:44.374+0000] {processor.py:914} INFO - Processing file /home/airflow/.local/lib/python3.12/site-packages/airflow/example_dags/example_xcom.py for tasks to queue
[2024-08-27T17:04:44.378+0000] {logging_mixin.py:190} INFO - [2024-08-27T17:04:44.377+0000] {dagbag.py:587} INFO - Filling up the DagBag from /home/airflow/.local/lib/python3.12/site-packages/airflow/example_dags/example_xcom.py
[2024-08-27T17:04:44.400+0000] {processor.py:925} INFO - DAG(s) 'example_xcom' retrieved from /home/airflow/.local/lib/python3.12/site-packages/airflow/example_dags/example_xcom.py
[2024-08-27T17:04:44.631+0000] {logging_mixin.py:190} INFO - [2024-08-27T17:04:44.630+0000] {override.py:1858} INFO - Created Permission View: can edit on DAG:example_xcom
[2024-08-27T17:04:44.652+0000] {logging_mixin.py:190} INFO - [2024-08-27T17:04:44.652+0000] {override.py:1858} INFO - Created Permission View: can read on DAG:example_xcom
[2024-08-27T17:04:44.666+0000] {logging_mixin.py:190} INFO - [2024-08-27T17:04:44.665+0000] {override.py:1858} INFO - Created Permission View: can delete on DAG:example_xcom
[2024-08-27T17:04:44.666+0000] {logging_mixin.py:190} INFO - [2024-08-27T17:04:44.666+0000] {dag.py:3211} INFO - Sync 1 DAGs
[2024-08-27T17:04:44.687+0000] {logging_mixin.py:190} INFO - [2024-08-27T17:04:44.686+0000] {dag.py:3234} INFO - Creating ORM DAG for example_xcom
[2024-08-27T17:04:44.700+0000] {logging_mixin.py:190} INFO - [2024-08-27T17:04:44.700+0000] {dag.py:4138} INFO - Setting next_dagrun for example_xcom to 2021-01-01 00:00:00+00:00, run_after=2021-01-01 00:00:00+00:00
[2024-08-27T17:04:44.726+0000] {processor.py:208} INFO - Processing /home/airflow/.local/lib/python3.12/site-packages/airflow/example_dags/example_xcom.py took 0.363 seconds
[2024-08-27T17:05:15.399+0000] {processor.py:186} INFO - Started process (PID=118) to work on /home/airflow/.local/lib/python3.12/site-packages/airflow/example_dags/example_xcom.py
[2024-08-27T17:05:15.401+0000] {processor.py:914} INFO - Processing file /home/airflow/.local/lib/python3.12/site-packages/airflow/example_dags/example_xcom.py for tasks to queue
[2024-08-27T17:05:15.408+0000] {logging_mixin.py:190} INFO - [2024-08-27T17:05:15.406+0000] {dagbag.py:587} INFO - Filling up the DagBag from /home/airflow/.local/lib/python3.12/site-packages/airflow/example_dags/example_xcom.py
[2024-08-27T17:05:15.424+0000] {processor.py:925} INFO - DAG(s) 'example_xcom' retrieved from /home/airflow/.local/lib/python3.12/site-packages/airflow/example_dags/example_xcom.py
[2024-08-27T17:05:15.460+0000] {logging_mixin.py:190} INFO - [2024-08-27T17:05:15.460+0000] {dag.py:3211} INFO - Sync 1 DAGs
[2024-08-27T17:05:15.497+0000] {logging_mixin.py:190} INFO - [2024-08-27T17:05:15.497+0000] {dag.py:4138} INFO - Setting next_dagrun for example_xcom to 2021-01-01 00:00:00+00:00, run_after=2021-01-01 00:00:00+00:00
[2024-08-27T17:05:15.535+0000] {processor.py:208} INFO - Processing /home/airflow/.local/lib/python3.12/site-packages/airflow/example_dags/example_xcom.py took 0.146 seconds
[2024-08-27T17:05:45.751+0000] {processor.py:186} INFO - Started process (PID=180) to work on /home/airflow/.local/lib/python3.12/site-packages/airflow/example_dags/example_xcom.py
[2024-08-27T17:05:45.752+0000] {processor.py:914} INFO - Processing file /home/airflow/.local/lib/python3.12/site-packages/airflow/example_dags/example_xcom.py for tasks to queue
[2024-08-27T17:05:45.757+0000] {logging_mixin.py:190} INFO - [2024-08-27T17:05:45.756+0000] {dagbag.py:587} INFO - Filling up the DagBag from /home/airflow/.local/lib/python3.12/site-packages/airflow/example_dags/example_xcom.py
[2024-08-27T17:05:45.773+0000] {processor.py:925} INFO - DAG(s) 'example_xcom' retrieved from /home/airflow/.local/lib/python3.12/site-packages/airflow/example_dags/example_xcom.py
[2024-08-27T17:05:45.822+0000] {logging_mixin.py:190} INFO - [2024-08-27T17:05:45.822+0000] {dag.py:3211} INFO - Sync 1 DAGs
[2024-08-27T17:05:45.870+0000] {logging_mixin.py:190} INFO - [2024-08-27T17:05:45.869+0000] {dag.py:4138} INFO - Setting next_dagrun for example_xcom to 2021-01-01 00:00:00+00:00, run_after=2021-01-01 00:00:00+00:00
[2024-08-27T17:05:45.910+0000] {processor.py:208} INFO - Processing /home/airflow/.local/lib/python3.12/site-packages/airflow/example_dags/example_xcom.py took 0.170 seconds
[2024-08-27T17:06:16.123+0000] {processor.py:186} INFO - Started process (PID=242) to work on /home/airflow/.local/lib/python3.12/site-packages/airflow/example_dags/example_xcom.py
[2024-08-27T17:06:16.125+0000] {processor.py:914} INFO - Processing file /home/airflow/.local/lib/python3.12/site-packages/airflow/example_dags/example_xcom.py for tasks to queue
[2024-08-27T17:06:16.129+0000] {logging_mixin.py:190} INFO - [2024-08-27T17:06:16.128+0000] {dagbag.py:587} INFO - Filling up the DagBag from /home/airflow/.local/lib/python3.12/site-packages/airflow/example_dags/example_xcom.py
[2024-08-27T17:06:16.144+0000] {processor.py:925} INFO - DAG(s) 'example_xcom' retrieved from /home/airflow/.local/lib/python3.12/site-packages/airflow/example_dags/example_xcom.py
[2024-08-27T17:06:16.180+0000] {logging_mixin.py:190} INFO - [2024-08-27T17:06:16.179+0000] {dag.py:3211} INFO - Sync 1 DAGs
[2024-08-27T17:06:16.216+0000] {logging_mixin.py:190} INFO - [2024-08-27T17:06:16.215+0000] {dag.py:4138} INFO - Setting next_dagrun for example_xcom to 2021-01-01 00:00:00+00:00, run_after=2021-01-01 00:00:00+00:00
[2024-08-27T17:06:16.248+0000] {processor.py:208} INFO - Processing /home/airflow/.local/lib/python3.12/site-packages/airflow/example_dags/example_xcom.py took 0.136 seconds
[2024-08-27T17:06:46.903+0000] {processor.py:186} INFO - Started process (PID=304) to work on /home/airflow/.local/lib/python3.12/site-packages/airflow/example_dags/example_xcom.py
[2024-08-27T17:06:46.905+0000] {processor.py:914} INFO - Processing file /home/airflow/.local/lib/python3.12/site-packages/airflow/example_dags/example_xcom.py for tasks to queue
[2024-08-27T17:06:46.908+0000] {logging_mixin.py:190} INFO - [2024-08-27T17:06:46.908+0000] {dagbag.py:587} INFO - Filling up the DagBag from /home/airflow/.local/lib/python3.12/site-packages/airflow/example_dags/example_xcom.py
[2024-08-27T17:06:46.921+0000] {processor.py:925} INFO - DAG(s) 'example_xcom' retrieved from /home/airflow/.local/lib/python3.12/site-packages/airflow/example_dags/example_xcom.py
[2024-08-27T17:06:46.955+0000] {logging_mixin.py:190} INFO - [2024-08-27T17:06:46.954+0000] {dag.py:3211} INFO - Sync 1 DAGs
[2024-08-27T17:06:46.991+0000] {logging_mixin.py:190} INFO - [2024-08-27T17:06:46.991+0000] {dag.py:4138} INFO - Setting next_dagrun for example_xcom to 2021-01-01 00:00:00+00:00, run_after=2021-01-01 00:00:00+00:00
[2024-08-27T17:06:47.025+0000] {processor.py:208} INFO - Processing /home/airflow/.local/lib/python3.12/site-packages/airflow/example_dags/example_xcom.py took 0.132 seconds
[2024-08-27T17:07:17.412+0000] {processor.py:186} INFO - Started process (PID=366) to work on /home/airflow/.local/lib/python3.12/site-packages/airflow/example_dags/example_xcom.py
[2024-08-27T17:07:17.414+0000] {processor.py:914} INFO - Processing file /home/airflow/.local/lib/python3.12/site-packages/airflow/example_dags/example_xcom.py for tasks to queue
[2024-08-27T17:07:17.417+0000] {logging_mixin.py:190} INFO - [2024-08-27T17:07:17.416+0000] {dagbag.py:587} INFO - Filling up the DagBag from /home/airflow/.local/lib/python3.12/site-packages/airflow/example_dags/example_xcom.py
[2024-08-27T17:07:17.428+0000] {processor.py:925} INFO - DAG(s) 'example_xcom' retrieved from /home/airflow/.local/lib/python3.12/site-packages/airflow/example_dags/example_xcom.py
[2024-08-27T17:07:17.460+0000] {logging_mixin.py:190} INFO - [2024-08-27T17:07:17.460+0000] {dag.py:3211} INFO - Sync 1 DAGs
[2024-08-27T17:07:17.489+0000] {logging_mixin.py:190} INFO - [2024-08-27T17:07:17.489+0000] {dag.py:4138} INFO - Setting next_dagrun for example_xcom to 2021-01-01 00:00:00+00:00, run_after=2021-01-01 00:00:00+00:00
[2024-08-27T17:07:17.520+0000] {processor.py:208} INFO - Processing /home/airflow/.local/lib/python3.12/site-packages/airflow/example_dags/example_xcom.py took 0.116 seconds
[2024-08-27T17:07:48.081+0000] {processor.py:186} INFO - Started process (PID=428) to work on /home/airflow/.local/lib/python3.12/site-packages/airflow/example_dags/example_xcom.py
[2024-08-27T17:07:48.084+0000] {processor.py:914} INFO - Processing file /home/airflow/.local/lib/python3.12/site-packages/airflow/example_dags/example_xcom.py for tasks to queue
[2024-08-27T17:07:48.089+0000] {logging_mixin.py:190} INFO - [2024-08-27T17:07:48.088+0000] {dagbag.py:587} INFO - Filling up the DagBag from /home/airflow/.local/lib/python3.12/site-packages/airflow/example_dags/example_xcom.py
[2024-08-27T17:07:48.114+0000] {processor.py:925} INFO - DAG(s) 'example_xcom' retrieved from /home/airflow/.local/lib/python3.12/site-packages/airflow/example_dags/example_xcom.py
[2024-08-27T17:07:48.162+0000] {logging_mixin.py:190} INFO - [2024-08-27T17:07:48.161+0000] {dag.py:3211} INFO - Sync 1 DAGs
[2024-08-27T17:07:48.211+0000] {logging_mixin.py:190} INFO - [2024-08-27T17:07:48.211+0000] {dag.py:4138} INFO - Setting next_dagrun for example_xcom to 2021-01-01 00:00:00+00:00, run_after=2021-01-01 00:00:00+00:00
[2024-08-27T17:07:48.247+0000] {processor.py:208} INFO - Processing /home/airflow/.local/lib/python3.12/site-packages/airflow/example_dags/example_xcom.py took 0.178 seconds
[2024-08-27T17:08:18.812+0000] {processor.py:186} INFO - Started process (PID=490) to work on /home/airflow/.local/lib/python3.12/site-packages/airflow/example_dags/example_xcom.py
[2024-08-27T17:08:18.813+0000] {processor.py:914} INFO - Processing file /home/airflow/.local/lib/python3.12/site-packages/airflow/example_dags/example_xcom.py for tasks to queue
[2024-08-27T17:08:18.819+0000] {logging_mixin.py:190} INFO - [2024-08-27T17:08:18.818+0000] {dagbag.py:587} INFO - Filling up the DagBag from /home/airflow/.local/lib/python3.12/site-packages/airflow/example_dags/example_xcom.py
[2024-08-27T17:08:18.836+0000] {processor.py:925} INFO - DAG(s) 'example_xcom' retrieved from /home/airflow/.local/lib/python3.12/site-packages/airflow/example_dags/example_xcom.py
[2024-08-27T17:08:18.872+0000] {logging_mixin.py:190} INFO - [2024-08-27T17:08:18.872+0000] {dag.py:3211} INFO - Sync 1 DAGs
[2024-08-27T17:08:18.913+0000] {logging_mixin.py:190} INFO - [2024-08-27T17:08:18.913+0000] {dag.py:4138} INFO - Setting next_dagrun for example_xcom to 2021-01-01 00:00:00+00:00, run_after=2021-01-01 00:00:00+00:00
[2024-08-27T17:08:18.952+0000] {processor.py:208} INFO - Processing /home/airflow/.local/lib/python3.12/site-packages/airflow/example_dags/example_xcom.py took 0.151 seconds
[2024-08-27T17:08:49.484+0000] {processor.py:186} INFO - Started process (PID=552) to work on /home/airflow/.local/lib/python3.12/site-packages/airflow/example_dags/example_xcom.py
[2024-08-27T17:08:49.486+0000] {processor.py:914} INFO - Processing file /home/airflow/.local/lib/python3.12/site-packages/airflow/example_dags/example_xcom.py for tasks to queue
[2024-08-27T17:08:49.491+0000] {logging_mixin.py:190} INFO - [2024-08-27T17:08:49.490+0000] {dagbag.py:587} INFO - Filling up the DagBag from /home/airflow/.local/lib/python3.12/site-packages/airflow/example_dags/example_xcom.py
[2024-08-27T17:08:49.505+0000] {processor.py:925} INFO - DAG(s) 'example_xcom' retrieved from /home/airflow/.local/lib/python3.12/site-packages/airflow/example_dags/example_xcom.py
[2024-08-27T17:08:49.539+0000] {logging_mixin.py:190} INFO - [2024-08-27T17:08:49.538+0000] {dag.py:3211} INFO - Sync 1 DAGs
[2024-08-27T17:08:49.574+0000] {logging_mixin.py:190} INFO - [2024-08-27T17:08:49.574+0000] {dag.py:4138} INFO - Setting next_dagrun for example_xcom to 2021-01-01 00:00:00+00:00, run_after=2021-01-01 00:00:00+00:00
[2024-08-27T17:08:49.614+0000] {processor.py:208} INFO - Processing /home/airflow/.local/lib/python3.12/site-packages/airflow/example_dags/example_xcom.py took 0.139 seconds
[2024-08-27T17:09:20.198+0000] {processor.py:186} INFO - Started process (PID=614) to work on /home/airflow/.local/lib/python3.12/site-packages/airflow/example_dags/example_xcom.py
[2024-08-27T17:09:20.200+0000] {processor.py:914} INFO - Processing file /home/airflow/.local/lib/python3.12/site-packages/airflow/example_dags/example_xcom.py for tasks to queue
[2024-08-27T17:09:20.204+0000] {logging_mixin.py:190} INFO - [2024-08-27T17:09:20.203+0000] {dagbag.py:587} INFO - Filling up the DagBag from /home/airflow/.local/lib/python3.12/site-packages/airflow/example_dags/example_xcom.py
[2024-08-27T17:09:20.217+0000] {processor.py:925} INFO - DAG(s) 'example_xcom' retrieved from /home/airflow/.local/lib/python3.12/site-packages/airflow/example_dags/example_xcom.py
[2024-08-27T17:09:20.253+0000] {logging_mixin.py:190} INFO - [2024-08-27T17:09:20.252+0000] {dag.py:3211} INFO - Sync 1 DAGs
[2024-08-27T17:09:20.304+0000] {logging_mixin.py:190} INFO - [2024-08-27T17:09:20.304+0000] {dag.py:4138} INFO - Setting next_dagrun for example_xcom to 2021-01-01 00:00:00+00:00, run_after=2021-01-01 00:00:00+00:00
[2024-08-27T17:09:20.346+0000] {processor.py:208} INFO - Processing /home/airflow/.local/lib/python3.12/site-packages/airflow/example_dags/example_xcom.py took 0.159 seconds
[2024-08-27T17:09:50.493+0000] {processor.py:186} INFO - Started process (PID=676) to work on /home/airflow/.local/lib/python3.12/site-packages/airflow/example_dags/example_xcom.py
[2024-08-27T17:09:50.495+0000] {processor.py:914} INFO - Processing file /home/airflow/.local/lib/python3.12/site-packages/airflow/example_dags/example_xcom.py for tasks to queue
[2024-08-27T17:09:50.499+0000] {logging_mixin.py:190} INFO - [2024-08-27T17:09:50.498+0000] {dagbag.py:587} INFO - Filling up the DagBag from /home/airflow/.local/lib/python3.12/site-packages/airflow/example_dags/example_xcom.py
[2024-08-27T17:09:50.513+0000] {processor.py:925} INFO - DAG(s) 'example_xcom' retrieved from /home/airflow/.local/lib/python3.12/site-packages/airflow/example_dags/example_xcom.py
[2024-08-27T17:09:50.555+0000] {logging_mixin.py:190} INFO - [2024-08-27T17:09:50.554+0000] {dag.py:3211} INFO - Sync 1 DAGs
[2024-08-27T17:09:50.604+0000] {logging_mixin.py:190} INFO - [2024-08-27T17:09:50.604+0000] {dag.py:4138} INFO - Setting next_dagrun for example_xcom to 2021-01-01 00:00:00+00:00, run_after=2021-01-01 00:00:00+00:00
[2024-08-27T17:09:50.640+0000] {processor.py:208} INFO - Processing /home/airflow/.local/lib/python3.12/site-packages/airflow/example_dags/example_xcom.py took 0.160 seconds
[2024-08-27T17:10:20.769+0000] {processor.py:186} INFO - Started process (PID=738) to work on /home/airflow/.local/lib/python3.12/site-packages/airflow/example_dags/example_xcom.py
[2024-08-27T17:10:20.771+0000] {processor.py:914} INFO - Processing file /home/airflow/.local/lib/python3.12/site-packages/airflow/example_dags/example_xcom.py for tasks to queue
[2024-08-27T17:10:20.774+0000] {logging_mixin.py:190} INFO - [2024-08-27T17:10:20.774+0000] {dagbag.py:587} INFO - Filling up the DagBag from /home/airflow/.local/lib/python3.12/site-packages/airflow/example_dags/example_xcom.py
[2024-08-27T17:10:20.787+0000] {processor.py:925} INFO - DAG(s) 'example_xcom' retrieved from /home/airflow/.local/lib/python3.12/site-packages/airflow/example_dags/example_xcom.py
[2024-08-27T17:10:20.818+0000] {logging_mixin.py:190} INFO - [2024-08-27T17:10:20.818+0000] {dag.py:3211} INFO - Sync 1 DAGs
[2024-08-27T17:10:20.850+0000] {logging_mixin.py:190} INFO - [2024-08-27T17:10:20.850+0000] {dag.py:4138} INFO - Setting next_dagrun for example_xcom to 2021-01-01 00:00:00+00:00, run_after=2021-01-01 00:00:00+00:00
[2024-08-27T17:10:20.881+0000] {processor.py:208} INFO - Processing /home/airflow/.local/lib/python3.12/site-packages/airflow/example_dags/example_xcom.py took 0.121 seconds
[2024-08-27T17:10:51.432+0000] {processor.py:186} INFO - Started process (PID=800) to work on /home/airflow/.local/lib/python3.12/site-packages/airflow/example_dags/example_xcom.py
[2024-08-27T17:10:51.434+0000] {processor.py:914} INFO - Processing file /home/airflow/.local/lib/python3.12/site-packages/airflow/example_dags/example_xcom.py for tasks to queue
[2024-08-27T17:10:51.440+0000] {logging_mixin.py:190} INFO - [2024-08-27T17:10:51.439+0000] {dagbag.py:587} INFO - Filling up the DagBag from /home/airflow/.local/lib/python3.12/site-packages/airflow/example_dags/example_xcom.py
[2024-08-27T17:10:51.455+0000] {processor.py:925} INFO - DAG(s) 'example_xcom' retrieved from /home/airflow/.local/lib/python3.12/site-packages/airflow/example_dags/example_xcom.py
[2024-08-27T17:10:51.493+0000] {logging_mixin.py:190} INFO - [2024-08-27T17:10:51.493+0000] {dag.py:3211} INFO - Sync 1 DAGs
[2024-08-27T17:10:51.535+0000] {logging_mixin.py:190} INFO - [2024-08-27T17:10:51.534+0000] {dag.py:4138} INFO - Setting next_dagrun for example_xcom to 2021-01-01 00:00:00+00:00, run_after=2021-01-01 00:00:00+00:00
[2024-08-27T17:10:51.577+0000] {processor.py:208} INFO - Processing /home/airflow/.local/lib/python3.12/site-packages/airflow/example_dags/example_xcom.py took 0.158 seconds
[2024-08-27T17:11:21.801+0000] {processor.py:186} INFO - Started process (PID=862) to work on /home/airflow/.local/lib/python3.12/site-packages/airflow/example_dags/example_xcom.py
[2024-08-27T17:11:21.803+0000] {processor.py:914} INFO - Processing file /home/airflow/.local/lib/python3.12/site-packages/airflow/example_dags/example_xcom.py for tasks to queue
[2024-08-27T17:11:21.809+0000] {logging_mixin.py:190} INFO - [2024-08-27T17:11:21.808+0000] {dagbag.py:587} INFO - Filling up the DagBag from /home/airflow/.local/lib/python3.12/site-packages/airflow/example_dags/example_xcom.py
[2024-08-27T17:11:21.827+0000] {processor.py:925} INFO - DAG(s) 'example_xcom' retrieved from /home/airflow/.local/lib/python3.12/site-packages/airflow/example_dags/example_xcom.py
[2024-08-27T17:11:21.876+0000] {logging_mixin.py:190} INFO - [2024-08-27T17:11:21.875+0000] {dag.py:3211} INFO - Sync 1 DAGs
[2024-08-27T17:11:21.926+0000] {logging_mixin.py:190} INFO - [2024-08-27T17:11:21.926+0000] {dag.py:4138} INFO - Setting next_dagrun for example_xcom to 2021-01-01 00:00:00+00:00, run_after=2021-01-01 00:00:00+00:00
[2024-08-27T17:11:21.959+0000] {processor.py:208} INFO - Processing /home/airflow/.local/lib/python3.12/site-packages/airflow/example_dags/example_xcom.py took 0.171 seconds
[2024-08-27T17:11:52.324+0000] {processor.py:186} INFO - Started process (PID=924) to work on /home/airflow/.local/lib/python3.12/site-packages/airflow/example_dags/example_xcom.py
[2024-08-27T17:11:52.325+0000] {processor.py:914} INFO - Processing file /home/airflow/.local/lib/python3.12/site-packages/airflow/example_dags/example_xcom.py for tasks to queue
[2024-08-27T17:11:52.330+0000] {logging_mixin.py:190} INFO - [2024-08-27T17:11:52.329+0000] {dagbag.py:587} INFO - Filling up the DagBag from /home/airflow/.local/lib/python3.12/site-packages/airflow/example_dags/example_xcom.py
[2024-08-27T17:11:52.349+0000] {processor.py:925} INFO - DAG(s) 'example_xcom' retrieved from /home/airflow/.local/lib/python3.12/site-packages/airflow/example_dags/example_xcom.py
[2024-08-27T17:11:52.388+0000] {logging_mixin.py:190} INFO - [2024-08-27T17:11:52.388+0000] {dag.py:3211} INFO - Sync 1 DAGs
[2024-08-27T17:11:52.422+0000] {logging_mixin.py:190} INFO - [2024-08-27T17:11:52.422+0000] {dag.py:4138} INFO - Setting next_dagrun for example_xcom to 2021-01-01 00:00:00+00:00, run_after=2021-01-01 00:00:00+00:00
[2024-08-27T17:11:52.448+0000] {processor.py:208} INFO - Processing /home/airflow/.local/lib/python3.12/site-packages/airflow/example_dags/example_xcom.py took 0.134 seconds
[2024-08-27T17:12:23.124+0000] {processor.py:186} INFO - Started process (PID=986) to work on /home/airflow/.local/lib/python3.12/site-packages/airflow/example_dags/example_xcom.py
[2024-08-27T17:12:23.126+0000] {processor.py:914} INFO - Processing file /home/airflow/.local/lib/python3.12/site-packages/airflow/example_dags/example_xcom.py for tasks to queue
[2024-08-27T17:12:23.130+0000] {logging_mixin.py:190} INFO - [2024-08-27T17:12:23.129+0000] {dagbag.py:587} INFO - Filling up the DagBag from /home/airflow/.local/lib/python3.12/site-packages/airflow/example_dags/example_xcom.py
[2024-08-27T17:12:23.145+0000] {processor.py:925} INFO - DAG(s) 'example_xcom' retrieved from /home/airflow/.local/lib/python3.12/site-packages/airflow/example_dags/example_xcom.py
[2024-08-27T17:12:23.205+0000] {logging_mixin.py:190} INFO - [2024-08-27T17:12:23.205+0000] {dag.py:3211} INFO - Sync 1 DAGs
[2024-08-27T17:12:23.262+0000] {logging_mixin.py:190} INFO - [2024-08-27T17:12:23.262+0000] {dag.py:4138} INFO - Setting next_dagrun for example_xcom to 2021-01-01 00:00:00+00:00, run_after=2021-01-01 00:00:00+00:00
[2024-08-27T17:12:23.295+0000] {processor.py:208} INFO - Processing /home/airflow/.local/lib/python3.12/site-packages/airflow/example_dags/example_xcom.py took 0.182 seconds
[2024-08-27T17:12:53.706+0000] {processor.py:186} INFO - Started process (PID=1048) to work on /home/airflow/.local/lib/python3.12/site-packages/airflow/example_dags/example_xcom.py
[2024-08-27T17:12:53.707+0000] {processor.py:914} INFO - Processing file /home/airflow/.local/lib/python3.12/site-packages/airflow/example_dags/example_xcom.py for tasks to queue
[2024-08-27T17:12:53.712+0000] {logging_mixin.py:190} INFO - [2024-08-27T17:12:53.712+0000] {dagbag.py:587} INFO - Filling up the DagBag from /home/airflow/.local/lib/python3.12/site-packages/airflow/example_dags/example_xcom.py
[2024-08-27T17:12:53.733+0000] {processor.py:925} INFO - DAG(s) 'example_xcom' retrieved from /home/airflow/.local/lib/python3.12/site-packages/airflow/example_dags/example_xcom.py
[2024-08-27T17:12:53.776+0000] {logging_mixin.py:190} INFO - [2024-08-27T17:12:53.776+0000] {dag.py:3211} INFO - Sync 1 DAGs
[2024-08-27T17:12:53.819+0000] {logging_mixin.py:190} INFO - [2024-08-27T17:12:53.819+0000] {dag.py:4138} INFO - Setting next_dagrun for example_xcom to 2021-01-01 00:00:00+00:00, run_after=2021-01-01 00:00:00+00:00
[2024-08-27T17:12:53.853+0000] {processor.py:208} INFO - Processing /home/airflow/.local/lib/python3.12/site-packages/airflow/example_dags/example_xcom.py took 0.157 seconds
[2024-08-27T17:13:24.044+0000] {processor.py:186} INFO - Started process (PID=1110) to work on /home/airflow/.local/lib/python3.12/site-packages/airflow/example_dags/example_xcom.py
[2024-08-27T17:13:24.046+0000] {processor.py:914} INFO - Processing file /home/airflow/.local/lib/python3.12/site-packages/airflow/example_dags/example_xcom.py for tasks to queue
[2024-08-27T17:13:24.049+0000] {logging_mixin.py:190} INFO - [2024-08-27T17:13:24.049+0000] {dagbag.py:587} INFO - Filling up the DagBag from /home/airflow/.local/lib/python3.12/site-packages/airflow/example_dags/example_xcom.py
[2024-08-27T17:13:24.070+0000] {processor.py:925} INFO - DAG(s) 'example_xcom' retrieved from /home/airflow/.local/lib/python3.12/site-packages/airflow/example_dags/example_xcom.py
[2024-08-27T17:13:24.103+0000] {logging_mixin.py:190} INFO - [2024-08-27T17:13:24.103+0000] {dag.py:3211} INFO - Sync 1 DAGs
[2024-08-27T17:13:24.141+0000] {logging_mixin.py:190} INFO - [2024-08-27T17:13:24.140+0000] {dag.py:4138} INFO - Setting next_dagrun for example_xcom to 2021-01-01 00:00:00+00:00, run_after=2021-01-01 00:00:00+00:00
[2024-08-27T17:13:24.182+0000] {processor.py:208} INFO - Processing /home/airflow/.local/lib/python3.12/site-packages/airflow/example_dags/example_xcom.py took 0.148 seconds
[2024-08-27T17:13:54.264+0000] {processor.py:186} INFO - Started process (PID=1171) to work on /home/airflow/.local/lib/python3.12/site-packages/airflow/example_dags/example_xcom.py
[2024-08-27T17:13:54.266+0000] {processor.py:914} INFO - Processing file /home/airflow/.local/lib/python3.12/site-packages/airflow/example_dags/example_xcom.py for tasks to queue
[2024-08-27T17:13:54.271+0000] {logging_mixin.py:190} INFO - [2024-08-27T17:13:54.270+0000] {dagbag.py:587} INFO - Filling up the DagBag from /home/airflow/.local/lib/python3.12/site-packages/airflow/example_dags/example_xcom.py
[2024-08-27T17:13:54.288+0000] {processor.py:925} INFO - DAG(s) 'example_xcom' retrieved from /home/airflow/.local/lib/python3.12/site-packages/airflow/example_dags/example_xcom.py
[2024-08-27T17:13:54.328+0000] {logging_mixin.py:190} INFO - [2024-08-27T17:13:54.328+0000] {dag.py:3211} INFO - Sync 1 DAGs
[2024-08-27T17:13:54.373+0000] {logging_mixin.py:190} INFO - [2024-08-27T17:13:54.372+0000] {dag.py:4138} INFO - Setting next_dagrun for example_xcom to 2021-01-01 00:00:00+00:00, run_after=2021-01-01 00:00:00+00:00
[2024-08-27T17:13:54.412+0000] {processor.py:208} INFO - Processing /home/airflow/.local/lib/python3.12/site-packages/airflow/example_dags/example_xcom.py took 0.158 seconds
[2024-08-27T17:14:25.235+0000] {processor.py:186} INFO - Started process (PID=1234) to work on /home/airflow/.local/lib/python3.12/site-packages/airflow/example_dags/example_xcom.py
[2024-08-27T17:14:25.236+0000] {processor.py:914} INFO - Processing file /home/airflow/.local/lib/python3.12/site-packages/airflow/example_dags/example_xcom.py for tasks to queue
[2024-08-27T17:14:25.239+0000] {logging_mixin.py:190} INFO - [2024-08-27T17:14:25.239+0000] {dagbag.py:587} INFO - Filling up the DagBag from /home/airflow/.local/lib/python3.12/site-packages/airflow/example_dags/example_xcom.py
[2024-08-27T17:14:25.259+0000] {processor.py:925} INFO - DAG(s) 'example_xcom' retrieved from /home/airflow/.local/lib/python3.12/site-packages/airflow/example_dags/example_xcom.py
[2024-08-27T17:14:25.302+0000] {logging_mixin.py:190} INFO - [2024-08-27T17:14:25.301+0000] {dag.py:3211} INFO - Sync 1 DAGs
[2024-08-27T17:14:25.362+0000] {logging_mixin.py:190} INFO - [2024-08-27T17:14:25.362+0000] {dag.py:4138} INFO - Setting next_dagrun for example_xcom to 2021-01-01 00:00:00+00:00, run_after=2021-01-01 00:00:00+00:00
[2024-08-27T17:14:25.402+0000] {processor.py:208} INFO - Processing /home/airflow/.local/lib/python3.12/site-packages/airflow/example_dags/example_xcom.py took 0.179 seconds
[2024-08-27T17:14:55.934+0000] {processor.py:186} INFO - Started process (PID=1296) to work on /home/airflow/.local/lib/python3.12/site-packages/airflow/example_dags/example_xcom.py
[2024-08-27T17:14:55.936+0000] {processor.py:914} INFO - Processing file /home/airflow/.local/lib/python3.12/site-packages/airflow/example_dags/example_xcom.py for tasks to queue
[2024-08-27T17:14:55.942+0000] {logging_mixin.py:190} INFO - [2024-08-27T17:14:55.941+0000] {dagbag.py:587} INFO - Filling up the DagBag from /home/airflow/.local/lib/python3.12/site-packages/airflow/example_dags/example_xcom.py
[2024-08-27T17:14:55.959+0000] {processor.py:925} INFO - DAG(s) 'example_xcom' retrieved from /home/airflow/.local/lib/python3.12/site-packages/airflow/example_dags/example_xcom.py
[2024-08-27T17:14:55.995+0000] {logging_mixin.py:190} INFO - [2024-08-27T17:14:55.995+0000] {dag.py:3211} INFO - Sync 1 DAGs
[2024-08-27T17:14:56.036+0000] {logging_mixin.py:190} INFO - [2024-08-27T17:14:56.036+0000] {dag.py:4138} INFO - Setting next_dagrun for example_xcom to 2021-01-01 00:00:00+00:00, run_after=2021-01-01 00:00:00+00:00
[2024-08-27T17:14:56.068+0000] {processor.py:208} INFO - Processing /home/airflow/.local/lib/python3.12/site-packages/airflow/example_dags/example_xcom.py took 0.151 seconds
[2024-08-27T17:15:26.724+0000] {processor.py:186} INFO - Started process (PID=1358) to work on /home/airflow/.local/lib/python3.12/site-packages/airflow/example_dags/example_xcom.py
[2024-08-27T17:15:26.725+0000] {processor.py:914} INFO - Processing file /home/airflow/.local/lib/python3.12/site-packages/airflow/example_dags/example_xcom.py for tasks to queue
[2024-08-27T17:15:26.729+0000] {logging_mixin.py:190} INFO - [2024-08-27T17:15:26.728+0000] {dagbag.py:587} INFO - Filling up the DagBag from /home/airflow/.local/lib/python3.12/site-packages/airflow/example_dags/example_xcom.py
[2024-08-27T17:15:26.750+0000] {processor.py:925} INFO - DAG(s) 'example_xcom' retrieved from /home/airflow/.local/lib/python3.12/site-packages/airflow/example_dags/example_xcom.py
[2024-08-27T17:15:26.794+0000] {logging_mixin.py:190} INFO - [2024-08-27T17:15:26.794+0000] {dag.py:3211} INFO - Sync 1 DAGs
[2024-08-27T17:15:26.854+0000] {logging_mixin.py:190} INFO - [2024-08-27T17:15:26.853+0000] {dag.py:4138} INFO - Setting next_dagrun for example_xcom to 2021-01-01 00:00:00+00:00, run_after=2021-01-01 00:00:00+00:00
[2024-08-27T17:15:26.902+0000] {processor.py:208} INFO - Processing /home/airflow/.local/lib/python3.12/site-packages/airflow/example_dags/example_xcom.py took 0.188 seconds
[2024-08-27T17:15:57.320+0000] {processor.py:186} INFO - Started process (PID=1420) to work on /home/airflow/.local/lib/python3.12/site-packages/airflow/example_dags/example_xcom.py
[2024-08-27T17:15:57.321+0000] {processor.py:914} INFO - Processing file /home/airflow/.local/lib/python3.12/site-packages/airflow/example_dags/example_xcom.py for tasks to queue
[2024-08-27T17:15:57.324+0000] {logging_mixin.py:190} INFO - [2024-08-27T17:15:57.324+0000] {dagbag.py:587} INFO - Filling up the DagBag from /home/airflow/.local/lib/python3.12/site-packages/airflow/example_dags/example_xcom.py
[2024-08-27T17:15:57.339+0000] {processor.py:925} INFO - DAG(s) 'example_xcom' retrieved from /home/airflow/.local/lib/python3.12/site-packages/airflow/example_dags/example_xcom.py
[2024-08-27T17:15:57.373+0000] {logging_mixin.py:190} INFO - [2024-08-27T17:15:57.373+0000] {dag.py:3211} INFO - Sync 1 DAGs
[2024-08-27T17:15:57.428+0000] {logging_mixin.py:190} INFO - [2024-08-27T17:15:57.427+0000] {dag.py:4138} INFO - Setting next_dagrun for example_xcom to 2021-01-01 00:00:00+00:00, run_after=2021-01-01 00:00:00+00:00
[2024-08-27T17:15:57.467+0000] {processor.py:208} INFO - Processing /home/airflow/.local/lib/python3.12/site-packages/airflow/example_dags/example_xcom.py took 0.157 seconds
[2024-08-27T17:16:28.384+0000] {processor.py:186} INFO - Started process (PID=1482) to work on /home/airflow/.local/lib/python3.12/site-packages/airflow/example_dags/example_xcom.py
[2024-08-27T17:16:28.386+0000] {processor.py:914} INFO - Processing file /home/airflow/.local/lib/python3.12/site-packages/airflow/example_dags/example_xcom.py for tasks to queue
[2024-08-27T17:16:28.391+0000] {logging_mixin.py:190} INFO - [2024-08-27T17:16:28.391+0000] {dagbag.py:587} INFO - Filling up the DagBag from /home/airflow/.local/lib/python3.12/site-packages/airflow/example_dags/example_xcom.py
[2024-08-27T17:16:28.412+0000] {processor.py:925} INFO - DAG(s) 'example_xcom' retrieved from /home/airflow/.local/lib/python3.12/site-packages/airflow/example_dags/example_xcom.py
[2024-08-27T17:16:28.472+0000] {logging_mixin.py:190} INFO - [2024-08-27T17:16:28.472+0000] {dag.py:3211} INFO - Sync 1 DAGs
[2024-08-27T17:16:28.520+0000] {logging_mixin.py:190} INFO - [2024-08-27T17:16:28.520+0000] {dag.py:4138} INFO - Setting next_dagrun for example_xcom to 2021-01-01 00:00:00+00:00, run_after=2021-01-01 00:00:00+00:00
[2024-08-27T17:16:28.559+0000] {processor.py:208} INFO - Processing /home/airflow/.local/lib/python3.12/site-packages/airflow/example_dags/example_xcom.py took 0.190 seconds
[2024-08-27T17:16:58.629+0000] {processor.py:186} INFO - Started process (PID=1544) to work on /home/airflow/.local/lib/python3.12/site-packages/airflow/example_dags/example_xcom.py
[2024-08-27T17:16:58.632+0000] {processor.py:914} INFO - Processing file /home/airflow/.local/lib/python3.12/site-packages/airflow/example_dags/example_xcom.py for tasks to queue
[2024-08-27T17:16:58.637+0000] {logging_mixin.py:190} INFO - [2024-08-27T17:16:58.636+0000] {dagbag.py:587} INFO - Filling up the DagBag from /home/airflow/.local/lib/python3.12/site-packages/airflow/example_dags/example_xcom.py
[2024-08-27T17:16:58.660+0000] {processor.py:925} INFO - DAG(s) 'example_xcom' retrieved from /home/airflow/.local/lib/python3.12/site-packages/airflow/example_dags/example_xcom.py
[2024-08-27T17:16:58.696+0000] {logging_mixin.py:190} INFO - [2024-08-27T17:16:58.696+0000] {dag.py:3211} INFO - Sync 1 DAGs
[2024-08-27T17:16:58.737+0000] {logging_mixin.py:190} INFO - [2024-08-27T17:16:58.736+0000] {dag.py:4138} INFO - Setting next_dagrun for example_xcom to 2021-01-01 00:00:00+00:00, run_after=2021-01-01 00:00:00+00:00
[2024-08-27T17:16:58.769+0000] {processor.py:208} INFO - Processing /home/airflow/.local/lib/python3.12/site-packages/airflow/example_dags/example_xcom.py took 0.158 seconds
