[2024-08-27T17:04:51.768+0000] {processor.py:186} INFO - Started process (PID=83) to work on /home/airflow/.local/lib/python3.12/site-packages/airflow/example_dags/example_dataset_alias.py
[2024-08-27T17:04:51.770+0000] {processor.py:914} INFO - Processing file /home/airflow/.local/lib/python3.12/site-packages/airflow/example_dags/example_dataset_alias.py for tasks to queue
[2024-08-27T17:04:51.774+0000] {logging_mixin.py:190} INFO - [2024-08-27T17:04:51.773+0000] {dagbag.py:587} INFO - Filling up the DagBag from /home/airflow/.local/lib/python3.12/site-packages/airflow/example_dags/example_dataset_alias.py
[2024-08-27T17:04:52.025+0000] {processor.py:925} INFO - DAG(s) 'dataset_alias_example_alias_producer', 'dataset_alias_example_alias_consumer', 'dataset_s3_bucket_consumer', 'dataset_s3_bucket_producer' retrieved from /home/airflow/.local/lib/python3.12/site-packages/airflow/example_dags/example_dataset_alias.py
[2024-08-27T17:04:52.218+0000] {logging_mixin.py:190} INFO - [2024-08-27T17:04:52.217+0000] {override.py:1858} INFO - Created Permission View: can edit on DAG:dataset_alias_example_alias_producer
[2024-08-27T17:04:52.236+0000] {logging_mixin.py:190} INFO - [2024-08-27T17:04:52.236+0000] {override.py:1858} INFO - Created Permission View: can read on DAG:dataset_alias_example_alias_producer
[2024-08-27T17:04:52.249+0000] {logging_mixin.py:190} INFO - [2024-08-27T17:04:52.249+0000] {override.py:1858} INFO - Created Permission View: can delete on DAG:dataset_alias_example_alias_producer
[2024-08-27T17:04:52.276+0000] {logging_mixin.py:190} INFO - [2024-08-27T17:04:52.276+0000] {override.py:1858} INFO - Created Permission View: can edit on DAG:dataset_alias_example_alias_consumer
[2024-08-27T17:04:52.290+0000] {logging_mixin.py:190} INFO - [2024-08-27T17:04:52.289+0000] {override.py:1858} INFO - Created Permission View: can read on DAG:dataset_alias_example_alias_consumer
[2024-08-27T17:04:52.304+0000] {logging_mixin.py:190} INFO - [2024-08-27T17:04:52.304+0000] {override.py:1858} INFO - Created Permission View: can delete on DAG:dataset_alias_example_alias_consumer
[2024-08-27T17:04:52.328+0000] {logging_mixin.py:190} INFO - [2024-08-27T17:04:52.328+0000] {override.py:1858} INFO - Created Permission View: can edit on DAG:dataset_s3_bucket_consumer
[2024-08-27T17:04:52.340+0000] {logging_mixin.py:190} INFO - [2024-08-27T17:04:52.339+0000] {override.py:1858} INFO - Created Permission View: can read on DAG:dataset_s3_bucket_consumer
[2024-08-27T17:04:52.354+0000] {logging_mixin.py:190} INFO - [2024-08-27T17:04:52.354+0000] {override.py:1858} INFO - Created Permission View: can delete on DAG:dataset_s3_bucket_consumer
[2024-08-27T17:04:52.380+0000] {logging_mixin.py:190} INFO - [2024-08-27T17:04:52.380+0000] {override.py:1858} INFO - Created Permission View: can edit on DAG:dataset_s3_bucket_producer
[2024-08-27T17:04:52.396+0000] {logging_mixin.py:190} INFO - [2024-08-27T17:04:52.396+0000] {override.py:1858} INFO - Created Permission View: can read on DAG:dataset_s3_bucket_producer
[2024-08-27T17:04:52.409+0000] {logging_mixin.py:190} INFO - [2024-08-27T17:04:52.409+0000] {override.py:1858} INFO - Created Permission View: can delete on DAG:dataset_s3_bucket_producer
[2024-08-27T17:04:52.411+0000] {logging_mixin.py:190} INFO - [2024-08-27T17:04:52.410+0000] {dag.py:3211} INFO - Sync 4 DAGs
[2024-08-27T17:04:52.432+0000] {logging_mixin.py:190} INFO - [2024-08-27T17:04:52.432+0000] {dag.py:3234} INFO - Creating ORM DAG for dataset_alias_example_alias_consumer
[2024-08-27T17:04:52.434+0000] {logging_mixin.py:190} INFO - [2024-08-27T17:04:52.434+0000] {dag.py:3234} INFO - Creating ORM DAG for dataset_alias_example_alias_producer
[2024-08-27T17:04:52.435+0000] {logging_mixin.py:190} INFO - [2024-08-27T17:04:52.435+0000] {dag.py:3234} INFO - Creating ORM DAG for dataset_s3_bucket_consumer
[2024-08-27T17:04:52.436+0000] {logging_mixin.py:190} INFO - [2024-08-27T17:04:52.436+0000] {dag.py:3234} INFO - Creating ORM DAG for dataset_s3_bucket_producer
[2024-08-27T17:04:52.450+0000] {logging_mixin.py:190} INFO - [2024-08-27T17:04:52.450+0000] {dag.py:4138} INFO - Setting next_dagrun for dataset_alias_example_alias_consumer to None, run_after=None
[2024-08-27T17:04:52.452+0000] {logging_mixin.py:190} INFO - [2024-08-27T17:04:52.452+0000] {dag.py:4138} INFO - Setting next_dagrun for dataset_alias_example_alias_producer to None, run_after=None
[2024-08-27T17:04:52.453+0000] {logging_mixin.py:190} INFO - [2024-08-27T17:04:52.453+0000] {dag.py:4138} INFO - Setting next_dagrun for dataset_s3_bucket_consumer to None, run_after=None
[2024-08-27T17:04:52.455+0000] {logging_mixin.py:190} INFO - [2024-08-27T17:04:52.454+0000] {dag.py:4138} INFO - Setting next_dagrun for dataset_s3_bucket_producer to None, run_after=None
[2024-08-27T17:04:52.496+0000] {processor.py:208} INFO - Processing /home/airflow/.local/lib/python3.12/site-packages/airflow/example_dags/example_dataset_alias.py took 0.738 seconds
[2024-08-27T17:05:22.606+0000] {processor.py:186} INFO - Started process (PID=144) to work on /home/airflow/.local/lib/python3.12/site-packages/airflow/example_dags/example_dataset_alias.py
[2024-08-27T17:05:22.608+0000] {processor.py:914} INFO - Processing file /home/airflow/.local/lib/python3.12/site-packages/airflow/example_dags/example_dataset_alias.py for tasks to queue
[2024-08-27T17:05:22.613+0000] {logging_mixin.py:190} INFO - [2024-08-27T17:05:22.612+0000] {dagbag.py:587} INFO - Filling up the DagBag from /home/airflow/.local/lib/python3.12/site-packages/airflow/example_dags/example_dataset_alias.py
[2024-08-27T17:05:22.909+0000] {processor.py:925} INFO - DAG(s) 'dataset_alias_example_alias_consumer', 'dataset_s3_bucket_producer', 'dataset_alias_example_alias_producer', 'dataset_s3_bucket_consumer' retrieved from /home/airflow/.local/lib/python3.12/site-packages/airflow/example_dags/example_dataset_alias.py
[2024-08-27T17:05:22.951+0000] {logging_mixin.py:190} INFO - [2024-08-27T17:05:22.951+0000] {dag.py:3211} INFO - Sync 4 DAGs
[2024-08-27T17:05:22.994+0000] {logging_mixin.py:190} INFO - [2024-08-27T17:05:22.994+0000] {dag.py:4138} INFO - Setting next_dagrun for dataset_alias_example_alias_consumer to None, run_after=None
[2024-08-27T17:05:23.000+0000] {logging_mixin.py:190} INFO - [2024-08-27T17:05:22.999+0000] {dag.py:4138} INFO - Setting next_dagrun for dataset_alias_example_alias_producer to None, run_after=None
[2024-08-27T17:05:23.002+0000] {logging_mixin.py:190} INFO - [2024-08-27T17:05:23.002+0000] {dag.py:4138} INFO - Setting next_dagrun for dataset_s3_bucket_consumer to None, run_after=None
[2024-08-27T17:05:23.005+0000] {logging_mixin.py:190} INFO - [2024-08-27T17:05:23.005+0000] {dag.py:4138} INFO - Setting next_dagrun for dataset_s3_bucket_producer to None, run_after=None
[2024-08-27T17:05:23.040+0000] {processor.py:208} INFO - Processing /home/airflow/.local/lib/python3.12/site-packages/airflow/example_dags/example_dataset_alias.py took 0.446 seconds
[2024-08-27T17:05:53.873+0000] {processor.py:186} INFO - Started process (PID=207) to work on /home/airflow/.local/lib/python3.12/site-packages/airflow/example_dags/example_dataset_alias.py
[2024-08-27T17:05:53.875+0000] {processor.py:914} INFO - Processing file /home/airflow/.local/lib/python3.12/site-packages/airflow/example_dags/example_dataset_alias.py for tasks to queue
[2024-08-27T17:05:53.878+0000] {logging_mixin.py:190} INFO - [2024-08-27T17:05:53.878+0000] {dagbag.py:587} INFO - Filling up the DagBag from /home/airflow/.local/lib/python3.12/site-packages/airflow/example_dags/example_dataset_alias.py
[2024-08-27T17:05:54.127+0000] {processor.py:925} INFO - DAG(s) 'dataset_alias_example_alias_producer', 'dataset_s3_bucket_consumer', 'dataset_alias_example_alias_consumer', 'dataset_s3_bucket_producer' retrieved from /home/airflow/.local/lib/python3.12/site-packages/airflow/example_dags/example_dataset_alias.py
[2024-08-27T17:05:54.165+0000] {logging_mixin.py:190} INFO - [2024-08-27T17:05:54.164+0000] {dag.py:3211} INFO - Sync 4 DAGs
[2024-08-27T17:05:54.212+0000] {logging_mixin.py:190} INFO - [2024-08-27T17:05:54.212+0000] {dag.py:4138} INFO - Setting next_dagrun for dataset_alias_example_alias_consumer to None, run_after=None
[2024-08-27T17:05:54.216+0000] {logging_mixin.py:190} INFO - [2024-08-27T17:05:54.216+0000] {dag.py:4138} INFO - Setting next_dagrun for dataset_alias_example_alias_producer to None, run_after=None
[2024-08-27T17:05:54.220+0000] {logging_mixin.py:190} INFO - [2024-08-27T17:05:54.219+0000] {dag.py:4138} INFO - Setting next_dagrun for dataset_s3_bucket_consumer to None, run_after=None
[2024-08-27T17:05:54.223+0000] {logging_mixin.py:190} INFO - [2024-08-27T17:05:54.223+0000] {dag.py:4138} INFO - Setting next_dagrun for dataset_s3_bucket_producer to None, run_after=None
[2024-08-27T17:05:54.262+0000] {processor.py:208} INFO - Processing /home/airflow/.local/lib/python3.12/site-packages/airflow/example_dags/example_dataset_alias.py took 0.397 seconds
[2024-08-27T17:06:24.419+0000] {processor.py:186} INFO - Started process (PID=268) to work on /home/airflow/.local/lib/python3.12/site-packages/airflow/example_dags/example_dataset_alias.py
[2024-08-27T17:06:24.421+0000] {processor.py:914} INFO - Processing file /home/airflow/.local/lib/python3.12/site-packages/airflow/example_dags/example_dataset_alias.py for tasks to queue
[2024-08-27T17:06:24.427+0000] {logging_mixin.py:190} INFO - [2024-08-27T17:06:24.426+0000] {dagbag.py:587} INFO - Filling up the DagBag from /home/airflow/.local/lib/python3.12/site-packages/airflow/example_dags/example_dataset_alias.py
[2024-08-27T17:06:24.666+0000] {processor.py:925} INFO - DAG(s) 'dataset_alias_example_alias_consumer', 'dataset_s3_bucket_consumer', 'dataset_s3_bucket_producer', 'dataset_alias_example_alias_producer' retrieved from /home/airflow/.local/lib/python3.12/site-packages/airflow/example_dags/example_dataset_alias.py
[2024-08-27T17:06:24.699+0000] {logging_mixin.py:190} INFO - [2024-08-27T17:06:24.699+0000] {dag.py:3211} INFO - Sync 4 DAGs
[2024-08-27T17:06:24.744+0000] {logging_mixin.py:190} INFO - [2024-08-27T17:06:24.744+0000] {dag.py:4138} INFO - Setting next_dagrun for dataset_alias_example_alias_consumer to None, run_after=None
[2024-08-27T17:06:24.750+0000] {logging_mixin.py:190} INFO - [2024-08-27T17:06:24.750+0000] {dag.py:4138} INFO - Setting next_dagrun for dataset_alias_example_alias_producer to None, run_after=None
[2024-08-27T17:06:24.754+0000] {logging_mixin.py:190} INFO - [2024-08-27T17:06:24.754+0000] {dag.py:4138} INFO - Setting next_dagrun for dataset_s3_bucket_consumer to None, run_after=None
[2024-08-27T17:06:24.758+0000] {logging_mixin.py:190} INFO - [2024-08-27T17:06:24.757+0000] {dag.py:4138} INFO - Setting next_dagrun for dataset_s3_bucket_producer to None, run_after=None
[2024-08-27T17:06:24.792+0000] {processor.py:208} INFO - Processing /home/airflow/.local/lib/python3.12/site-packages/airflow/example_dags/example_dataset_alias.py took 0.385 seconds
[2024-08-27T17:06:55.014+0000] {processor.py:186} INFO - Started process (PID=330) to work on /home/airflow/.local/lib/python3.12/site-packages/airflow/example_dags/example_dataset_alias.py
[2024-08-27T17:06:55.016+0000] {processor.py:914} INFO - Processing file /home/airflow/.local/lib/python3.12/site-packages/airflow/example_dags/example_dataset_alias.py for tasks to queue
[2024-08-27T17:06:55.020+0000] {logging_mixin.py:190} INFO - [2024-08-27T17:06:55.019+0000] {dagbag.py:587} INFO - Filling up the DagBag from /home/airflow/.local/lib/python3.12/site-packages/airflow/example_dags/example_dataset_alias.py
[2024-08-27T17:06:55.345+0000] {processor.py:925} INFO - DAG(s) 'dataset_s3_bucket_consumer', 'dataset_alias_example_alias_producer', 'dataset_alias_example_alias_consumer', 'dataset_s3_bucket_producer' retrieved from /home/airflow/.local/lib/python3.12/site-packages/airflow/example_dags/example_dataset_alias.py
[2024-08-27T17:06:55.380+0000] {logging_mixin.py:190} INFO - [2024-08-27T17:06:55.380+0000] {dag.py:3211} INFO - Sync 4 DAGs
[2024-08-27T17:06:55.420+0000] {logging_mixin.py:190} INFO - [2024-08-27T17:06:55.420+0000] {dag.py:4138} INFO - Setting next_dagrun for dataset_alias_example_alias_consumer to None, run_after=None
[2024-08-27T17:06:55.425+0000] {logging_mixin.py:190} INFO - [2024-08-27T17:06:55.425+0000] {dag.py:4138} INFO - Setting next_dagrun for dataset_alias_example_alias_producer to None, run_after=None
[2024-08-27T17:06:55.428+0000] {logging_mixin.py:190} INFO - [2024-08-27T17:06:55.428+0000] {dag.py:4138} INFO - Setting next_dagrun for dataset_s3_bucket_consumer to None, run_after=None
[2024-08-27T17:06:55.432+0000] {logging_mixin.py:190} INFO - [2024-08-27T17:06:55.432+0000] {dag.py:4138} INFO - Setting next_dagrun for dataset_s3_bucket_producer to None, run_after=None
[2024-08-27T17:06:55.486+0000] {processor.py:208} INFO - Processing /home/airflow/.local/lib/python3.12/site-packages/airflow/example_dags/example_dataset_alias.py took 0.486 seconds
[2024-08-27T17:07:25.848+0000] {processor.py:186} INFO - Started process (PID=392) to work on /home/airflow/.local/lib/python3.12/site-packages/airflow/example_dags/example_dataset_alias.py
[2024-08-27T17:07:25.850+0000] {processor.py:914} INFO - Processing file /home/airflow/.local/lib/python3.12/site-packages/airflow/example_dags/example_dataset_alias.py for tasks to queue
[2024-08-27T17:07:25.865+0000] {logging_mixin.py:190} INFO - [2024-08-27T17:07:25.865+0000] {dagbag.py:587} INFO - Filling up the DagBag from /home/airflow/.local/lib/python3.12/site-packages/airflow/example_dags/example_dataset_alias.py
[2024-08-27T17:07:26.122+0000] {processor.py:925} INFO - DAG(s) 'dataset_alias_example_alias_consumer', 'dataset_s3_bucket_producer', 'dataset_alias_example_alias_producer', 'dataset_s3_bucket_consumer' retrieved from /home/airflow/.local/lib/python3.12/site-packages/airflow/example_dags/example_dataset_alias.py
[2024-08-27T17:07:26.163+0000] {logging_mixin.py:190} INFO - [2024-08-27T17:07:26.163+0000] {dag.py:3211} INFO - Sync 4 DAGs
[2024-08-27T17:07:26.205+0000] {logging_mixin.py:190} INFO - [2024-08-27T17:07:26.205+0000] {dag.py:4138} INFO - Setting next_dagrun for dataset_alias_example_alias_consumer to None, run_after=None
[2024-08-27T17:07:26.210+0000] {logging_mixin.py:190} INFO - [2024-08-27T17:07:26.210+0000] {dag.py:4138} INFO - Setting next_dagrun for dataset_alias_example_alias_producer to None, run_after=None
[2024-08-27T17:07:26.213+0000] {logging_mixin.py:190} INFO - [2024-08-27T17:07:26.213+0000] {dag.py:4138} INFO - Setting next_dagrun for dataset_s3_bucket_consumer to None, run_after=None
[2024-08-27T17:07:26.216+0000] {logging_mixin.py:190} INFO - [2024-08-27T17:07:26.216+0000] {dag.py:4138} INFO - Setting next_dagrun for dataset_s3_bucket_producer to None, run_after=None
[2024-08-27T17:07:26.266+0000] {processor.py:208} INFO - Processing /home/airflow/.local/lib/python3.12/site-packages/airflow/example_dags/example_dataset_alias.py took 0.430 seconds
[2024-08-27T17:07:56.390+0000] {processor.py:186} INFO - Started process (PID=456) to work on /home/airflow/.local/lib/python3.12/site-packages/airflow/example_dags/example_dataset_alias.py
[2024-08-27T17:07:56.392+0000] {processor.py:914} INFO - Processing file /home/airflow/.local/lib/python3.12/site-packages/airflow/example_dags/example_dataset_alias.py for tasks to queue
[2024-08-27T17:07:56.397+0000] {logging_mixin.py:190} INFO - [2024-08-27T17:07:56.396+0000] {dagbag.py:587} INFO - Filling up the DagBag from /home/airflow/.local/lib/python3.12/site-packages/airflow/example_dags/example_dataset_alias.py
[2024-08-27T17:07:56.663+0000] {processor.py:925} INFO - DAG(s) 'dataset_alias_example_alias_producer', 'dataset_s3_bucket_consumer', 'dataset_s3_bucket_producer', 'dataset_alias_example_alias_consumer' retrieved from /home/airflow/.local/lib/python3.12/site-packages/airflow/example_dags/example_dataset_alias.py
[2024-08-27T17:07:56.698+0000] {logging_mixin.py:190} INFO - [2024-08-27T17:07:56.697+0000] {dag.py:3211} INFO - Sync 4 DAGs
[2024-08-27T17:07:56.729+0000] {logging_mixin.py:190} INFO - [2024-08-27T17:07:56.729+0000] {dag.py:4138} INFO - Setting next_dagrun for dataset_alias_example_alias_consumer to None, run_after=None
[2024-08-27T17:07:56.732+0000] {logging_mixin.py:190} INFO - [2024-08-27T17:07:56.732+0000] {dag.py:4138} INFO - Setting next_dagrun for dataset_alias_example_alias_producer to None, run_after=None
[2024-08-27T17:07:56.735+0000] {logging_mixin.py:190} INFO - [2024-08-27T17:07:56.734+0000] {dag.py:4138} INFO - Setting next_dagrun for dataset_s3_bucket_consumer to None, run_after=None
[2024-08-27T17:07:56.737+0000] {logging_mixin.py:190} INFO - [2024-08-27T17:07:56.737+0000] {dag.py:4138} INFO - Setting next_dagrun for dataset_s3_bucket_producer to None, run_after=None
[2024-08-27T17:07:56.773+0000] {processor.py:208} INFO - Processing /home/airflow/.local/lib/python3.12/site-packages/airflow/example_dags/example_dataset_alias.py took 0.393 seconds
[2024-08-27T17:08:26.999+0000] {processor.py:186} INFO - Started process (PID=516) to work on /home/airflow/.local/lib/python3.12/site-packages/airflow/example_dags/example_dataset_alias.py
[2024-08-27T17:08:27.001+0000] {processor.py:914} INFO - Processing file /home/airflow/.local/lib/python3.12/site-packages/airflow/example_dags/example_dataset_alias.py for tasks to queue
[2024-08-27T17:08:27.005+0000] {logging_mixin.py:190} INFO - [2024-08-27T17:08:27.005+0000] {dagbag.py:587} INFO - Filling up the DagBag from /home/airflow/.local/lib/python3.12/site-packages/airflow/example_dags/example_dataset_alias.py
[2024-08-27T17:08:27.238+0000] {processor.py:925} INFO - DAG(s) 'dataset_s3_bucket_producer', 'dataset_alias_example_alias_producer', 'dataset_alias_example_alias_consumer', 'dataset_s3_bucket_consumer' retrieved from /home/airflow/.local/lib/python3.12/site-packages/airflow/example_dags/example_dataset_alias.py
[2024-08-27T17:08:27.272+0000] {logging_mixin.py:190} INFO - [2024-08-27T17:08:27.272+0000] {dag.py:3211} INFO - Sync 4 DAGs
[2024-08-27T17:08:27.309+0000] {logging_mixin.py:190} INFO - [2024-08-27T17:08:27.308+0000] {dag.py:4138} INFO - Setting next_dagrun for dataset_alias_example_alias_consumer to None, run_after=None
[2024-08-27T17:08:27.315+0000] {logging_mixin.py:190} INFO - [2024-08-27T17:08:27.314+0000] {dag.py:4138} INFO - Setting next_dagrun for dataset_alias_example_alias_producer to None, run_after=None
[2024-08-27T17:08:27.319+0000] {logging_mixin.py:190} INFO - [2024-08-27T17:08:27.318+0000] {dag.py:4138} INFO - Setting next_dagrun for dataset_s3_bucket_consumer to None, run_after=None
[2024-08-27T17:08:27.321+0000] {logging_mixin.py:190} INFO - [2024-08-27T17:08:27.321+0000] {dag.py:4138} INFO - Setting next_dagrun for dataset_s3_bucket_producer to None, run_after=None
[2024-08-27T17:08:27.359+0000] {processor.py:208} INFO - Processing /home/airflow/.local/lib/python3.12/site-packages/airflow/example_dags/example_dataset_alias.py took 0.368 seconds
[2024-08-27T17:08:57.636+0000] {processor.py:186} INFO - Started process (PID=578) to work on /home/airflow/.local/lib/python3.12/site-packages/airflow/example_dags/example_dataset_alias.py
[2024-08-27T17:08:57.637+0000] {processor.py:914} INFO - Processing file /home/airflow/.local/lib/python3.12/site-packages/airflow/example_dags/example_dataset_alias.py for tasks to queue
[2024-08-27T17:08:57.641+0000] {logging_mixin.py:190} INFO - [2024-08-27T17:08:57.640+0000] {dagbag.py:587} INFO - Filling up the DagBag from /home/airflow/.local/lib/python3.12/site-packages/airflow/example_dags/example_dataset_alias.py
[2024-08-27T17:08:57.871+0000] {processor.py:925} INFO - DAG(s) 'dataset_s3_bucket_producer', 'dataset_alias_example_alias_consumer', 'dataset_s3_bucket_consumer', 'dataset_alias_example_alias_producer' retrieved from /home/airflow/.local/lib/python3.12/site-packages/airflow/example_dags/example_dataset_alias.py
[2024-08-27T17:08:57.910+0000] {logging_mixin.py:190} INFO - [2024-08-27T17:08:57.910+0000] {dag.py:3211} INFO - Sync 4 DAGs
[2024-08-27T17:08:57.946+0000] {logging_mixin.py:190} INFO - [2024-08-27T17:08:57.946+0000] {dag.py:4138} INFO - Setting next_dagrun for dataset_alias_example_alias_consumer to None, run_after=None
[2024-08-27T17:08:57.951+0000] {logging_mixin.py:190} INFO - [2024-08-27T17:08:57.951+0000] {dag.py:4138} INFO - Setting next_dagrun for dataset_alias_example_alias_producer to None, run_after=None
[2024-08-27T17:08:57.954+0000] {logging_mixin.py:190} INFO - [2024-08-27T17:08:57.953+0000] {dag.py:4138} INFO - Setting next_dagrun for dataset_s3_bucket_consumer to None, run_after=None
[2024-08-27T17:08:57.955+0000] {logging_mixin.py:190} INFO - [2024-08-27T17:08:57.955+0000] {dag.py:4138} INFO - Setting next_dagrun for dataset_s3_bucket_producer to None, run_after=None
[2024-08-27T17:08:57.994+0000] {processor.py:208} INFO - Processing /home/airflow/.local/lib/python3.12/site-packages/airflow/example_dags/example_dataset_alias.py took 0.368 seconds
[2024-08-27T17:09:28.199+0000] {processor.py:186} INFO - Started process (PID=640) to work on /home/airflow/.local/lib/python3.12/site-packages/airflow/example_dags/example_dataset_alias.py
[2024-08-27T17:09:28.201+0000] {processor.py:914} INFO - Processing file /home/airflow/.local/lib/python3.12/site-packages/airflow/example_dags/example_dataset_alias.py for tasks to queue
[2024-08-27T17:09:28.204+0000] {logging_mixin.py:190} INFO - [2024-08-27T17:09:28.204+0000] {dagbag.py:587} INFO - Filling up the DagBag from /home/airflow/.local/lib/python3.12/site-packages/airflow/example_dags/example_dataset_alias.py
[2024-08-27T17:09:28.446+0000] {processor.py:925} INFO - DAG(s) 'dataset_alias_example_alias_producer', 'dataset_s3_bucket_producer', 'dataset_s3_bucket_consumer', 'dataset_alias_example_alias_consumer' retrieved from /home/airflow/.local/lib/python3.12/site-packages/airflow/example_dags/example_dataset_alias.py
[2024-08-27T17:09:28.478+0000] {logging_mixin.py:190} INFO - [2024-08-27T17:09:28.477+0000] {dag.py:3211} INFO - Sync 4 DAGs
[2024-08-27T17:09:28.516+0000] {logging_mixin.py:190} INFO - [2024-08-27T17:09:28.516+0000] {dag.py:4138} INFO - Setting next_dagrun for dataset_alias_example_alias_consumer to None, run_after=None
[2024-08-27T17:09:28.522+0000] {logging_mixin.py:190} INFO - [2024-08-27T17:09:28.521+0000] {dag.py:4138} INFO - Setting next_dagrun for dataset_alias_example_alias_producer to None, run_after=None
[2024-08-27T17:09:28.525+0000] {logging_mixin.py:190} INFO - [2024-08-27T17:09:28.525+0000] {dag.py:4138} INFO - Setting next_dagrun for dataset_s3_bucket_consumer to None, run_after=None
[2024-08-27T17:09:28.529+0000] {logging_mixin.py:190} INFO - [2024-08-27T17:09:28.528+0000] {dag.py:4138} INFO - Setting next_dagrun for dataset_s3_bucket_producer to None, run_after=None
[2024-08-27T17:09:28.569+0000] {processor.py:208} INFO - Processing /home/airflow/.local/lib/python3.12/site-packages/airflow/example_dags/example_dataset_alias.py took 0.377 seconds
[2024-08-27T17:09:58.708+0000] {processor.py:186} INFO - Started process (PID=702) to work on /home/airflow/.local/lib/python3.12/site-packages/airflow/example_dags/example_dataset_alias.py
[2024-08-27T17:09:58.709+0000] {processor.py:914} INFO - Processing file /home/airflow/.local/lib/python3.12/site-packages/airflow/example_dags/example_dataset_alias.py for tasks to queue
[2024-08-27T17:09:58.713+0000] {logging_mixin.py:190} INFO - [2024-08-27T17:09:58.712+0000] {dagbag.py:587} INFO - Filling up the DagBag from /home/airflow/.local/lib/python3.12/site-packages/airflow/example_dags/example_dataset_alias.py
[2024-08-27T17:09:58.960+0000] {processor.py:925} INFO - DAG(s) 'dataset_s3_bucket_producer', 'dataset_alias_example_alias_consumer', 'dataset_s3_bucket_consumer', 'dataset_alias_example_alias_producer' retrieved from /home/airflow/.local/lib/python3.12/site-packages/airflow/example_dags/example_dataset_alias.py
[2024-08-27T17:09:58.998+0000] {logging_mixin.py:190} INFO - [2024-08-27T17:09:58.998+0000] {dag.py:3211} INFO - Sync 4 DAGs
[2024-08-27T17:09:59.039+0000] {logging_mixin.py:190} INFO - [2024-08-27T17:09:59.038+0000] {dag.py:4138} INFO - Setting next_dagrun for dataset_alias_example_alias_consumer to None, run_after=None
[2024-08-27T17:09:59.043+0000] {logging_mixin.py:190} INFO - [2024-08-27T17:09:59.043+0000] {dag.py:4138} INFO - Setting next_dagrun for dataset_alias_example_alias_producer to None, run_after=None
[2024-08-27T17:09:59.046+0000] {logging_mixin.py:190} INFO - [2024-08-27T17:09:59.046+0000] {dag.py:4138} INFO - Setting next_dagrun for dataset_s3_bucket_consumer to None, run_after=None
[2024-08-27T17:09:59.050+0000] {logging_mixin.py:190} INFO - [2024-08-27T17:09:59.049+0000] {dag.py:4138} INFO - Setting next_dagrun for dataset_s3_bucket_producer to None, run_after=None
[2024-08-27T17:09:59.085+0000] {processor.py:208} INFO - Processing /home/airflow/.local/lib/python3.12/site-packages/airflow/example_dags/example_dataset_alias.py took 0.386 seconds
[2024-08-27T17:10:29.215+0000] {processor.py:186} INFO - Started process (PID=764) to work on /home/airflow/.local/lib/python3.12/site-packages/airflow/example_dags/example_dataset_alias.py
[2024-08-27T17:10:29.217+0000] {processor.py:914} INFO - Processing file /home/airflow/.local/lib/python3.12/site-packages/airflow/example_dags/example_dataset_alias.py for tasks to queue
[2024-08-27T17:10:29.220+0000] {logging_mixin.py:190} INFO - [2024-08-27T17:10:29.220+0000] {dagbag.py:587} INFO - Filling up the DagBag from /home/airflow/.local/lib/python3.12/site-packages/airflow/example_dags/example_dataset_alias.py
[2024-08-27T17:10:29.550+0000] {processor.py:925} INFO - DAG(s) 'dataset_alias_example_alias_consumer', 'dataset_s3_bucket_producer', 'dataset_alias_example_alias_producer', 'dataset_s3_bucket_consumer' retrieved from /home/airflow/.local/lib/python3.12/site-packages/airflow/example_dags/example_dataset_alias.py
[2024-08-27T17:10:29.604+0000] {logging_mixin.py:190} INFO - [2024-08-27T17:10:29.603+0000] {dag.py:3211} INFO - Sync 4 DAGs
[2024-08-27T17:10:29.664+0000] {logging_mixin.py:190} INFO - [2024-08-27T17:10:29.664+0000] {dag.py:4138} INFO - Setting next_dagrun for dataset_alias_example_alias_consumer to None, run_after=None
[2024-08-27T17:10:29.669+0000] {logging_mixin.py:190} INFO - [2024-08-27T17:10:29.669+0000] {dag.py:4138} INFO - Setting next_dagrun for dataset_alias_example_alias_producer to None, run_after=None
[2024-08-27T17:10:29.672+0000] {logging_mixin.py:190} INFO - [2024-08-27T17:10:29.672+0000] {dag.py:4138} INFO - Setting next_dagrun for dataset_s3_bucket_consumer to None, run_after=None
[2024-08-27T17:10:29.675+0000] {logging_mixin.py:190} INFO - [2024-08-27T17:10:29.674+0000] {dag.py:4138} INFO - Setting next_dagrun for dataset_s3_bucket_producer to None, run_after=None
[2024-08-27T17:10:29.722+0000] {processor.py:208} INFO - Processing /home/airflow/.local/lib/python3.12/site-packages/airflow/example_dags/example_dataset_alias.py took 0.516 seconds
[2024-08-27T17:10:59.891+0000] {processor.py:186} INFO - Started process (PID=827) to work on /home/airflow/.local/lib/python3.12/site-packages/airflow/example_dags/example_dataset_alias.py
[2024-08-27T17:10:59.893+0000] {processor.py:914} INFO - Processing file /home/airflow/.local/lib/python3.12/site-packages/airflow/example_dags/example_dataset_alias.py for tasks to queue
[2024-08-27T17:10:59.898+0000] {logging_mixin.py:190} INFO - [2024-08-27T17:10:59.898+0000] {dagbag.py:587} INFO - Filling up the DagBag from /home/airflow/.local/lib/python3.12/site-packages/airflow/example_dags/example_dataset_alias.py
[2024-08-27T17:11:00.192+0000] {processor.py:925} INFO - DAG(s) 'dataset_alias_example_alias_consumer', 'dataset_s3_bucket_producer', 'dataset_alias_example_alias_producer', 'dataset_s3_bucket_consumer' retrieved from /home/airflow/.local/lib/python3.12/site-packages/airflow/example_dags/example_dataset_alias.py
[2024-08-27T17:11:00.230+0000] {logging_mixin.py:190} INFO - [2024-08-27T17:11:00.229+0000] {dag.py:3211} INFO - Sync 4 DAGs
[2024-08-27T17:11:00.266+0000] {logging_mixin.py:190} INFO - [2024-08-27T17:11:00.266+0000] {dag.py:4138} INFO - Setting next_dagrun for dataset_alias_example_alias_consumer to None, run_after=None
[2024-08-27T17:11:00.272+0000] {logging_mixin.py:190} INFO - [2024-08-27T17:11:00.272+0000] {dag.py:4138} INFO - Setting next_dagrun for dataset_alias_example_alias_producer to None, run_after=None
[2024-08-27T17:11:00.274+0000] {logging_mixin.py:190} INFO - [2024-08-27T17:11:00.274+0000] {dag.py:4138} INFO - Setting next_dagrun for dataset_s3_bucket_consumer to None, run_after=None
[2024-08-27T17:11:00.277+0000] {logging_mixin.py:190} INFO - [2024-08-27T17:11:00.277+0000] {dag.py:4138} INFO - Setting next_dagrun for dataset_s3_bucket_producer to None, run_after=None
[2024-08-27T17:11:00.323+0000] {processor.py:208} INFO - Processing /home/airflow/.local/lib/python3.12/site-packages/airflow/example_dags/example_dataset_alias.py took 0.443 seconds
[2024-08-27T17:11:30.566+0000] {processor.py:186} INFO - Started process (PID=891) to work on /home/airflow/.local/lib/python3.12/site-packages/airflow/example_dags/example_dataset_alias.py
[2024-08-27T17:11:30.567+0000] {processor.py:914} INFO - Processing file /home/airflow/.local/lib/python3.12/site-packages/airflow/example_dags/example_dataset_alias.py for tasks to queue
[2024-08-27T17:11:30.572+0000] {logging_mixin.py:190} INFO - [2024-08-27T17:11:30.571+0000] {dagbag.py:587} INFO - Filling up the DagBag from /home/airflow/.local/lib/python3.12/site-packages/airflow/example_dags/example_dataset_alias.py
[2024-08-27T17:11:30.913+0000] {processor.py:925} INFO - DAG(s) 'dataset_alias_example_alias_consumer', 'dataset_s3_bucket_consumer', 'dataset_alias_example_alias_producer', 'dataset_s3_bucket_producer' retrieved from /home/airflow/.local/lib/python3.12/site-packages/airflow/example_dags/example_dataset_alias.py
[2024-08-27T17:11:30.974+0000] {logging_mixin.py:190} INFO - [2024-08-27T17:11:30.974+0000] {dag.py:3211} INFO - Sync 4 DAGs
[2024-08-27T17:11:31.013+0000] {logging_mixin.py:190} INFO - [2024-08-27T17:11:31.013+0000] {dag.py:4138} INFO - Setting next_dagrun for dataset_alias_example_alias_consumer to None, run_after=None
[2024-08-27T17:11:31.017+0000] {logging_mixin.py:190} INFO - [2024-08-27T17:11:31.016+0000] {dag.py:4138} INFO - Setting next_dagrun for dataset_alias_example_alias_producer to None, run_after=None
[2024-08-27T17:11:31.019+0000] {logging_mixin.py:190} INFO - [2024-08-27T17:11:31.018+0000] {dag.py:4138} INFO - Setting next_dagrun for dataset_s3_bucket_consumer to None, run_after=None
[2024-08-27T17:11:31.020+0000] {logging_mixin.py:190} INFO - [2024-08-27T17:11:31.020+0000] {dag.py:4138} INFO - Setting next_dagrun for dataset_s3_bucket_producer to None, run_after=None
[2024-08-27T17:11:31.051+0000] {processor.py:208} INFO - Processing /home/airflow/.local/lib/python3.12/site-packages/airflow/example_dags/example_dataset_alias.py took 0.496 seconds
[2024-08-27T17:12:01.260+0000] {processor.py:186} INFO - Started process (PID=955) to work on /home/airflow/.local/lib/python3.12/site-packages/airflow/example_dags/example_dataset_alias.py
[2024-08-27T17:12:01.262+0000] {processor.py:914} INFO - Processing file /home/airflow/.local/lib/python3.12/site-packages/airflow/example_dags/example_dataset_alias.py for tasks to queue
[2024-08-27T17:12:01.265+0000] {logging_mixin.py:190} INFO - [2024-08-27T17:12:01.264+0000] {dagbag.py:587} INFO - Filling up the DagBag from /home/airflow/.local/lib/python3.12/site-packages/airflow/example_dags/example_dataset_alias.py
[2024-08-27T17:12:01.487+0000] {processor.py:925} INFO - DAG(s) 'dataset_alias_example_alias_consumer', 'dataset_alias_example_alias_producer', 'dataset_s3_bucket_producer', 'dataset_s3_bucket_consumer' retrieved from /home/airflow/.local/lib/python3.12/site-packages/airflow/example_dags/example_dataset_alias.py
[2024-08-27T17:12:01.523+0000] {logging_mixin.py:190} INFO - [2024-08-27T17:12:01.523+0000] {dag.py:3211} INFO - Sync 4 DAGs
[2024-08-27T17:12:01.566+0000] {logging_mixin.py:190} INFO - [2024-08-27T17:12:01.565+0000] {dag.py:4138} INFO - Setting next_dagrun for dataset_alias_example_alias_consumer to None, run_after=None
[2024-08-27T17:12:01.571+0000] {logging_mixin.py:190} INFO - [2024-08-27T17:12:01.571+0000] {dag.py:4138} INFO - Setting next_dagrun for dataset_alias_example_alias_producer to None, run_after=None
[2024-08-27T17:12:01.575+0000] {logging_mixin.py:190} INFO - [2024-08-27T17:12:01.574+0000] {dag.py:4138} INFO - Setting next_dagrun for dataset_s3_bucket_consumer to None, run_after=None
[2024-08-27T17:12:01.578+0000] {logging_mixin.py:190} INFO - [2024-08-27T17:12:01.578+0000] {dag.py:4138} INFO - Setting next_dagrun for dataset_s3_bucket_producer to None, run_after=None
[2024-08-27T17:12:01.616+0000] {processor.py:208} INFO - Processing /home/airflow/.local/lib/python3.12/site-packages/airflow/example_dags/example_dataset_alias.py took 0.367 seconds
[2024-08-27T17:12:31.994+0000] {processor.py:186} INFO - Started process (PID=1018) to work on /home/airflow/.local/lib/python3.12/site-packages/airflow/example_dags/example_dataset_alias.py
[2024-08-27T17:12:31.995+0000] {processor.py:914} INFO - Processing file /home/airflow/.local/lib/python3.12/site-packages/airflow/example_dags/example_dataset_alias.py for tasks to queue
[2024-08-27T17:12:32.001+0000] {logging_mixin.py:190} INFO - [2024-08-27T17:12:32.001+0000] {dagbag.py:587} INFO - Filling up the DagBag from /home/airflow/.local/lib/python3.12/site-packages/airflow/example_dags/example_dataset_alias.py
[2024-08-27T17:12:32.352+0000] {processor.py:925} INFO - DAG(s) 'dataset_s3_bucket_producer', 'dataset_s3_bucket_consumer', 'dataset_alias_example_alias_producer', 'dataset_alias_example_alias_consumer' retrieved from /home/airflow/.local/lib/python3.12/site-packages/airflow/example_dags/example_dataset_alias.py
[2024-08-27T17:12:32.386+0000] {logging_mixin.py:190} INFO - [2024-08-27T17:12:32.386+0000] {dag.py:3211} INFO - Sync 4 DAGs
[2024-08-27T17:12:32.422+0000] {logging_mixin.py:190} INFO - [2024-08-27T17:12:32.422+0000] {dag.py:4138} INFO - Setting next_dagrun for dataset_alias_example_alias_consumer to None, run_after=None
[2024-08-27T17:12:32.426+0000] {logging_mixin.py:190} INFO - [2024-08-27T17:12:32.426+0000] {dag.py:4138} INFO - Setting next_dagrun for dataset_alias_example_alias_producer to None, run_after=None
[2024-08-27T17:12:32.428+0000] {logging_mixin.py:190} INFO - [2024-08-27T17:12:32.428+0000] {dag.py:4138} INFO - Setting next_dagrun for dataset_s3_bucket_consumer to None, run_after=None
[2024-08-27T17:12:32.430+0000] {logging_mixin.py:190} INFO - [2024-08-27T17:12:32.429+0000] {dag.py:4138} INFO - Setting next_dagrun for dataset_s3_bucket_producer to None, run_after=None
[2024-08-27T17:12:32.467+0000] {processor.py:208} INFO - Processing /home/airflow/.local/lib/python3.12/site-packages/airflow/example_dags/example_dataset_alias.py took 0.484 seconds
[2024-08-27T17:13:02.570+0000] {processor.py:186} INFO - Started process (PID=1081) to work on /home/airflow/.local/lib/python3.12/site-packages/airflow/example_dags/example_dataset_alias.py
[2024-08-27T17:13:02.575+0000] {processor.py:914} INFO - Processing file /home/airflow/.local/lib/python3.12/site-packages/airflow/example_dags/example_dataset_alias.py for tasks to queue
[2024-08-27T17:13:02.581+0000] {logging_mixin.py:190} INFO - [2024-08-27T17:13:02.580+0000] {dagbag.py:587} INFO - Filling up the DagBag from /home/airflow/.local/lib/python3.12/site-packages/airflow/example_dags/example_dataset_alias.py
[2024-08-27T17:13:02.977+0000] {processor.py:925} INFO - DAG(s) 'dataset_s3_bucket_producer', 'dataset_alias_example_alias_producer', 'dataset_alias_example_alias_consumer', 'dataset_s3_bucket_consumer' retrieved from /home/airflow/.local/lib/python3.12/site-packages/airflow/example_dags/example_dataset_alias.py
[2024-08-27T17:13:03.013+0000] {logging_mixin.py:190} INFO - [2024-08-27T17:13:03.013+0000] {dag.py:3211} INFO - Sync 4 DAGs
[2024-08-27T17:13:03.047+0000] {logging_mixin.py:190} INFO - [2024-08-27T17:13:03.047+0000] {dag.py:4138} INFO - Setting next_dagrun for dataset_alias_example_alias_consumer to None, run_after=None
[2024-08-27T17:13:03.051+0000] {logging_mixin.py:190} INFO - [2024-08-27T17:13:03.051+0000] {dag.py:4138} INFO - Setting next_dagrun for dataset_alias_example_alias_producer to None, run_after=None
[2024-08-27T17:13:03.054+0000] {logging_mixin.py:190} INFO - [2024-08-27T17:13:03.053+0000] {dag.py:4138} INFO - Setting next_dagrun for dataset_s3_bucket_consumer to None, run_after=None
[2024-08-27T17:13:03.055+0000] {logging_mixin.py:190} INFO - [2024-08-27T17:13:03.055+0000] {dag.py:4138} INFO - Setting next_dagrun for dataset_s3_bucket_producer to None, run_after=None
[2024-08-27T17:13:03.093+0000] {processor.py:208} INFO - Processing /home/airflow/.local/lib/python3.12/site-packages/airflow/example_dags/example_dataset_alias.py took 0.537 seconds
[2024-08-27T17:13:33.201+0000] {processor.py:186} INFO - Started process (PID=1143) to work on /home/airflow/.local/lib/python3.12/site-packages/airflow/example_dags/example_dataset_alias.py
[2024-08-27T17:13:33.203+0000] {processor.py:914} INFO - Processing file /home/airflow/.local/lib/python3.12/site-packages/airflow/example_dags/example_dataset_alias.py for tasks to queue
[2024-08-27T17:13:33.206+0000] {logging_mixin.py:190} INFO - [2024-08-27T17:13:33.206+0000] {dagbag.py:587} INFO - Filling up the DagBag from /home/airflow/.local/lib/python3.12/site-packages/airflow/example_dags/example_dataset_alias.py
[2024-08-27T17:13:33.447+0000] {processor.py:925} INFO - DAG(s) 'dataset_s3_bucket_producer', 'dataset_alias_example_alias_producer', 'dataset_s3_bucket_consumer', 'dataset_alias_example_alias_consumer' retrieved from /home/airflow/.local/lib/python3.12/site-packages/airflow/example_dags/example_dataset_alias.py
[2024-08-27T17:13:33.481+0000] {logging_mixin.py:190} INFO - [2024-08-27T17:13:33.481+0000] {dag.py:3211} INFO - Sync 4 DAGs
[2024-08-27T17:13:33.513+0000] {logging_mixin.py:190} INFO - [2024-08-27T17:13:33.513+0000] {dag.py:4138} INFO - Setting next_dagrun for dataset_alias_example_alias_consumer to None, run_after=None
[2024-08-27T17:13:33.518+0000] {logging_mixin.py:190} INFO - [2024-08-27T17:13:33.517+0000] {dag.py:4138} INFO - Setting next_dagrun for dataset_alias_example_alias_producer to None, run_after=None
[2024-08-27T17:13:33.520+0000] {logging_mixin.py:190} INFO - [2024-08-27T17:13:33.520+0000] {dag.py:4138} INFO - Setting next_dagrun for dataset_s3_bucket_consumer to None, run_after=None
[2024-08-27T17:13:33.523+0000] {logging_mixin.py:190} INFO - [2024-08-27T17:13:33.523+0000] {dag.py:4138} INFO - Setting next_dagrun for dataset_s3_bucket_producer to None, run_after=None
[2024-08-27T17:13:33.560+0000] {processor.py:208} INFO - Processing /home/airflow/.local/lib/python3.12/site-packages/airflow/example_dags/example_dataset_alias.py took 0.368 seconds
[2024-08-27T17:14:03.801+0000] {processor.py:186} INFO - Started process (PID=1205) to work on /home/airflow/.local/lib/python3.12/site-packages/airflow/example_dags/example_dataset_alias.py
[2024-08-27T17:14:03.803+0000] {processor.py:914} INFO - Processing file /home/airflow/.local/lib/python3.12/site-packages/airflow/example_dags/example_dataset_alias.py for tasks to queue
[2024-08-27T17:14:03.807+0000] {logging_mixin.py:190} INFO - [2024-08-27T17:14:03.806+0000] {dagbag.py:587} INFO - Filling up the DagBag from /home/airflow/.local/lib/python3.12/site-packages/airflow/example_dags/example_dataset_alias.py
[2024-08-27T17:14:04.126+0000] {processor.py:925} INFO - DAG(s) 'dataset_alias_example_alias_producer', 'dataset_alias_example_alias_consumer', 'dataset_s3_bucket_producer', 'dataset_s3_bucket_consumer' retrieved from /home/airflow/.local/lib/python3.12/site-packages/airflow/example_dags/example_dataset_alias.py
[2024-08-27T17:14:04.171+0000] {logging_mixin.py:190} INFO - [2024-08-27T17:14:04.171+0000] {dag.py:3211} INFO - Sync 4 DAGs
[2024-08-27T17:14:04.216+0000] {logging_mixin.py:190} INFO - [2024-08-27T17:14:04.216+0000] {dag.py:4138} INFO - Setting next_dagrun for dataset_alias_example_alias_consumer to None, run_after=None
[2024-08-27T17:14:04.222+0000] {logging_mixin.py:190} INFO - [2024-08-27T17:14:04.221+0000] {dag.py:4138} INFO - Setting next_dagrun for dataset_alias_example_alias_producer to None, run_after=None
[2024-08-27T17:14:04.225+0000] {logging_mixin.py:190} INFO - [2024-08-27T17:14:04.224+0000] {dag.py:4138} INFO - Setting next_dagrun for dataset_s3_bucket_consumer to None, run_after=None
[2024-08-27T17:14:04.227+0000] {logging_mixin.py:190} INFO - [2024-08-27T17:14:04.227+0000] {dag.py:4138} INFO - Setting next_dagrun for dataset_s3_bucket_producer to None, run_after=None
[2024-08-27T17:14:04.275+0000] {processor.py:208} INFO - Processing /home/airflow/.local/lib/python3.12/site-packages/airflow/example_dags/example_dataset_alias.py took 0.484 seconds
[2024-08-27T17:14:34.413+0000] {processor.py:186} INFO - Started process (PID=1267) to work on /home/airflow/.local/lib/python3.12/site-packages/airflow/example_dags/example_dataset_alias.py
[2024-08-27T17:14:34.416+0000] {processor.py:914} INFO - Processing file /home/airflow/.local/lib/python3.12/site-packages/airflow/example_dags/example_dataset_alias.py for tasks to queue
[2024-08-27T17:14:34.419+0000] {logging_mixin.py:190} INFO - [2024-08-27T17:14:34.419+0000] {dagbag.py:587} INFO - Filling up the DagBag from /home/airflow/.local/lib/python3.12/site-packages/airflow/example_dags/example_dataset_alias.py
[2024-08-27T17:14:34.682+0000] {processor.py:925} INFO - DAG(s) 'dataset_alias_example_alias_consumer', 'dataset_s3_bucket_producer', 'dataset_alias_example_alias_producer', 'dataset_s3_bucket_consumer' retrieved from /home/airflow/.local/lib/python3.12/site-packages/airflow/example_dags/example_dataset_alias.py
[2024-08-27T17:14:34.717+0000] {logging_mixin.py:190} INFO - [2024-08-27T17:14:34.716+0000] {dag.py:3211} INFO - Sync 4 DAGs
[2024-08-27T17:14:34.754+0000] {logging_mixin.py:190} INFO - [2024-08-27T17:14:34.753+0000] {dag.py:4138} INFO - Setting next_dagrun for dataset_alias_example_alias_consumer to None, run_after=None
[2024-08-27T17:14:34.759+0000] {logging_mixin.py:190} INFO - [2024-08-27T17:14:34.758+0000] {dag.py:4138} INFO - Setting next_dagrun for dataset_alias_example_alias_producer to None, run_after=None
[2024-08-27T17:14:34.761+0000] {logging_mixin.py:190} INFO - [2024-08-27T17:14:34.761+0000] {dag.py:4138} INFO - Setting next_dagrun for dataset_s3_bucket_consumer to None, run_after=None
[2024-08-27T17:14:34.764+0000] {logging_mixin.py:190} INFO - [2024-08-27T17:14:34.763+0000] {dag.py:4138} INFO - Setting next_dagrun for dataset_s3_bucket_producer to None, run_after=None
[2024-08-27T17:14:34.804+0000] {processor.py:208} INFO - Processing /home/airflow/.local/lib/python3.12/site-packages/airflow/example_dags/example_dataset_alias.py took 0.402 seconds
[2024-08-27T17:15:04.968+0000] {processor.py:186} INFO - Started process (PID=1329) to work on /home/airflow/.local/lib/python3.12/site-packages/airflow/example_dags/example_dataset_alias.py
[2024-08-27T17:15:04.970+0000] {processor.py:914} INFO - Processing file /home/airflow/.local/lib/python3.12/site-packages/airflow/example_dags/example_dataset_alias.py for tasks to queue
[2024-08-27T17:15:04.974+0000] {logging_mixin.py:190} INFO - [2024-08-27T17:15:04.973+0000] {dagbag.py:587} INFO - Filling up the DagBag from /home/airflow/.local/lib/python3.12/site-packages/airflow/example_dags/example_dataset_alias.py
[2024-08-27T17:15:05.231+0000] {processor.py:925} INFO - DAG(s) 'dataset_alias_example_alias_consumer', 'dataset_s3_bucket_producer', 'dataset_alias_example_alias_producer', 'dataset_s3_bucket_consumer' retrieved from /home/airflow/.local/lib/python3.12/site-packages/airflow/example_dags/example_dataset_alias.py
[2024-08-27T17:15:05.271+0000] {logging_mixin.py:190} INFO - [2024-08-27T17:15:05.271+0000] {dag.py:3211} INFO - Sync 4 DAGs
[2024-08-27T17:15:05.308+0000] {logging_mixin.py:190} INFO - [2024-08-27T17:15:05.308+0000] {dag.py:4138} INFO - Setting next_dagrun for dataset_alias_example_alias_consumer to None, run_after=None
[2024-08-27T17:15:05.312+0000] {logging_mixin.py:190} INFO - [2024-08-27T17:15:05.312+0000] {dag.py:4138} INFO - Setting next_dagrun for dataset_alias_example_alias_producer to None, run_after=None
[2024-08-27T17:15:05.314+0000] {logging_mixin.py:190} INFO - [2024-08-27T17:15:05.314+0000] {dag.py:4138} INFO - Setting next_dagrun for dataset_s3_bucket_consumer to None, run_after=None
[2024-08-27T17:15:05.316+0000] {logging_mixin.py:190} INFO - [2024-08-27T17:15:05.316+0000] {dag.py:4138} INFO - Setting next_dagrun for dataset_s3_bucket_producer to None, run_after=None
[2024-08-27T17:15:05.355+0000] {processor.py:208} INFO - Processing /home/airflow/.local/lib/python3.12/site-packages/airflow/example_dags/example_dataset_alias.py took 0.397 seconds
[2024-08-27T17:15:35.663+0000] {processor.py:186} INFO - Started process (PID=1390) to work on /home/airflow/.local/lib/python3.12/site-packages/airflow/example_dags/example_dataset_alias.py
[2024-08-27T17:15:35.665+0000] {processor.py:914} INFO - Processing file /home/airflow/.local/lib/python3.12/site-packages/airflow/example_dags/example_dataset_alias.py for tasks to queue
[2024-08-27T17:15:35.670+0000] {logging_mixin.py:190} INFO - [2024-08-27T17:15:35.669+0000] {dagbag.py:587} INFO - Filling up the DagBag from /home/airflow/.local/lib/python3.12/site-packages/airflow/example_dags/example_dataset_alias.py
[2024-08-27T17:15:35.921+0000] {processor.py:925} INFO - DAG(s) 'dataset_alias_example_alias_consumer', 'dataset_s3_bucket_consumer', 'dataset_alias_example_alias_producer', 'dataset_s3_bucket_producer' retrieved from /home/airflow/.local/lib/python3.12/site-packages/airflow/example_dags/example_dataset_alias.py
[2024-08-27T17:15:35.976+0000] {logging_mixin.py:190} INFO - [2024-08-27T17:15:35.975+0000] {dag.py:3211} INFO - Sync 4 DAGs
[2024-08-27T17:15:36.017+0000] {logging_mixin.py:190} INFO - [2024-08-27T17:15:36.016+0000] {dag.py:4138} INFO - Setting next_dagrun for dataset_alias_example_alias_consumer to None, run_after=None
[2024-08-27T17:15:36.021+0000] {logging_mixin.py:190} INFO - [2024-08-27T17:15:36.021+0000] {dag.py:4138} INFO - Setting next_dagrun for dataset_alias_example_alias_producer to None, run_after=None
[2024-08-27T17:15:36.023+0000] {logging_mixin.py:190} INFO - [2024-08-27T17:15:36.023+0000] {dag.py:4138} INFO - Setting next_dagrun for dataset_s3_bucket_consumer to None, run_after=None
[2024-08-27T17:15:36.025+0000] {logging_mixin.py:190} INFO - [2024-08-27T17:15:36.025+0000] {dag.py:4138} INFO - Setting next_dagrun for dataset_s3_bucket_producer to None, run_after=None
[2024-08-27T17:15:36.066+0000] {processor.py:208} INFO - Processing /home/airflow/.local/lib/python3.12/site-packages/airflow/example_dags/example_dataset_alias.py took 0.412 seconds
[2024-08-27T17:16:06.415+0000] {processor.py:186} INFO - Started process (PID=1452) to work on /home/airflow/.local/lib/python3.12/site-packages/airflow/example_dags/example_dataset_alias.py
[2024-08-27T17:16:06.416+0000] {processor.py:914} INFO - Processing file /home/airflow/.local/lib/python3.12/site-packages/airflow/example_dags/example_dataset_alias.py for tasks to queue
[2024-08-27T17:16:06.421+0000] {logging_mixin.py:190} INFO - [2024-08-27T17:16:06.420+0000] {dagbag.py:587} INFO - Filling up the DagBag from /home/airflow/.local/lib/python3.12/site-packages/airflow/example_dags/example_dataset_alias.py
[2024-08-27T17:16:06.732+0000] {processor.py:925} INFO - DAG(s) 'dataset_alias_example_alias_consumer', 'dataset_s3_bucket_producer', 'dataset_alias_example_alias_producer', 'dataset_s3_bucket_consumer' retrieved from /home/airflow/.local/lib/python3.12/site-packages/airflow/example_dags/example_dataset_alias.py
[2024-08-27T17:16:06.768+0000] {logging_mixin.py:190} INFO - [2024-08-27T17:16:06.768+0000] {dag.py:3211} INFO - Sync 4 DAGs
[2024-08-27T17:16:06.806+0000] {logging_mixin.py:190} INFO - [2024-08-27T17:16:06.806+0000] {dag.py:4138} INFO - Setting next_dagrun for dataset_alias_example_alias_consumer to None, run_after=None
[2024-08-27T17:16:06.810+0000] {logging_mixin.py:190} INFO - [2024-08-27T17:16:06.810+0000] {dag.py:4138} INFO - Setting next_dagrun for dataset_alias_example_alias_producer to None, run_after=None
[2024-08-27T17:16:06.812+0000] {logging_mixin.py:190} INFO - [2024-08-27T17:16:06.812+0000] {dag.py:4138} INFO - Setting next_dagrun for dataset_s3_bucket_consumer to None, run_after=None
[2024-08-27T17:16:06.815+0000] {logging_mixin.py:190} INFO - [2024-08-27T17:16:06.814+0000] {dag.py:4138} INFO - Setting next_dagrun for dataset_s3_bucket_producer to None, run_after=None
[2024-08-27T17:16:06.855+0000] {processor.py:208} INFO - Processing /home/airflow/.local/lib/python3.12/site-packages/airflow/example_dags/example_dataset_alias.py took 0.452 seconds
[2024-08-27T17:16:37.138+0000] {processor.py:186} INFO - Started process (PID=1514) to work on /home/airflow/.local/lib/python3.12/site-packages/airflow/example_dags/example_dataset_alias.py
[2024-08-27T17:16:37.140+0000] {processor.py:914} INFO - Processing file /home/airflow/.local/lib/python3.12/site-packages/airflow/example_dags/example_dataset_alias.py for tasks to queue
[2024-08-27T17:16:37.144+0000] {logging_mixin.py:190} INFO - [2024-08-27T17:16:37.144+0000] {dagbag.py:587} INFO - Filling up the DagBag from /home/airflow/.local/lib/python3.12/site-packages/airflow/example_dags/example_dataset_alias.py
[2024-08-27T17:16:37.388+0000] {processor.py:925} INFO - DAG(s) 'dataset_s3_bucket_consumer', 'dataset_s3_bucket_producer', 'dataset_alias_example_alias_consumer', 'dataset_alias_example_alias_producer' retrieved from /home/airflow/.local/lib/python3.12/site-packages/airflow/example_dags/example_dataset_alias.py
[2024-08-27T17:16:37.423+0000] {logging_mixin.py:190} INFO - [2024-08-27T17:16:37.423+0000] {dag.py:3211} INFO - Sync 4 DAGs
[2024-08-27T17:16:37.460+0000] {logging_mixin.py:190} INFO - [2024-08-27T17:16:37.459+0000] {dag.py:4138} INFO - Setting next_dagrun for dataset_alias_example_alias_consumer to None, run_after=None
[2024-08-27T17:16:37.464+0000] {logging_mixin.py:190} INFO - [2024-08-27T17:16:37.463+0000] {dag.py:4138} INFO - Setting next_dagrun for dataset_alias_example_alias_producer to None, run_after=None
[2024-08-27T17:16:37.466+0000] {logging_mixin.py:190} INFO - [2024-08-27T17:16:37.466+0000] {dag.py:4138} INFO - Setting next_dagrun for dataset_s3_bucket_consumer to None, run_after=None
[2024-08-27T17:16:37.468+0000] {logging_mixin.py:190} INFO - [2024-08-27T17:16:37.468+0000] {dag.py:4138} INFO - Setting next_dagrun for dataset_s3_bucket_producer to None, run_after=None
[2024-08-27T17:16:37.501+0000] {processor.py:208} INFO - Processing /home/airflow/.local/lib/python3.12/site-packages/airflow/example_dags/example_dataset_alias.py took 0.371 seconds
