[2024-08-27T17:04:51.767+0000] {processor.py:186} INFO - Started process (PID=82) to work on /home/airflow/.local/lib/python3.12/site-packages/airflow/example_dags/example_datasets.py
[2024-08-27T17:04:51.769+0000] {processor.py:914} INFO - Processing file /home/airflow/.local/lib/python3.12/site-packages/airflow/example_dags/example_datasets.py for tasks to queue
[2024-08-27T17:04:51.773+0000] {logging_mixin.py:190} INFO - [2024-08-27T17:04:51.772+0000] {dagbag.py:587} INFO - Filling up the DagBag from /home/airflow/.local/lib/python3.12/site-packages/airflow/example_dags/example_datasets.py
[2024-08-27T17:04:52.036+0000] {processor.py:925} INFO - DAG(s) 'consume_1_or_2_with_dataset_expressions', 'dataset_consumes_unknown_never_scheduled', 'dataset_consumes_1', 'consume_1_and_2_with_dataset_expressions', 'dataset_produces_2', 'dataset_consumes_1_and_2', 'consume_1_or_both_2_and_3_with_dataset_expressions', 'conditional_dataset_and_time_based_timetable', 'dataset_produces_1', 'dataset_consumes_1_never_scheduled' retrieved from /home/airflow/.local/lib/python3.12/site-packages/airflow/example_dags/example_datasets.py
[2024-08-27T17:04:52.241+0000] {logging_mixin.py:190} INFO - [2024-08-27T17:04:52.240+0000] {override.py:1858} INFO - Created Permission View: can edit on DAG:consume_1_or_2_with_dataset_expressions
[2024-08-27T17:04:52.259+0000] {logging_mixin.py:190} INFO - [2024-08-27T17:04:52.259+0000] {override.py:1858} INFO - Created Permission View: can read on DAG:consume_1_or_2_with_dataset_expressions
[2024-08-27T17:04:52.273+0000] {logging_mixin.py:190} INFO - [2024-08-27T17:04:52.272+0000] {override.py:1858} INFO - Created Permission View: can delete on DAG:consume_1_or_2_with_dataset_expressions
[2024-08-27T17:04:52.300+0000] {logging_mixin.py:190} INFO - [2024-08-27T17:04:52.300+0000] {override.py:1858} INFO - Created Permission View: can edit on DAG:dataset_consumes_unknown_never_scheduled
[2024-08-27T17:04:52.311+0000] {logging_mixin.py:190} INFO - [2024-08-27T17:04:52.311+0000] {override.py:1858} INFO - Created Permission View: can read on DAG:dataset_consumes_unknown_never_scheduled
[2024-08-27T17:04:52.325+0000] {logging_mixin.py:190} INFO - [2024-08-27T17:04:52.324+0000] {override.py:1858} INFO - Created Permission View: can delete on DAG:dataset_consumes_unknown_never_scheduled
[2024-08-27T17:04:52.351+0000] {logging_mixin.py:190} INFO - [2024-08-27T17:04:52.350+0000] {override.py:1858} INFO - Created Permission View: can edit on DAG:dataset_consumes_1
[2024-08-27T17:04:52.363+0000] {logging_mixin.py:190} INFO - [2024-08-27T17:04:52.362+0000] {override.py:1858} INFO - Created Permission View: can read on DAG:dataset_consumes_1
[2024-08-27T17:04:52.376+0000] {logging_mixin.py:190} INFO - [2024-08-27T17:04:52.376+0000] {override.py:1858} INFO - Created Permission View: can delete on DAG:dataset_consumes_1
[2024-08-27T17:04:52.400+0000] {logging_mixin.py:190} INFO - [2024-08-27T17:04:52.399+0000] {override.py:1858} INFO - Created Permission View: can edit on DAG:consume_1_and_2_with_dataset_expressions
[2024-08-27T17:04:52.414+0000] {logging_mixin.py:190} INFO - [2024-08-27T17:04:52.413+0000] {override.py:1858} INFO - Created Permission View: can read on DAG:consume_1_and_2_with_dataset_expressions
[2024-08-27T17:04:52.427+0000] {logging_mixin.py:190} INFO - [2024-08-27T17:04:52.426+0000] {override.py:1858} INFO - Created Permission View: can delete on DAG:consume_1_and_2_with_dataset_expressions
[2024-08-27T17:04:52.451+0000] {logging_mixin.py:190} INFO - [2024-08-27T17:04:52.451+0000] {override.py:1858} INFO - Created Permission View: can edit on DAG:dataset_produces_2
[2024-08-27T17:04:52.464+0000] {logging_mixin.py:190} INFO - [2024-08-27T17:04:52.463+0000] {override.py:1858} INFO - Created Permission View: can read on DAG:dataset_produces_2
[2024-08-27T17:04:52.475+0000] {logging_mixin.py:190} INFO - [2024-08-27T17:04:52.475+0000] {override.py:1858} INFO - Created Permission View: can delete on DAG:dataset_produces_2
[2024-08-27T17:04:52.499+0000] {logging_mixin.py:190} INFO - [2024-08-27T17:04:52.499+0000] {override.py:1858} INFO - Created Permission View: can edit on DAG:dataset_consumes_1_and_2
[2024-08-27T17:04:52.512+0000] {logging_mixin.py:190} INFO - [2024-08-27T17:04:52.512+0000] {override.py:1858} INFO - Created Permission View: can read on DAG:dataset_consumes_1_and_2
[2024-08-27T17:04:52.528+0000] {logging_mixin.py:190} INFO - [2024-08-27T17:04:52.527+0000] {override.py:1858} INFO - Created Permission View: can delete on DAG:dataset_consumes_1_and_2
[2024-08-27T17:04:52.561+0000] {logging_mixin.py:190} INFO - [2024-08-27T17:04:52.560+0000] {override.py:1858} INFO - Created Permission View: can edit on DAG:consume_1_or_both_2_and_3_with_dataset_expressions
[2024-08-27T17:04:52.575+0000] {logging_mixin.py:190} INFO - [2024-08-27T17:04:52.574+0000] {override.py:1858} INFO - Created Permission View: can read on DAG:consume_1_or_both_2_and_3_with_dataset_expressions
[2024-08-27T17:04:52.588+0000] {logging_mixin.py:190} INFO - [2024-08-27T17:04:52.588+0000] {override.py:1858} INFO - Created Permission View: can delete on DAG:consume_1_or_both_2_and_3_with_dataset_expressions
[2024-08-27T17:04:52.614+0000] {logging_mixin.py:190} INFO - [2024-08-27T17:04:52.613+0000] {override.py:1858} INFO - Created Permission View: can edit on DAG:conditional_dataset_and_time_based_timetable
[2024-08-27T17:04:52.628+0000] {logging_mixin.py:190} INFO - [2024-08-27T17:04:52.627+0000] {override.py:1858} INFO - Created Permission View: can read on DAG:conditional_dataset_and_time_based_timetable
[2024-08-27T17:04:52.642+0000] {logging_mixin.py:190} INFO - [2024-08-27T17:04:52.642+0000] {override.py:1858} INFO - Created Permission View: can delete on DAG:conditional_dataset_and_time_based_timetable
[2024-08-27T17:04:52.668+0000] {logging_mixin.py:190} INFO - [2024-08-27T17:04:52.668+0000] {override.py:1858} INFO - Created Permission View: can edit on DAG:dataset_produces_1
[2024-08-27T17:04:52.683+0000] {logging_mixin.py:190} INFO - [2024-08-27T17:04:52.682+0000] {override.py:1858} INFO - Created Permission View: can read on DAG:dataset_produces_1
[2024-08-27T17:04:52.699+0000] {logging_mixin.py:190} INFO - [2024-08-27T17:04:52.699+0000] {override.py:1858} INFO - Created Permission View: can delete on DAG:dataset_produces_1
[2024-08-27T17:04:52.732+0000] {logging_mixin.py:190} INFO - [2024-08-27T17:04:52.731+0000] {override.py:1858} INFO - Created Permission View: can edit on DAG:dataset_consumes_1_never_scheduled
[2024-08-27T17:04:52.746+0000] {logging_mixin.py:190} INFO - [2024-08-27T17:04:52.746+0000] {override.py:1858} INFO - Created Permission View: can read on DAG:dataset_consumes_1_never_scheduled
[2024-08-27T17:04:52.765+0000] {logging_mixin.py:190} INFO - [2024-08-27T17:04:52.765+0000] {override.py:1858} INFO - Created Permission View: can delete on DAG:dataset_consumes_1_never_scheduled
[2024-08-27T17:04:52.766+0000] {logging_mixin.py:190} INFO - [2024-08-27T17:04:52.766+0000] {dag.py:3211} INFO - Sync 10 DAGs
[2024-08-27T17:04:52.788+0000] {logging_mixin.py:190} INFO - [2024-08-27T17:04:52.787+0000] {dag.py:3234} INFO - Creating ORM DAG for consume_1_or_both_2_and_3_with_dataset_expressions
[2024-08-27T17:04:52.789+0000] {logging_mixin.py:190} INFO - [2024-08-27T17:04:52.789+0000] {dag.py:3234} INFO - Creating ORM DAG for dataset_produces_1
[2024-08-27T17:04:52.790+0000] {logging_mixin.py:190} INFO - [2024-08-27T17:04:52.790+0000] {dag.py:3234} INFO - Creating ORM DAG for dataset_consumes_1_never_scheduled
[2024-08-27T17:04:52.792+0000] {logging_mixin.py:190} INFO - [2024-08-27T17:04:52.791+0000] {dag.py:3234} INFO - Creating ORM DAG for conditional_dataset_and_time_based_timetable
[2024-08-27T17:04:52.793+0000] {logging_mixin.py:190} INFO - [2024-08-27T17:04:52.793+0000] {dag.py:3234} INFO - Creating ORM DAG for dataset_consumes_1_and_2
[2024-08-27T17:04:52.796+0000] {logging_mixin.py:190} INFO - [2024-08-27T17:04:52.796+0000] {dag.py:3234} INFO - Creating ORM DAG for dataset_consumes_1
[2024-08-27T17:04:52.798+0000] {logging_mixin.py:190} INFO - [2024-08-27T17:04:52.797+0000] {dag.py:3234} INFO - Creating ORM DAG for dataset_produces_2
[2024-08-27T17:04:52.799+0000] {logging_mixin.py:190} INFO - [2024-08-27T17:04:52.799+0000] {dag.py:3234} INFO - Creating ORM DAG for dataset_consumes_unknown_never_scheduled
[2024-08-27T17:04:52.800+0000] {logging_mixin.py:190} INFO - [2024-08-27T17:04:52.800+0000] {dag.py:3234} INFO - Creating ORM DAG for consume_1_or_2_with_dataset_expressions
[2024-08-27T17:04:52.801+0000] {logging_mixin.py:190} INFO - [2024-08-27T17:04:52.801+0000] {dag.py:3234} INFO - Creating ORM DAG for consume_1_and_2_with_dataset_expressions
[2024-08-27T17:04:52.823+0000] {logging_mixin.py:190} INFO - [2024-08-27T17:04:52.822+0000] {dag.py:4138} INFO - Setting next_dagrun for conditional_dataset_and_time_based_timetable to 2024-08-21 01:00:00+00:00, run_after=2024-08-21 01:00:00+00:00
[2024-08-27T17:04:52.824+0000] {logging_mixin.py:190} INFO - [2024-08-27T17:04:52.824+0000] {dag.py:4138} INFO - Setting next_dagrun for consume_1_and_2_with_dataset_expressions to None, run_after=None
[2024-08-27T17:04:52.826+0000] {logging_mixin.py:190} INFO - [2024-08-27T17:04:52.825+0000] {dag.py:4138} INFO - Setting next_dagrun for consume_1_or_2_with_dataset_expressions to None, run_after=None
[2024-08-27T17:04:52.827+0000] {logging_mixin.py:190} INFO - [2024-08-27T17:04:52.826+0000] {dag.py:4138} INFO - Setting next_dagrun for consume_1_or_both_2_and_3_with_dataset_expressions to None, run_after=None
[2024-08-27T17:04:52.828+0000] {logging_mixin.py:190} INFO - [2024-08-27T17:04:52.827+0000] {dag.py:4138} INFO - Setting next_dagrun for dataset_consumes_1 to None, run_after=None
[2024-08-27T17:04:52.829+0000] {logging_mixin.py:190} INFO - [2024-08-27T17:04:52.829+0000] {dag.py:4138} INFO - Setting next_dagrun for dataset_consumes_1_and_2 to None, run_after=None
[2024-08-27T17:04:52.831+0000] {logging_mixin.py:190} INFO - [2024-08-27T17:04:52.831+0000] {dag.py:4138} INFO - Setting next_dagrun for dataset_consumes_1_never_scheduled to None, run_after=None
[2024-08-27T17:04:52.832+0000] {logging_mixin.py:190} INFO - [2024-08-27T17:04:52.832+0000] {dag.py:4138} INFO - Setting next_dagrun for dataset_consumes_unknown_never_scheduled to None, run_after=None
[2024-08-27T17:04:52.837+0000] {logging_mixin.py:190} INFO - [2024-08-27T17:04:52.836+0000] {dag.py:4138} INFO - Setting next_dagrun for dataset_produces_1 to 2024-08-26 00:00:00+00:00, run_after=2024-08-27 00:00:00+00:00
[2024-08-27T17:04:52.838+0000] {logging_mixin.py:190} INFO - [2024-08-27T17:04:52.838+0000] {dag.py:4138} INFO - Setting next_dagrun for dataset_produces_2 to None, run_after=None
[2024-08-27T17:04:52.940+0000] {processor.py:208} INFO - Processing /home/airflow/.local/lib/python3.12/site-packages/airflow/example_dags/example_datasets.py took 1.184 seconds
[2024-08-27T17:05:23.098+0000] {processor.py:186} INFO - Started process (PID=145) to work on /home/airflow/.local/lib/python3.12/site-packages/airflow/example_dags/example_datasets.py
[2024-08-27T17:05:23.100+0000] {processor.py:914} INFO - Processing file /home/airflow/.local/lib/python3.12/site-packages/airflow/example_dags/example_datasets.py for tasks to queue
[2024-08-27T17:05:23.105+0000] {logging_mixin.py:190} INFO - [2024-08-27T17:05:23.103+0000] {dagbag.py:587} INFO - Filling up the DagBag from /home/airflow/.local/lib/python3.12/site-packages/airflow/example_dags/example_datasets.py
[2024-08-27T17:05:23.338+0000] {processor.py:925} INFO - DAG(s) 'conditional_dataset_and_time_based_timetable', 'consume_1_and_2_with_dataset_expressions', 'dataset_consumes_1_and_2', 'dataset_produces_2', 'consume_1_or_both_2_and_3_with_dataset_expressions', 'dataset_consumes_1_never_scheduled', 'dataset_produces_1', 'consume_1_or_2_with_dataset_expressions', 'dataset_consumes_unknown_never_scheduled', 'dataset_consumes_1' retrieved from /home/airflow/.local/lib/python3.12/site-packages/airflow/example_dags/example_datasets.py
[2024-08-27T17:05:23.432+0000] {logging_mixin.py:190} INFO - [2024-08-27T17:05:23.432+0000] {dag.py:3211} INFO - Sync 10 DAGs
[2024-08-27T17:05:23.482+0000] {logging_mixin.py:190} INFO - [2024-08-27T17:05:23.481+0000] {dag.py:4138} INFO - Setting next_dagrun for conditional_dataset_and_time_based_timetable to 2024-08-21 01:00:00+00:00, run_after=2024-08-21 01:00:00+00:00
[2024-08-27T17:05:23.489+0000] {logging_mixin.py:190} INFO - [2024-08-27T17:05:23.488+0000] {dag.py:4138} INFO - Setting next_dagrun for consume_1_and_2_with_dataset_expressions to None, run_after=None
[2024-08-27T17:05:23.493+0000] {logging_mixin.py:190} INFO - [2024-08-27T17:05:23.492+0000] {dag.py:4138} INFO - Setting next_dagrun for consume_1_or_2_with_dataset_expressions to None, run_after=None
[2024-08-27T17:05:23.497+0000] {logging_mixin.py:190} INFO - [2024-08-27T17:05:23.496+0000] {dag.py:4138} INFO - Setting next_dagrun for consume_1_or_both_2_and_3_with_dataset_expressions to None, run_after=None
[2024-08-27T17:05:23.500+0000] {logging_mixin.py:190} INFO - [2024-08-27T17:05:23.500+0000] {dag.py:4138} INFO - Setting next_dagrun for dataset_consumes_1 to None, run_after=None
[2024-08-27T17:05:23.503+0000] {logging_mixin.py:190} INFO - [2024-08-27T17:05:23.502+0000] {dag.py:4138} INFO - Setting next_dagrun for dataset_consumes_1_and_2 to None, run_after=None
[2024-08-27T17:05:23.505+0000] {logging_mixin.py:190} INFO - [2024-08-27T17:05:23.505+0000] {dag.py:4138} INFO - Setting next_dagrun for dataset_consumes_1_never_scheduled to None, run_after=None
[2024-08-27T17:05:23.509+0000] {logging_mixin.py:190} INFO - [2024-08-27T17:05:23.509+0000] {dag.py:4138} INFO - Setting next_dagrun for dataset_consumes_unknown_never_scheduled to None, run_after=None
[2024-08-27T17:05:23.516+0000] {logging_mixin.py:190} INFO - [2024-08-27T17:05:23.515+0000] {dag.py:4138} INFO - Setting next_dagrun for dataset_produces_1 to 2024-08-26 00:00:00+00:00, run_after=2024-08-27 00:00:00+00:00
[2024-08-27T17:05:23.519+0000] {logging_mixin.py:190} INFO - [2024-08-27T17:05:23.518+0000] {dag.py:4138} INFO - Setting next_dagrun for dataset_produces_2 to None, run_after=None
[2024-08-27T17:05:23.604+0000] {processor.py:208} INFO - Processing /home/airflow/.local/lib/python3.12/site-packages/airflow/example_dags/example_datasets.py took 0.516 seconds
[2024-08-27T17:05:53.873+0000] {processor.py:186} INFO - Started process (PID=206) to work on /home/airflow/.local/lib/python3.12/site-packages/airflow/example_dags/example_datasets.py
[2024-08-27T17:05:53.875+0000] {processor.py:914} INFO - Processing file /home/airflow/.local/lib/python3.12/site-packages/airflow/example_dags/example_datasets.py for tasks to queue
[2024-08-27T17:05:53.878+0000] {logging_mixin.py:190} INFO - [2024-08-27T17:05:53.878+0000] {dagbag.py:587} INFO - Filling up the DagBag from /home/airflow/.local/lib/python3.12/site-packages/airflow/example_dags/example_datasets.py
[2024-08-27T17:05:54.129+0000] {processor.py:925} INFO - DAG(s) 'consume_1_or_both_2_and_3_with_dataset_expressions', 'dataset_consumes_1_never_scheduled', 'conditional_dataset_and_time_based_timetable', 'dataset_consumes_1_and_2', 'dataset_produces_2', 'dataset_consumes_unknown_never_scheduled', 'consume_1_and_2_with_dataset_expressions', 'consume_1_or_2_with_dataset_expressions', 'dataset_consumes_1', 'dataset_produces_1' retrieved from /home/airflow/.local/lib/python3.12/site-packages/airflow/example_dags/example_datasets.py
[2024-08-27T17:05:54.222+0000] {logging_mixin.py:190} INFO - [2024-08-27T17:05:54.221+0000] {dag.py:3211} INFO - Sync 10 DAGs
[2024-08-27T17:05:54.267+0000] {logging_mixin.py:190} INFO - [2024-08-27T17:05:54.266+0000] {dag.py:4138} INFO - Setting next_dagrun for conditional_dataset_and_time_based_timetable to 2024-08-21 01:00:00+00:00, run_after=2024-08-21 01:00:00+00:00
[2024-08-27T17:05:54.273+0000] {logging_mixin.py:190} INFO - [2024-08-27T17:05:54.273+0000] {dag.py:4138} INFO - Setting next_dagrun for consume_1_and_2_with_dataset_expressions to None, run_after=None
[2024-08-27T17:05:54.277+0000] {logging_mixin.py:190} INFO - [2024-08-27T17:05:54.276+0000] {dag.py:4138} INFO - Setting next_dagrun for consume_1_or_2_with_dataset_expressions to None, run_after=None
[2024-08-27T17:05:54.280+0000] {logging_mixin.py:190} INFO - [2024-08-27T17:05:54.279+0000] {dag.py:4138} INFO - Setting next_dagrun for consume_1_or_both_2_and_3_with_dataset_expressions to None, run_after=None
[2024-08-27T17:05:54.283+0000] {logging_mixin.py:190} INFO - [2024-08-27T17:05:54.282+0000] {dag.py:4138} INFO - Setting next_dagrun for dataset_consumes_1 to None, run_after=None
[2024-08-27T17:05:54.286+0000] {logging_mixin.py:190} INFO - [2024-08-27T17:05:54.286+0000] {dag.py:4138} INFO - Setting next_dagrun for dataset_consumes_1_and_2 to None, run_after=None
[2024-08-27T17:05:54.290+0000] {logging_mixin.py:190} INFO - [2024-08-27T17:05:54.289+0000] {dag.py:4138} INFO - Setting next_dagrun for dataset_consumes_1_never_scheduled to None, run_after=None
[2024-08-27T17:05:54.294+0000] {logging_mixin.py:190} INFO - [2024-08-27T17:05:54.293+0000] {dag.py:4138} INFO - Setting next_dagrun for dataset_consumes_unknown_never_scheduled to None, run_after=None
[2024-08-27T17:05:54.300+0000] {logging_mixin.py:190} INFO - [2024-08-27T17:05:54.299+0000] {dag.py:4138} INFO - Setting next_dagrun for dataset_produces_1 to 2024-08-26 00:00:00+00:00, run_after=2024-08-27 00:00:00+00:00
[2024-08-27T17:05:54.303+0000] {logging_mixin.py:190} INFO - [2024-08-27T17:05:54.302+0000] {dag.py:4138} INFO - Setting next_dagrun for dataset_produces_2 to None, run_after=None
[2024-08-27T17:05:54.363+0000] {processor.py:208} INFO - Processing /home/airflow/.local/lib/python3.12/site-packages/airflow/example_dags/example_datasets.py took 0.499 seconds
[2024-08-27T17:06:24.852+0000] {processor.py:186} INFO - Started process (PID=269) to work on /home/airflow/.local/lib/python3.12/site-packages/airflow/example_dags/example_datasets.py
[2024-08-27T17:06:24.854+0000] {processor.py:914} INFO - Processing file /home/airflow/.local/lib/python3.12/site-packages/airflow/example_dags/example_datasets.py for tasks to queue
[2024-08-27T17:06:24.857+0000] {logging_mixin.py:190} INFO - [2024-08-27T17:06:24.857+0000] {dagbag.py:587} INFO - Filling up the DagBag from /home/airflow/.local/lib/python3.12/site-packages/airflow/example_dags/example_datasets.py
[2024-08-27T17:06:25.134+0000] {processor.py:925} INFO - DAG(s) 'dataset_produces_1', 'dataset_consumes_unknown_never_scheduled', 'consume_1_and_2_with_dataset_expressions', 'dataset_consumes_1', 'consume_1_or_2_with_dataset_expressions', 'dataset_consumes_1_never_scheduled', 'consume_1_or_both_2_and_3_with_dataset_expressions', 'conditional_dataset_and_time_based_timetable', 'dataset_produces_2', 'dataset_consumes_1_and_2' retrieved from /home/airflow/.local/lib/python3.12/site-packages/airflow/example_dags/example_datasets.py
[2024-08-27T17:06:25.252+0000] {logging_mixin.py:190} INFO - [2024-08-27T17:06:25.252+0000] {dag.py:3211} INFO - Sync 10 DAGs
[2024-08-27T17:06:25.329+0000] {logging_mixin.py:190} INFO - [2024-08-27T17:06:25.328+0000] {dag.py:4138} INFO - Setting next_dagrun for conditional_dataset_and_time_based_timetable to 2024-08-21 01:00:00+00:00, run_after=2024-08-21 01:00:00+00:00
[2024-08-27T17:06:25.335+0000] {logging_mixin.py:190} INFO - [2024-08-27T17:06:25.335+0000] {dag.py:4138} INFO - Setting next_dagrun for consume_1_and_2_with_dataset_expressions to None, run_after=None
[2024-08-27T17:06:25.338+0000] {logging_mixin.py:190} INFO - [2024-08-27T17:06:25.338+0000] {dag.py:4138} INFO - Setting next_dagrun for consume_1_or_2_with_dataset_expressions to None, run_after=None
[2024-08-27T17:06:25.341+0000] {logging_mixin.py:190} INFO - [2024-08-27T17:06:25.341+0000] {dag.py:4138} INFO - Setting next_dagrun for consume_1_or_both_2_and_3_with_dataset_expressions to None, run_after=None
[2024-08-27T17:06:25.344+0000] {logging_mixin.py:190} INFO - [2024-08-27T17:06:25.344+0000] {dag.py:4138} INFO - Setting next_dagrun for dataset_consumes_1 to None, run_after=None
[2024-08-27T17:06:25.347+0000] {logging_mixin.py:190} INFO - [2024-08-27T17:06:25.346+0000] {dag.py:4138} INFO - Setting next_dagrun for dataset_consumes_1_and_2 to None, run_after=None
[2024-08-27T17:06:25.349+0000] {logging_mixin.py:190} INFO - [2024-08-27T17:06:25.349+0000] {dag.py:4138} INFO - Setting next_dagrun for dataset_consumes_1_never_scheduled to None, run_after=None
[2024-08-27T17:06:25.352+0000] {logging_mixin.py:190} INFO - [2024-08-27T17:06:25.352+0000] {dag.py:4138} INFO - Setting next_dagrun for dataset_consumes_unknown_never_scheduled to None, run_after=None
[2024-08-27T17:06:25.357+0000] {logging_mixin.py:190} INFO - [2024-08-27T17:06:25.357+0000] {dag.py:4138} INFO - Setting next_dagrun for dataset_produces_1 to 2024-08-26 00:00:00+00:00, run_after=2024-08-27 00:00:00+00:00
[2024-08-27T17:06:25.359+0000] {logging_mixin.py:190} INFO - [2024-08-27T17:06:25.359+0000] {dag.py:4138} INFO - Setting next_dagrun for dataset_produces_2 to None, run_after=None
[2024-08-27T17:06:25.419+0000] {processor.py:208} INFO - Processing /home/airflow/.local/lib/python3.12/site-packages/airflow/example_dags/example_datasets.py took 0.576 seconds
[2024-08-27T17:06:55.546+0000] {processor.py:186} INFO - Started process (PID=333) to work on /home/airflow/.local/lib/python3.12/site-packages/airflow/example_dags/example_datasets.py
[2024-08-27T17:06:55.548+0000] {processor.py:914} INFO - Processing file /home/airflow/.local/lib/python3.12/site-packages/airflow/example_dags/example_datasets.py for tasks to queue
[2024-08-27T17:06:55.552+0000] {logging_mixin.py:190} INFO - [2024-08-27T17:06:55.551+0000] {dagbag.py:587} INFO - Filling up the DagBag from /home/airflow/.local/lib/python3.12/site-packages/airflow/example_dags/example_datasets.py
[2024-08-27T17:06:55.857+0000] {processor.py:925} INFO - DAG(s) 'dataset_consumes_1', 'consume_1_and_2_with_dataset_expressions', 'consume_1_or_both_2_and_3_with_dataset_expressions', 'dataset_consumes_unknown_never_scheduled', 'conditional_dataset_and_time_based_timetable', 'dataset_produces_1', 'dataset_produces_2', 'dataset_consumes_1_never_scheduled', 'consume_1_or_2_with_dataset_expressions', 'dataset_consumes_1_and_2' retrieved from /home/airflow/.local/lib/python3.12/site-packages/airflow/example_dags/example_datasets.py
[2024-08-27T17:06:56.008+0000] {logging_mixin.py:190} INFO - [2024-08-27T17:06:56.007+0000] {dag.py:3211} INFO - Sync 10 DAGs
[2024-08-27T17:06:56.092+0000] {logging_mixin.py:190} INFO - [2024-08-27T17:06:56.092+0000] {dag.py:4138} INFO - Setting next_dagrun for conditional_dataset_and_time_based_timetable to 2024-08-21 01:00:00+00:00, run_after=2024-08-21 01:00:00+00:00
[2024-08-27T17:06:56.104+0000] {logging_mixin.py:190} INFO - [2024-08-27T17:06:56.103+0000] {dag.py:4138} INFO - Setting next_dagrun for consume_1_and_2_with_dataset_expressions to None, run_after=None
[2024-08-27T17:06:56.108+0000] {logging_mixin.py:190} INFO - [2024-08-27T17:06:56.107+0000] {dag.py:4138} INFO - Setting next_dagrun for consume_1_or_2_with_dataset_expressions to None, run_after=None
[2024-08-27T17:06:56.111+0000] {logging_mixin.py:190} INFO - [2024-08-27T17:06:56.110+0000] {dag.py:4138} INFO - Setting next_dagrun for consume_1_or_both_2_and_3_with_dataset_expressions to None, run_after=None
[2024-08-27T17:06:56.114+0000] {logging_mixin.py:190} INFO - [2024-08-27T17:06:56.113+0000] {dag.py:4138} INFO - Setting next_dagrun for dataset_consumes_1 to None, run_after=None
[2024-08-27T17:06:56.117+0000] {logging_mixin.py:190} INFO - [2024-08-27T17:06:56.116+0000] {dag.py:4138} INFO - Setting next_dagrun for dataset_consumes_1_and_2 to None, run_after=None
[2024-08-27T17:06:56.120+0000] {logging_mixin.py:190} INFO - [2024-08-27T17:06:56.119+0000] {dag.py:4138} INFO - Setting next_dagrun for dataset_consumes_1_never_scheduled to None, run_after=None
[2024-08-27T17:06:56.123+0000] {logging_mixin.py:190} INFO - [2024-08-27T17:06:56.123+0000] {dag.py:4138} INFO - Setting next_dagrun for dataset_consumes_unknown_never_scheduled to None, run_after=None
[2024-08-27T17:06:56.129+0000] {logging_mixin.py:190} INFO - [2024-08-27T17:06:56.129+0000] {dag.py:4138} INFO - Setting next_dagrun for dataset_produces_1 to 2024-08-26 00:00:00+00:00, run_after=2024-08-27 00:00:00+00:00
[2024-08-27T17:06:56.132+0000] {logging_mixin.py:190} INFO - [2024-08-27T17:06:56.132+0000] {dag.py:4138} INFO - Setting next_dagrun for dataset_produces_2 to None, run_after=None
[2024-08-27T17:06:56.197+0000] {processor.py:208} INFO - Processing /home/airflow/.local/lib/python3.12/site-packages/airflow/example_dags/example_datasets.py took 0.664 seconds
[2024-08-27T17:07:26.466+0000] {processor.py:186} INFO - Started process (PID=397) to work on /home/airflow/.local/lib/python3.12/site-packages/airflow/example_dags/example_datasets.py
[2024-08-27T17:07:26.467+0000] {processor.py:914} INFO - Processing file /home/airflow/.local/lib/python3.12/site-packages/airflow/example_dags/example_datasets.py for tasks to queue
[2024-08-27T17:07:26.471+0000] {logging_mixin.py:190} INFO - [2024-08-27T17:07:26.470+0000] {dagbag.py:587} INFO - Filling up the DagBag from /home/airflow/.local/lib/python3.12/site-packages/airflow/example_dags/example_datasets.py
[2024-08-27T17:07:26.751+0000] {processor.py:925} INFO - DAG(s) 'conditional_dataset_and_time_based_timetable', 'dataset_produces_2', 'dataset_produces_1', 'dataset_consumes_1_never_scheduled', 'consume_1_or_2_with_dataset_expressions', 'consume_1_and_2_with_dataset_expressions', 'dataset_consumes_unknown_never_scheduled', 'dataset_consumes_1', 'dataset_consumes_1_and_2', 'consume_1_or_both_2_and_3_with_dataset_expressions' retrieved from /home/airflow/.local/lib/python3.12/site-packages/airflow/example_dags/example_datasets.py
[2024-08-27T17:07:26.824+0000] {logging_mixin.py:190} INFO - [2024-08-27T17:07:26.824+0000] {dag.py:3211} INFO - Sync 10 DAGs
[2024-08-27T17:07:26.874+0000] {logging_mixin.py:190} INFO - [2024-08-27T17:07:26.873+0000] {dag.py:4138} INFO - Setting next_dagrun for conditional_dataset_and_time_based_timetable to 2024-08-21 01:00:00+00:00, run_after=2024-08-21 01:00:00+00:00
[2024-08-27T17:07:26.883+0000] {logging_mixin.py:190} INFO - [2024-08-27T17:07:26.883+0000] {dag.py:4138} INFO - Setting next_dagrun for consume_1_and_2_with_dataset_expressions to None, run_after=None
[2024-08-27T17:07:26.887+0000] {logging_mixin.py:190} INFO - [2024-08-27T17:07:26.886+0000] {dag.py:4138} INFO - Setting next_dagrun for consume_1_or_2_with_dataset_expressions to None, run_after=None
[2024-08-27T17:07:26.889+0000] {logging_mixin.py:190} INFO - [2024-08-27T17:07:26.889+0000] {dag.py:4138} INFO - Setting next_dagrun for consume_1_or_both_2_and_3_with_dataset_expressions to None, run_after=None
[2024-08-27T17:07:26.892+0000] {logging_mixin.py:190} INFO - [2024-08-27T17:07:26.892+0000] {dag.py:4138} INFO - Setting next_dagrun for dataset_consumes_1 to None, run_after=None
[2024-08-27T17:07:26.895+0000] {logging_mixin.py:190} INFO - [2024-08-27T17:07:26.895+0000] {dag.py:4138} INFO - Setting next_dagrun for dataset_consumes_1_and_2 to None, run_after=None
[2024-08-27T17:07:26.897+0000] {logging_mixin.py:190} INFO - [2024-08-27T17:07:26.897+0000] {dag.py:4138} INFO - Setting next_dagrun for dataset_consumes_1_never_scheduled to None, run_after=None
[2024-08-27T17:07:26.899+0000] {logging_mixin.py:190} INFO - [2024-08-27T17:07:26.899+0000] {dag.py:4138} INFO - Setting next_dagrun for dataset_consumes_unknown_never_scheduled to None, run_after=None
[2024-08-27T17:07:26.903+0000] {logging_mixin.py:190} INFO - [2024-08-27T17:07:26.903+0000] {dag.py:4138} INFO - Setting next_dagrun for dataset_produces_1 to 2024-08-26 00:00:00+00:00, run_after=2024-08-27 00:00:00+00:00
[2024-08-27T17:07:26.906+0000] {logging_mixin.py:190} INFO - [2024-08-27T17:07:26.906+0000] {dag.py:4138} INFO - Setting next_dagrun for dataset_produces_2 to None, run_after=None
[2024-08-27T17:07:26.967+0000] {processor.py:208} INFO - Processing /home/airflow/.local/lib/python3.12/site-packages/airflow/example_dags/example_datasets.py took 0.512 seconds
[2024-08-27T17:07:57.129+0000] {processor.py:186} INFO - Started process (PID=461) to work on /home/airflow/.local/lib/python3.12/site-packages/airflow/example_dags/example_datasets.py
[2024-08-27T17:07:57.131+0000] {processor.py:914} INFO - Processing file /home/airflow/.local/lib/python3.12/site-packages/airflow/example_dags/example_datasets.py for tasks to queue
[2024-08-27T17:07:57.135+0000] {logging_mixin.py:190} INFO - [2024-08-27T17:07:57.134+0000] {dagbag.py:587} INFO - Filling up the DagBag from /home/airflow/.local/lib/python3.12/site-packages/airflow/example_dags/example_datasets.py
[2024-08-27T17:07:57.441+0000] {processor.py:925} INFO - DAG(s) 'dataset_produces_2', 'dataset_consumes_1', 'dataset_consumes_1_never_scheduled', 'dataset_produces_1', 'consume_1_or_2_with_dataset_expressions', 'consume_1_and_2_with_dataset_expressions', 'conditional_dataset_and_time_based_timetable', 'consume_1_or_both_2_and_3_with_dataset_expressions', 'dataset_consumes_1_and_2', 'dataset_consumes_unknown_never_scheduled' retrieved from /home/airflow/.local/lib/python3.12/site-packages/airflow/example_dags/example_datasets.py
[2024-08-27T17:07:57.530+0000] {logging_mixin.py:190} INFO - [2024-08-27T17:07:57.530+0000] {dag.py:3211} INFO - Sync 10 DAGs
[2024-08-27T17:07:57.583+0000] {logging_mixin.py:190} INFO - [2024-08-27T17:07:57.582+0000] {dag.py:4138} INFO - Setting next_dagrun for conditional_dataset_and_time_based_timetable to 2024-08-21 01:00:00+00:00, run_after=2024-08-21 01:00:00+00:00
[2024-08-27T17:07:57.592+0000] {logging_mixin.py:190} INFO - [2024-08-27T17:07:57.591+0000] {dag.py:4138} INFO - Setting next_dagrun for consume_1_and_2_with_dataset_expressions to None, run_after=None
[2024-08-27T17:07:57.597+0000] {logging_mixin.py:190} INFO - [2024-08-27T17:07:57.597+0000] {dag.py:4138} INFO - Setting next_dagrun for consume_1_or_2_with_dataset_expressions to None, run_after=None
[2024-08-27T17:07:57.600+0000] {logging_mixin.py:190} INFO - [2024-08-27T17:07:57.599+0000] {dag.py:4138} INFO - Setting next_dagrun for consume_1_or_both_2_and_3_with_dataset_expressions to None, run_after=None
[2024-08-27T17:07:57.603+0000] {logging_mixin.py:190} INFO - [2024-08-27T17:07:57.602+0000] {dag.py:4138} INFO - Setting next_dagrun for dataset_consumes_1 to None, run_after=None
[2024-08-27T17:07:57.606+0000] {logging_mixin.py:190} INFO - [2024-08-27T17:07:57.605+0000] {dag.py:4138} INFO - Setting next_dagrun for dataset_consumes_1_and_2 to None, run_after=None
[2024-08-27T17:07:57.609+0000] {logging_mixin.py:190} INFO - [2024-08-27T17:07:57.608+0000] {dag.py:4138} INFO - Setting next_dagrun for dataset_consumes_1_never_scheduled to None, run_after=None
[2024-08-27T17:07:57.611+0000] {logging_mixin.py:190} INFO - [2024-08-27T17:07:57.611+0000] {dag.py:4138} INFO - Setting next_dagrun for dataset_consumes_unknown_never_scheduled to None, run_after=None
[2024-08-27T17:07:57.616+0000] {logging_mixin.py:190} INFO - [2024-08-27T17:07:57.616+0000] {dag.py:4138} INFO - Setting next_dagrun for dataset_produces_1 to 2024-08-26 00:00:00+00:00, run_after=2024-08-27 00:00:00+00:00
[2024-08-27T17:07:57.620+0000] {logging_mixin.py:190} INFO - [2024-08-27T17:07:57.619+0000] {dag.py:4138} INFO - Setting next_dagrun for dataset_produces_2 to None, run_after=None
[2024-08-27T17:07:57.681+0000] {processor.py:208} INFO - Processing /home/airflow/.local/lib/python3.12/site-packages/airflow/example_dags/example_datasets.py took 0.559 seconds
[2024-08-27T17:08:28.031+0000] {processor.py:186} INFO - Started process (PID=526) to work on /home/airflow/.local/lib/python3.12/site-packages/airflow/example_dags/example_datasets.py
[2024-08-27T17:08:28.033+0000] {processor.py:914} INFO - Processing file /home/airflow/.local/lib/python3.12/site-packages/airflow/example_dags/example_datasets.py for tasks to queue
[2024-08-27T17:08:28.037+0000] {logging_mixin.py:190} INFO - [2024-08-27T17:08:28.037+0000] {dagbag.py:587} INFO - Filling up the DagBag from /home/airflow/.local/lib/python3.12/site-packages/airflow/example_dags/example_datasets.py
[2024-08-27T17:08:28.303+0000] {processor.py:925} INFO - DAG(s) 'consume_1_and_2_with_dataset_expressions', 'dataset_consumes_1', 'dataset_consumes_1_and_2', 'dataset_produces_2', 'consume_1_or_2_with_dataset_expressions', 'consume_1_or_both_2_and_3_with_dataset_expressions', 'dataset_produces_1', 'dataset_consumes_1_never_scheduled', 'conditional_dataset_and_time_based_timetable', 'dataset_consumes_unknown_never_scheduled' retrieved from /home/airflow/.local/lib/python3.12/site-packages/airflow/example_dags/example_datasets.py
[2024-08-27T17:08:28.381+0000] {logging_mixin.py:190} INFO - [2024-08-27T17:08:28.381+0000] {dag.py:3211} INFO - Sync 10 DAGs
[2024-08-27T17:08:28.425+0000] {logging_mixin.py:190} INFO - [2024-08-27T17:08:28.425+0000] {dag.py:4138} INFO - Setting next_dagrun for conditional_dataset_and_time_based_timetable to 2024-08-21 01:00:00+00:00, run_after=2024-08-21 01:00:00+00:00
[2024-08-27T17:08:28.430+0000] {logging_mixin.py:190} INFO - [2024-08-27T17:08:28.430+0000] {dag.py:4138} INFO - Setting next_dagrun for consume_1_and_2_with_dataset_expressions to None, run_after=None
[2024-08-27T17:08:28.434+0000] {logging_mixin.py:190} INFO - [2024-08-27T17:08:28.433+0000] {dag.py:4138} INFO - Setting next_dagrun for consume_1_or_2_with_dataset_expressions to None, run_after=None
[2024-08-27T17:08:28.436+0000] {logging_mixin.py:190} INFO - [2024-08-27T17:08:28.436+0000] {dag.py:4138} INFO - Setting next_dagrun for consume_1_or_both_2_and_3_with_dataset_expressions to None, run_after=None
[2024-08-27T17:08:28.439+0000] {logging_mixin.py:190} INFO - [2024-08-27T17:08:28.439+0000] {dag.py:4138} INFO - Setting next_dagrun for dataset_consumes_1 to None, run_after=None
[2024-08-27T17:08:28.441+0000] {logging_mixin.py:190} INFO - [2024-08-27T17:08:28.441+0000] {dag.py:4138} INFO - Setting next_dagrun for dataset_consumes_1_and_2 to None, run_after=None
[2024-08-27T17:08:28.443+0000] {logging_mixin.py:190} INFO - [2024-08-27T17:08:28.443+0000] {dag.py:4138} INFO - Setting next_dagrun for dataset_consumes_1_never_scheduled to None, run_after=None
[2024-08-27T17:08:28.444+0000] {logging_mixin.py:190} INFO - [2024-08-27T17:08:28.444+0000] {dag.py:4138} INFO - Setting next_dagrun for dataset_consumes_unknown_never_scheduled to None, run_after=None
[2024-08-27T17:08:28.448+0000] {logging_mixin.py:190} INFO - [2024-08-27T17:08:28.448+0000] {dag.py:4138} INFO - Setting next_dagrun for dataset_produces_1 to 2024-08-26 00:00:00+00:00, run_after=2024-08-27 00:00:00+00:00
[2024-08-27T17:08:28.450+0000] {logging_mixin.py:190} INFO - [2024-08-27T17:08:28.450+0000] {dag.py:4138} INFO - Setting next_dagrun for dataset_produces_2 to None, run_after=None
[2024-08-27T17:08:28.510+0000] {processor.py:208} INFO - Processing /home/airflow/.local/lib/python3.12/site-packages/airflow/example_dags/example_datasets.py took 0.489 seconds
[2024-08-27T17:08:58.595+0000] {processor.py:186} INFO - Started process (PID=588) to work on /home/airflow/.local/lib/python3.12/site-packages/airflow/example_dags/example_datasets.py
[2024-08-27T17:08:58.597+0000] {processor.py:914} INFO - Processing file /home/airflow/.local/lib/python3.12/site-packages/airflow/example_dags/example_datasets.py for tasks to queue
[2024-08-27T17:08:58.601+0000] {logging_mixin.py:190} INFO - [2024-08-27T17:08:58.600+0000] {dagbag.py:587} INFO - Filling up the DagBag from /home/airflow/.local/lib/python3.12/site-packages/airflow/example_dags/example_datasets.py
[2024-08-27T17:08:58.793+0000] {processor.py:925} INFO - DAG(s) 'dataset_consumes_1_and_2', 'dataset_consumes_1', 'consume_1_or_2_with_dataset_expressions', 'dataset_consumes_unknown_never_scheduled', 'dataset_produces_1', 'dataset_consumes_1_never_scheduled', 'dataset_produces_2', 'conditional_dataset_and_time_based_timetable', 'consume_1_and_2_with_dataset_expressions', 'consume_1_or_both_2_and_3_with_dataset_expressions' retrieved from /home/airflow/.local/lib/python3.12/site-packages/airflow/example_dags/example_datasets.py
[2024-08-27T17:08:58.852+0000] {logging_mixin.py:190} INFO - [2024-08-27T17:08:58.851+0000] {dag.py:3211} INFO - Sync 10 DAGs
[2024-08-27T17:08:58.886+0000] {logging_mixin.py:190} INFO - [2024-08-27T17:08:58.886+0000] {dag.py:4138} INFO - Setting next_dagrun for conditional_dataset_and_time_based_timetable to 2024-08-21 01:00:00+00:00, run_after=2024-08-21 01:00:00+00:00
[2024-08-27T17:08:58.894+0000] {logging_mixin.py:190} INFO - [2024-08-27T17:08:58.894+0000] {dag.py:4138} INFO - Setting next_dagrun for consume_1_and_2_with_dataset_expressions to None, run_after=None
[2024-08-27T17:08:58.898+0000] {logging_mixin.py:190} INFO - [2024-08-27T17:08:58.898+0000] {dag.py:4138} INFO - Setting next_dagrun for consume_1_or_2_with_dataset_expressions to None, run_after=None
[2024-08-27T17:08:58.902+0000] {logging_mixin.py:190} INFO - [2024-08-27T17:08:58.901+0000] {dag.py:4138} INFO - Setting next_dagrun for consume_1_or_both_2_and_3_with_dataset_expressions to None, run_after=None
[2024-08-27T17:08:58.905+0000] {logging_mixin.py:190} INFO - [2024-08-27T17:08:58.904+0000] {dag.py:4138} INFO - Setting next_dagrun for dataset_consumes_1 to None, run_after=None
[2024-08-27T17:08:58.907+0000] {logging_mixin.py:190} INFO - [2024-08-27T17:08:58.907+0000] {dag.py:4138} INFO - Setting next_dagrun for dataset_consumes_1_and_2 to None, run_after=None
[2024-08-27T17:08:58.910+0000] {logging_mixin.py:190} INFO - [2024-08-27T17:08:58.910+0000] {dag.py:4138} INFO - Setting next_dagrun for dataset_consumes_1_never_scheduled to None, run_after=None
[2024-08-27T17:08:58.913+0000] {logging_mixin.py:190} INFO - [2024-08-27T17:08:58.913+0000] {dag.py:4138} INFO - Setting next_dagrun for dataset_consumes_unknown_never_scheduled to None, run_after=None
[2024-08-27T17:08:58.918+0000] {logging_mixin.py:190} INFO - [2024-08-27T17:08:58.917+0000] {dag.py:4138} INFO - Setting next_dagrun for dataset_produces_1 to 2024-08-26 00:00:00+00:00, run_after=2024-08-27 00:00:00+00:00
[2024-08-27T17:08:58.920+0000] {logging_mixin.py:190} INFO - [2024-08-27T17:08:58.920+0000] {dag.py:4138} INFO - Setting next_dagrun for dataset_produces_2 to None, run_after=None
[2024-08-27T17:08:58.976+0000] {processor.py:208} INFO - Processing /home/airflow/.local/lib/python3.12/site-packages/airflow/example_dags/example_datasets.py took 0.390 seconds
[2024-08-27T17:09:29.125+0000] {processor.py:186} INFO - Started process (PID=650) to work on /home/airflow/.local/lib/python3.12/site-packages/airflow/example_dags/example_datasets.py
[2024-08-27T17:09:29.127+0000] {processor.py:914} INFO - Processing file /home/airflow/.local/lib/python3.12/site-packages/airflow/example_dags/example_datasets.py for tasks to queue
[2024-08-27T17:09:29.129+0000] {logging_mixin.py:190} INFO - [2024-08-27T17:09:29.129+0000] {dagbag.py:587} INFO - Filling up the DagBag from /home/airflow/.local/lib/python3.12/site-packages/airflow/example_dags/example_datasets.py
[2024-08-27T17:09:29.331+0000] {processor.py:925} INFO - DAG(s) 'dataset_produces_1', 'dataset_consumes_1', 'consume_1_or_both_2_and_3_with_dataset_expressions', 'dataset_consumes_1_and_2', 'consume_1_and_2_with_dataset_expressions', 'dataset_consumes_unknown_never_scheduled', 'conditional_dataset_and_time_based_timetable', 'dataset_consumes_1_never_scheduled', 'dataset_produces_2', 'consume_1_or_2_with_dataset_expressions' retrieved from /home/airflow/.local/lib/python3.12/site-packages/airflow/example_dags/example_datasets.py
[2024-08-27T17:09:29.397+0000] {logging_mixin.py:190} INFO - [2024-08-27T17:09:29.397+0000] {dag.py:3211} INFO - Sync 10 DAGs
[2024-08-27T17:09:29.430+0000] {logging_mixin.py:190} INFO - [2024-08-27T17:09:29.429+0000] {dag.py:4138} INFO - Setting next_dagrun for conditional_dataset_and_time_based_timetable to 2024-08-21 01:00:00+00:00, run_after=2024-08-21 01:00:00+00:00
[2024-08-27T17:09:29.436+0000] {logging_mixin.py:190} INFO - [2024-08-27T17:09:29.436+0000] {dag.py:4138} INFO - Setting next_dagrun for consume_1_and_2_with_dataset_expressions to None, run_after=None
[2024-08-27T17:09:29.439+0000] {logging_mixin.py:190} INFO - [2024-08-27T17:09:29.439+0000] {dag.py:4138} INFO - Setting next_dagrun for consume_1_or_2_with_dataset_expressions to None, run_after=None
[2024-08-27T17:09:29.442+0000] {logging_mixin.py:190} INFO - [2024-08-27T17:09:29.442+0000] {dag.py:4138} INFO - Setting next_dagrun for consume_1_or_both_2_and_3_with_dataset_expressions to None, run_after=None
[2024-08-27T17:09:29.444+0000] {logging_mixin.py:190} INFO - [2024-08-27T17:09:29.444+0000] {dag.py:4138} INFO - Setting next_dagrun for dataset_consumes_1 to None, run_after=None
[2024-08-27T17:09:29.448+0000] {logging_mixin.py:190} INFO - [2024-08-27T17:09:29.447+0000] {dag.py:4138} INFO - Setting next_dagrun for dataset_consumes_1_and_2 to None, run_after=None
[2024-08-27T17:09:29.449+0000] {logging_mixin.py:190} INFO - [2024-08-27T17:09:29.449+0000] {dag.py:4138} INFO - Setting next_dagrun for dataset_consumes_1_never_scheduled to None, run_after=None
[2024-08-27T17:09:29.451+0000] {logging_mixin.py:190} INFO - [2024-08-27T17:09:29.451+0000] {dag.py:4138} INFO - Setting next_dagrun for dataset_consumes_unknown_never_scheduled to None, run_after=None
[2024-08-27T17:09:29.454+0000] {logging_mixin.py:190} INFO - [2024-08-27T17:09:29.454+0000] {dag.py:4138} INFO - Setting next_dagrun for dataset_produces_1 to 2024-08-26 00:00:00+00:00, run_after=2024-08-27 00:00:00+00:00
[2024-08-27T17:09:29.456+0000] {logging_mixin.py:190} INFO - [2024-08-27T17:09:29.456+0000] {dag.py:4138} INFO - Setting next_dagrun for dataset_produces_2 to None, run_after=None
[2024-08-27T17:09:29.516+0000] {processor.py:208} INFO - Processing /home/airflow/.local/lib/python3.12/site-packages/airflow/example_dags/example_datasets.py took 0.400 seconds
[2024-08-27T17:09:59.678+0000] {processor.py:186} INFO - Started process (PID=712) to work on /home/airflow/.local/lib/python3.12/site-packages/airflow/example_dags/example_datasets.py
[2024-08-27T17:09:59.680+0000] {processor.py:914} INFO - Processing file /home/airflow/.local/lib/python3.12/site-packages/airflow/example_dags/example_datasets.py for tasks to queue
[2024-08-27T17:09:59.685+0000] {logging_mixin.py:190} INFO - [2024-08-27T17:09:59.684+0000] {dagbag.py:587} INFO - Filling up the DagBag from /home/airflow/.local/lib/python3.12/site-packages/airflow/example_dags/example_datasets.py
[2024-08-27T17:09:59.977+0000] {processor.py:925} INFO - DAG(s) 'dataset_produces_2', 'conditional_dataset_and_time_based_timetable', 'dataset_consumes_1_never_scheduled', 'dataset_consumes_1', 'consume_1_and_2_with_dataset_expressions', 'consume_1_or_2_with_dataset_expressions', 'dataset_consumes_unknown_never_scheduled', 'dataset_consumes_1_and_2', 'dataset_produces_1', 'consume_1_or_both_2_and_3_with_dataset_expressions' retrieved from /home/airflow/.local/lib/python3.12/site-packages/airflow/example_dags/example_datasets.py
[2024-08-27T17:10:00.059+0000] {logging_mixin.py:190} INFO - [2024-08-27T17:10:00.059+0000] {dag.py:3211} INFO - Sync 10 DAGs
[2024-08-27T17:10:00.095+0000] {logging_mixin.py:190} INFO - [2024-08-27T17:10:00.095+0000] {dag.py:4138} INFO - Setting next_dagrun for conditional_dataset_and_time_based_timetable to 2024-08-21 01:00:00+00:00, run_after=2024-08-21 01:00:00+00:00
[2024-08-27T17:10:00.101+0000] {logging_mixin.py:190} INFO - [2024-08-27T17:10:00.100+0000] {dag.py:4138} INFO - Setting next_dagrun for consume_1_and_2_with_dataset_expressions to None, run_after=None
[2024-08-27T17:10:00.103+0000] {logging_mixin.py:190} INFO - [2024-08-27T17:10:00.103+0000] {dag.py:4138} INFO - Setting next_dagrun for consume_1_or_2_with_dataset_expressions to None, run_after=None
[2024-08-27T17:10:00.106+0000] {logging_mixin.py:190} INFO - [2024-08-27T17:10:00.105+0000] {dag.py:4138} INFO - Setting next_dagrun for consume_1_or_both_2_and_3_with_dataset_expressions to None, run_after=None
[2024-08-27T17:10:00.107+0000] {logging_mixin.py:190} INFO - [2024-08-27T17:10:00.107+0000] {dag.py:4138} INFO - Setting next_dagrun for dataset_consumes_1 to None, run_after=None
[2024-08-27T17:10:00.109+0000] {logging_mixin.py:190} INFO - [2024-08-27T17:10:00.109+0000] {dag.py:4138} INFO - Setting next_dagrun for dataset_consumes_1_and_2 to None, run_after=None
[2024-08-27T17:10:00.111+0000] {logging_mixin.py:190} INFO - [2024-08-27T17:10:00.111+0000] {dag.py:4138} INFO - Setting next_dagrun for dataset_consumes_1_never_scheduled to None, run_after=None
[2024-08-27T17:10:00.113+0000] {logging_mixin.py:190} INFO - [2024-08-27T17:10:00.113+0000] {dag.py:4138} INFO - Setting next_dagrun for dataset_consumes_unknown_never_scheduled to None, run_after=None
[2024-08-27T17:10:00.117+0000] {logging_mixin.py:190} INFO - [2024-08-27T17:10:00.117+0000] {dag.py:4138} INFO - Setting next_dagrun for dataset_produces_1 to 2024-08-26 00:00:00+00:00, run_after=2024-08-27 00:00:00+00:00
[2024-08-27T17:10:00.119+0000] {logging_mixin.py:190} INFO - [2024-08-27T17:10:00.119+0000] {dag.py:4138} INFO - Setting next_dagrun for dataset_produces_2 to None, run_after=None
[2024-08-27T17:10:00.170+0000] {processor.py:208} INFO - Processing /home/airflow/.local/lib/python3.12/site-packages/airflow/example_dags/example_datasets.py took 0.505 seconds
[2024-08-27T17:10:30.334+0000] {processor.py:186} INFO - Started process (PID=773) to work on /home/airflow/.local/lib/python3.12/site-packages/airflow/example_dags/example_datasets.py
[2024-08-27T17:10:30.336+0000] {processor.py:914} INFO - Processing file /home/airflow/.local/lib/python3.12/site-packages/airflow/example_dags/example_datasets.py for tasks to queue
[2024-08-27T17:10:30.341+0000] {logging_mixin.py:190} INFO - [2024-08-27T17:10:30.340+0000] {dagbag.py:587} INFO - Filling up the DagBag from /home/airflow/.local/lib/python3.12/site-packages/airflow/example_dags/example_datasets.py
[2024-08-27T17:10:30.651+0000] {processor.py:925} INFO - DAG(s) 'dataset_produces_1', 'dataset_consumes_1_never_scheduled', 'consume_1_or_both_2_and_3_with_dataset_expressions', 'conditional_dataset_and_time_based_timetable', 'dataset_consumes_unknown_never_scheduled', 'consume_1_or_2_with_dataset_expressions', 'dataset_consumes_1_and_2', 'dataset_consumes_1', 'consume_1_and_2_with_dataset_expressions', 'dataset_produces_2' retrieved from /home/airflow/.local/lib/python3.12/site-packages/airflow/example_dags/example_datasets.py
[2024-08-27T17:10:30.731+0000] {logging_mixin.py:190} INFO - [2024-08-27T17:10:30.731+0000] {dag.py:3211} INFO - Sync 10 DAGs
[2024-08-27T17:10:30.777+0000] {logging_mixin.py:190} INFO - [2024-08-27T17:10:30.777+0000] {dag.py:4138} INFO - Setting next_dagrun for conditional_dataset_and_time_based_timetable to 2024-08-21 01:00:00+00:00, run_after=2024-08-21 01:00:00+00:00
[2024-08-27T17:10:30.783+0000] {logging_mixin.py:190} INFO - [2024-08-27T17:10:30.783+0000] {dag.py:4138} INFO - Setting next_dagrun for consume_1_and_2_with_dataset_expressions to None, run_after=None
[2024-08-27T17:10:30.786+0000] {logging_mixin.py:190} INFO - [2024-08-27T17:10:30.785+0000] {dag.py:4138} INFO - Setting next_dagrun for consume_1_or_2_with_dataset_expressions to None, run_after=None
[2024-08-27T17:10:30.788+0000] {logging_mixin.py:190} INFO - [2024-08-27T17:10:30.788+0000] {dag.py:4138} INFO - Setting next_dagrun for consume_1_or_both_2_and_3_with_dataset_expressions to None, run_after=None
[2024-08-27T17:10:30.790+0000] {logging_mixin.py:190} INFO - [2024-08-27T17:10:30.790+0000] {dag.py:4138} INFO - Setting next_dagrun for dataset_consumes_1 to None, run_after=None
[2024-08-27T17:10:30.792+0000] {logging_mixin.py:190} INFO - [2024-08-27T17:10:30.792+0000] {dag.py:4138} INFO - Setting next_dagrun for dataset_consumes_1_and_2 to None, run_after=None
[2024-08-27T17:10:30.794+0000] {logging_mixin.py:190} INFO - [2024-08-27T17:10:30.794+0000] {dag.py:4138} INFO - Setting next_dagrun for dataset_consumes_1_never_scheduled to None, run_after=None
[2024-08-27T17:10:30.797+0000] {logging_mixin.py:190} INFO - [2024-08-27T17:10:30.797+0000] {dag.py:4138} INFO - Setting next_dagrun for dataset_consumes_unknown_never_scheduled to None, run_after=None
[2024-08-27T17:10:30.803+0000] {logging_mixin.py:190} INFO - [2024-08-27T17:10:30.803+0000] {dag.py:4138} INFO - Setting next_dagrun for dataset_produces_1 to 2024-08-26 00:00:00+00:00, run_after=2024-08-27 00:00:00+00:00
[2024-08-27T17:10:30.806+0000] {logging_mixin.py:190} INFO - [2024-08-27T17:10:30.806+0000] {dag.py:4138} INFO - Setting next_dagrun for dataset_produces_2 to None, run_after=None
[2024-08-27T17:10:30.868+0000] {processor.py:208} INFO - Processing /home/airflow/.local/lib/python3.12/site-packages/airflow/example_dags/example_datasets.py took 0.544 seconds
[2024-08-27T17:11:00.959+0000] {processor.py:186} INFO - Started process (PID=837) to work on /home/airflow/.local/lib/python3.12/site-packages/airflow/example_dags/example_datasets.py
[2024-08-27T17:11:00.961+0000] {processor.py:914} INFO - Processing file /home/airflow/.local/lib/python3.12/site-packages/airflow/example_dags/example_datasets.py for tasks to queue
[2024-08-27T17:11:00.966+0000] {logging_mixin.py:190} INFO - [2024-08-27T17:11:00.965+0000] {dagbag.py:587} INFO - Filling up the DagBag from /home/airflow/.local/lib/python3.12/site-packages/airflow/example_dags/example_datasets.py
[2024-08-27T17:11:01.263+0000] {processor.py:925} INFO - DAG(s) 'dataset_produces_2', 'dataset_consumes_1_and_2', 'dataset_consumes_1_never_scheduled', 'consume_1_or_2_with_dataset_expressions', 'consume_1_or_both_2_and_3_with_dataset_expressions', 'dataset_consumes_1', 'consume_1_and_2_with_dataset_expressions', 'dataset_consumes_unknown_never_scheduled', 'dataset_produces_1', 'conditional_dataset_and_time_based_timetable' retrieved from /home/airflow/.local/lib/python3.12/site-packages/airflow/example_dags/example_datasets.py
[2024-08-27T17:11:01.342+0000] {logging_mixin.py:190} INFO - [2024-08-27T17:11:01.342+0000] {dag.py:3211} INFO - Sync 10 DAGs
[2024-08-27T17:11:01.387+0000] {logging_mixin.py:190} INFO - [2024-08-27T17:11:01.387+0000] {dag.py:4138} INFO - Setting next_dagrun for conditional_dataset_and_time_based_timetable to 2024-08-21 01:00:00+00:00, run_after=2024-08-21 01:00:00+00:00
[2024-08-27T17:11:01.393+0000] {logging_mixin.py:190} INFO - [2024-08-27T17:11:01.393+0000] {dag.py:4138} INFO - Setting next_dagrun for consume_1_and_2_with_dataset_expressions to None, run_after=None
[2024-08-27T17:11:01.396+0000] {logging_mixin.py:190} INFO - [2024-08-27T17:11:01.396+0000] {dag.py:4138} INFO - Setting next_dagrun for consume_1_or_2_with_dataset_expressions to None, run_after=None
[2024-08-27T17:11:01.398+0000] {logging_mixin.py:190} INFO - [2024-08-27T17:11:01.398+0000] {dag.py:4138} INFO - Setting next_dagrun for consume_1_or_both_2_and_3_with_dataset_expressions to None, run_after=None
[2024-08-27T17:11:01.400+0000] {logging_mixin.py:190} INFO - [2024-08-27T17:11:01.400+0000] {dag.py:4138} INFO - Setting next_dagrun for dataset_consumes_1 to None, run_after=None
[2024-08-27T17:11:01.403+0000] {logging_mixin.py:190} INFO - [2024-08-27T17:11:01.402+0000] {dag.py:4138} INFO - Setting next_dagrun for dataset_consumes_1_and_2 to None, run_after=None
[2024-08-27T17:11:01.405+0000] {logging_mixin.py:190} INFO - [2024-08-27T17:11:01.404+0000] {dag.py:4138} INFO - Setting next_dagrun for dataset_consumes_1_never_scheduled to None, run_after=None
[2024-08-27T17:11:01.407+0000] {logging_mixin.py:190} INFO - [2024-08-27T17:11:01.407+0000] {dag.py:4138} INFO - Setting next_dagrun for dataset_consumes_unknown_never_scheduled to None, run_after=None
[2024-08-27T17:11:01.412+0000] {logging_mixin.py:190} INFO - [2024-08-27T17:11:01.412+0000] {dag.py:4138} INFO - Setting next_dagrun for dataset_produces_1 to 2024-08-26 00:00:00+00:00, run_after=2024-08-27 00:00:00+00:00
[2024-08-27T17:11:01.415+0000] {logging_mixin.py:190} INFO - [2024-08-27T17:11:01.415+0000] {dag.py:4138} INFO - Setting next_dagrun for dataset_produces_2 to None, run_after=None
[2024-08-27T17:11:01.471+0000] {processor.py:208} INFO - Processing /home/airflow/.local/lib/python3.12/site-packages/airflow/example_dags/example_datasets.py took 0.525 seconds
[2024-08-27T17:11:31.566+0000] {processor.py:186} INFO - Started process (PID=902) to work on /home/airflow/.local/lib/python3.12/site-packages/airflow/example_dags/example_datasets.py
[2024-08-27T17:11:31.567+0000] {processor.py:914} INFO - Processing file /home/airflow/.local/lib/python3.12/site-packages/airflow/example_dags/example_datasets.py for tasks to queue
[2024-08-27T17:11:31.571+0000] {logging_mixin.py:190} INFO - [2024-08-27T17:11:31.571+0000] {dagbag.py:587} INFO - Filling up the DagBag from /home/airflow/.local/lib/python3.12/site-packages/airflow/example_dags/example_datasets.py
[2024-08-27T17:11:31.768+0000] {processor.py:925} INFO - DAG(s) 'dataset_consumes_1_and_2', 'consume_1_and_2_with_dataset_expressions', 'dataset_produces_1', 'dataset_produces_2', 'dataset_consumes_1', 'dataset_consumes_1_never_scheduled', 'conditional_dataset_and_time_based_timetable', 'consume_1_or_both_2_and_3_with_dataset_expressions', 'dataset_consumes_unknown_never_scheduled', 'consume_1_or_2_with_dataset_expressions' retrieved from /home/airflow/.local/lib/python3.12/site-packages/airflow/example_dags/example_datasets.py
[2024-08-27T17:11:31.828+0000] {logging_mixin.py:190} INFO - [2024-08-27T17:11:31.828+0000] {dag.py:3211} INFO - Sync 10 DAGs
[2024-08-27T17:11:31.861+0000] {logging_mixin.py:190} INFO - [2024-08-27T17:11:31.860+0000] {dag.py:4138} INFO - Setting next_dagrun for conditional_dataset_and_time_based_timetable to 2024-08-21 01:00:00+00:00, run_after=2024-08-21 01:00:00+00:00
[2024-08-27T17:11:31.866+0000] {logging_mixin.py:190} INFO - [2024-08-27T17:11:31.866+0000] {dag.py:4138} INFO - Setting next_dagrun for consume_1_and_2_with_dataset_expressions to None, run_after=None
[2024-08-27T17:11:31.869+0000] {logging_mixin.py:190} INFO - [2024-08-27T17:11:31.869+0000] {dag.py:4138} INFO - Setting next_dagrun for consume_1_or_2_with_dataset_expressions to None, run_after=None
[2024-08-27T17:11:31.872+0000] {logging_mixin.py:190} INFO - [2024-08-27T17:11:31.871+0000] {dag.py:4138} INFO - Setting next_dagrun for consume_1_or_both_2_and_3_with_dataset_expressions to None, run_after=None
[2024-08-27T17:11:31.874+0000] {logging_mixin.py:190} INFO - [2024-08-27T17:11:31.874+0000] {dag.py:4138} INFO - Setting next_dagrun for dataset_consumes_1 to None, run_after=None
[2024-08-27T17:11:31.876+0000] {logging_mixin.py:190} INFO - [2024-08-27T17:11:31.876+0000] {dag.py:4138} INFO - Setting next_dagrun for dataset_consumes_1_and_2 to None, run_after=None
[2024-08-27T17:11:31.878+0000] {logging_mixin.py:190} INFO - [2024-08-27T17:11:31.878+0000] {dag.py:4138} INFO - Setting next_dagrun for dataset_consumes_1_never_scheduled to None, run_after=None
[2024-08-27T17:11:31.880+0000] {logging_mixin.py:190} INFO - [2024-08-27T17:11:31.880+0000] {dag.py:4138} INFO - Setting next_dagrun for dataset_consumes_unknown_never_scheduled to None, run_after=None
[2024-08-27T17:11:31.887+0000] {logging_mixin.py:190} INFO - [2024-08-27T17:11:31.886+0000] {dag.py:4138} INFO - Setting next_dagrun for dataset_produces_1 to 2024-08-26 00:00:00+00:00, run_after=2024-08-27 00:00:00+00:00
[2024-08-27T17:11:31.890+0000] {logging_mixin.py:190} INFO - [2024-08-27T17:11:31.889+0000] {dag.py:4138} INFO - Setting next_dagrun for dataset_produces_2 to None, run_after=None
[2024-08-27T17:11:31.939+0000] {processor.py:208} INFO - Processing /home/airflow/.local/lib/python3.12/site-packages/airflow/example_dags/example_datasets.py took 0.385 seconds
[2024-08-27T17:12:02.144+0000] {processor.py:186} INFO - Started process (PID=963) to work on /home/airflow/.local/lib/python3.12/site-packages/airflow/example_dags/example_datasets.py
[2024-08-27T17:12:02.146+0000] {processor.py:914} INFO - Processing file /home/airflow/.local/lib/python3.12/site-packages/airflow/example_dags/example_datasets.py for tasks to queue
[2024-08-27T17:12:02.151+0000] {logging_mixin.py:190} INFO - [2024-08-27T17:12:02.150+0000] {dagbag.py:587} INFO - Filling up the DagBag from /home/airflow/.local/lib/python3.12/site-packages/airflow/example_dags/example_datasets.py
[2024-08-27T17:12:02.363+0000] {processor.py:925} INFO - DAG(s) 'consume_1_and_2_with_dataset_expressions', 'consume_1_or_both_2_and_3_with_dataset_expressions', 'dataset_consumes_unknown_never_scheduled', 'consume_1_or_2_with_dataset_expressions', 'dataset_produces_2', 'dataset_consumes_1_never_scheduled', 'dataset_consumes_1_and_2', 'conditional_dataset_and_time_based_timetable', 'dataset_produces_1', 'dataset_consumes_1' retrieved from /home/airflow/.local/lib/python3.12/site-packages/airflow/example_dags/example_datasets.py
[2024-08-27T17:12:02.422+0000] {logging_mixin.py:190} INFO - [2024-08-27T17:12:02.422+0000] {dag.py:3211} INFO - Sync 10 DAGs
[2024-08-27T17:12:02.455+0000] {logging_mixin.py:190} INFO - [2024-08-27T17:12:02.455+0000] {dag.py:4138} INFO - Setting next_dagrun for conditional_dataset_and_time_based_timetable to 2024-08-21 01:00:00+00:00, run_after=2024-08-21 01:00:00+00:00
[2024-08-27T17:12:02.462+0000] {logging_mixin.py:190} INFO - [2024-08-27T17:12:02.462+0000] {dag.py:4138} INFO - Setting next_dagrun for consume_1_and_2_with_dataset_expressions to None, run_after=None
[2024-08-27T17:12:02.464+0000] {logging_mixin.py:190} INFO - [2024-08-27T17:12:02.464+0000] {dag.py:4138} INFO - Setting next_dagrun for consume_1_or_2_with_dataset_expressions to None, run_after=None
[2024-08-27T17:12:02.466+0000] {logging_mixin.py:190} INFO - [2024-08-27T17:12:02.466+0000] {dag.py:4138} INFO - Setting next_dagrun for consume_1_or_both_2_and_3_with_dataset_expressions to None, run_after=None
[2024-08-27T17:12:02.468+0000] {logging_mixin.py:190} INFO - [2024-08-27T17:12:02.467+0000] {dag.py:4138} INFO - Setting next_dagrun for dataset_consumes_1 to None, run_after=None
[2024-08-27T17:12:02.470+0000] {logging_mixin.py:190} INFO - [2024-08-27T17:12:02.470+0000] {dag.py:4138} INFO - Setting next_dagrun for dataset_consumes_1_and_2 to None, run_after=None
[2024-08-27T17:12:02.473+0000] {logging_mixin.py:190} INFO - [2024-08-27T17:12:02.472+0000] {dag.py:4138} INFO - Setting next_dagrun for dataset_consumes_1_never_scheduled to None, run_after=None
[2024-08-27T17:12:02.475+0000] {logging_mixin.py:190} INFO - [2024-08-27T17:12:02.475+0000] {dag.py:4138} INFO - Setting next_dagrun for dataset_consumes_unknown_never_scheduled to None, run_after=None
[2024-08-27T17:12:02.480+0000] {logging_mixin.py:190} INFO - [2024-08-27T17:12:02.479+0000] {dag.py:4138} INFO - Setting next_dagrun for dataset_produces_1 to 2024-08-26 00:00:00+00:00, run_after=2024-08-27 00:00:00+00:00
[2024-08-27T17:12:02.484+0000] {logging_mixin.py:190} INFO - [2024-08-27T17:12:02.483+0000] {dag.py:4138} INFO - Setting next_dagrun for dataset_produces_2 to None, run_after=None
[2024-08-27T17:12:02.555+0000] {processor.py:208} INFO - Processing /home/airflow/.local/lib/python3.12/site-packages/airflow/example_dags/example_datasets.py took 0.426 seconds
[2024-08-27T17:12:32.697+0000] {processor.py:186} INFO - Started process (PID=1031) to work on /home/airflow/.local/lib/python3.12/site-packages/airflow/example_dags/example_datasets.py
[2024-08-27T17:12:32.699+0000] {processor.py:914} INFO - Processing file /home/airflow/.local/lib/python3.12/site-packages/airflow/example_dags/example_datasets.py for tasks to queue
[2024-08-27T17:12:32.703+0000] {logging_mixin.py:190} INFO - [2024-08-27T17:12:32.702+0000] {dagbag.py:587} INFO - Filling up the DagBag from /home/airflow/.local/lib/python3.12/site-packages/airflow/example_dags/example_datasets.py
[2024-08-27T17:12:32.935+0000] {processor.py:925} INFO - DAG(s) 'dataset_consumes_1', 'dataset_consumes_unknown_never_scheduled', 'dataset_consumes_1_and_2', 'conditional_dataset_and_time_based_timetable', 'dataset_consumes_1_never_scheduled', 'dataset_produces_2', 'dataset_produces_1', 'consume_1_or_both_2_and_3_with_dataset_expressions', 'consume_1_or_2_with_dataset_expressions', 'consume_1_and_2_with_dataset_expressions' retrieved from /home/airflow/.local/lib/python3.12/site-packages/airflow/example_dags/example_datasets.py
[2024-08-27T17:12:33.004+0000] {logging_mixin.py:190} INFO - [2024-08-27T17:12:33.003+0000] {dag.py:3211} INFO - Sync 10 DAGs
[2024-08-27T17:12:33.047+0000] {logging_mixin.py:190} INFO - [2024-08-27T17:12:33.047+0000] {dag.py:4138} INFO - Setting next_dagrun for conditional_dataset_and_time_based_timetable to 2024-08-21 01:00:00+00:00, run_after=2024-08-21 01:00:00+00:00
[2024-08-27T17:12:33.053+0000] {logging_mixin.py:190} INFO - [2024-08-27T17:12:33.053+0000] {dag.py:4138} INFO - Setting next_dagrun for consume_1_and_2_with_dataset_expressions to None, run_after=None
[2024-08-27T17:12:33.056+0000] {logging_mixin.py:190} INFO - [2024-08-27T17:12:33.055+0000] {dag.py:4138} INFO - Setting next_dagrun for consume_1_or_2_with_dataset_expressions to None, run_after=None
[2024-08-27T17:12:33.057+0000] {logging_mixin.py:190} INFO - [2024-08-27T17:12:33.057+0000] {dag.py:4138} INFO - Setting next_dagrun for consume_1_or_both_2_and_3_with_dataset_expressions to None, run_after=None
[2024-08-27T17:12:33.059+0000] {logging_mixin.py:190} INFO - [2024-08-27T17:12:33.059+0000] {dag.py:4138} INFO - Setting next_dagrun for dataset_consumes_1 to None, run_after=None
[2024-08-27T17:12:33.061+0000] {logging_mixin.py:190} INFO - [2024-08-27T17:12:33.061+0000] {dag.py:4138} INFO - Setting next_dagrun for dataset_consumes_1_and_2 to None, run_after=None
[2024-08-27T17:12:33.063+0000] {logging_mixin.py:190} INFO - [2024-08-27T17:12:33.062+0000] {dag.py:4138} INFO - Setting next_dagrun for dataset_consumes_1_never_scheduled to None, run_after=None
[2024-08-27T17:12:33.065+0000] {logging_mixin.py:190} INFO - [2024-08-27T17:12:33.065+0000] {dag.py:4138} INFO - Setting next_dagrun for dataset_consumes_unknown_never_scheduled to None, run_after=None
[2024-08-27T17:12:33.070+0000] {logging_mixin.py:190} INFO - [2024-08-27T17:12:33.069+0000] {dag.py:4138} INFO - Setting next_dagrun for dataset_produces_1 to 2024-08-26 00:00:00+00:00, run_after=2024-08-27 00:00:00+00:00
[2024-08-27T17:12:33.073+0000] {logging_mixin.py:190} INFO - [2024-08-27T17:12:33.072+0000] {dag.py:4138} INFO - Setting next_dagrun for dataset_produces_2 to None, run_after=None
[2024-08-27T17:12:33.137+0000] {processor.py:208} INFO - Processing /home/airflow/.local/lib/python3.12/site-packages/airflow/example_dags/example_datasets.py took 0.448 seconds
[2024-08-27T17:13:03.708+0000] {processor.py:186} INFO - Started process (PID=1089) to work on /home/airflow/.local/lib/python3.12/site-packages/airflow/example_dags/example_datasets.py
[2024-08-27T17:13:03.709+0000] {processor.py:914} INFO - Processing file /home/airflow/.local/lib/python3.12/site-packages/airflow/example_dags/example_datasets.py for tasks to queue
[2024-08-27T17:13:03.713+0000] {logging_mixin.py:190} INFO - [2024-08-27T17:13:03.713+0000] {dagbag.py:587} INFO - Filling up the DagBag from /home/airflow/.local/lib/python3.12/site-packages/airflow/example_dags/example_datasets.py
[2024-08-27T17:13:03.938+0000] {processor.py:925} INFO - DAG(s) 'dataset_produces_2', 'consume_1_or_2_with_dataset_expressions', 'dataset_consumes_1', 'conditional_dataset_and_time_based_timetable', 'dataset_consumes_1_and_2', 'dataset_produces_1', 'consume_1_and_2_with_dataset_expressions', 'dataset_consumes_unknown_never_scheduled', 'consume_1_or_both_2_and_3_with_dataset_expressions', 'dataset_consumes_1_never_scheduled' retrieved from /home/airflow/.local/lib/python3.12/site-packages/airflow/example_dags/example_datasets.py
[2024-08-27T17:13:04.001+0000] {logging_mixin.py:190} INFO - [2024-08-27T17:13:04.001+0000] {dag.py:3211} INFO - Sync 10 DAGs
[2024-08-27T17:13:04.044+0000] {logging_mixin.py:190} INFO - [2024-08-27T17:13:04.043+0000] {dag.py:4138} INFO - Setting next_dagrun for conditional_dataset_and_time_based_timetable to 2024-08-21 01:00:00+00:00, run_after=2024-08-21 01:00:00+00:00
[2024-08-27T17:13:04.050+0000] {logging_mixin.py:190} INFO - [2024-08-27T17:13:04.050+0000] {dag.py:4138} INFO - Setting next_dagrun for consume_1_and_2_with_dataset_expressions to None, run_after=None
[2024-08-27T17:13:04.053+0000] {logging_mixin.py:190} INFO - [2024-08-27T17:13:04.052+0000] {dag.py:4138} INFO - Setting next_dagrun for consume_1_or_2_with_dataset_expressions to None, run_after=None
[2024-08-27T17:13:04.056+0000] {logging_mixin.py:190} INFO - [2024-08-27T17:13:04.055+0000] {dag.py:4138} INFO - Setting next_dagrun for consume_1_or_both_2_and_3_with_dataset_expressions to None, run_after=None
[2024-08-27T17:13:04.058+0000] {logging_mixin.py:190} INFO - [2024-08-27T17:13:04.058+0000] {dag.py:4138} INFO - Setting next_dagrun for dataset_consumes_1 to None, run_after=None
[2024-08-27T17:13:04.061+0000] {logging_mixin.py:190} INFO - [2024-08-27T17:13:04.061+0000] {dag.py:4138} INFO - Setting next_dagrun for dataset_consumes_1_and_2 to None, run_after=None
[2024-08-27T17:13:04.064+0000] {logging_mixin.py:190} INFO - [2024-08-27T17:13:04.063+0000] {dag.py:4138} INFO - Setting next_dagrun for dataset_consumes_1_never_scheduled to None, run_after=None
[2024-08-27T17:13:04.066+0000] {logging_mixin.py:190} INFO - [2024-08-27T17:13:04.066+0000] {dag.py:4138} INFO - Setting next_dagrun for dataset_consumes_unknown_never_scheduled to None, run_after=None
[2024-08-27T17:13:04.070+0000] {logging_mixin.py:190} INFO - [2024-08-27T17:13:04.070+0000] {dag.py:4138} INFO - Setting next_dagrun for dataset_produces_1 to 2024-08-26 00:00:00+00:00, run_after=2024-08-27 00:00:00+00:00
[2024-08-27T17:13:04.072+0000] {logging_mixin.py:190} INFO - [2024-08-27T17:13:04.072+0000] {dag.py:4138} INFO - Setting next_dagrun for dataset_produces_2 to None, run_after=None
[2024-08-27T17:13:04.142+0000] {processor.py:208} INFO - Processing /home/airflow/.local/lib/python3.12/site-packages/airflow/example_dags/example_datasets.py took 0.443 seconds
[2024-08-27T17:13:34.411+0000] {processor.py:186} INFO - Started process (PID=1151) to work on /home/airflow/.local/lib/python3.12/site-packages/airflow/example_dags/example_datasets.py
[2024-08-27T17:13:34.412+0000] {processor.py:914} INFO - Processing file /home/airflow/.local/lib/python3.12/site-packages/airflow/example_dags/example_datasets.py for tasks to queue
[2024-08-27T17:13:34.416+0000] {logging_mixin.py:190} INFO - [2024-08-27T17:13:34.415+0000] {dagbag.py:587} INFO - Filling up the DagBag from /home/airflow/.local/lib/python3.12/site-packages/airflow/example_dags/example_datasets.py
[2024-08-27T17:13:34.658+0000] {processor.py:925} INFO - DAG(s) 'dataset_consumes_unknown_never_scheduled', 'dataset_produces_1', 'dataset_consumes_1_never_scheduled', 'consume_1_or_2_with_dataset_expressions', 'dataset_consumes_1_and_2', 'consume_1_or_both_2_and_3_with_dataset_expressions', 'dataset_consumes_1', 'conditional_dataset_and_time_based_timetable', 'consume_1_and_2_with_dataset_expressions', 'dataset_produces_2' retrieved from /home/airflow/.local/lib/python3.12/site-packages/airflow/example_dags/example_datasets.py
[2024-08-27T17:13:34.730+0000] {logging_mixin.py:190} INFO - [2024-08-27T17:13:34.730+0000] {dag.py:3211} INFO - Sync 10 DAGs
[2024-08-27T17:13:34.775+0000] {logging_mixin.py:190} INFO - [2024-08-27T17:13:34.775+0000] {dag.py:4138} INFO - Setting next_dagrun for conditional_dataset_and_time_based_timetable to 2024-08-21 01:00:00+00:00, run_after=2024-08-21 01:00:00+00:00
[2024-08-27T17:13:34.780+0000] {logging_mixin.py:190} INFO - [2024-08-27T17:13:34.780+0000] {dag.py:4138} INFO - Setting next_dagrun for consume_1_and_2_with_dataset_expressions to None, run_after=None
[2024-08-27T17:13:34.784+0000] {logging_mixin.py:190} INFO - [2024-08-27T17:13:34.783+0000] {dag.py:4138} INFO - Setting next_dagrun for consume_1_or_2_with_dataset_expressions to None, run_after=None
[2024-08-27T17:13:34.786+0000] {logging_mixin.py:190} INFO - [2024-08-27T17:13:34.786+0000] {dag.py:4138} INFO - Setting next_dagrun for consume_1_or_both_2_and_3_with_dataset_expressions to None, run_after=None
[2024-08-27T17:13:34.789+0000] {logging_mixin.py:190} INFO - [2024-08-27T17:13:34.788+0000] {dag.py:4138} INFO - Setting next_dagrun for dataset_consumes_1 to None, run_after=None
[2024-08-27T17:13:34.791+0000] {logging_mixin.py:190} INFO - [2024-08-27T17:13:34.791+0000] {dag.py:4138} INFO - Setting next_dagrun for dataset_consumes_1_and_2 to None, run_after=None
[2024-08-27T17:13:34.794+0000] {logging_mixin.py:190} INFO - [2024-08-27T17:13:34.793+0000] {dag.py:4138} INFO - Setting next_dagrun for dataset_consumes_1_never_scheduled to None, run_after=None
[2024-08-27T17:13:34.796+0000] {logging_mixin.py:190} INFO - [2024-08-27T17:13:34.795+0000] {dag.py:4138} INFO - Setting next_dagrun for dataset_consumes_unknown_never_scheduled to None, run_after=None
[2024-08-27T17:13:34.800+0000] {logging_mixin.py:190} INFO - [2024-08-27T17:13:34.800+0000] {dag.py:4138} INFO - Setting next_dagrun for dataset_produces_1 to 2024-08-26 00:00:00+00:00, run_after=2024-08-27 00:00:00+00:00
[2024-08-27T17:13:34.803+0000] {logging_mixin.py:190} INFO - [2024-08-27T17:13:34.802+0000] {dag.py:4138} INFO - Setting next_dagrun for dataset_produces_2 to None, run_after=None
[2024-08-27T17:13:34.851+0000] {processor.py:208} INFO - Processing /home/airflow/.local/lib/python3.12/site-packages/airflow/example_dags/example_datasets.py took 0.449 seconds
[2024-08-27T17:14:04.939+0000] {processor.py:186} INFO - Started process (PID=1212) to work on /home/airflow/.local/lib/python3.12/site-packages/airflow/example_dags/example_datasets.py
[2024-08-27T17:14:04.941+0000] {processor.py:914} INFO - Processing file /home/airflow/.local/lib/python3.12/site-packages/airflow/example_dags/example_datasets.py for tasks to queue
[2024-08-27T17:14:04.946+0000] {logging_mixin.py:190} INFO - [2024-08-27T17:14:04.945+0000] {dagbag.py:587} INFO - Filling up the DagBag from /home/airflow/.local/lib/python3.12/site-packages/airflow/example_dags/example_datasets.py
[2024-08-27T17:14:05.219+0000] {processor.py:925} INFO - DAG(s) 'dataset_produces_2', 'dataset_consumes_1', 'dataset_consumes_1_and_2', 'consume_1_or_both_2_and_3_with_dataset_expressions', 'conditional_dataset_and_time_based_timetable', 'consume_1_or_2_with_dataset_expressions', 'dataset_consumes_unknown_never_scheduled', 'consume_1_and_2_with_dataset_expressions', 'dataset_produces_1', 'dataset_consumes_1_never_scheduled' retrieved from /home/airflow/.local/lib/python3.12/site-packages/airflow/example_dags/example_datasets.py
[2024-08-27T17:14:05.291+0000] {logging_mixin.py:190} INFO - [2024-08-27T17:14:05.290+0000] {dag.py:3211} INFO - Sync 10 DAGs
[2024-08-27T17:14:05.329+0000] {logging_mixin.py:190} INFO - [2024-08-27T17:14:05.329+0000] {dag.py:4138} INFO - Setting next_dagrun for conditional_dataset_and_time_based_timetable to 2024-08-21 01:00:00+00:00, run_after=2024-08-21 01:00:00+00:00
[2024-08-27T17:14:05.336+0000] {logging_mixin.py:190} INFO - [2024-08-27T17:14:05.335+0000] {dag.py:4138} INFO - Setting next_dagrun for consume_1_and_2_with_dataset_expressions to None, run_after=None
[2024-08-27T17:14:05.340+0000] {logging_mixin.py:190} INFO - [2024-08-27T17:14:05.340+0000] {dag.py:4138} INFO - Setting next_dagrun for consume_1_or_2_with_dataset_expressions to None, run_after=None
[2024-08-27T17:14:05.342+0000] {logging_mixin.py:190} INFO - [2024-08-27T17:14:05.342+0000] {dag.py:4138} INFO - Setting next_dagrun for consume_1_or_both_2_and_3_with_dataset_expressions to None, run_after=None
[2024-08-27T17:14:05.344+0000] {logging_mixin.py:190} INFO - [2024-08-27T17:14:05.344+0000] {dag.py:4138} INFO - Setting next_dagrun for dataset_consumes_1 to None, run_after=None
[2024-08-27T17:14:05.347+0000] {logging_mixin.py:190} INFO - [2024-08-27T17:14:05.346+0000] {dag.py:4138} INFO - Setting next_dagrun for dataset_consumes_1_and_2 to None, run_after=None
[2024-08-27T17:14:05.349+0000] {logging_mixin.py:190} INFO - [2024-08-27T17:14:05.349+0000] {dag.py:4138} INFO - Setting next_dagrun for dataset_consumes_1_never_scheduled to None, run_after=None
[2024-08-27T17:14:05.352+0000] {logging_mixin.py:190} INFO - [2024-08-27T17:14:05.351+0000] {dag.py:4138} INFO - Setting next_dagrun for dataset_consumes_unknown_never_scheduled to None, run_after=None
[2024-08-27T17:14:05.355+0000] {logging_mixin.py:190} INFO - [2024-08-27T17:14:05.355+0000] {dag.py:4138} INFO - Setting next_dagrun for dataset_produces_1 to 2024-08-26 00:00:00+00:00, run_after=2024-08-27 00:00:00+00:00
[2024-08-27T17:14:05.358+0000] {logging_mixin.py:190} INFO - [2024-08-27T17:14:05.357+0000] {dag.py:4138} INFO - Setting next_dagrun for dataset_produces_2 to None, run_after=None
[2024-08-27T17:14:05.408+0000] {processor.py:208} INFO - Processing /home/airflow/.local/lib/python3.12/site-packages/airflow/example_dags/example_datasets.py took 0.479 seconds
[2024-08-27T17:14:35.654+0000] {processor.py:186} INFO - Started process (PID=1274) to work on /home/airflow/.local/lib/python3.12/site-packages/airflow/example_dags/example_datasets.py
[2024-08-27T17:14:35.656+0000] {processor.py:914} INFO - Processing file /home/airflow/.local/lib/python3.12/site-packages/airflow/example_dags/example_datasets.py for tasks to queue
[2024-08-27T17:14:35.660+0000] {logging_mixin.py:190} INFO - [2024-08-27T17:14:35.660+0000] {dagbag.py:587} INFO - Filling up the DagBag from /home/airflow/.local/lib/python3.12/site-packages/airflow/example_dags/example_datasets.py
[2024-08-27T17:14:35.951+0000] {processor.py:925} INFO - DAG(s) 'dataset_consumes_1_and_2', 'dataset_produces_2', 'dataset_consumes_1_never_scheduled', 'consume_1_or_2_with_dataset_expressions', 'dataset_consumes_unknown_never_scheduled', 'dataset_consumes_1', 'consume_1_or_both_2_and_3_with_dataset_expressions', 'conditional_dataset_and_time_based_timetable', 'dataset_produces_1', 'consume_1_and_2_with_dataset_expressions' retrieved from /home/airflow/.local/lib/python3.12/site-packages/airflow/example_dags/example_datasets.py
[2024-08-27T17:14:36.026+0000] {logging_mixin.py:190} INFO - [2024-08-27T17:14:36.026+0000] {dag.py:3211} INFO - Sync 10 DAGs
[2024-08-27T17:14:36.070+0000] {logging_mixin.py:190} INFO - [2024-08-27T17:14:36.070+0000] {dag.py:4138} INFO - Setting next_dagrun for conditional_dataset_and_time_based_timetable to 2024-08-21 01:00:00+00:00, run_after=2024-08-21 01:00:00+00:00
[2024-08-27T17:14:36.076+0000] {logging_mixin.py:190} INFO - [2024-08-27T17:14:36.076+0000] {dag.py:4138} INFO - Setting next_dagrun for consume_1_and_2_with_dataset_expressions to None, run_after=None
[2024-08-27T17:14:36.079+0000] {logging_mixin.py:190} INFO - [2024-08-27T17:14:36.079+0000] {dag.py:4138} INFO - Setting next_dagrun for consume_1_or_2_with_dataset_expressions to None, run_after=None
[2024-08-27T17:14:36.082+0000] {logging_mixin.py:190} INFO - [2024-08-27T17:14:36.081+0000] {dag.py:4138} INFO - Setting next_dagrun for consume_1_or_both_2_and_3_with_dataset_expressions to None, run_after=None
[2024-08-27T17:14:36.084+0000] {logging_mixin.py:190} INFO - [2024-08-27T17:14:36.084+0000] {dag.py:4138} INFO - Setting next_dagrun for dataset_consumes_1 to None, run_after=None
[2024-08-27T17:14:36.087+0000] {logging_mixin.py:190} INFO - [2024-08-27T17:14:36.087+0000] {dag.py:4138} INFO - Setting next_dagrun for dataset_consumes_1_and_2 to None, run_after=None
[2024-08-27T17:14:36.090+0000] {logging_mixin.py:190} INFO - [2024-08-27T17:14:36.090+0000] {dag.py:4138} INFO - Setting next_dagrun for dataset_consumes_1_never_scheduled to None, run_after=None
[2024-08-27T17:14:36.093+0000] {logging_mixin.py:190} INFO - [2024-08-27T17:14:36.093+0000] {dag.py:4138} INFO - Setting next_dagrun for dataset_consumes_unknown_never_scheduled to None, run_after=None
[2024-08-27T17:14:36.098+0000] {logging_mixin.py:190} INFO - [2024-08-27T17:14:36.098+0000] {dag.py:4138} INFO - Setting next_dagrun for dataset_produces_1 to 2024-08-26 00:00:00+00:00, run_after=2024-08-27 00:00:00+00:00
[2024-08-27T17:14:36.100+0000] {logging_mixin.py:190} INFO - [2024-08-27T17:14:36.100+0000] {dag.py:4138} INFO - Setting next_dagrun for dataset_produces_2 to None, run_after=None
[2024-08-27T17:14:36.162+0000] {processor.py:208} INFO - Processing /home/airflow/.local/lib/python3.12/site-packages/airflow/example_dags/example_datasets.py took 0.516 seconds
[2024-08-27T17:15:06.291+0000] {processor.py:186} INFO - Started process (PID=1339) to work on /home/airflow/.local/lib/python3.12/site-packages/airflow/example_dags/example_datasets.py
[2024-08-27T17:15:06.293+0000] {processor.py:914} INFO - Processing file /home/airflow/.local/lib/python3.12/site-packages/airflow/example_dags/example_datasets.py for tasks to queue
[2024-08-27T17:15:06.297+0000] {logging_mixin.py:190} INFO - [2024-08-27T17:15:06.297+0000] {dagbag.py:587} INFO - Filling up the DagBag from /home/airflow/.local/lib/python3.12/site-packages/airflow/example_dags/example_datasets.py
[2024-08-27T17:15:06.606+0000] {processor.py:925} INFO - DAG(s) 'consume_1_or_both_2_and_3_with_dataset_expressions', 'dataset_produces_2', 'dataset_produces_1', 'conditional_dataset_and_time_based_timetable', 'dataset_consumes_unknown_never_scheduled', 'consume_1_or_2_with_dataset_expressions', 'dataset_consumes_1_never_scheduled', 'consume_1_and_2_with_dataset_expressions', 'dataset_consumes_1', 'dataset_consumes_1_and_2' retrieved from /home/airflow/.local/lib/python3.12/site-packages/airflow/example_dags/example_datasets.py
[2024-08-27T17:15:06.689+0000] {logging_mixin.py:190} INFO - [2024-08-27T17:15:06.688+0000] {dag.py:3211} INFO - Sync 10 DAGs
[2024-08-27T17:15:06.744+0000] {logging_mixin.py:190} INFO - [2024-08-27T17:15:06.744+0000] {dag.py:4138} INFO - Setting next_dagrun for conditional_dataset_and_time_based_timetable to 2024-08-21 01:00:00+00:00, run_after=2024-08-21 01:00:00+00:00
[2024-08-27T17:15:06.751+0000] {logging_mixin.py:190} INFO - [2024-08-27T17:15:06.751+0000] {dag.py:4138} INFO - Setting next_dagrun for consume_1_and_2_with_dataset_expressions to None, run_after=None
[2024-08-27T17:15:06.756+0000] {logging_mixin.py:190} INFO - [2024-08-27T17:15:06.755+0000] {dag.py:4138} INFO - Setting next_dagrun for consume_1_or_2_with_dataset_expressions to None, run_after=None
[2024-08-27T17:15:06.759+0000] {logging_mixin.py:190} INFO - [2024-08-27T17:15:06.759+0000] {dag.py:4138} INFO - Setting next_dagrun for consume_1_or_both_2_and_3_with_dataset_expressions to None, run_after=None
[2024-08-27T17:15:06.762+0000] {logging_mixin.py:190} INFO - [2024-08-27T17:15:06.762+0000] {dag.py:4138} INFO - Setting next_dagrun for dataset_consumes_1 to None, run_after=None
[2024-08-27T17:15:06.765+0000] {logging_mixin.py:190} INFO - [2024-08-27T17:15:06.765+0000] {dag.py:4138} INFO - Setting next_dagrun for dataset_consumes_1_and_2 to None, run_after=None
[2024-08-27T17:15:06.767+0000] {logging_mixin.py:190} INFO - [2024-08-27T17:15:06.767+0000] {dag.py:4138} INFO - Setting next_dagrun for dataset_consumes_1_never_scheduled to None, run_after=None
[2024-08-27T17:15:06.770+0000] {logging_mixin.py:190} INFO - [2024-08-27T17:15:06.769+0000] {dag.py:4138} INFO - Setting next_dagrun for dataset_consumes_unknown_never_scheduled to None, run_after=None
[2024-08-27T17:15:06.774+0000] {logging_mixin.py:190} INFO - [2024-08-27T17:15:06.774+0000] {dag.py:4138} INFO - Setting next_dagrun for dataset_produces_1 to 2024-08-26 00:00:00+00:00, run_after=2024-08-27 00:00:00+00:00
[2024-08-27T17:15:06.777+0000] {logging_mixin.py:190} INFO - [2024-08-27T17:15:06.776+0000] {dag.py:4138} INFO - Setting next_dagrun for dataset_produces_2 to None, run_after=None
[2024-08-27T17:15:06.848+0000] {processor.py:208} INFO - Processing /home/airflow/.local/lib/python3.12/site-packages/airflow/example_dags/example_datasets.py took 0.570 seconds
[2024-08-27T17:15:36.938+0000] {processor.py:186} INFO - Started process (PID=1401) to work on /home/airflow/.local/lib/python3.12/site-packages/airflow/example_dags/example_datasets.py
[2024-08-27T17:15:36.939+0000] {processor.py:914} INFO - Processing file /home/airflow/.local/lib/python3.12/site-packages/airflow/example_dags/example_datasets.py for tasks to queue
[2024-08-27T17:15:36.943+0000] {logging_mixin.py:190} INFO - [2024-08-27T17:15:36.943+0000] {dagbag.py:587} INFO - Filling up the DagBag from /home/airflow/.local/lib/python3.12/site-packages/airflow/example_dags/example_datasets.py
[2024-08-27T17:15:37.222+0000] {processor.py:925} INFO - DAG(s) 'dataset_produces_1', 'consume_1_or_both_2_and_3_with_dataset_expressions', 'conditional_dataset_and_time_based_timetable', 'dataset_consumes_1', 'consume_1_and_2_with_dataset_expressions', 'dataset_consumes_1_never_scheduled', 'dataset_produces_2', 'dataset_consumes_unknown_never_scheduled', 'consume_1_or_2_with_dataset_expressions', 'dataset_consumes_1_and_2' retrieved from /home/airflow/.local/lib/python3.12/site-packages/airflow/example_dags/example_datasets.py
[2024-08-27T17:15:37.320+0000] {logging_mixin.py:190} INFO - [2024-08-27T17:15:37.319+0000] {dag.py:3211} INFO - Sync 10 DAGs
[2024-08-27T17:15:37.364+0000] {logging_mixin.py:190} INFO - [2024-08-27T17:15:37.363+0000] {dag.py:4138} INFO - Setting next_dagrun for conditional_dataset_and_time_based_timetable to 2024-08-21 01:00:00+00:00, run_after=2024-08-21 01:00:00+00:00
[2024-08-27T17:15:37.370+0000] {logging_mixin.py:190} INFO - [2024-08-27T17:15:37.370+0000] {dag.py:4138} INFO - Setting next_dagrun for consume_1_and_2_with_dataset_expressions to None, run_after=None
[2024-08-27T17:15:37.374+0000] {logging_mixin.py:190} INFO - [2024-08-27T17:15:37.373+0000] {dag.py:4138} INFO - Setting next_dagrun for consume_1_or_2_with_dataset_expressions to None, run_after=None
[2024-08-27T17:15:37.376+0000] {logging_mixin.py:190} INFO - [2024-08-27T17:15:37.376+0000] {dag.py:4138} INFO - Setting next_dagrun for consume_1_or_both_2_and_3_with_dataset_expressions to None, run_after=None
[2024-08-27T17:15:37.379+0000] {logging_mixin.py:190} INFO - [2024-08-27T17:15:37.378+0000] {dag.py:4138} INFO - Setting next_dagrun for dataset_consumes_1 to None, run_after=None
[2024-08-27T17:15:37.382+0000] {logging_mixin.py:190} INFO - [2024-08-27T17:15:37.382+0000] {dag.py:4138} INFO - Setting next_dagrun for dataset_consumes_1_and_2 to None, run_after=None
[2024-08-27T17:15:37.386+0000] {logging_mixin.py:190} INFO - [2024-08-27T17:15:37.385+0000] {dag.py:4138} INFO - Setting next_dagrun for dataset_consumes_1_never_scheduled to None, run_after=None
[2024-08-27T17:15:37.390+0000] {logging_mixin.py:190} INFO - [2024-08-27T17:15:37.389+0000] {dag.py:4138} INFO - Setting next_dagrun for dataset_consumes_unknown_never_scheduled to None, run_after=None
[2024-08-27T17:15:37.395+0000] {logging_mixin.py:190} INFO - [2024-08-27T17:15:37.395+0000] {dag.py:4138} INFO - Setting next_dagrun for dataset_produces_1 to 2024-08-26 00:00:00+00:00, run_after=2024-08-27 00:00:00+00:00
[2024-08-27T17:15:37.398+0000] {logging_mixin.py:190} INFO - [2024-08-27T17:15:37.397+0000] {dag.py:4138} INFO - Setting next_dagrun for dataset_produces_2 to None, run_after=None
[2024-08-27T17:15:37.473+0000] {processor.py:208} INFO - Processing /home/airflow/.local/lib/python3.12/site-packages/airflow/example_dags/example_datasets.py took 0.547 seconds
[2024-08-27T17:16:07.810+0000] {processor.py:186} INFO - Started process (PID=1463) to work on /home/airflow/.local/lib/python3.12/site-packages/airflow/example_dags/example_datasets.py
[2024-08-27T17:16:07.812+0000] {processor.py:914} INFO - Processing file /home/airflow/.local/lib/python3.12/site-packages/airflow/example_dags/example_datasets.py for tasks to queue
[2024-08-27T17:16:07.816+0000] {logging_mixin.py:190} INFO - [2024-08-27T17:16:07.815+0000] {dagbag.py:587} INFO - Filling up the DagBag from /home/airflow/.local/lib/python3.12/site-packages/airflow/example_dags/example_datasets.py
[2024-08-27T17:16:08.122+0000] {processor.py:925} INFO - DAG(s) 'consume_1_or_both_2_and_3_with_dataset_expressions', 'dataset_produces_2', 'dataset_consumes_unknown_never_scheduled', 'dataset_consumes_1_and_2', 'dataset_produces_1', 'dataset_consumes_1', 'consume_1_and_2_with_dataset_expressions', 'consume_1_or_2_with_dataset_expressions', 'dataset_consumes_1_never_scheduled', 'conditional_dataset_and_time_based_timetable' retrieved from /home/airflow/.local/lib/python3.12/site-packages/airflow/example_dags/example_datasets.py
[2024-08-27T17:16:08.220+0000] {logging_mixin.py:190} INFO - [2024-08-27T17:16:08.219+0000] {dag.py:3211} INFO - Sync 10 DAGs
[2024-08-27T17:16:08.275+0000] {logging_mixin.py:190} INFO - [2024-08-27T17:16:08.275+0000] {dag.py:4138} INFO - Setting next_dagrun for conditional_dataset_and_time_based_timetable to 2024-08-21 01:00:00+00:00, run_after=2024-08-21 01:00:00+00:00
[2024-08-27T17:16:08.283+0000] {logging_mixin.py:190} INFO - [2024-08-27T17:16:08.282+0000] {dag.py:4138} INFO - Setting next_dagrun for consume_1_and_2_with_dataset_expressions to None, run_after=None
[2024-08-27T17:16:08.286+0000] {logging_mixin.py:190} INFO - [2024-08-27T17:16:08.286+0000] {dag.py:4138} INFO - Setting next_dagrun for consume_1_or_2_with_dataset_expressions to None, run_after=None
[2024-08-27T17:16:08.289+0000] {logging_mixin.py:190} INFO - [2024-08-27T17:16:08.288+0000] {dag.py:4138} INFO - Setting next_dagrun for consume_1_or_both_2_and_3_with_dataset_expressions to None, run_after=None
[2024-08-27T17:16:08.291+0000] {logging_mixin.py:190} INFO - [2024-08-27T17:16:08.291+0000] {dag.py:4138} INFO - Setting next_dagrun for dataset_consumes_1 to None, run_after=None
[2024-08-27T17:16:08.294+0000] {logging_mixin.py:190} INFO - [2024-08-27T17:16:08.294+0000] {dag.py:4138} INFO - Setting next_dagrun for dataset_consumes_1_and_2 to None, run_after=None
[2024-08-27T17:16:08.297+0000] {logging_mixin.py:190} INFO - [2024-08-27T17:16:08.296+0000] {dag.py:4138} INFO - Setting next_dagrun for dataset_consumes_1_never_scheduled to None, run_after=None
[2024-08-27T17:16:08.300+0000] {logging_mixin.py:190} INFO - [2024-08-27T17:16:08.299+0000] {dag.py:4138} INFO - Setting next_dagrun for dataset_consumes_unknown_never_scheduled to None, run_after=None
[2024-08-27T17:16:08.305+0000] {logging_mixin.py:190} INFO - [2024-08-27T17:16:08.304+0000] {dag.py:4138} INFO - Setting next_dagrun for dataset_produces_1 to 2024-08-26 00:00:00+00:00, run_after=2024-08-27 00:00:00+00:00
[2024-08-27T17:16:08.308+0000] {logging_mixin.py:190} INFO - [2024-08-27T17:16:08.307+0000] {dag.py:4138} INFO - Setting next_dagrun for dataset_produces_2 to None, run_after=None
[2024-08-27T17:16:08.378+0000] {processor.py:208} INFO - Processing /home/airflow/.local/lib/python3.12/site-packages/airflow/example_dags/example_datasets.py took 0.578 seconds
[2024-08-27T17:16:38.585+0000] {processor.py:186} INFO - Started process (PID=1525) to work on /home/airflow/.local/lib/python3.12/site-packages/airflow/example_dags/example_datasets.py
[2024-08-27T17:16:38.587+0000] {processor.py:914} INFO - Processing file /home/airflow/.local/lib/python3.12/site-packages/airflow/example_dags/example_datasets.py for tasks to queue
[2024-08-27T17:16:38.592+0000] {logging_mixin.py:190} INFO - [2024-08-27T17:16:38.591+0000] {dagbag.py:587} INFO - Filling up the DagBag from /home/airflow/.local/lib/python3.12/site-packages/airflow/example_dags/example_datasets.py
[2024-08-27T17:16:38.925+0000] {processor.py:925} INFO - DAG(s) 'dataset_consumes_1', 'dataset_consumes_1_and_2', 'consume_1_or_2_with_dataset_expressions', 'dataset_consumes_unknown_never_scheduled', 'dataset_produces_1', 'conditional_dataset_and_time_based_timetable', 'consume_1_or_both_2_and_3_with_dataset_expressions', 'dataset_consumes_1_never_scheduled', 'consume_1_and_2_with_dataset_expressions', 'dataset_produces_2' retrieved from /home/airflow/.local/lib/python3.12/site-packages/airflow/example_dags/example_datasets.py
[2024-08-27T17:16:39.025+0000] {logging_mixin.py:190} INFO - [2024-08-27T17:16:39.025+0000] {dag.py:3211} INFO - Sync 10 DAGs
[2024-08-27T17:16:39.071+0000] {logging_mixin.py:190} INFO - [2024-08-27T17:16:39.071+0000] {dag.py:4138} INFO - Setting next_dagrun for conditional_dataset_and_time_based_timetable to 2024-08-21 01:00:00+00:00, run_after=2024-08-21 01:00:00+00:00
[2024-08-27T17:16:39.079+0000] {logging_mixin.py:190} INFO - [2024-08-27T17:16:39.079+0000] {dag.py:4138} INFO - Setting next_dagrun for consume_1_and_2_with_dataset_expressions to None, run_after=None
[2024-08-27T17:16:39.082+0000] {logging_mixin.py:190} INFO - [2024-08-27T17:16:39.082+0000] {dag.py:4138} INFO - Setting next_dagrun for consume_1_or_2_with_dataset_expressions to None, run_after=None
[2024-08-27T17:16:39.085+0000] {logging_mixin.py:190} INFO - [2024-08-27T17:16:39.084+0000] {dag.py:4138} INFO - Setting next_dagrun for consume_1_or_both_2_and_3_with_dataset_expressions to None, run_after=None
[2024-08-27T17:16:39.087+0000] {logging_mixin.py:190} INFO - [2024-08-27T17:16:39.086+0000] {dag.py:4138} INFO - Setting next_dagrun for dataset_consumes_1 to None, run_after=None
[2024-08-27T17:16:39.089+0000] {logging_mixin.py:190} INFO - [2024-08-27T17:16:39.088+0000] {dag.py:4138} INFO - Setting next_dagrun for dataset_consumes_1_and_2 to None, run_after=None
[2024-08-27T17:16:39.091+0000] {logging_mixin.py:190} INFO - [2024-08-27T17:16:39.091+0000] {dag.py:4138} INFO - Setting next_dagrun for dataset_consumes_1_never_scheduled to None, run_after=None
[2024-08-27T17:16:39.094+0000] {logging_mixin.py:190} INFO - [2024-08-27T17:16:39.093+0000] {dag.py:4138} INFO - Setting next_dagrun for dataset_consumes_unknown_never_scheduled to None, run_after=None
[2024-08-27T17:16:39.098+0000] {logging_mixin.py:190} INFO - [2024-08-27T17:16:39.098+0000] {dag.py:4138} INFO - Setting next_dagrun for dataset_produces_1 to 2024-08-26 00:00:00+00:00, run_after=2024-08-27 00:00:00+00:00
[2024-08-27T17:16:39.100+0000] {logging_mixin.py:190} INFO - [2024-08-27T17:16:39.100+0000] {dag.py:4138} INFO - Setting next_dagrun for dataset_produces_2 to None, run_after=None
[2024-08-27T17:16:39.168+0000] {processor.py:208} INFO - Processing /home/airflow/.local/lib/python3.12/site-packages/airflow/example_dags/example_datasets.py took 0.598 seconds
