[2024-08-27T17:04:45.300+0000] {processor.py:186} INFO - Started process (PID=60) to work on /home/airflow/.local/lib/python3.12/site-packages/airflow/example_dags/example_external_task_marker_dag.py
[2024-08-27T17:04:45.302+0000] {processor.py:914} INFO - Processing file /home/airflow/.local/lib/python3.12/site-packages/airflow/example_dags/example_external_task_marker_dag.py for tasks to queue
[2024-08-27T17:04:45.306+0000] {logging_mixin.py:190} INFO - [2024-08-27T17:04:45.306+0000] {dagbag.py:587} INFO - Filling up the DagBag from /home/airflow/.local/lib/python3.12/site-packages/airflow/example_dags/example_external_task_marker_dag.py
[2024-08-27T17:04:45.321+0000] {processor.py:925} INFO - DAG(s) 'example_external_task_marker_parent', 'example_external_task_marker_child' retrieved from /home/airflow/.local/lib/python3.12/site-packages/airflow/example_dags/example_external_task_marker_dag.py
[2024-08-27T17:04:45.495+0000] {logging_mixin.py:190} INFO - [2024-08-27T17:04:45.494+0000] {override.py:1858} INFO - Created Permission View: can edit on DAG:example_external_task_marker_parent
[2024-08-27T17:04:45.515+0000] {logging_mixin.py:190} INFO - [2024-08-27T17:04:45.514+0000] {override.py:1858} INFO - Created Permission View: can read on DAG:example_external_task_marker_parent
[2024-08-27T17:04:45.527+0000] {logging_mixin.py:190} INFO - [2024-08-27T17:04:45.527+0000] {override.py:1858} INFO - Created Permission View: can delete on DAG:example_external_task_marker_parent
[2024-08-27T17:04:45.558+0000] {logging_mixin.py:190} INFO - [2024-08-27T17:04:45.557+0000] {override.py:1858} INFO - Created Permission View: can edit on DAG:example_external_task_marker_child
[2024-08-27T17:04:45.571+0000] {logging_mixin.py:190} INFO - [2024-08-27T17:04:45.570+0000] {override.py:1858} INFO - Created Permission View: can read on DAG:example_external_task_marker_child
[2024-08-27T17:04:45.584+0000] {logging_mixin.py:190} INFO - [2024-08-27T17:04:45.583+0000] {override.py:1858} INFO - Created Permission View: can delete on DAG:example_external_task_marker_child
[2024-08-27T17:04:45.585+0000] {logging_mixin.py:190} INFO - [2024-08-27T17:04:45.585+0000] {dag.py:3211} INFO - Sync 2 DAGs
[2024-08-27T17:04:45.605+0000] {logging_mixin.py:190} INFO - [2024-08-27T17:04:45.604+0000] {dag.py:3234} INFO - Creating ORM DAG for example_external_task_marker_child
[2024-08-27T17:04:45.606+0000] {logging_mixin.py:190} INFO - [2024-08-27T17:04:45.606+0000] {dag.py:3234} INFO - Creating ORM DAG for example_external_task_marker_parent
[2024-08-27T17:04:45.608+0000] {logging_mixin.py:190} INFO - [2024-08-27T17:04:45.608+0000] {dag.py:4138} INFO - Setting next_dagrun for example_external_task_marker_child to None, run_after=None
[2024-08-27T17:04:45.609+0000] {logging_mixin.py:190} INFO - [2024-08-27T17:04:45.609+0000] {dag.py:4138} INFO - Setting next_dagrun for example_external_task_marker_parent to None, run_after=None
[2024-08-27T17:04:45.642+0000] {processor.py:208} INFO - Processing /home/airflow/.local/lib/python3.12/site-packages/airflow/example_dags/example_external_task_marker_dag.py took 0.352 seconds
[2024-08-27T17:05:15.805+0000] {processor.py:186} INFO - Started process (PID=122) to work on /home/airflow/.local/lib/python3.12/site-packages/airflow/example_dags/example_external_task_marker_dag.py
[2024-08-27T17:05:15.806+0000] {processor.py:914} INFO - Processing file /home/airflow/.local/lib/python3.12/site-packages/airflow/example_dags/example_external_task_marker_dag.py for tasks to queue
[2024-08-27T17:05:15.811+0000] {logging_mixin.py:190} INFO - [2024-08-27T17:05:15.810+0000] {dagbag.py:587} INFO - Filling up the DagBag from /home/airflow/.local/lib/python3.12/site-packages/airflow/example_dags/example_external_task_marker_dag.py
[2024-08-27T17:05:15.821+0000] {processor.py:925} INFO - DAG(s) 'example_external_task_marker_parent', 'example_external_task_marker_child' retrieved from /home/airflow/.local/lib/python3.12/site-packages/airflow/example_dags/example_external_task_marker_dag.py
[2024-08-27T17:05:15.854+0000] {logging_mixin.py:190} INFO - [2024-08-27T17:05:15.854+0000] {dag.py:3211} INFO - Sync 2 DAGs
[2024-08-27T17:05:15.875+0000] {logging_mixin.py:190} INFO - [2024-08-27T17:05:15.874+0000] {dag.py:4138} INFO - Setting next_dagrun for example_external_task_marker_child to None, run_after=None
[2024-08-27T17:05:15.882+0000] {logging_mixin.py:190} INFO - [2024-08-27T17:05:15.881+0000] {dag.py:4138} INFO - Setting next_dagrun for example_external_task_marker_parent to None, run_after=None
[2024-08-27T17:05:15.913+0000] {processor.py:208} INFO - Processing /home/airflow/.local/lib/python3.12/site-packages/airflow/example_dags/example_external_task_marker_dag.py took 0.118 seconds
[2024-08-27T17:05:46.243+0000] {processor.py:186} INFO - Started process (PID=184) to work on /home/airflow/.local/lib/python3.12/site-packages/airflow/example_dags/example_external_task_marker_dag.py
[2024-08-27T17:05:46.245+0000] {processor.py:914} INFO - Processing file /home/airflow/.local/lib/python3.12/site-packages/airflow/example_dags/example_external_task_marker_dag.py for tasks to queue
[2024-08-27T17:05:46.250+0000] {logging_mixin.py:190} INFO - [2024-08-27T17:05:46.249+0000] {dagbag.py:587} INFO - Filling up the DagBag from /home/airflow/.local/lib/python3.12/site-packages/airflow/example_dags/example_external_task_marker_dag.py
[2024-08-27T17:05:46.261+0000] {processor.py:925} INFO - DAG(s) 'example_external_task_marker_parent', 'example_external_task_marker_child' retrieved from /home/airflow/.local/lib/python3.12/site-packages/airflow/example_dags/example_external_task_marker_dag.py
[2024-08-27T17:05:46.300+0000] {logging_mixin.py:190} INFO - [2024-08-27T17:05:46.299+0000] {dag.py:3211} INFO - Sync 2 DAGs
[2024-08-27T17:05:46.326+0000] {logging_mixin.py:190} INFO - [2024-08-27T17:05:46.325+0000] {dag.py:4138} INFO - Setting next_dagrun for example_external_task_marker_child to None, run_after=None
[2024-08-27T17:05:46.332+0000] {logging_mixin.py:190} INFO - [2024-08-27T17:05:46.331+0000] {dag.py:4138} INFO - Setting next_dagrun for example_external_task_marker_parent to None, run_after=None
[2024-08-27T17:05:46.366+0000] {processor.py:208} INFO - Processing /home/airflow/.local/lib/python3.12/site-packages/airflow/example_dags/example_external_task_marker_dag.py took 0.133 seconds
[2024-08-27T17:06:16.556+0000] {processor.py:186} INFO - Started process (PID=246) to work on /home/airflow/.local/lib/python3.12/site-packages/airflow/example_dags/example_external_task_marker_dag.py
[2024-08-27T17:06:16.558+0000] {processor.py:914} INFO - Processing file /home/airflow/.local/lib/python3.12/site-packages/airflow/example_dags/example_external_task_marker_dag.py for tasks to queue
[2024-08-27T17:06:16.562+0000] {logging_mixin.py:190} INFO - [2024-08-27T17:06:16.561+0000] {dagbag.py:587} INFO - Filling up the DagBag from /home/airflow/.local/lib/python3.12/site-packages/airflow/example_dags/example_external_task_marker_dag.py
[2024-08-27T17:06:16.576+0000] {processor.py:925} INFO - DAG(s) 'example_external_task_marker_parent', 'example_external_task_marker_child' retrieved from /home/airflow/.local/lib/python3.12/site-packages/airflow/example_dags/example_external_task_marker_dag.py
[2024-08-27T17:06:16.612+0000] {logging_mixin.py:190} INFO - [2024-08-27T17:06:16.611+0000] {dag.py:3211} INFO - Sync 2 DAGs
[2024-08-27T17:06:16.639+0000] {logging_mixin.py:190} INFO - [2024-08-27T17:06:16.639+0000] {dag.py:4138} INFO - Setting next_dagrun for example_external_task_marker_child to None, run_after=None
[2024-08-27T17:06:16.645+0000] {logging_mixin.py:190} INFO - [2024-08-27T17:06:16.644+0000] {dag.py:4138} INFO - Setting next_dagrun for example_external_task_marker_parent to None, run_after=None
[2024-08-27T17:06:16.673+0000] {processor.py:208} INFO - Processing /home/airflow/.local/lib/python3.12/site-packages/airflow/example_dags/example_external_task_marker_dag.py took 0.128 seconds
[2024-08-27T17:06:47.325+0000] {processor.py:186} INFO - Started process (PID=308) to work on /home/airflow/.local/lib/python3.12/site-packages/airflow/example_dags/example_external_task_marker_dag.py
[2024-08-27T17:06:47.327+0000] {processor.py:914} INFO - Processing file /home/airflow/.local/lib/python3.12/site-packages/airflow/example_dags/example_external_task_marker_dag.py for tasks to queue
[2024-08-27T17:06:47.331+0000] {logging_mixin.py:190} INFO - [2024-08-27T17:06:47.330+0000] {dagbag.py:587} INFO - Filling up the DagBag from /home/airflow/.local/lib/python3.12/site-packages/airflow/example_dags/example_external_task_marker_dag.py
[2024-08-27T17:06:47.347+0000] {processor.py:925} INFO - DAG(s) 'example_external_task_marker_parent', 'example_external_task_marker_child' retrieved from /home/airflow/.local/lib/python3.12/site-packages/airflow/example_dags/example_external_task_marker_dag.py
[2024-08-27T17:06:47.386+0000] {logging_mixin.py:190} INFO - [2024-08-27T17:06:47.386+0000] {dag.py:3211} INFO - Sync 2 DAGs
[2024-08-27T17:06:47.409+0000] {logging_mixin.py:190} INFO - [2024-08-27T17:06:47.409+0000] {dag.py:4138} INFO - Setting next_dagrun for example_external_task_marker_child to None, run_after=None
[2024-08-27T17:06:47.416+0000] {logging_mixin.py:190} INFO - [2024-08-27T17:06:47.415+0000] {dag.py:4138} INFO - Setting next_dagrun for example_external_task_marker_parent to None, run_after=None
[2024-08-27T17:06:47.442+0000] {processor.py:208} INFO - Processing /home/airflow/.local/lib/python3.12/site-packages/airflow/example_dags/example_external_task_marker_dag.py took 0.129 seconds
[2024-08-27T17:07:17.813+0000] {processor.py:186} INFO - Started process (PID=370) to work on /home/airflow/.local/lib/python3.12/site-packages/airflow/example_dags/example_external_task_marker_dag.py
[2024-08-27T17:07:17.814+0000] {processor.py:914} INFO - Processing file /home/airflow/.local/lib/python3.12/site-packages/airflow/example_dags/example_external_task_marker_dag.py for tasks to queue
[2024-08-27T17:07:17.818+0000] {logging_mixin.py:190} INFO - [2024-08-27T17:07:17.818+0000] {dagbag.py:587} INFO - Filling up the DagBag from /home/airflow/.local/lib/python3.12/site-packages/airflow/example_dags/example_external_task_marker_dag.py
[2024-08-27T17:07:17.832+0000] {processor.py:925} INFO - DAG(s) 'example_external_task_marker_child', 'example_external_task_marker_parent' retrieved from /home/airflow/.local/lib/python3.12/site-packages/airflow/example_dags/example_external_task_marker_dag.py
[2024-08-27T17:07:17.876+0000] {logging_mixin.py:190} INFO - [2024-08-27T17:07:17.876+0000] {dag.py:3211} INFO - Sync 2 DAGs
[2024-08-27T17:07:17.905+0000] {logging_mixin.py:190} INFO - [2024-08-27T17:07:17.905+0000] {dag.py:4138} INFO - Setting next_dagrun for example_external_task_marker_child to None, run_after=None
[2024-08-27T17:07:17.913+0000] {logging_mixin.py:190} INFO - [2024-08-27T17:07:17.912+0000] {dag.py:4138} INFO - Setting next_dagrun for example_external_task_marker_parent to None, run_after=None
[2024-08-27T17:07:17.938+0000] {processor.py:208} INFO - Processing /home/airflow/.local/lib/python3.12/site-packages/airflow/example_dags/example_external_task_marker_dag.py took 0.136 seconds
[2024-08-27T17:07:48.570+0000] {processor.py:186} INFO - Started process (PID=432) to work on /home/airflow/.local/lib/python3.12/site-packages/airflow/example_dags/example_external_task_marker_dag.py
[2024-08-27T17:07:48.572+0000] {processor.py:914} INFO - Processing file /home/airflow/.local/lib/python3.12/site-packages/airflow/example_dags/example_external_task_marker_dag.py for tasks to queue
[2024-08-27T17:07:48.575+0000] {logging_mixin.py:190} INFO - [2024-08-27T17:07:48.575+0000] {dagbag.py:587} INFO - Filling up the DagBag from /home/airflow/.local/lib/python3.12/site-packages/airflow/example_dags/example_external_task_marker_dag.py
[2024-08-27T17:07:48.587+0000] {processor.py:925} INFO - DAG(s) 'example_external_task_marker_child', 'example_external_task_marker_parent' retrieved from /home/airflow/.local/lib/python3.12/site-packages/airflow/example_dags/example_external_task_marker_dag.py
[2024-08-27T17:07:48.620+0000] {logging_mixin.py:190} INFO - [2024-08-27T17:07:48.619+0000] {dag.py:3211} INFO - Sync 2 DAGs
[2024-08-27T17:07:48.645+0000] {logging_mixin.py:190} INFO - [2024-08-27T17:07:48.645+0000] {dag.py:4138} INFO - Setting next_dagrun for example_external_task_marker_child to None, run_after=None
[2024-08-27T17:07:48.652+0000] {logging_mixin.py:190} INFO - [2024-08-27T17:07:48.651+0000] {dag.py:4138} INFO - Setting next_dagrun for example_external_task_marker_parent to None, run_after=None
[2024-08-27T17:07:48.678+0000] {processor.py:208} INFO - Processing /home/airflow/.local/lib/python3.12/site-packages/airflow/example_dags/example_external_task_marker_dag.py took 0.117 seconds
[2024-08-27T17:08:19.241+0000] {processor.py:186} INFO - Started process (PID=494) to work on /home/airflow/.local/lib/python3.12/site-packages/airflow/example_dags/example_external_task_marker_dag.py
[2024-08-27T17:08:19.242+0000] {processor.py:914} INFO - Processing file /home/airflow/.local/lib/python3.12/site-packages/airflow/example_dags/example_external_task_marker_dag.py for tasks to queue
[2024-08-27T17:08:19.246+0000] {logging_mixin.py:190} INFO - [2024-08-27T17:08:19.245+0000] {dagbag.py:587} INFO - Filling up the DagBag from /home/airflow/.local/lib/python3.12/site-packages/airflow/example_dags/example_external_task_marker_dag.py
[2024-08-27T17:08:19.258+0000] {processor.py:925} INFO - DAG(s) 'example_external_task_marker_parent', 'example_external_task_marker_child' retrieved from /home/airflow/.local/lib/python3.12/site-packages/airflow/example_dags/example_external_task_marker_dag.py
[2024-08-27T17:08:19.294+0000] {logging_mixin.py:190} INFO - [2024-08-27T17:08:19.294+0000] {dag.py:3211} INFO - Sync 2 DAGs
[2024-08-27T17:08:19.318+0000] {logging_mixin.py:190} INFO - [2024-08-27T17:08:19.318+0000] {dag.py:4138} INFO - Setting next_dagrun for example_external_task_marker_child to None, run_after=None
[2024-08-27T17:08:19.326+0000] {logging_mixin.py:190} INFO - [2024-08-27T17:08:19.325+0000] {dag.py:4138} INFO - Setting next_dagrun for example_external_task_marker_parent to None, run_after=None
[2024-08-27T17:08:19.351+0000] {processor.py:208} INFO - Processing /home/airflow/.local/lib/python3.12/site-packages/airflow/example_dags/example_external_task_marker_dag.py took 0.121 seconds
[2024-08-27T17:08:50.085+0000] {processor.py:186} INFO - Started process (PID=556) to work on /home/airflow/.local/lib/python3.12/site-packages/airflow/example_dags/example_external_task_marker_dag.py
[2024-08-27T17:08:50.086+0000] {processor.py:914} INFO - Processing file /home/airflow/.local/lib/python3.12/site-packages/airflow/example_dags/example_external_task_marker_dag.py for tasks to queue
[2024-08-27T17:08:50.090+0000] {logging_mixin.py:190} INFO - [2024-08-27T17:08:50.090+0000] {dagbag.py:587} INFO - Filling up the DagBag from /home/airflow/.local/lib/python3.12/site-packages/airflow/example_dags/example_external_task_marker_dag.py
[2024-08-27T17:08:50.105+0000] {processor.py:925} INFO - DAG(s) 'example_external_task_marker_parent', 'example_external_task_marker_child' retrieved from /home/airflow/.local/lib/python3.12/site-packages/airflow/example_dags/example_external_task_marker_dag.py
[2024-08-27T17:08:50.140+0000] {logging_mixin.py:190} INFO - [2024-08-27T17:08:50.139+0000] {dag.py:3211} INFO - Sync 2 DAGs
[2024-08-27T17:08:50.166+0000] {logging_mixin.py:190} INFO - [2024-08-27T17:08:50.165+0000] {dag.py:4138} INFO - Setting next_dagrun for example_external_task_marker_child to None, run_after=None
[2024-08-27T17:08:50.172+0000] {logging_mixin.py:190} INFO - [2024-08-27T17:08:50.172+0000] {dag.py:4138} INFO - Setting next_dagrun for example_external_task_marker_parent to None, run_after=None
[2024-08-27T17:08:50.200+0000] {processor.py:208} INFO - Processing /home/airflow/.local/lib/python3.12/site-packages/airflow/example_dags/example_external_task_marker_dag.py took 0.126 seconds
[2024-08-27T17:09:20.672+0000] {processor.py:186} INFO - Started process (PID=618) to work on /home/airflow/.local/lib/python3.12/site-packages/airflow/example_dags/example_external_task_marker_dag.py
[2024-08-27T17:09:20.674+0000] {processor.py:914} INFO - Processing file /home/airflow/.local/lib/python3.12/site-packages/airflow/example_dags/example_external_task_marker_dag.py for tasks to queue
[2024-08-27T17:09:20.678+0000] {logging_mixin.py:190} INFO - [2024-08-27T17:09:20.678+0000] {dagbag.py:587} INFO - Filling up the DagBag from /home/airflow/.local/lib/python3.12/site-packages/airflow/example_dags/example_external_task_marker_dag.py
[2024-08-27T17:09:20.691+0000] {processor.py:925} INFO - DAG(s) 'example_external_task_marker_child', 'example_external_task_marker_parent' retrieved from /home/airflow/.local/lib/python3.12/site-packages/airflow/example_dags/example_external_task_marker_dag.py
[2024-08-27T17:09:20.729+0000] {logging_mixin.py:190} INFO - [2024-08-27T17:09:20.729+0000] {dag.py:3211} INFO - Sync 2 DAGs
[2024-08-27T17:09:20.760+0000] {logging_mixin.py:190} INFO - [2024-08-27T17:09:20.760+0000] {dag.py:4138} INFO - Setting next_dagrun for example_external_task_marker_child to None, run_after=None
[2024-08-27T17:09:20.766+0000] {logging_mixin.py:190} INFO - [2024-08-27T17:09:20.766+0000] {dag.py:4138} INFO - Setting next_dagrun for example_external_task_marker_parent to None, run_after=None
[2024-08-27T17:09:20.795+0000] {processor.py:208} INFO - Processing /home/airflow/.local/lib/python3.12/site-packages/airflow/example_dags/example_external_task_marker_dag.py took 0.132 seconds
[2024-08-27T17:09:50.967+0000] {processor.py:186} INFO - Started process (PID=680) to work on /home/airflow/.local/lib/python3.12/site-packages/airflow/example_dags/example_external_task_marker_dag.py
[2024-08-27T17:09:50.968+0000] {processor.py:914} INFO - Processing file /home/airflow/.local/lib/python3.12/site-packages/airflow/example_dags/example_external_task_marker_dag.py for tasks to queue
[2024-08-27T17:09:50.972+0000] {logging_mixin.py:190} INFO - [2024-08-27T17:09:50.971+0000] {dagbag.py:587} INFO - Filling up the DagBag from /home/airflow/.local/lib/python3.12/site-packages/airflow/example_dags/example_external_task_marker_dag.py
[2024-08-27T17:09:50.984+0000] {processor.py:925} INFO - DAG(s) 'example_external_task_marker_parent', 'example_external_task_marker_child' retrieved from /home/airflow/.local/lib/python3.12/site-packages/airflow/example_dags/example_external_task_marker_dag.py
[2024-08-27T17:09:51.019+0000] {logging_mixin.py:190} INFO - [2024-08-27T17:09:51.018+0000] {dag.py:3211} INFO - Sync 2 DAGs
[2024-08-27T17:09:51.043+0000] {logging_mixin.py:190} INFO - [2024-08-27T17:09:51.042+0000] {dag.py:4138} INFO - Setting next_dagrun for example_external_task_marker_child to None, run_after=None
[2024-08-27T17:09:51.049+0000] {logging_mixin.py:190} INFO - [2024-08-27T17:09:51.048+0000] {dag.py:4138} INFO - Setting next_dagrun for example_external_task_marker_parent to None, run_after=None
[2024-08-27T17:09:51.077+0000] {processor.py:208} INFO - Processing /home/airflow/.local/lib/python3.12/site-packages/airflow/example_dags/example_external_task_marker_dag.py took 0.119 seconds
[2024-08-27T17:10:21.336+0000] {processor.py:186} INFO - Started process (PID=742) to work on /home/airflow/.local/lib/python3.12/site-packages/airflow/example_dags/example_external_task_marker_dag.py
[2024-08-27T17:10:21.338+0000] {processor.py:914} INFO - Processing file /home/airflow/.local/lib/python3.12/site-packages/airflow/example_dags/example_external_task_marker_dag.py for tasks to queue
[2024-08-27T17:10:21.342+0000] {logging_mixin.py:190} INFO - [2024-08-27T17:10:21.342+0000] {dagbag.py:587} INFO - Filling up the DagBag from /home/airflow/.local/lib/python3.12/site-packages/airflow/example_dags/example_external_task_marker_dag.py
[2024-08-27T17:10:21.354+0000] {processor.py:925} INFO - DAG(s) 'example_external_task_marker_parent', 'example_external_task_marker_child' retrieved from /home/airflow/.local/lib/python3.12/site-packages/airflow/example_dags/example_external_task_marker_dag.py
[2024-08-27T17:10:21.392+0000] {logging_mixin.py:190} INFO - [2024-08-27T17:10:21.392+0000] {dag.py:3211} INFO - Sync 2 DAGs
[2024-08-27T17:10:21.417+0000] {logging_mixin.py:190} INFO - [2024-08-27T17:10:21.417+0000] {dag.py:4138} INFO - Setting next_dagrun for example_external_task_marker_child to None, run_after=None
[2024-08-27T17:10:21.427+0000] {logging_mixin.py:190} INFO - [2024-08-27T17:10:21.427+0000] {dag.py:4138} INFO - Setting next_dagrun for example_external_task_marker_parent to None, run_after=None
[2024-08-27T17:10:21.474+0000] {processor.py:208} INFO - Processing /home/airflow/.local/lib/python3.12/site-packages/airflow/example_dags/example_external_task_marker_dag.py took 0.152 seconds
[2024-08-27T17:10:51.911+0000] {processor.py:186} INFO - Started process (PID=804) to work on /home/airflow/.local/lib/python3.12/site-packages/airflow/example_dags/example_external_task_marker_dag.py
[2024-08-27T17:10:51.913+0000] {processor.py:914} INFO - Processing file /home/airflow/.local/lib/python3.12/site-packages/airflow/example_dags/example_external_task_marker_dag.py for tasks to queue
[2024-08-27T17:10:51.917+0000] {logging_mixin.py:190} INFO - [2024-08-27T17:10:51.917+0000] {dagbag.py:587} INFO - Filling up the DagBag from /home/airflow/.local/lib/python3.12/site-packages/airflow/example_dags/example_external_task_marker_dag.py
[2024-08-27T17:10:51.932+0000] {processor.py:925} INFO - DAG(s) 'example_external_task_marker_parent', 'example_external_task_marker_child' retrieved from /home/airflow/.local/lib/python3.12/site-packages/airflow/example_dags/example_external_task_marker_dag.py
[2024-08-27T17:10:51.974+0000] {logging_mixin.py:190} INFO - [2024-08-27T17:10:51.973+0000] {dag.py:3211} INFO - Sync 2 DAGs
[2024-08-27T17:10:51.996+0000] {logging_mixin.py:190} INFO - [2024-08-27T17:10:51.996+0000] {dag.py:4138} INFO - Setting next_dagrun for example_external_task_marker_child to None, run_after=None
[2024-08-27T17:10:52.003+0000] {logging_mixin.py:190} INFO - [2024-08-27T17:10:52.002+0000] {dag.py:4138} INFO - Setting next_dagrun for example_external_task_marker_parent to None, run_after=None
[2024-08-27T17:10:52.033+0000] {processor.py:208} INFO - Processing /home/airflow/.local/lib/python3.12/site-packages/airflow/example_dags/example_external_task_marker_dag.py took 0.133 seconds
[2024-08-27T17:11:22.412+0000] {processor.py:186} INFO - Started process (PID=866) to work on /home/airflow/.local/lib/python3.12/site-packages/airflow/example_dags/example_external_task_marker_dag.py
[2024-08-27T17:11:22.414+0000] {processor.py:914} INFO - Processing file /home/airflow/.local/lib/python3.12/site-packages/airflow/example_dags/example_external_task_marker_dag.py for tasks to queue
[2024-08-27T17:11:22.418+0000] {logging_mixin.py:190} INFO - [2024-08-27T17:11:22.417+0000] {dagbag.py:587} INFO - Filling up the DagBag from /home/airflow/.local/lib/python3.12/site-packages/airflow/example_dags/example_external_task_marker_dag.py
[2024-08-27T17:11:22.430+0000] {processor.py:925} INFO - DAG(s) 'example_external_task_marker_child', 'example_external_task_marker_parent' retrieved from /home/airflow/.local/lib/python3.12/site-packages/airflow/example_dags/example_external_task_marker_dag.py
[2024-08-27T17:11:22.479+0000] {logging_mixin.py:190} INFO - [2024-08-27T17:11:22.478+0000] {dag.py:3211} INFO - Sync 2 DAGs
[2024-08-27T17:11:22.509+0000] {logging_mixin.py:190} INFO - [2024-08-27T17:11:22.508+0000] {dag.py:4138} INFO - Setting next_dagrun for example_external_task_marker_child to None, run_after=None
[2024-08-27T17:11:22.514+0000] {logging_mixin.py:190} INFO - [2024-08-27T17:11:22.514+0000] {dag.py:4138} INFO - Setting next_dagrun for example_external_task_marker_parent to None, run_after=None
[2024-08-27T17:11:22.543+0000] {processor.py:208} INFO - Processing /home/airflow/.local/lib/python3.12/site-packages/airflow/example_dags/example_external_task_marker_dag.py took 0.140 seconds
[2024-08-27T17:11:52.738+0000] {processor.py:186} INFO - Started process (PID=928) to work on /home/airflow/.local/lib/python3.12/site-packages/airflow/example_dags/example_external_task_marker_dag.py
[2024-08-27T17:11:52.739+0000] {processor.py:914} INFO - Processing file /home/airflow/.local/lib/python3.12/site-packages/airflow/example_dags/example_external_task_marker_dag.py for tasks to queue
[2024-08-27T17:11:52.743+0000] {logging_mixin.py:190} INFO - [2024-08-27T17:11:52.742+0000] {dagbag.py:587} INFO - Filling up the DagBag from /home/airflow/.local/lib/python3.12/site-packages/airflow/example_dags/example_external_task_marker_dag.py
[2024-08-27T17:11:52.755+0000] {processor.py:925} INFO - DAG(s) 'example_external_task_marker_child', 'example_external_task_marker_parent' retrieved from /home/airflow/.local/lib/python3.12/site-packages/airflow/example_dags/example_external_task_marker_dag.py
[2024-08-27T17:11:52.786+0000] {logging_mixin.py:190} INFO - [2024-08-27T17:11:52.786+0000] {dag.py:3211} INFO - Sync 2 DAGs
[2024-08-27T17:11:52.810+0000] {logging_mixin.py:190} INFO - [2024-08-27T17:11:52.810+0000] {dag.py:4138} INFO - Setting next_dagrun for example_external_task_marker_child to None, run_after=None
[2024-08-27T17:11:52.815+0000] {logging_mixin.py:190} INFO - [2024-08-27T17:11:52.815+0000] {dag.py:4138} INFO - Setting next_dagrun for example_external_task_marker_parent to None, run_after=None
[2024-08-27T17:11:52.845+0000] {processor.py:208} INFO - Processing /home/airflow/.local/lib/python3.12/site-packages/airflow/example_dags/example_external_task_marker_dag.py took 0.116 seconds
[2024-08-27T17:12:23.597+0000] {processor.py:186} INFO - Started process (PID=990) to work on /home/airflow/.local/lib/python3.12/site-packages/airflow/example_dags/example_external_task_marker_dag.py
[2024-08-27T17:12:23.599+0000] {processor.py:914} INFO - Processing file /home/airflow/.local/lib/python3.12/site-packages/airflow/example_dags/example_external_task_marker_dag.py for tasks to queue
[2024-08-27T17:12:23.602+0000] {logging_mixin.py:190} INFO - [2024-08-27T17:12:23.602+0000] {dagbag.py:587} INFO - Filling up the DagBag from /home/airflow/.local/lib/python3.12/site-packages/airflow/example_dags/example_external_task_marker_dag.py
[2024-08-27T17:12:23.617+0000] {processor.py:925} INFO - DAG(s) 'example_external_task_marker_parent', 'example_external_task_marker_child' retrieved from /home/airflow/.local/lib/python3.12/site-packages/airflow/example_dags/example_external_task_marker_dag.py
[2024-08-27T17:12:23.653+0000] {logging_mixin.py:190} INFO - [2024-08-27T17:12:23.653+0000] {dag.py:3211} INFO - Sync 2 DAGs
[2024-08-27T17:12:23.678+0000] {logging_mixin.py:190} INFO - [2024-08-27T17:12:23.678+0000] {dag.py:4138} INFO - Setting next_dagrun for example_external_task_marker_child to None, run_after=None
[2024-08-27T17:12:23.684+0000] {logging_mixin.py:190} INFO - [2024-08-27T17:12:23.683+0000] {dag.py:4138} INFO - Setting next_dagrun for example_external_task_marker_parent to None, run_after=None
[2024-08-27T17:12:23.712+0000] {processor.py:208} INFO - Processing /home/airflow/.local/lib/python3.12/site-packages/airflow/example_dags/example_external_task_marker_dag.py took 0.125 seconds
[2024-08-27T17:12:54.189+0000] {processor.py:186} INFO - Started process (PID=1052) to work on /home/airflow/.local/lib/python3.12/site-packages/airflow/example_dags/example_external_task_marker_dag.py
[2024-08-27T17:12:54.190+0000] {processor.py:914} INFO - Processing file /home/airflow/.local/lib/python3.12/site-packages/airflow/example_dags/example_external_task_marker_dag.py for tasks to queue
[2024-08-27T17:12:54.193+0000] {logging_mixin.py:190} INFO - [2024-08-27T17:12:54.193+0000] {dagbag.py:587} INFO - Filling up the DagBag from /home/airflow/.local/lib/python3.12/site-packages/airflow/example_dags/example_external_task_marker_dag.py
[2024-08-27T17:12:54.206+0000] {processor.py:925} INFO - DAG(s) 'example_external_task_marker_parent', 'example_external_task_marker_child' retrieved from /home/airflow/.local/lib/python3.12/site-packages/airflow/example_dags/example_external_task_marker_dag.py
[2024-08-27T17:12:54.243+0000] {logging_mixin.py:190} INFO - [2024-08-27T17:12:54.243+0000] {dag.py:3211} INFO - Sync 2 DAGs
[2024-08-27T17:12:54.264+0000] {logging_mixin.py:190} INFO - [2024-08-27T17:12:54.264+0000] {dag.py:4138} INFO - Setting next_dagrun for example_external_task_marker_child to None, run_after=None
[2024-08-27T17:12:54.269+0000] {logging_mixin.py:190} INFO - [2024-08-27T17:12:54.269+0000] {dag.py:4138} INFO - Setting next_dagrun for example_external_task_marker_parent to None, run_after=None
[2024-08-27T17:12:54.293+0000] {processor.py:208} INFO - Processing /home/airflow/.local/lib/python3.12/site-packages/airflow/example_dags/example_external_task_marker_dag.py took 0.114 seconds
[2024-08-27T17:13:24.656+0000] {processor.py:186} INFO - Started process (PID=1114) to work on /home/airflow/.local/lib/python3.12/site-packages/airflow/example_dags/example_external_task_marker_dag.py
[2024-08-27T17:13:24.658+0000] {processor.py:914} INFO - Processing file /home/airflow/.local/lib/python3.12/site-packages/airflow/example_dags/example_external_task_marker_dag.py for tasks to queue
[2024-08-27T17:13:24.662+0000] {logging_mixin.py:190} INFO - [2024-08-27T17:13:24.661+0000] {dagbag.py:587} INFO - Filling up the DagBag from /home/airflow/.local/lib/python3.12/site-packages/airflow/example_dags/example_external_task_marker_dag.py
[2024-08-27T17:13:24.674+0000] {processor.py:925} INFO - DAG(s) 'example_external_task_marker_child', 'example_external_task_marker_parent' retrieved from /home/airflow/.local/lib/python3.12/site-packages/airflow/example_dags/example_external_task_marker_dag.py
[2024-08-27T17:13:24.709+0000] {logging_mixin.py:190} INFO - [2024-08-27T17:13:24.709+0000] {dag.py:3211} INFO - Sync 2 DAGs
[2024-08-27T17:13:24.732+0000] {logging_mixin.py:190} INFO - [2024-08-27T17:13:24.731+0000] {dag.py:4138} INFO - Setting next_dagrun for example_external_task_marker_child to None, run_after=None
[2024-08-27T17:13:24.738+0000] {logging_mixin.py:190} INFO - [2024-08-27T17:13:24.737+0000] {dag.py:4138} INFO - Setting next_dagrun for example_external_task_marker_parent to None, run_after=None
[2024-08-27T17:13:24.764+0000] {processor.py:208} INFO - Processing /home/airflow/.local/lib/python3.12/site-packages/airflow/example_dags/example_external_task_marker_dag.py took 0.118 seconds
[2024-08-27T17:13:54.953+0000] {processor.py:186} INFO - Started process (PID=1176) to work on /home/airflow/.local/lib/python3.12/site-packages/airflow/example_dags/example_external_task_marker_dag.py
[2024-08-27T17:13:54.955+0000] {processor.py:914} INFO - Processing file /home/airflow/.local/lib/python3.12/site-packages/airflow/example_dags/example_external_task_marker_dag.py for tasks to queue
[2024-08-27T17:13:54.958+0000] {logging_mixin.py:190} INFO - [2024-08-27T17:13:54.958+0000] {dagbag.py:587} INFO - Filling up the DagBag from /home/airflow/.local/lib/python3.12/site-packages/airflow/example_dags/example_external_task_marker_dag.py
[2024-08-27T17:13:54.972+0000] {processor.py:925} INFO - DAG(s) 'example_external_task_marker_child', 'example_external_task_marker_parent' retrieved from /home/airflow/.local/lib/python3.12/site-packages/airflow/example_dags/example_external_task_marker_dag.py
[2024-08-27T17:13:55.021+0000] {logging_mixin.py:190} INFO - [2024-08-27T17:13:55.020+0000] {dag.py:3211} INFO - Sync 2 DAGs
[2024-08-27T17:13:55.053+0000] {logging_mixin.py:190} INFO - [2024-08-27T17:13:55.053+0000] {dag.py:4138} INFO - Setting next_dagrun for example_external_task_marker_child to None, run_after=None
[2024-08-27T17:13:55.060+0000] {logging_mixin.py:190} INFO - [2024-08-27T17:13:55.059+0000] {dag.py:4138} INFO - Setting next_dagrun for example_external_task_marker_parent to None, run_after=None
[2024-08-27T17:13:55.092+0000] {processor.py:208} INFO - Processing /home/airflow/.local/lib/python3.12/site-packages/airflow/example_dags/example_external_task_marker_dag.py took 0.149 seconds
[2024-08-27T17:14:25.742+0000] {processor.py:186} INFO - Started process (PID=1238) to work on /home/airflow/.local/lib/python3.12/site-packages/airflow/example_dags/example_external_task_marker_dag.py
[2024-08-27T17:14:25.744+0000] {processor.py:914} INFO - Processing file /home/airflow/.local/lib/python3.12/site-packages/airflow/example_dags/example_external_task_marker_dag.py for tasks to queue
[2024-08-27T17:14:25.747+0000] {logging_mixin.py:190} INFO - [2024-08-27T17:14:25.747+0000] {dagbag.py:587} INFO - Filling up the DagBag from /home/airflow/.local/lib/python3.12/site-packages/airflow/example_dags/example_external_task_marker_dag.py
[2024-08-27T17:14:25.759+0000] {processor.py:925} INFO - DAG(s) 'example_external_task_marker_child', 'example_external_task_marker_parent' retrieved from /home/airflow/.local/lib/python3.12/site-packages/airflow/example_dags/example_external_task_marker_dag.py
[2024-08-27T17:14:25.798+0000] {logging_mixin.py:190} INFO - [2024-08-27T17:14:25.797+0000] {dag.py:3211} INFO - Sync 2 DAGs
[2024-08-27T17:14:25.820+0000] {logging_mixin.py:190} INFO - [2024-08-27T17:14:25.820+0000] {dag.py:4138} INFO - Setting next_dagrun for example_external_task_marker_child to None, run_after=None
[2024-08-27T17:14:25.825+0000] {logging_mixin.py:190} INFO - [2024-08-27T17:14:25.825+0000] {dag.py:4138} INFO - Setting next_dagrun for example_external_task_marker_parent to None, run_after=None
[2024-08-27T17:14:25.853+0000] {processor.py:208} INFO - Processing /home/airflow/.local/lib/python3.12/site-packages/airflow/example_dags/example_external_task_marker_dag.py took 0.120 seconds
[2024-08-27T17:14:56.410+0000] {processor.py:186} INFO - Started process (PID=1300) to work on /home/airflow/.local/lib/python3.12/site-packages/airflow/example_dags/example_external_task_marker_dag.py
[2024-08-27T17:14:56.412+0000] {processor.py:914} INFO - Processing file /home/airflow/.local/lib/python3.12/site-packages/airflow/example_dags/example_external_task_marker_dag.py for tasks to queue
[2024-08-27T17:14:56.418+0000] {logging_mixin.py:190} INFO - [2024-08-27T17:14:56.417+0000] {dagbag.py:587} INFO - Filling up the DagBag from /home/airflow/.local/lib/python3.12/site-packages/airflow/example_dags/example_external_task_marker_dag.py
[2024-08-27T17:14:56.440+0000] {processor.py:925} INFO - DAG(s) 'example_external_task_marker_child', 'example_external_task_marker_parent' retrieved from /home/airflow/.local/lib/python3.12/site-packages/airflow/example_dags/example_external_task_marker_dag.py
[2024-08-27T17:14:56.486+0000] {logging_mixin.py:190} INFO - [2024-08-27T17:14:56.486+0000] {dag.py:3211} INFO - Sync 2 DAGs
[2024-08-27T17:14:56.515+0000] {logging_mixin.py:190} INFO - [2024-08-27T17:14:56.515+0000] {dag.py:4138} INFO - Setting next_dagrun for example_external_task_marker_child to None, run_after=None
[2024-08-27T17:14:56.521+0000] {logging_mixin.py:190} INFO - [2024-08-27T17:14:56.520+0000] {dag.py:4138} INFO - Setting next_dagrun for example_external_task_marker_parent to None, run_after=None
[2024-08-27T17:14:56.553+0000] {processor.py:208} INFO - Processing /home/airflow/.local/lib/python3.12/site-packages/airflow/example_dags/example_external_task_marker_dag.py took 0.160 seconds
[2024-08-27T17:15:27.375+0000] {processor.py:186} INFO - Started process (PID=1362) to work on /home/airflow/.local/lib/python3.12/site-packages/airflow/example_dags/example_external_task_marker_dag.py
[2024-08-27T17:15:27.376+0000] {processor.py:914} INFO - Processing file /home/airflow/.local/lib/python3.12/site-packages/airflow/example_dags/example_external_task_marker_dag.py for tasks to queue
[2024-08-27T17:15:27.380+0000] {logging_mixin.py:190} INFO - [2024-08-27T17:15:27.380+0000] {dagbag.py:587} INFO - Filling up the DagBag from /home/airflow/.local/lib/python3.12/site-packages/airflow/example_dags/example_external_task_marker_dag.py
[2024-08-27T17:15:27.393+0000] {processor.py:925} INFO - DAG(s) 'example_external_task_marker_parent', 'example_external_task_marker_child' retrieved from /home/airflow/.local/lib/python3.12/site-packages/airflow/example_dags/example_external_task_marker_dag.py
[2024-08-27T17:15:27.428+0000] {logging_mixin.py:190} INFO - [2024-08-27T17:15:27.428+0000] {dag.py:3211} INFO - Sync 2 DAGs
[2024-08-27T17:15:27.448+0000] {logging_mixin.py:190} INFO - [2024-08-27T17:15:27.448+0000] {dag.py:4138} INFO - Setting next_dagrun for example_external_task_marker_child to None, run_after=None
[2024-08-27T17:15:27.454+0000] {logging_mixin.py:190} INFO - [2024-08-27T17:15:27.454+0000] {dag.py:4138} INFO - Setting next_dagrun for example_external_task_marker_parent to None, run_after=None
[2024-08-27T17:15:27.490+0000] {processor.py:208} INFO - Processing /home/airflow/.local/lib/python3.12/site-packages/airflow/example_dags/example_external_task_marker_dag.py took 0.124 seconds
[2024-08-27T17:15:57.947+0000] {processor.py:186} INFO - Started process (PID=1424) to work on /home/airflow/.local/lib/python3.12/site-packages/airflow/example_dags/example_external_task_marker_dag.py
[2024-08-27T17:15:57.949+0000] {processor.py:914} INFO - Processing file /home/airflow/.local/lib/python3.12/site-packages/airflow/example_dags/example_external_task_marker_dag.py for tasks to queue
[2024-08-27T17:15:57.953+0000] {logging_mixin.py:190} INFO - [2024-08-27T17:15:57.953+0000] {dagbag.py:587} INFO - Filling up the DagBag from /home/airflow/.local/lib/python3.12/site-packages/airflow/example_dags/example_external_task_marker_dag.py
[2024-08-27T17:15:57.966+0000] {processor.py:925} INFO - DAG(s) 'example_external_task_marker_parent', 'example_external_task_marker_child' retrieved from /home/airflow/.local/lib/python3.12/site-packages/airflow/example_dags/example_external_task_marker_dag.py
[2024-08-27T17:15:58.007+0000] {logging_mixin.py:190} INFO - [2024-08-27T17:15:58.007+0000] {dag.py:3211} INFO - Sync 2 DAGs
[2024-08-27T17:15:58.047+0000] {logging_mixin.py:190} INFO - [2024-08-27T17:15:58.046+0000] {dag.py:4138} INFO - Setting next_dagrun for example_external_task_marker_child to None, run_after=None
[2024-08-27T17:15:58.057+0000] {logging_mixin.py:190} INFO - [2024-08-27T17:15:58.056+0000] {dag.py:4138} INFO - Setting next_dagrun for example_external_task_marker_parent to None, run_after=None
[2024-08-27T17:15:58.088+0000] {processor.py:208} INFO - Processing /home/airflow/.local/lib/python3.12/site-packages/airflow/example_dags/example_external_task_marker_dag.py took 0.152 seconds
[2024-08-27T17:16:28.912+0000] {processor.py:186} INFO - Started process (PID=1486) to work on /home/airflow/.local/lib/python3.12/site-packages/airflow/example_dags/example_external_task_marker_dag.py
[2024-08-27T17:16:28.914+0000] {processor.py:914} INFO - Processing file /home/airflow/.local/lib/python3.12/site-packages/airflow/example_dags/example_external_task_marker_dag.py for tasks to queue
[2024-08-27T17:16:28.918+0000] {logging_mixin.py:190} INFO - [2024-08-27T17:16:28.917+0000] {dagbag.py:587} INFO - Filling up the DagBag from /home/airflow/.local/lib/python3.12/site-packages/airflow/example_dags/example_external_task_marker_dag.py
[2024-08-27T17:16:28.932+0000] {processor.py:925} INFO - DAG(s) 'example_external_task_marker_child', 'example_external_task_marker_parent' retrieved from /home/airflow/.local/lib/python3.12/site-packages/airflow/example_dags/example_external_task_marker_dag.py
[2024-08-27T17:16:28.969+0000] {logging_mixin.py:190} INFO - [2024-08-27T17:16:28.968+0000] {dag.py:3211} INFO - Sync 2 DAGs
[2024-08-27T17:16:28.990+0000] {logging_mixin.py:190} INFO - [2024-08-27T17:16:28.989+0000] {dag.py:4138} INFO - Setting next_dagrun for example_external_task_marker_child to None, run_after=None
[2024-08-27T17:16:28.996+0000] {logging_mixin.py:190} INFO - [2024-08-27T17:16:28.996+0000] {dag.py:4138} INFO - Setting next_dagrun for example_external_task_marker_parent to None, run_after=None
[2024-08-27T17:16:29.023+0000] {processor.py:208} INFO - Processing /home/airflow/.local/lib/python3.12/site-packages/airflow/example_dags/example_external_task_marker_dag.py took 0.123 seconds
[2024-08-27T17:16:59.226+0000] {processor.py:186} INFO - Started process (PID=1548) to work on /home/airflow/.local/lib/python3.12/site-packages/airflow/example_dags/example_external_task_marker_dag.py
[2024-08-27T17:16:59.227+0000] {processor.py:914} INFO - Processing file /home/airflow/.local/lib/python3.12/site-packages/airflow/example_dags/example_external_task_marker_dag.py for tasks to queue
[2024-08-27T17:16:59.231+0000] {logging_mixin.py:190} INFO - [2024-08-27T17:16:59.230+0000] {dagbag.py:587} INFO - Filling up the DagBag from /home/airflow/.local/lib/python3.12/site-packages/airflow/example_dags/example_external_task_marker_dag.py
[2024-08-27T17:16:59.242+0000] {processor.py:925} INFO - DAG(s) 'example_external_task_marker_child', 'example_external_task_marker_parent' retrieved from /home/airflow/.local/lib/python3.12/site-packages/airflow/example_dags/example_external_task_marker_dag.py
[2024-08-27T17:16:59.279+0000] {logging_mixin.py:190} INFO - [2024-08-27T17:16:59.279+0000] {dag.py:3211} INFO - Sync 2 DAGs
[2024-08-27T17:16:59.309+0000] {logging_mixin.py:190} INFO - [2024-08-27T17:16:59.308+0000] {dag.py:4138} INFO - Setting next_dagrun for example_external_task_marker_child to None, run_after=None
[2024-08-27T17:16:59.316+0000] {logging_mixin.py:190} INFO - [2024-08-27T17:16:59.316+0000] {dag.py:4138} INFO - Setting next_dagrun for example_external_task_marker_parent to None, run_after=None
[2024-08-27T17:16:59.350+0000] {processor.py:208} INFO - Processing /home/airflow/.local/lib/python3.12/site-packages/airflow/example_dags/example_external_task_marker_dag.py took 0.135 seconds
