[2024-08-27T17:04:49.180+0000] {processor.py:186} INFO - Started process (PID=72) to work on /home/airflow/.local/lib/python3.12/site-packages/airflow/example_dags/example_branch_python_dop_operator_3.py
[2024-08-27T17:04:49.181+0000] {processor.py:914} INFO - Processing file /home/airflow/.local/lib/python3.12/site-packages/airflow/example_dags/example_branch_python_dop_operator_3.py for tasks to queue
[2024-08-27T17:04:49.185+0000] {logging_mixin.py:190} INFO - [2024-08-27T17:04:49.185+0000] {dagbag.py:587} INFO - Filling up the DagBag from /home/airflow/.local/lib/python3.12/site-packages/airflow/example_dags/example_branch_python_dop_operator_3.py
[2024-08-27T17:04:49.203+0000] {processor.py:925} INFO - DAG(s) 'example_branch_dop_operator_v3' retrieved from /home/airflow/.local/lib/python3.12/site-packages/airflow/example_dags/example_branch_python_dop_operator_3.py
[2024-08-27T17:04:49.354+0000] {logging_mixin.py:190} INFO - [2024-08-27T17:04:49.353+0000] {override.py:1858} INFO - Created Permission View: can edit on DAG:example_branch_dop_operator_v3
[2024-08-27T17:04:49.373+0000] {logging_mixin.py:190} INFO - [2024-08-27T17:04:49.372+0000] {override.py:1858} INFO - Created Permission View: can read on DAG:example_branch_dop_operator_v3
[2024-08-27T17:04:49.391+0000] {logging_mixin.py:190} INFO - [2024-08-27T17:04:49.391+0000] {override.py:1858} INFO - Created Permission View: can delete on DAG:example_branch_dop_operator_v3
[2024-08-27T17:04:49.392+0000] {logging_mixin.py:190} INFO - [2024-08-27T17:04:49.392+0000] {dag.py:3211} INFO - Sync 1 DAGs
[2024-08-27T17:04:49.415+0000] {logging_mixin.py:190} INFO - [2024-08-27T17:04:49.415+0000] {dag.py:3234} INFO - Creating ORM DAG for example_branch_dop_operator_v3
[2024-08-27T17:04:49.436+0000] {logging_mixin.py:190} INFO - [2024-08-27T17:04:49.436+0000] {dag.py:4138} INFO - Setting next_dagrun for example_branch_dop_operator_v3 to 2024-08-27 17:03:00+00:00, run_after=2024-08-27 17:04:00+00:00
[2024-08-27T17:04:49.467+0000] {processor.py:208} INFO - Processing /home/airflow/.local/lib/python3.12/site-packages/airflow/example_dags/example_branch_python_dop_operator_3.py took 0.296 seconds
[2024-08-27T17:05:19.554+0000] {processor.py:186} INFO - Started process (PID=134) to work on /home/airflow/.local/lib/python3.12/site-packages/airflow/example_dags/example_branch_python_dop_operator_3.py
[2024-08-27T17:05:19.557+0000] {processor.py:914} INFO - Processing file /home/airflow/.local/lib/python3.12/site-packages/airflow/example_dags/example_branch_python_dop_operator_3.py for tasks to queue
[2024-08-27T17:05:19.568+0000] {logging_mixin.py:190} INFO - [2024-08-27T17:05:19.566+0000] {dagbag.py:587} INFO - Filling up the DagBag from /home/airflow/.local/lib/python3.12/site-packages/airflow/example_dags/example_branch_python_dop_operator_3.py
[2024-08-27T17:05:19.600+0000] {processor.py:925} INFO - DAG(s) 'example_branch_dop_operator_v3' retrieved from /home/airflow/.local/lib/python3.12/site-packages/airflow/example_dags/example_branch_python_dop_operator_3.py
[2024-08-27T17:05:19.655+0000] {logging_mixin.py:190} INFO - [2024-08-27T17:05:19.654+0000] {dag.py:3211} INFO - Sync 1 DAGs
[2024-08-27T17:05:19.748+0000] {logging_mixin.py:190} INFO - [2024-08-27T17:05:19.747+0000] {dag.py:4138} INFO - Setting next_dagrun for example_branch_dop_operator_v3 to 2024-08-27 17:04:00+00:00, run_after=2024-08-27 17:05:00+00:00
[2024-08-27T17:05:19.830+0000] {processor.py:208} INFO - Processing /home/airflow/.local/lib/python3.12/site-packages/airflow/example_dags/example_branch_python_dop_operator_3.py took 0.298 seconds
[2024-08-27T17:05:50.803+0000] {processor.py:186} INFO - Started process (PID=196) to work on /home/airflow/.local/lib/python3.12/site-packages/airflow/example_dags/example_branch_python_dop_operator_3.py
[2024-08-27T17:05:50.805+0000] {processor.py:914} INFO - Processing file /home/airflow/.local/lib/python3.12/site-packages/airflow/example_dags/example_branch_python_dop_operator_3.py for tasks to queue
[2024-08-27T17:05:50.809+0000] {logging_mixin.py:190} INFO - [2024-08-27T17:05:50.809+0000] {dagbag.py:587} INFO - Filling up the DagBag from /home/airflow/.local/lib/python3.12/site-packages/airflow/example_dags/example_branch_python_dop_operator_3.py
[2024-08-27T17:05:50.825+0000] {processor.py:925} INFO - DAG(s) 'example_branch_dop_operator_v3' retrieved from /home/airflow/.local/lib/python3.12/site-packages/airflow/example_dags/example_branch_python_dop_operator_3.py
[2024-08-27T17:05:50.855+0000] {logging_mixin.py:190} INFO - [2024-08-27T17:05:50.854+0000] {dag.py:3211} INFO - Sync 1 DAGs
[2024-08-27T17:05:50.902+0000] {logging_mixin.py:190} INFO - [2024-08-27T17:05:50.902+0000] {dag.py:4138} INFO - Setting next_dagrun for example_branch_dop_operator_v3 to 2024-08-27 17:04:00+00:00, run_after=2024-08-27 17:05:00+00:00
[2024-08-27T17:05:50.937+0000] {processor.py:208} INFO - Processing /home/airflow/.local/lib/python3.12/site-packages/airflow/example_dags/example_branch_python_dop_operator_3.py took 0.145 seconds
[2024-08-27T17:06:21.027+0000] {processor.py:186} INFO - Started process (PID=258) to work on /home/airflow/.local/lib/python3.12/site-packages/airflow/example_dags/example_branch_python_dop_operator_3.py
[2024-08-27T17:06:21.028+0000] {processor.py:914} INFO - Processing file /home/airflow/.local/lib/python3.12/site-packages/airflow/example_dags/example_branch_python_dop_operator_3.py for tasks to queue
[2024-08-27T17:06:21.032+0000] {logging_mixin.py:190} INFO - [2024-08-27T17:06:21.032+0000] {dagbag.py:587} INFO - Filling up the DagBag from /home/airflow/.local/lib/python3.12/site-packages/airflow/example_dags/example_branch_python_dop_operator_3.py
[2024-08-27T17:06:21.054+0000] {processor.py:925} INFO - DAG(s) 'example_branch_dop_operator_v3' retrieved from /home/airflow/.local/lib/python3.12/site-packages/airflow/example_dags/example_branch_python_dop_operator_3.py
[2024-08-27T17:06:21.088+0000] {logging_mixin.py:190} INFO - [2024-08-27T17:06:21.088+0000] {dag.py:3211} INFO - Sync 1 DAGs
[2024-08-27T17:06:21.132+0000] {logging_mixin.py:190} INFO - [2024-08-27T17:06:21.131+0000] {dag.py:4138} INFO - Setting next_dagrun for example_branch_dop_operator_v3 to 2024-08-27 17:05:00+00:00, run_after=2024-08-27 17:06:00+00:00
[2024-08-27T17:06:21.162+0000] {processor.py:208} INFO - Processing /home/airflow/.local/lib/python3.12/site-packages/airflow/example_dags/example_branch_python_dop_operator_3.py took 0.143 seconds
[2024-08-27T17:06:51.308+0000] {processor.py:186} INFO - Started process (PID=320) to work on /home/airflow/.local/lib/python3.12/site-packages/airflow/example_dags/example_branch_python_dop_operator_3.py
[2024-08-27T17:06:51.309+0000] {processor.py:914} INFO - Processing file /home/airflow/.local/lib/python3.12/site-packages/airflow/example_dags/example_branch_python_dop_operator_3.py for tasks to queue
[2024-08-27T17:06:51.314+0000] {logging_mixin.py:190} INFO - [2024-08-27T17:06:51.313+0000] {dagbag.py:587} INFO - Filling up the DagBag from /home/airflow/.local/lib/python3.12/site-packages/airflow/example_dags/example_branch_python_dop_operator_3.py
[2024-08-27T17:06:51.335+0000] {processor.py:925} INFO - DAG(s) 'example_branch_dop_operator_v3' retrieved from /home/airflow/.local/lib/python3.12/site-packages/airflow/example_dags/example_branch_python_dop_operator_3.py
[2024-08-27T17:06:51.369+0000] {logging_mixin.py:190} INFO - [2024-08-27T17:06:51.368+0000] {dag.py:3211} INFO - Sync 1 DAGs
[2024-08-27T17:06:51.420+0000] {logging_mixin.py:190} INFO - [2024-08-27T17:06:51.419+0000] {dag.py:4138} INFO - Setting next_dagrun for example_branch_dop_operator_v3 to 2024-08-27 17:05:00+00:00, run_after=2024-08-27 17:06:00+00:00
[2024-08-27T17:06:51.455+0000] {processor.py:208} INFO - Processing /home/airflow/.local/lib/python3.12/site-packages/airflow/example_dags/example_branch_python_dop_operator_3.py took 0.159 seconds
[2024-08-27T17:07:22.347+0000] {processor.py:186} INFO - Started process (PID=382) to work on /home/airflow/.local/lib/python3.12/site-packages/airflow/example_dags/example_branch_python_dop_operator_3.py
[2024-08-27T17:07:22.349+0000] {processor.py:914} INFO - Processing file /home/airflow/.local/lib/python3.12/site-packages/airflow/example_dags/example_branch_python_dop_operator_3.py for tasks to queue
[2024-08-27T17:07:22.351+0000] {logging_mixin.py:190} INFO - [2024-08-27T17:07:22.351+0000] {dagbag.py:587} INFO - Filling up the DagBag from /home/airflow/.local/lib/python3.12/site-packages/airflow/example_dags/example_branch_python_dop_operator_3.py
[2024-08-27T17:07:22.364+0000] {processor.py:925} INFO - DAG(s) 'example_branch_dop_operator_v3' retrieved from /home/airflow/.local/lib/python3.12/site-packages/airflow/example_dags/example_branch_python_dop_operator_3.py
[2024-08-27T17:07:22.390+0000] {logging_mixin.py:190} INFO - [2024-08-27T17:07:22.390+0000] {dag.py:3211} INFO - Sync 1 DAGs
[2024-08-27T17:07:22.428+0000] {logging_mixin.py:190} INFO - [2024-08-27T17:07:22.428+0000] {dag.py:4138} INFO - Setting next_dagrun for example_branch_dop_operator_v3 to 2024-08-27 17:06:00+00:00, run_after=2024-08-27 17:07:00+00:00
[2024-08-27T17:07:22.455+0000] {processor.py:208} INFO - Processing /home/airflow/.local/lib/python3.12/site-packages/airflow/example_dags/example_branch_python_dop_operator_3.py took 0.116 seconds
[2024-08-27T17:07:52.771+0000] {processor.py:186} INFO - Started process (PID=444) to work on /home/airflow/.local/lib/python3.12/site-packages/airflow/example_dags/example_branch_python_dop_operator_3.py
[2024-08-27T17:07:52.773+0000] {processor.py:914} INFO - Processing file /home/airflow/.local/lib/python3.12/site-packages/airflow/example_dags/example_branch_python_dop_operator_3.py for tasks to queue
[2024-08-27T17:07:52.777+0000] {logging_mixin.py:190} INFO - [2024-08-27T17:07:52.776+0000] {dagbag.py:587} INFO - Filling up the DagBag from /home/airflow/.local/lib/python3.12/site-packages/airflow/example_dags/example_branch_python_dop_operator_3.py
[2024-08-27T17:07:52.793+0000] {processor.py:925} INFO - DAG(s) 'example_branch_dop_operator_v3' retrieved from /home/airflow/.local/lib/python3.12/site-packages/airflow/example_dags/example_branch_python_dop_operator_3.py
[2024-08-27T17:07:52.828+0000] {logging_mixin.py:190} INFO - [2024-08-27T17:07:52.827+0000] {dag.py:3211} INFO - Sync 1 DAGs
[2024-08-27T17:07:52.873+0000] {logging_mixin.py:190} INFO - [2024-08-27T17:07:52.873+0000] {dag.py:4138} INFO - Setting next_dagrun for example_branch_dop_operator_v3 to 2024-08-27 17:06:00+00:00, run_after=2024-08-27 17:07:00+00:00
[2024-08-27T17:07:52.919+0000] {processor.py:208} INFO - Processing /home/airflow/.local/lib/python3.12/site-packages/airflow/example_dags/example_branch_python_dop_operator_3.py took 0.157 seconds
[2024-08-27T17:08:23.749+0000] {processor.py:186} INFO - Started process (PID=506) to work on /home/airflow/.local/lib/python3.12/site-packages/airflow/example_dags/example_branch_python_dop_operator_3.py
[2024-08-27T17:08:23.751+0000] {processor.py:914} INFO - Processing file /home/airflow/.local/lib/python3.12/site-packages/airflow/example_dags/example_branch_python_dop_operator_3.py for tasks to queue
[2024-08-27T17:08:23.755+0000] {logging_mixin.py:190} INFO - [2024-08-27T17:08:23.755+0000] {dagbag.py:587} INFO - Filling up the DagBag from /home/airflow/.local/lib/python3.12/site-packages/airflow/example_dags/example_branch_python_dop_operator_3.py
[2024-08-27T17:08:23.777+0000] {processor.py:925} INFO - DAG(s) 'example_branch_dop_operator_v3' retrieved from /home/airflow/.local/lib/python3.12/site-packages/airflow/example_dags/example_branch_python_dop_operator_3.py
[2024-08-27T17:08:23.809+0000] {logging_mixin.py:190} INFO - [2024-08-27T17:08:23.809+0000] {dag.py:3211} INFO - Sync 1 DAGs
[2024-08-27T17:08:23.848+0000] {logging_mixin.py:190} INFO - [2024-08-27T17:08:23.848+0000] {dag.py:4138} INFO - Setting next_dagrun for example_branch_dop_operator_v3 to 2024-08-27 17:07:00+00:00, run_after=2024-08-27 17:08:00+00:00
[2024-08-27T17:08:23.882+0000] {processor.py:208} INFO - Processing /home/airflow/.local/lib/python3.12/site-packages/airflow/example_dags/example_branch_python_dop_operator_3.py took 0.143 seconds
[2024-08-27T17:08:54.350+0000] {processor.py:186} INFO - Started process (PID=568) to work on /home/airflow/.local/lib/python3.12/site-packages/airflow/example_dags/example_branch_python_dop_operator_3.py
[2024-08-27T17:08:54.351+0000] {processor.py:914} INFO - Processing file /home/airflow/.local/lib/python3.12/site-packages/airflow/example_dags/example_branch_python_dop_operator_3.py for tasks to queue
[2024-08-27T17:08:54.355+0000] {logging_mixin.py:190} INFO - [2024-08-27T17:08:54.354+0000] {dagbag.py:587} INFO - Filling up the DagBag from /home/airflow/.local/lib/python3.12/site-packages/airflow/example_dags/example_branch_python_dop_operator_3.py
[2024-08-27T17:08:54.370+0000] {processor.py:925} INFO - DAG(s) 'example_branch_dop_operator_v3' retrieved from /home/airflow/.local/lib/python3.12/site-packages/airflow/example_dags/example_branch_python_dop_operator_3.py
[2024-08-27T17:08:54.396+0000] {logging_mixin.py:190} INFO - [2024-08-27T17:08:54.396+0000] {dag.py:3211} INFO - Sync 1 DAGs
[2024-08-27T17:08:54.432+0000] {logging_mixin.py:190} INFO - [2024-08-27T17:08:54.432+0000] {dag.py:4138} INFO - Setting next_dagrun for example_branch_dop_operator_v3 to 2024-08-27 17:07:00+00:00, run_after=2024-08-27 17:08:00+00:00
[2024-08-27T17:08:54.462+0000] {processor.py:208} INFO - Processing /home/airflow/.local/lib/python3.12/site-packages/airflow/example_dags/example_branch_python_dop_operator_3.py took 0.123 seconds
[2024-08-27T17:09:25.002+0000] {processor.py:186} INFO - Started process (PID=630) to work on /home/airflow/.local/lib/python3.12/site-packages/airflow/example_dags/example_branch_python_dop_operator_3.py
[2024-08-27T17:09:25.004+0000] {processor.py:914} INFO - Processing file /home/airflow/.local/lib/python3.12/site-packages/airflow/example_dags/example_branch_python_dop_operator_3.py for tasks to queue
[2024-08-27T17:09:25.008+0000] {logging_mixin.py:190} INFO - [2024-08-27T17:09:25.008+0000] {dagbag.py:587} INFO - Filling up the DagBag from /home/airflow/.local/lib/python3.12/site-packages/airflow/example_dags/example_branch_python_dop_operator_3.py
[2024-08-27T17:09:25.024+0000] {processor.py:925} INFO - DAG(s) 'example_branch_dop_operator_v3' retrieved from /home/airflow/.local/lib/python3.12/site-packages/airflow/example_dags/example_branch_python_dop_operator_3.py
[2024-08-27T17:09:25.055+0000] {logging_mixin.py:190} INFO - [2024-08-27T17:09:25.054+0000] {dag.py:3211} INFO - Sync 1 DAGs
[2024-08-27T17:09:25.109+0000] {logging_mixin.py:190} INFO - [2024-08-27T17:09:25.109+0000] {dag.py:4138} INFO - Setting next_dagrun for example_branch_dop_operator_v3 to 2024-08-27 17:08:00+00:00, run_after=2024-08-27 17:09:00+00:00
[2024-08-27T17:09:25.147+0000] {processor.py:208} INFO - Processing /home/airflow/.local/lib/python3.12/site-packages/airflow/example_dags/example_branch_python_dop_operator_3.py took 0.156 seconds
[2024-08-27T17:09:55.538+0000] {processor.py:186} INFO - Started process (PID=692) to work on /home/airflow/.local/lib/python3.12/site-packages/airflow/example_dags/example_branch_python_dop_operator_3.py
[2024-08-27T17:09:55.540+0000] {processor.py:914} INFO - Processing file /home/airflow/.local/lib/python3.12/site-packages/airflow/example_dags/example_branch_python_dop_operator_3.py for tasks to queue
[2024-08-27T17:09:55.543+0000] {logging_mixin.py:190} INFO - [2024-08-27T17:09:55.542+0000] {dagbag.py:587} INFO - Filling up the DagBag from /home/airflow/.local/lib/python3.12/site-packages/airflow/example_dags/example_branch_python_dop_operator_3.py
[2024-08-27T17:09:55.557+0000] {processor.py:925} INFO - DAG(s) 'example_branch_dop_operator_v3' retrieved from /home/airflow/.local/lib/python3.12/site-packages/airflow/example_dags/example_branch_python_dop_operator_3.py
[2024-08-27T17:09:55.590+0000] {logging_mixin.py:190} INFO - [2024-08-27T17:09:55.590+0000] {dag.py:3211} INFO - Sync 1 DAGs
[2024-08-27T17:09:55.630+0000] {logging_mixin.py:190} INFO - [2024-08-27T17:09:55.630+0000] {dag.py:4138} INFO - Setting next_dagrun for example_branch_dop_operator_v3 to 2024-08-27 17:08:00+00:00, run_after=2024-08-27 17:09:00+00:00
[2024-08-27T17:09:55.664+0000] {processor.py:208} INFO - Processing /home/airflow/.local/lib/python3.12/site-packages/airflow/example_dags/example_branch_python_dop_operator_3.py took 0.135 seconds
[2024-08-27T17:10:26.579+0000] {processor.py:186} INFO - Started process (PID=754) to work on /home/airflow/.local/lib/python3.12/site-packages/airflow/example_dags/example_branch_python_dop_operator_3.py
[2024-08-27T17:10:26.580+0000] {processor.py:914} INFO - Processing file /home/airflow/.local/lib/python3.12/site-packages/airflow/example_dags/example_branch_python_dop_operator_3.py for tasks to queue
[2024-08-27T17:10:26.585+0000] {logging_mixin.py:190} INFO - [2024-08-27T17:10:26.584+0000] {dagbag.py:587} INFO - Filling up the DagBag from /home/airflow/.local/lib/python3.12/site-packages/airflow/example_dags/example_branch_python_dop_operator_3.py
[2024-08-27T17:10:26.602+0000] {processor.py:925} INFO - DAG(s) 'example_branch_dop_operator_v3' retrieved from /home/airflow/.local/lib/python3.12/site-packages/airflow/example_dags/example_branch_python_dop_operator_3.py
[2024-08-27T17:10:26.643+0000] {logging_mixin.py:190} INFO - [2024-08-27T17:10:26.642+0000] {dag.py:3211} INFO - Sync 1 DAGs
[2024-08-27T17:10:26.694+0000] {logging_mixin.py:190} INFO - [2024-08-27T17:10:26.694+0000] {dag.py:4138} INFO - Setting next_dagrun for example_branch_dop_operator_v3 to 2024-08-27 17:09:00+00:00, run_after=2024-08-27 17:10:00+00:00
[2024-08-27T17:10:26.731+0000] {processor.py:208} INFO - Processing /home/airflow/.local/lib/python3.12/site-packages/airflow/example_dags/example_branch_python_dop_operator_3.py took 0.161 seconds
[2024-08-27T17:10:57.254+0000] {processor.py:186} INFO - Started process (PID=816) to work on /home/airflow/.local/lib/python3.12/site-packages/airflow/example_dags/example_branch_python_dop_operator_3.py
[2024-08-27T17:10:57.255+0000] {processor.py:914} INFO - Processing file /home/airflow/.local/lib/python3.12/site-packages/airflow/example_dags/example_branch_python_dop_operator_3.py for tasks to queue
[2024-08-27T17:10:57.259+0000] {logging_mixin.py:190} INFO - [2024-08-27T17:10:57.258+0000] {dagbag.py:587} INFO - Filling up the DagBag from /home/airflow/.local/lib/python3.12/site-packages/airflow/example_dags/example_branch_python_dop_operator_3.py
[2024-08-27T17:10:57.271+0000] {processor.py:925} INFO - DAG(s) 'example_branch_dop_operator_v3' retrieved from /home/airflow/.local/lib/python3.12/site-packages/airflow/example_dags/example_branch_python_dop_operator_3.py
[2024-08-27T17:10:57.304+0000] {logging_mixin.py:190} INFO - [2024-08-27T17:10:57.304+0000] {dag.py:3211} INFO - Sync 1 DAGs
[2024-08-27T17:10:57.363+0000] {logging_mixin.py:190} INFO - [2024-08-27T17:10:57.363+0000] {dag.py:4138} INFO - Setting next_dagrun for example_branch_dop_operator_v3 to 2024-08-27 17:09:00+00:00, run_after=2024-08-27 17:10:00+00:00
[2024-08-27T17:10:57.408+0000] {processor.py:208} INFO - Processing /home/airflow/.local/lib/python3.12/site-packages/airflow/example_dags/example_branch_python_dop_operator_3.py took 0.160 seconds
[2024-08-27T17:11:27.906+0000] {processor.py:186} INFO - Started process (PID=878) to work on /home/airflow/.local/lib/python3.12/site-packages/airflow/example_dags/example_branch_python_dop_operator_3.py
[2024-08-27T17:11:27.907+0000] {processor.py:914} INFO - Processing file /home/airflow/.local/lib/python3.12/site-packages/airflow/example_dags/example_branch_python_dop_operator_3.py for tasks to queue
[2024-08-27T17:11:27.911+0000] {logging_mixin.py:190} INFO - [2024-08-27T17:11:27.910+0000] {dagbag.py:587} INFO - Filling up the DagBag from /home/airflow/.local/lib/python3.12/site-packages/airflow/example_dags/example_branch_python_dop_operator_3.py
[2024-08-27T17:11:27.924+0000] {processor.py:925} INFO - DAG(s) 'example_branch_dop_operator_v3' retrieved from /home/airflow/.local/lib/python3.12/site-packages/airflow/example_dags/example_branch_python_dop_operator_3.py
[2024-08-27T17:11:27.953+0000] {logging_mixin.py:190} INFO - [2024-08-27T17:11:27.952+0000] {dag.py:3211} INFO - Sync 1 DAGs
[2024-08-27T17:11:27.989+0000] {logging_mixin.py:190} INFO - [2024-08-27T17:11:27.989+0000] {dag.py:4138} INFO - Setting next_dagrun for example_branch_dop_operator_v3 to 2024-08-27 17:10:00+00:00, run_after=2024-08-27 17:11:00+00:00
[2024-08-27T17:11:28.016+0000] {processor.py:208} INFO - Processing /home/airflow/.local/lib/python3.12/site-packages/airflow/example_dags/example_branch_python_dop_operator_3.py took 0.120 seconds
[2024-08-27T17:11:58.419+0000] {processor.py:186} INFO - Started process (PID=940) to work on /home/airflow/.local/lib/python3.12/site-packages/airflow/example_dags/example_branch_python_dop_operator_3.py
[2024-08-27T17:11:58.420+0000] {processor.py:914} INFO - Processing file /home/airflow/.local/lib/python3.12/site-packages/airflow/example_dags/example_branch_python_dop_operator_3.py for tasks to queue
[2024-08-27T17:11:58.423+0000] {logging_mixin.py:190} INFO - [2024-08-27T17:11:58.423+0000] {dagbag.py:587} INFO - Filling up the DagBag from /home/airflow/.local/lib/python3.12/site-packages/airflow/example_dags/example_branch_python_dop_operator_3.py
[2024-08-27T17:11:58.443+0000] {processor.py:925} INFO - DAG(s) 'example_branch_dop_operator_v3' retrieved from /home/airflow/.local/lib/python3.12/site-packages/airflow/example_dags/example_branch_python_dop_operator_3.py
[2024-08-27T17:11:58.473+0000] {logging_mixin.py:190} INFO - [2024-08-27T17:11:58.473+0000] {dag.py:3211} INFO - Sync 1 DAGs
[2024-08-27T17:11:58.511+0000] {logging_mixin.py:190} INFO - [2024-08-27T17:11:58.511+0000] {dag.py:4138} INFO - Setting next_dagrun for example_branch_dop_operator_v3 to 2024-08-27 17:10:00+00:00, run_after=2024-08-27 17:11:00+00:00
[2024-08-27T17:11:58.537+0000] {processor.py:208} INFO - Processing /home/airflow/.local/lib/python3.12/site-packages/airflow/example_dags/example_branch_python_dop_operator_3.py took 0.125 seconds
[2024-08-27T17:12:28.909+0000] {processor.py:186} INFO - Started process (PID=1002) to work on /home/airflow/.local/lib/python3.12/site-packages/airflow/example_dags/example_branch_python_dop_operator_3.py
[2024-08-27T17:12:28.911+0000] {processor.py:914} INFO - Processing file /home/airflow/.local/lib/python3.12/site-packages/airflow/example_dags/example_branch_python_dop_operator_3.py for tasks to queue
[2024-08-27T17:12:28.917+0000] {logging_mixin.py:190} INFO - [2024-08-27T17:12:28.916+0000] {dagbag.py:587} INFO - Filling up the DagBag from /home/airflow/.local/lib/python3.12/site-packages/airflow/example_dags/example_branch_python_dop_operator_3.py
[2024-08-27T17:12:28.939+0000] {processor.py:925} INFO - DAG(s) 'example_branch_dop_operator_v3' retrieved from /home/airflow/.local/lib/python3.12/site-packages/airflow/example_dags/example_branch_python_dop_operator_3.py
[2024-08-27T17:12:28.972+0000] {logging_mixin.py:190} INFO - [2024-08-27T17:12:28.972+0000] {dag.py:3211} INFO - Sync 1 DAGs
[2024-08-27T17:12:29.012+0000] {logging_mixin.py:190} INFO - [2024-08-27T17:12:29.012+0000] {dag.py:4138} INFO - Setting next_dagrun for example_branch_dop_operator_v3 to 2024-08-27 17:11:00+00:00, run_after=2024-08-27 17:12:00+00:00
[2024-08-27T17:12:29.053+0000] {processor.py:208} INFO - Processing /home/airflow/.local/lib/python3.12/site-packages/airflow/example_dags/example_branch_python_dop_operator_3.py took 0.158 seconds
[2024-08-27T17:12:59.510+0000] {processor.py:186} INFO - Started process (PID=1064) to work on /home/airflow/.local/lib/python3.12/site-packages/airflow/example_dags/example_branch_python_dop_operator_3.py
[2024-08-27T17:12:59.511+0000] {processor.py:914} INFO - Processing file /home/airflow/.local/lib/python3.12/site-packages/airflow/example_dags/example_branch_python_dop_operator_3.py for tasks to queue
[2024-08-27T17:12:59.515+0000] {logging_mixin.py:190} INFO - [2024-08-27T17:12:59.514+0000] {dagbag.py:587} INFO - Filling up the DagBag from /home/airflow/.local/lib/python3.12/site-packages/airflow/example_dags/example_branch_python_dop_operator_3.py
[2024-08-27T17:12:59.526+0000] {processor.py:925} INFO - DAG(s) 'example_branch_dop_operator_v3' retrieved from /home/airflow/.local/lib/python3.12/site-packages/airflow/example_dags/example_branch_python_dop_operator_3.py
[2024-08-27T17:12:59.563+0000] {logging_mixin.py:190} INFO - [2024-08-27T17:12:59.562+0000] {dag.py:3211} INFO - Sync 1 DAGs
[2024-08-27T17:12:59.598+0000] {logging_mixin.py:190} INFO - [2024-08-27T17:12:59.598+0000] {dag.py:4138} INFO - Setting next_dagrun for example_branch_dop_operator_v3 to 2024-08-27 17:11:00+00:00, run_after=2024-08-27 17:12:00+00:00
[2024-08-27T17:12:59.624+0000] {processor.py:208} INFO - Processing /home/airflow/.local/lib/python3.12/site-packages/airflow/example_dags/example_branch_python_dop_operator_3.py took 0.122 seconds
[2024-08-27T17:13:30.005+0000] {processor.py:186} INFO - Started process (PID=1126) to work on /home/airflow/.local/lib/python3.12/site-packages/airflow/example_dags/example_branch_python_dop_operator_3.py
[2024-08-27T17:13:30.006+0000] {processor.py:914} INFO - Processing file /home/airflow/.local/lib/python3.12/site-packages/airflow/example_dags/example_branch_python_dop_operator_3.py for tasks to queue
[2024-08-27T17:13:30.010+0000] {logging_mixin.py:190} INFO - [2024-08-27T17:13:30.009+0000] {dagbag.py:587} INFO - Filling up the DagBag from /home/airflow/.local/lib/python3.12/site-packages/airflow/example_dags/example_branch_python_dop_operator_3.py
[2024-08-27T17:13:30.024+0000] {processor.py:925} INFO - DAG(s) 'example_branch_dop_operator_v3' retrieved from /home/airflow/.local/lib/python3.12/site-packages/airflow/example_dags/example_branch_python_dop_operator_3.py
[2024-08-27T17:13:30.052+0000] {logging_mixin.py:190} INFO - [2024-08-27T17:13:30.051+0000] {dag.py:3211} INFO - Sync 1 DAGs
[2024-08-27T17:13:30.096+0000] {logging_mixin.py:190} INFO - [2024-08-27T17:13:30.096+0000] {dag.py:4138} INFO - Setting next_dagrun for example_branch_dop_operator_v3 to 2024-08-27 17:12:00+00:00, run_after=2024-08-27 17:13:00+00:00
[2024-08-27T17:13:30.126+0000] {processor.py:208} INFO - Processing /home/airflow/.local/lib/python3.12/site-packages/airflow/example_dags/example_branch_python_dop_operator_3.py took 0.130 seconds
[2024-08-27T17:14:00.659+0000] {processor.py:186} INFO - Started process (PID=1188) to work on /home/airflow/.local/lib/python3.12/site-packages/airflow/example_dags/example_branch_python_dop_operator_3.py
[2024-08-27T17:14:00.661+0000] {processor.py:914} INFO - Processing file /home/airflow/.local/lib/python3.12/site-packages/airflow/example_dags/example_branch_python_dop_operator_3.py for tasks to queue
[2024-08-27T17:14:00.664+0000] {logging_mixin.py:190} INFO - [2024-08-27T17:14:00.664+0000] {dagbag.py:587} INFO - Filling up the DagBag from /home/airflow/.local/lib/python3.12/site-packages/airflow/example_dags/example_branch_python_dop_operator_3.py
[2024-08-27T17:14:00.679+0000] {processor.py:925} INFO - DAG(s) 'example_branch_dop_operator_v3' retrieved from /home/airflow/.local/lib/python3.12/site-packages/airflow/example_dags/example_branch_python_dop_operator_3.py
[2024-08-27T17:14:00.707+0000] {logging_mixin.py:190} INFO - [2024-08-27T17:14:00.707+0000] {dag.py:3211} INFO - Sync 1 DAGs
[2024-08-27T17:14:00.743+0000] {logging_mixin.py:190} INFO - [2024-08-27T17:14:00.743+0000] {dag.py:4138} INFO - Setting next_dagrun for example_branch_dop_operator_v3 to 2024-08-27 17:13:00+00:00, run_after=2024-08-27 17:14:00+00:00
[2024-08-27T17:14:00.774+0000] {processor.py:208} INFO - Processing /home/airflow/.local/lib/python3.12/site-packages/airflow/example_dags/example_branch_python_dop_operator_3.py took 0.122 seconds
[2024-08-27T17:14:31.079+0000] {processor.py:186} INFO - Started process (PID=1250) to work on /home/airflow/.local/lib/python3.12/site-packages/airflow/example_dags/example_branch_python_dop_operator_3.py
[2024-08-27T17:14:31.081+0000] {processor.py:914} INFO - Processing file /home/airflow/.local/lib/python3.12/site-packages/airflow/example_dags/example_branch_python_dop_operator_3.py for tasks to queue
[2024-08-27T17:14:31.085+0000] {logging_mixin.py:190} INFO - [2024-08-27T17:14:31.085+0000] {dagbag.py:587} INFO - Filling up the DagBag from /home/airflow/.local/lib/python3.12/site-packages/airflow/example_dags/example_branch_python_dop_operator_3.py
[2024-08-27T17:14:31.099+0000] {processor.py:925} INFO - DAG(s) 'example_branch_dop_operator_v3' retrieved from /home/airflow/.local/lib/python3.12/site-packages/airflow/example_dags/example_branch_python_dop_operator_3.py
[2024-08-27T17:14:31.126+0000] {logging_mixin.py:190} INFO - [2024-08-27T17:14:31.126+0000] {dag.py:3211} INFO - Sync 1 DAGs
[2024-08-27T17:14:31.169+0000] {logging_mixin.py:190} INFO - [2024-08-27T17:14:31.168+0000] {dag.py:4138} INFO - Setting next_dagrun for example_branch_dop_operator_v3 to 2024-08-27 17:13:00+00:00, run_after=2024-08-27 17:14:00+00:00
[2024-08-27T17:14:31.198+0000] {processor.py:208} INFO - Processing /home/airflow/.local/lib/python3.12/site-packages/airflow/example_dags/example_branch_python_dop_operator_3.py took 0.128 seconds
[2024-08-27T17:15:01.873+0000] {processor.py:186} INFO - Started process (PID=1312) to work on /home/airflow/.local/lib/python3.12/site-packages/airflow/example_dags/example_branch_python_dop_operator_3.py
[2024-08-27T17:15:01.876+0000] {processor.py:914} INFO - Processing file /home/airflow/.local/lib/python3.12/site-packages/airflow/example_dags/example_branch_python_dop_operator_3.py for tasks to queue
[2024-08-27T17:15:01.882+0000] {logging_mixin.py:190} INFO - [2024-08-27T17:15:01.881+0000] {dagbag.py:587} INFO - Filling up the DagBag from /home/airflow/.local/lib/python3.12/site-packages/airflow/example_dags/example_branch_python_dop_operator_3.py
[2024-08-27T17:15:01.904+0000] {processor.py:925} INFO - DAG(s) 'example_branch_dop_operator_v3' retrieved from /home/airflow/.local/lib/python3.12/site-packages/airflow/example_dags/example_branch_python_dop_operator_3.py
[2024-08-27T17:15:01.947+0000] {logging_mixin.py:190} INFO - [2024-08-27T17:15:01.946+0000] {dag.py:3211} INFO - Sync 1 DAGs
[2024-08-27T17:15:01.986+0000] {logging_mixin.py:190} INFO - [2024-08-27T17:15:01.985+0000] {dag.py:4138} INFO - Setting next_dagrun for example_branch_dop_operator_v3 to 2024-08-27 17:14:00+00:00, run_after=2024-08-27 17:15:00+00:00
[2024-08-27T17:15:02.018+0000] {processor.py:208} INFO - Processing /home/airflow/.local/lib/python3.12/site-packages/airflow/example_dags/example_branch_python_dop_operator_3.py took 0.154 seconds
[2024-08-27T17:15:32.699+0000] {processor.py:186} INFO - Started process (PID=1374) to work on /home/airflow/.local/lib/python3.12/site-packages/airflow/example_dags/example_branch_python_dop_operator_3.py
[2024-08-27T17:15:32.702+0000] {processor.py:914} INFO - Processing file /home/airflow/.local/lib/python3.12/site-packages/airflow/example_dags/example_branch_python_dop_operator_3.py for tasks to queue
[2024-08-27T17:15:32.705+0000] {logging_mixin.py:190} INFO - [2024-08-27T17:15:32.705+0000] {dagbag.py:587} INFO - Filling up the DagBag from /home/airflow/.local/lib/python3.12/site-packages/airflow/example_dags/example_branch_python_dop_operator_3.py
[2024-08-27T17:15:32.720+0000] {processor.py:925} INFO - DAG(s) 'example_branch_dop_operator_v3' retrieved from /home/airflow/.local/lib/python3.12/site-packages/airflow/example_dags/example_branch_python_dop_operator_3.py
[2024-08-27T17:15:32.775+0000] {logging_mixin.py:190} INFO - [2024-08-27T17:15:32.774+0000] {dag.py:3211} INFO - Sync 1 DAGs
[2024-08-27T17:15:32.830+0000] {logging_mixin.py:190} INFO - [2024-08-27T17:15:32.829+0000] {dag.py:4138} INFO - Setting next_dagrun for example_branch_dop_operator_v3 to 2024-08-27 17:14:00+00:00, run_after=2024-08-27 17:15:00+00:00
[2024-08-27T17:15:32.861+0000] {processor.py:208} INFO - Processing /home/airflow/.local/lib/python3.12/site-packages/airflow/example_dags/example_branch_python_dop_operator_3.py took 0.176 seconds
[2024-08-27T17:16:03.290+0000] {processor.py:186} INFO - Started process (PID=1442) to work on /home/airflow/.local/lib/python3.12/site-packages/airflow/example_dags/example_branch_python_dop_operator_3.py
[2024-08-27T17:16:03.292+0000] {processor.py:914} INFO - Processing file /home/airflow/.local/lib/python3.12/site-packages/airflow/example_dags/example_branch_python_dop_operator_3.py for tasks to queue
[2024-08-27T17:16:03.297+0000] {logging_mixin.py:190} INFO - [2024-08-27T17:16:03.297+0000] {dagbag.py:587} INFO - Filling up the DagBag from /home/airflow/.local/lib/python3.12/site-packages/airflow/example_dags/example_branch_python_dop_operator_3.py
[2024-08-27T17:16:03.313+0000] {processor.py:925} INFO - DAG(s) 'example_branch_dop_operator_v3' retrieved from /home/airflow/.local/lib/python3.12/site-packages/airflow/example_dags/example_branch_python_dop_operator_3.py
[2024-08-27T17:16:03.344+0000] {logging_mixin.py:190} INFO - [2024-08-27T17:16:03.344+0000] {dag.py:3211} INFO - Sync 1 DAGs
[2024-08-27T17:16:03.383+0000] {logging_mixin.py:190} INFO - [2024-08-27T17:16:03.383+0000] {dag.py:4138} INFO - Setting next_dagrun for example_branch_dop_operator_v3 to 2024-08-27 17:15:00+00:00, run_after=2024-08-27 17:16:00+00:00
[2024-08-27T17:16:03.419+0000] {processor.py:208} INFO - Processing /home/airflow/.local/lib/python3.12/site-packages/airflow/example_dags/example_branch_python_dop_operator_3.py took 0.142 seconds
[2024-08-27T17:16:34.166+0000] {processor.py:186} INFO - Started process (PID=1504) to work on /home/airflow/.local/lib/python3.12/site-packages/airflow/example_dags/example_branch_python_dop_operator_3.py
[2024-08-27T17:16:34.167+0000] {processor.py:914} INFO - Processing file /home/airflow/.local/lib/python3.12/site-packages/airflow/example_dags/example_branch_python_dop_operator_3.py for tasks to queue
[2024-08-27T17:16:34.171+0000] {logging_mixin.py:190} INFO - [2024-08-27T17:16:34.170+0000] {dagbag.py:587} INFO - Filling up the DagBag from /home/airflow/.local/lib/python3.12/site-packages/airflow/example_dags/example_branch_python_dop_operator_3.py
[2024-08-27T17:16:34.187+0000] {processor.py:925} INFO - DAG(s) 'example_branch_dop_operator_v3' retrieved from /home/airflow/.local/lib/python3.12/site-packages/airflow/example_dags/example_branch_python_dop_operator_3.py
[2024-08-27T17:16:34.216+0000] {logging_mixin.py:190} INFO - [2024-08-27T17:16:34.216+0000] {dag.py:3211} INFO - Sync 1 DAGs
[2024-08-27T17:16:34.250+0000] {logging_mixin.py:190} INFO - [2024-08-27T17:16:34.250+0000] {dag.py:4138} INFO - Setting next_dagrun for example_branch_dop_operator_v3 to 2024-08-27 17:15:00+00:00, run_after=2024-08-27 17:16:00+00:00
[2024-08-27T17:16:34.278+0000] {processor.py:208} INFO - Processing /home/airflow/.local/lib/python3.12/site-packages/airflow/example_dags/example_branch_python_dop_operator_3.py took 0.120 seconds
[2024-08-27T17:17:04.657+0000] {processor.py:186} INFO - Started process (PID=1566) to work on /home/airflow/.local/lib/python3.12/site-packages/airflow/example_dags/example_branch_python_dop_operator_3.py
[2024-08-27T17:17:04.659+0000] {processor.py:914} INFO - Processing file /home/airflow/.local/lib/python3.12/site-packages/airflow/example_dags/example_branch_python_dop_operator_3.py for tasks to queue
[2024-08-27T17:17:04.665+0000] {logging_mixin.py:190} INFO - [2024-08-27T17:17:04.664+0000] {dagbag.py:587} INFO - Filling up the DagBag from /home/airflow/.local/lib/python3.12/site-packages/airflow/example_dags/example_branch_python_dop_operator_3.py
[2024-08-27T17:17:04.682+0000] {processor.py:925} INFO - DAG(s) 'example_branch_dop_operator_v3' retrieved from /home/airflow/.local/lib/python3.12/site-packages/airflow/example_dags/example_branch_python_dop_operator_3.py
[2024-08-27T17:17:04.728+0000] {logging_mixin.py:190} INFO - [2024-08-27T17:17:04.728+0000] {dag.py:3211} INFO - Sync 1 DAGs
[2024-08-27T17:17:04.784+0000] {logging_mixin.py:190} INFO - [2024-08-27T17:17:04.784+0000] {dag.py:4138} INFO - Setting next_dagrun for example_branch_dop_operator_v3 to 2024-08-27 17:16:00+00:00, run_after=2024-08-27 17:17:00+00:00
[2024-08-27T17:17:04.814+0000] {processor.py:208} INFO - Processing /home/airflow/.local/lib/python3.12/site-packages/airflow/example_dags/example_branch_python_dop_operator_3.py took 0.173 seconds
