[2024-08-27T17:04:53.344+0000] {processor.py:186} INFO - Started process (PID=87) to work on /home/airflow/.local/lib/python3.12/site-packages/airflow/example_dags/example_setup_teardown.py
[2024-08-27T17:04:53.346+0000] {processor.py:914} INFO - Processing file /home/airflow/.local/lib/python3.12/site-packages/airflow/example_dags/example_setup_teardown.py for tasks to queue
[2024-08-27T17:04:53.350+0000] {logging_mixin.py:190} INFO - [2024-08-27T17:04:53.350+0000] {dagbag.py:587} INFO - Filling up the DagBag from /home/airflow/.local/lib/python3.12/site-packages/airflow/example_dags/example_setup_teardown.py
[2024-08-27T17:04:53.371+0000] {processor.py:925} INFO - DAG(s) 'example_setup_teardown' retrieved from /home/airflow/.local/lib/python3.12/site-packages/airflow/example_dags/example_setup_teardown.py
[2024-08-27T17:04:53.688+0000] {logging_mixin.py:190} INFO - [2024-08-27T17:04:53.687+0000] {override.py:1858} INFO - Created Permission View: can edit on DAG:example_setup_teardown
[2024-08-27T17:04:53.720+0000] {logging_mixin.py:190} INFO - [2024-08-27T17:04:53.719+0000] {override.py:1858} INFO - Created Permission View: can read on DAG:example_setup_teardown
[2024-08-27T17:04:53.738+0000] {logging_mixin.py:190} INFO - [2024-08-27T17:04:53.738+0000] {override.py:1858} INFO - Created Permission View: can delete on DAG:example_setup_teardown
[2024-08-27T17:04:53.740+0000] {logging_mixin.py:190} INFO - [2024-08-27T17:04:53.739+0000] {dag.py:3211} INFO - Sync 1 DAGs
[2024-08-27T17:04:53.779+0000] {logging_mixin.py:190} INFO - [2024-08-27T17:04:53.778+0000] {dag.py:3234} INFO - Creating ORM DAG for example_setup_teardown
[2024-08-27T17:04:53.799+0000] {logging_mixin.py:190} INFO - [2024-08-27T17:04:53.799+0000] {dag.py:4138} INFO - Setting next_dagrun for example_setup_teardown to 2024-08-26 00:00:00+00:00, run_after=2024-08-27 00:00:00+00:00
[2024-08-27T17:04:53.828+0000] {processor.py:208} INFO - Processing /home/airflow/.local/lib/python3.12/site-packages/airflow/example_dags/example_setup_teardown.py took 0.495 seconds
[2024-08-27T17:05:23.912+0000] {processor.py:186} INFO - Started process (PID=149) to work on /home/airflow/.local/lib/python3.12/site-packages/airflow/example_dags/example_setup_teardown.py
[2024-08-27T17:05:23.924+0000] {processor.py:914} INFO - Processing file /home/airflow/.local/lib/python3.12/site-packages/airflow/example_dags/example_setup_teardown.py for tasks to queue
[2024-08-27T17:05:23.929+0000] {logging_mixin.py:190} INFO - [2024-08-27T17:05:23.928+0000] {dagbag.py:587} INFO - Filling up the DagBag from /home/airflow/.local/lib/python3.12/site-packages/airflow/example_dags/example_setup_teardown.py
[2024-08-27T17:05:23.958+0000] {processor.py:925} INFO - DAG(s) 'example_setup_teardown' retrieved from /home/airflow/.local/lib/python3.12/site-packages/airflow/example_dags/example_setup_teardown.py
[2024-08-27T17:05:24.004+0000] {logging_mixin.py:190} INFO - [2024-08-27T17:05:24.003+0000] {dag.py:3211} INFO - Sync 1 DAGs
[2024-08-27T17:05:24.048+0000] {logging_mixin.py:190} INFO - [2024-08-27T17:05:24.048+0000] {dag.py:4138} INFO - Setting next_dagrun for example_setup_teardown to 2024-08-26 00:00:00+00:00, run_after=2024-08-27 00:00:00+00:00
[2024-08-27T17:05:24.082+0000] {processor.py:208} INFO - Processing /home/airflow/.local/lib/python3.12/site-packages/airflow/example_dags/example_setup_teardown.py took 0.190 seconds
[2024-08-27T17:05:54.601+0000] {processor.py:186} INFO - Started process (PID=211) to work on /home/airflow/.local/lib/python3.12/site-packages/airflow/example_dags/example_setup_teardown.py
[2024-08-27T17:05:54.603+0000] {processor.py:914} INFO - Processing file /home/airflow/.local/lib/python3.12/site-packages/airflow/example_dags/example_setup_teardown.py for tasks to queue
[2024-08-27T17:05:54.607+0000] {logging_mixin.py:190} INFO - [2024-08-27T17:05:54.606+0000] {dagbag.py:587} INFO - Filling up the DagBag from /home/airflow/.local/lib/python3.12/site-packages/airflow/example_dags/example_setup_teardown.py
[2024-08-27T17:05:54.620+0000] {processor.py:925} INFO - DAG(s) 'example_setup_teardown' retrieved from /home/airflow/.local/lib/python3.12/site-packages/airflow/example_dags/example_setup_teardown.py
[2024-08-27T17:05:54.651+0000] {logging_mixin.py:190} INFO - [2024-08-27T17:05:54.651+0000] {dag.py:3211} INFO - Sync 1 DAGs
[2024-08-27T17:05:54.693+0000] {logging_mixin.py:190} INFO - [2024-08-27T17:05:54.693+0000] {dag.py:4138} INFO - Setting next_dagrun for example_setup_teardown to 2024-08-26 00:00:00+00:00, run_after=2024-08-27 00:00:00+00:00
[2024-08-27T17:05:54.731+0000] {processor.py:208} INFO - Processing /home/airflow/.local/lib/python3.12/site-packages/airflow/example_dags/example_setup_teardown.py took 0.139 seconds
[2024-08-27T17:06:25.480+0000] {processor.py:186} INFO - Started process (PID=273) to work on /home/airflow/.local/lib/python3.12/site-packages/airflow/example_dags/example_setup_teardown.py
[2024-08-27T17:06:25.483+0000] {processor.py:914} INFO - Processing file /home/airflow/.local/lib/python3.12/site-packages/airflow/example_dags/example_setup_teardown.py for tasks to queue
[2024-08-27T17:06:25.488+0000] {logging_mixin.py:190} INFO - [2024-08-27T17:06:25.487+0000] {dagbag.py:587} INFO - Filling up the DagBag from /home/airflow/.local/lib/python3.12/site-packages/airflow/example_dags/example_setup_teardown.py
[2024-08-27T17:06:25.501+0000] {processor.py:925} INFO - DAG(s) 'example_setup_teardown' retrieved from /home/airflow/.local/lib/python3.12/site-packages/airflow/example_dags/example_setup_teardown.py
[2024-08-27T17:06:25.531+0000] {logging_mixin.py:190} INFO - [2024-08-27T17:06:25.531+0000] {dag.py:3211} INFO - Sync 1 DAGs
[2024-08-27T17:06:25.571+0000] {logging_mixin.py:190} INFO - [2024-08-27T17:06:25.570+0000] {dag.py:4138} INFO - Setting next_dagrun for example_setup_teardown to 2024-08-26 00:00:00+00:00, run_after=2024-08-27 00:00:00+00:00
[2024-08-27T17:06:25.601+0000] {processor.py:208} INFO - Processing /home/airflow/.local/lib/python3.12/site-packages/airflow/example_dags/example_setup_teardown.py took 0.132 seconds
[2024-08-27T17:06:55.862+0000] {processor.py:186} INFO - Started process (PID=335) to work on /home/airflow/.local/lib/python3.12/site-packages/airflow/example_dags/example_setup_teardown.py
[2024-08-27T17:06:55.864+0000] {processor.py:914} INFO - Processing file /home/airflow/.local/lib/python3.12/site-packages/airflow/example_dags/example_setup_teardown.py for tasks to queue
[2024-08-27T17:06:55.868+0000] {logging_mixin.py:190} INFO - [2024-08-27T17:06:55.868+0000] {dagbag.py:587} INFO - Filling up the DagBag from /home/airflow/.local/lib/python3.12/site-packages/airflow/example_dags/example_setup_teardown.py
[2024-08-27T17:06:55.911+0000] {processor.py:925} INFO - DAG(s) 'example_setup_teardown' retrieved from /home/airflow/.local/lib/python3.12/site-packages/airflow/example_dags/example_setup_teardown.py
[2024-08-27T17:06:56.061+0000] {logging_mixin.py:190} INFO - [2024-08-27T17:06:56.060+0000] {dag.py:3211} INFO - Sync 1 DAGs
[2024-08-27T17:06:56.121+0000] {logging_mixin.py:190} INFO - [2024-08-27T17:06:56.120+0000] {dag.py:4138} INFO - Setting next_dagrun for example_setup_teardown to 2024-08-26 00:00:00+00:00, run_after=2024-08-27 00:00:00+00:00
[2024-08-27T17:06:56.156+0000] {processor.py:208} INFO - Processing /home/airflow/.local/lib/python3.12/site-packages/airflow/example_dags/example_setup_teardown.py took 0.303 seconds
[2024-08-27T17:07:26.337+0000] {processor.py:186} INFO - Started process (PID=396) to work on /home/airflow/.local/lib/python3.12/site-packages/airflow/example_dags/example_setup_teardown.py
[2024-08-27T17:07:26.346+0000] {processor.py:914} INFO - Processing file /home/airflow/.local/lib/python3.12/site-packages/airflow/example_dags/example_setup_teardown.py for tasks to queue
[2024-08-27T17:07:26.354+0000] {logging_mixin.py:190} INFO - [2024-08-27T17:07:26.353+0000] {dagbag.py:587} INFO - Filling up the DagBag from /home/airflow/.local/lib/python3.12/site-packages/airflow/example_dags/example_setup_teardown.py
[2024-08-27T17:07:26.371+0000] {processor.py:925} INFO - DAG(s) 'example_setup_teardown' retrieved from /home/airflow/.local/lib/python3.12/site-packages/airflow/example_dags/example_setup_teardown.py
[2024-08-27T17:07:26.413+0000] {logging_mixin.py:190} INFO - [2024-08-27T17:07:26.413+0000] {dag.py:3211} INFO - Sync 1 DAGs
[2024-08-27T17:07:26.450+0000] {logging_mixin.py:190} INFO - [2024-08-27T17:07:26.450+0000] {dag.py:4138} INFO - Setting next_dagrun for example_setup_teardown to 2024-08-26 00:00:00+00:00, run_after=2024-08-27 00:00:00+00:00
[2024-08-27T17:07:26.484+0000] {processor.py:208} INFO - Processing /home/airflow/.local/lib/python3.12/site-packages/airflow/example_dags/example_setup_teardown.py took 0.164 seconds
[2024-08-27T17:07:56.688+0000] {processor.py:186} INFO - Started process (PID=458) to work on /home/airflow/.local/lib/python3.12/site-packages/airflow/example_dags/example_setup_teardown.py
[2024-08-27T17:07:56.689+0000] {processor.py:914} INFO - Processing file /home/airflow/.local/lib/python3.12/site-packages/airflow/example_dags/example_setup_teardown.py for tasks to queue
[2024-08-27T17:07:56.693+0000] {logging_mixin.py:190} INFO - [2024-08-27T17:07:56.693+0000] {dagbag.py:587} INFO - Filling up the DagBag from /home/airflow/.local/lib/python3.12/site-packages/airflow/example_dags/example_setup_teardown.py
[2024-08-27T17:07:56.705+0000] {processor.py:925} INFO - DAG(s) 'example_setup_teardown' retrieved from /home/airflow/.local/lib/python3.12/site-packages/airflow/example_dags/example_setup_teardown.py
[2024-08-27T17:07:56.734+0000] {logging_mixin.py:190} INFO - [2024-08-27T17:07:56.734+0000] {dag.py:3211} INFO - Sync 1 DAGs
[2024-08-27T17:07:56.766+0000] {logging_mixin.py:190} INFO - [2024-08-27T17:07:56.766+0000] {dag.py:4138} INFO - Setting next_dagrun for example_setup_teardown to 2024-08-26 00:00:00+00:00, run_after=2024-08-27 00:00:00+00:00
[2024-08-27T17:07:56.801+0000] {processor.py:208} INFO - Processing /home/airflow/.local/lib/python3.12/site-packages/airflow/example_dags/example_setup_teardown.py took 0.122 seconds
[2024-08-27T17:08:27.421+0000] {processor.py:186} INFO - Started process (PID=520) to work on /home/airflow/.local/lib/python3.12/site-packages/airflow/example_dags/example_setup_teardown.py
[2024-08-27T17:08:27.423+0000] {processor.py:914} INFO - Processing file /home/airflow/.local/lib/python3.12/site-packages/airflow/example_dags/example_setup_teardown.py for tasks to queue
[2024-08-27T17:08:27.431+0000] {logging_mixin.py:190} INFO - [2024-08-27T17:08:27.430+0000] {dagbag.py:587} INFO - Filling up the DagBag from /home/airflow/.local/lib/python3.12/site-packages/airflow/example_dags/example_setup_teardown.py
[2024-08-27T17:08:27.452+0000] {processor.py:925} INFO - DAG(s) 'example_setup_teardown' retrieved from /home/airflow/.local/lib/python3.12/site-packages/airflow/example_dags/example_setup_teardown.py
[2024-08-27T17:08:27.498+0000] {logging_mixin.py:190} INFO - [2024-08-27T17:08:27.498+0000] {dag.py:3211} INFO - Sync 1 DAGs
[2024-08-27T17:08:27.554+0000] {logging_mixin.py:190} INFO - [2024-08-27T17:08:27.554+0000] {dag.py:4138} INFO - Setting next_dagrun for example_setup_teardown to 2024-08-26 00:00:00+00:00, run_after=2024-08-27 00:00:00+00:00
[2024-08-27T17:08:27.591+0000] {processor.py:208} INFO - Processing /home/airflow/.local/lib/python3.12/site-packages/airflow/example_dags/example_setup_teardown.py took 0.182 seconds
[2024-08-27T17:08:58.051+0000] {processor.py:186} INFO - Started process (PID=582) to work on /home/airflow/.local/lib/python3.12/site-packages/airflow/example_dags/example_setup_teardown.py
[2024-08-27T17:08:58.052+0000] {processor.py:914} INFO - Processing file /home/airflow/.local/lib/python3.12/site-packages/airflow/example_dags/example_setup_teardown.py for tasks to queue
[2024-08-27T17:08:58.055+0000] {logging_mixin.py:190} INFO - [2024-08-27T17:08:58.055+0000] {dagbag.py:587} INFO - Filling up the DagBag from /home/airflow/.local/lib/python3.12/site-packages/airflow/example_dags/example_setup_teardown.py
[2024-08-27T17:08:58.068+0000] {processor.py:925} INFO - DAG(s) 'example_setup_teardown' retrieved from /home/airflow/.local/lib/python3.12/site-packages/airflow/example_dags/example_setup_teardown.py
[2024-08-27T17:08:58.100+0000] {logging_mixin.py:190} INFO - [2024-08-27T17:08:58.100+0000] {dag.py:3211} INFO - Sync 1 DAGs
[2024-08-27T17:08:58.135+0000] {logging_mixin.py:190} INFO - [2024-08-27T17:08:58.134+0000] {dag.py:4138} INFO - Setting next_dagrun for example_setup_teardown to 2024-08-26 00:00:00+00:00, run_after=2024-08-27 00:00:00+00:00
[2024-08-27T17:08:58.167+0000] {processor.py:208} INFO - Processing /home/airflow/.local/lib/python3.12/site-packages/airflow/example_dags/example_setup_teardown.py took 0.127 seconds
[2024-08-27T17:09:28.628+0000] {processor.py:186} INFO - Started process (PID=644) to work on /home/airflow/.local/lib/python3.12/site-packages/airflow/example_dags/example_setup_teardown.py
[2024-08-27T17:09:28.630+0000] {processor.py:914} INFO - Processing file /home/airflow/.local/lib/python3.12/site-packages/airflow/example_dags/example_setup_teardown.py for tasks to queue
[2024-08-27T17:09:28.633+0000] {logging_mixin.py:190} INFO - [2024-08-27T17:09:28.632+0000] {dagbag.py:587} INFO - Filling up the DagBag from /home/airflow/.local/lib/python3.12/site-packages/airflow/example_dags/example_setup_teardown.py
[2024-08-27T17:09:28.646+0000] {processor.py:925} INFO - DAG(s) 'example_setup_teardown' retrieved from /home/airflow/.local/lib/python3.12/site-packages/airflow/example_dags/example_setup_teardown.py
[2024-08-27T17:09:28.676+0000] {logging_mixin.py:190} INFO - [2024-08-27T17:09:28.675+0000] {dag.py:3211} INFO - Sync 1 DAGs
[2024-08-27T17:09:28.710+0000] {logging_mixin.py:190} INFO - [2024-08-27T17:09:28.709+0000] {dag.py:4138} INFO - Setting next_dagrun for example_setup_teardown to 2024-08-26 00:00:00+00:00, run_after=2024-08-27 00:00:00+00:00
[2024-08-27T17:09:28.737+0000] {processor.py:208} INFO - Processing /home/airflow/.local/lib/python3.12/site-packages/airflow/example_dags/example_setup_teardown.py took 0.119 seconds
[2024-08-27T17:09:59.139+0000] {processor.py:186} INFO - Started process (PID=706) to work on /home/airflow/.local/lib/python3.12/site-packages/airflow/example_dags/example_setup_teardown.py
[2024-08-27T17:09:59.141+0000] {processor.py:914} INFO - Processing file /home/airflow/.local/lib/python3.12/site-packages/airflow/example_dags/example_setup_teardown.py for tasks to queue
[2024-08-27T17:09:59.144+0000] {logging_mixin.py:190} INFO - [2024-08-27T17:09:59.144+0000] {dagbag.py:587} INFO - Filling up the DagBag from /home/airflow/.local/lib/python3.12/site-packages/airflow/example_dags/example_setup_teardown.py
[2024-08-27T17:09:59.158+0000] {processor.py:925} INFO - DAG(s) 'example_setup_teardown' retrieved from /home/airflow/.local/lib/python3.12/site-packages/airflow/example_dags/example_setup_teardown.py
[2024-08-27T17:09:59.193+0000] {logging_mixin.py:190} INFO - [2024-08-27T17:09:59.192+0000] {dag.py:3211} INFO - Sync 1 DAGs
[2024-08-27T17:09:59.231+0000] {logging_mixin.py:190} INFO - [2024-08-27T17:09:59.231+0000] {dag.py:4138} INFO - Setting next_dagrun for example_setup_teardown to 2024-08-26 00:00:00+00:00, run_after=2024-08-27 00:00:00+00:00
[2024-08-27T17:09:59.265+0000] {processor.py:208} INFO - Processing /home/airflow/.local/lib/python3.12/site-packages/airflow/example_dags/example_setup_teardown.py took 0.135 seconds
[2024-08-27T17:10:29.779+0000] {processor.py:186} INFO - Started process (PID=768) to work on /home/airflow/.local/lib/python3.12/site-packages/airflow/example_dags/example_setup_teardown.py
[2024-08-27T17:10:29.781+0000] {processor.py:914} INFO - Processing file /home/airflow/.local/lib/python3.12/site-packages/airflow/example_dags/example_setup_teardown.py for tasks to queue
[2024-08-27T17:10:29.787+0000] {logging_mixin.py:190} INFO - [2024-08-27T17:10:29.786+0000] {dagbag.py:587} INFO - Filling up the DagBag from /home/airflow/.local/lib/python3.12/site-packages/airflow/example_dags/example_setup_teardown.py
[2024-08-27T17:10:29.803+0000] {processor.py:925} INFO - DAG(s) 'example_setup_teardown' retrieved from /home/airflow/.local/lib/python3.12/site-packages/airflow/example_dags/example_setup_teardown.py
[2024-08-27T17:10:29.838+0000] {logging_mixin.py:190} INFO - [2024-08-27T17:10:29.838+0000] {dag.py:3211} INFO - Sync 1 DAGs
[2024-08-27T17:10:29.899+0000] {logging_mixin.py:190} INFO - [2024-08-27T17:10:29.899+0000] {dag.py:4138} INFO - Setting next_dagrun for example_setup_teardown to 2024-08-26 00:00:00+00:00, run_after=2024-08-27 00:00:00+00:00
[2024-08-27T17:10:29.941+0000] {processor.py:208} INFO - Processing /home/airflow/.local/lib/python3.12/site-packages/airflow/example_dags/example_setup_teardown.py took 0.173 seconds
[2024-08-27T17:11:00.283+0000] {processor.py:186} INFO - Started process (PID=830) to work on /home/airflow/.local/lib/python3.12/site-packages/airflow/example_dags/example_setup_teardown.py
[2024-08-27T17:11:00.285+0000] {processor.py:914} INFO - Processing file /home/airflow/.local/lib/python3.12/site-packages/airflow/example_dags/example_setup_teardown.py for tasks to queue
[2024-08-27T17:11:00.289+0000] {logging_mixin.py:190} INFO - [2024-08-27T17:11:00.288+0000] {dagbag.py:587} INFO - Filling up the DagBag from /home/airflow/.local/lib/python3.12/site-packages/airflow/example_dags/example_setup_teardown.py
[2024-08-27T17:11:00.302+0000] {processor.py:925} INFO - DAG(s) 'example_setup_teardown' retrieved from /home/airflow/.local/lib/python3.12/site-packages/airflow/example_dags/example_setup_teardown.py
[2024-08-27T17:11:00.336+0000] {logging_mixin.py:190} INFO - [2024-08-27T17:11:00.336+0000] {dag.py:3211} INFO - Sync 1 DAGs
[2024-08-27T17:11:00.377+0000] {logging_mixin.py:190} INFO - [2024-08-27T17:11:00.377+0000] {dag.py:4138} INFO - Setting next_dagrun for example_setup_teardown to 2024-08-26 00:00:00+00:00, run_after=2024-08-27 00:00:00+00:00
[2024-08-27T17:11:00.408+0000] {processor.py:208} INFO - Processing /home/airflow/.local/lib/python3.12/site-packages/airflow/example_dags/example_setup_teardown.py took 0.136 seconds
[2024-08-27T17:11:30.566+0000] {processor.py:186} INFO - Started process (PID=892) to work on /home/airflow/.local/lib/python3.12/site-packages/airflow/example_dags/example_setup_teardown.py
[2024-08-27T17:11:30.567+0000] {processor.py:914} INFO - Processing file /home/airflow/.local/lib/python3.12/site-packages/airflow/example_dags/example_setup_teardown.py for tasks to queue
[2024-08-27T17:11:30.572+0000] {logging_mixin.py:190} INFO - [2024-08-27T17:11:30.571+0000] {dagbag.py:587} INFO - Filling up the DagBag from /home/airflow/.local/lib/python3.12/site-packages/airflow/example_dags/example_setup_teardown.py
[2024-08-27T17:11:30.589+0000] {processor.py:925} INFO - DAG(s) 'example_setup_teardown' retrieved from /home/airflow/.local/lib/python3.12/site-packages/airflow/example_dags/example_setup_teardown.py
[2024-08-27T17:11:30.625+0000] {logging_mixin.py:190} INFO - [2024-08-27T17:11:30.624+0000] {dag.py:3211} INFO - Sync 1 DAGs
[2024-08-27T17:11:30.672+0000] {logging_mixin.py:190} INFO - [2024-08-27T17:11:30.672+0000] {dag.py:4138} INFO - Setting next_dagrun for example_setup_teardown to 2024-08-26 00:00:00+00:00, run_after=2024-08-27 00:00:00+00:00
[2024-08-27T17:11:30.713+0000] {processor.py:208} INFO - Processing /home/airflow/.local/lib/python3.12/site-packages/airflow/example_dags/example_setup_teardown.py took 0.158 seconds
[2024-08-27T17:12:01.062+0000] {processor.py:186} INFO - Started process (PID=953) to work on /home/airflow/.local/lib/python3.12/site-packages/airflow/example_dags/example_setup_teardown.py
[2024-08-27T17:12:01.064+0000] {processor.py:914} INFO - Processing file /home/airflow/.local/lib/python3.12/site-packages/airflow/example_dags/example_setup_teardown.py for tasks to queue
[2024-08-27T17:12:01.069+0000] {logging_mixin.py:190} INFO - [2024-08-27T17:12:01.068+0000] {dagbag.py:587} INFO - Filling up the DagBag from /home/airflow/.local/lib/python3.12/site-packages/airflow/example_dags/example_setup_teardown.py
[2024-08-27T17:12:01.083+0000] {processor.py:925} INFO - DAG(s) 'example_setup_teardown' retrieved from /home/airflow/.local/lib/python3.12/site-packages/airflow/example_dags/example_setup_teardown.py
[2024-08-27T17:12:01.116+0000] {logging_mixin.py:190} INFO - [2024-08-27T17:12:01.116+0000] {dag.py:3211} INFO - Sync 1 DAGs
[2024-08-27T17:12:01.152+0000] {logging_mixin.py:190} INFO - [2024-08-27T17:12:01.151+0000] {dag.py:4138} INFO - Setting next_dagrun for example_setup_teardown to 2024-08-26 00:00:00+00:00, run_after=2024-08-27 00:00:00+00:00
[2024-08-27T17:12:01.179+0000] {processor.py:208} INFO - Processing /home/airflow/.local/lib/python3.12/site-packages/airflow/example_dags/example_setup_teardown.py took 0.130 seconds
[2024-08-27T17:12:31.788+0000] {processor.py:186} INFO - Started process (PID=1015) to work on /home/airflow/.local/lib/python3.12/site-packages/airflow/example_dags/example_setup_teardown.py
[2024-08-27T17:12:31.790+0000] {processor.py:914} INFO - Processing file /home/airflow/.local/lib/python3.12/site-packages/airflow/example_dags/example_setup_teardown.py for tasks to queue
[2024-08-27T17:12:31.794+0000] {logging_mixin.py:190} INFO - [2024-08-27T17:12:31.793+0000] {dagbag.py:587} INFO - Filling up the DagBag from /home/airflow/.local/lib/python3.12/site-packages/airflow/example_dags/example_setup_teardown.py
[2024-08-27T17:12:31.810+0000] {processor.py:925} INFO - DAG(s) 'example_setup_teardown' retrieved from /home/airflow/.local/lib/python3.12/site-packages/airflow/example_dags/example_setup_teardown.py
[2024-08-27T17:12:31.838+0000] {logging_mixin.py:190} INFO - [2024-08-27T17:12:31.838+0000] {dag.py:3211} INFO - Sync 1 DAGs
[2024-08-27T17:12:31.871+0000] {logging_mixin.py:190} INFO - [2024-08-27T17:12:31.871+0000] {dag.py:4138} INFO - Setting next_dagrun for example_setup_teardown to 2024-08-26 00:00:00+00:00, run_after=2024-08-27 00:00:00+00:00
[2024-08-27T17:12:31.901+0000] {processor.py:208} INFO - Processing /home/airflow/.local/lib/python3.12/site-packages/airflow/example_dags/example_setup_teardown.py took 0.124 seconds
[2024-08-27T17:13:03.102+0000] {processor.py:186} INFO - Started process (PID=1084) to work on /home/airflow/.local/lib/python3.12/site-packages/airflow/example_dags/example_setup_teardown.py
[2024-08-27T17:13:03.104+0000] {processor.py:914} INFO - Processing file /home/airflow/.local/lib/python3.12/site-packages/airflow/example_dags/example_setup_teardown.py for tasks to queue
[2024-08-27T17:13:03.107+0000] {logging_mixin.py:190} INFO - [2024-08-27T17:13:03.107+0000] {dagbag.py:587} INFO - Filling up the DagBag from /home/airflow/.local/lib/python3.12/site-packages/airflow/example_dags/example_setup_teardown.py
[2024-08-27T17:13:03.126+0000] {processor.py:925} INFO - DAG(s) 'example_setup_teardown' retrieved from /home/airflow/.local/lib/python3.12/site-packages/airflow/example_dags/example_setup_teardown.py
[2024-08-27T17:13:03.155+0000] {logging_mixin.py:190} INFO - [2024-08-27T17:13:03.155+0000] {dag.py:3211} INFO - Sync 1 DAGs
[2024-08-27T17:13:03.210+0000] {logging_mixin.py:190} INFO - [2024-08-27T17:13:03.209+0000] {dag.py:4138} INFO - Setting next_dagrun for example_setup_teardown to 2024-08-26 00:00:00+00:00, run_after=2024-08-27 00:00:00+00:00
[2024-08-27T17:13:03.249+0000] {processor.py:208} INFO - Processing /home/airflow/.local/lib/python3.12/site-packages/airflow/example_dags/example_setup_teardown.py took 0.157 seconds
[2024-08-27T17:13:33.629+0000] {processor.py:186} INFO - Started process (PID=1146) to work on /home/airflow/.local/lib/python3.12/site-packages/airflow/example_dags/example_setup_teardown.py
[2024-08-27T17:13:33.631+0000] {processor.py:914} INFO - Processing file /home/airflow/.local/lib/python3.12/site-packages/airflow/example_dags/example_setup_teardown.py for tasks to queue
[2024-08-27T17:13:33.635+0000] {logging_mixin.py:190} INFO - [2024-08-27T17:13:33.635+0000] {dagbag.py:587} INFO - Filling up the DagBag from /home/airflow/.local/lib/python3.12/site-packages/airflow/example_dags/example_setup_teardown.py
[2024-08-27T17:13:33.649+0000] {processor.py:925} INFO - DAG(s) 'example_setup_teardown' retrieved from /home/airflow/.local/lib/python3.12/site-packages/airflow/example_dags/example_setup_teardown.py
[2024-08-27T17:13:33.704+0000] {logging_mixin.py:190} INFO - [2024-08-27T17:13:33.703+0000] {dag.py:3211} INFO - Sync 1 DAGs
[2024-08-27T17:13:33.759+0000] {logging_mixin.py:190} INFO - [2024-08-27T17:13:33.759+0000] {dag.py:4138} INFO - Setting next_dagrun for example_setup_teardown to 2024-08-26 00:00:00+00:00, run_after=2024-08-27 00:00:00+00:00
[2024-08-27T17:13:33.785+0000] {processor.py:208} INFO - Processing /home/airflow/.local/lib/python3.12/site-packages/airflow/example_dags/example_setup_teardown.py took 0.164 seconds
[2024-08-27T17:14:04.347+0000] {processor.py:186} INFO - Started process (PID=1208) to work on /home/airflow/.local/lib/python3.12/site-packages/airflow/example_dags/example_setup_teardown.py
[2024-08-27T17:14:04.349+0000] {processor.py:914} INFO - Processing file /home/airflow/.local/lib/python3.12/site-packages/airflow/example_dags/example_setup_teardown.py for tasks to queue
[2024-08-27T17:14:04.352+0000] {logging_mixin.py:190} INFO - [2024-08-27T17:14:04.352+0000] {dagbag.py:587} INFO - Filling up the DagBag from /home/airflow/.local/lib/python3.12/site-packages/airflow/example_dags/example_setup_teardown.py
[2024-08-27T17:14:04.365+0000] {processor.py:925} INFO - DAG(s) 'example_setup_teardown' retrieved from /home/airflow/.local/lib/python3.12/site-packages/airflow/example_dags/example_setup_teardown.py
[2024-08-27T17:14:04.396+0000] {logging_mixin.py:190} INFO - [2024-08-27T17:14:04.395+0000] {dag.py:3211} INFO - Sync 1 DAGs
[2024-08-27T17:14:04.436+0000] {logging_mixin.py:190} INFO - [2024-08-27T17:14:04.436+0000] {dag.py:4138} INFO - Setting next_dagrun for example_setup_teardown to 2024-08-26 00:00:00+00:00, run_after=2024-08-27 00:00:00+00:00
[2024-08-27T17:14:04.470+0000] {processor.py:208} INFO - Processing /home/airflow/.local/lib/python3.12/site-packages/airflow/example_dags/example_setup_teardown.py took 0.133 seconds
[2024-08-27T17:14:35.057+0000] {processor.py:186} INFO - Started process (PID=1270) to work on /home/airflow/.local/lib/python3.12/site-packages/airflow/example_dags/example_setup_teardown.py
[2024-08-27T17:14:35.059+0000] {processor.py:914} INFO - Processing file /home/airflow/.local/lib/python3.12/site-packages/airflow/example_dags/example_setup_teardown.py for tasks to queue
[2024-08-27T17:14:35.062+0000] {logging_mixin.py:190} INFO - [2024-08-27T17:14:35.062+0000] {dagbag.py:587} INFO - Filling up the DagBag from /home/airflow/.local/lib/python3.12/site-packages/airflow/example_dags/example_setup_teardown.py
[2024-08-27T17:14:35.076+0000] {processor.py:925} INFO - DAG(s) 'example_setup_teardown' retrieved from /home/airflow/.local/lib/python3.12/site-packages/airflow/example_dags/example_setup_teardown.py
[2024-08-27T17:14:35.113+0000] {logging_mixin.py:190} INFO - [2024-08-27T17:14:35.112+0000] {dag.py:3211} INFO - Sync 1 DAGs
[2024-08-27T17:14:35.171+0000] {logging_mixin.py:190} INFO - [2024-08-27T17:14:35.170+0000] {dag.py:4138} INFO - Setting next_dagrun for example_setup_teardown to 2024-08-26 00:00:00+00:00, run_after=2024-08-27 00:00:00+00:00
[2024-08-27T17:14:35.206+0000] {processor.py:208} INFO - Processing /home/airflow/.local/lib/python3.12/site-packages/airflow/example_dags/example_setup_teardown.py took 0.161 seconds
[2024-08-27T17:15:05.421+0000] {processor.py:186} INFO - Started process (PID=1332) to work on /home/airflow/.local/lib/python3.12/site-packages/airflow/example_dags/example_setup_teardown.py
[2024-08-27T17:15:05.422+0000] {processor.py:914} INFO - Processing file /home/airflow/.local/lib/python3.12/site-packages/airflow/example_dags/example_setup_teardown.py for tasks to queue
[2024-08-27T17:15:05.426+0000] {logging_mixin.py:190} INFO - [2024-08-27T17:15:05.425+0000] {dagbag.py:587} INFO - Filling up the DagBag from /home/airflow/.local/lib/python3.12/site-packages/airflow/example_dags/example_setup_teardown.py
[2024-08-27T17:15:05.440+0000] {processor.py:925} INFO - DAG(s) 'example_setup_teardown' retrieved from /home/airflow/.local/lib/python3.12/site-packages/airflow/example_dags/example_setup_teardown.py
[2024-08-27T17:15:05.475+0000] {logging_mixin.py:190} INFO - [2024-08-27T17:15:05.475+0000] {dag.py:3211} INFO - Sync 1 DAGs
[2024-08-27T17:15:05.515+0000] {logging_mixin.py:190} INFO - [2024-08-27T17:15:05.515+0000] {dag.py:4138} INFO - Setting next_dagrun for example_setup_teardown to 2024-08-26 00:00:00+00:00, run_after=2024-08-27 00:00:00+00:00
[2024-08-27T17:15:05.546+0000] {processor.py:208} INFO - Processing /home/airflow/.local/lib/python3.12/site-packages/airflow/example_dags/example_setup_teardown.py took 0.137 seconds
[2024-08-27T17:15:36.157+0000] {processor.py:186} INFO - Started process (PID=1394) to work on /home/airflow/.local/lib/python3.12/site-packages/airflow/example_dags/example_setup_teardown.py
[2024-08-27T17:15:36.158+0000] {processor.py:914} INFO - Processing file /home/airflow/.local/lib/python3.12/site-packages/airflow/example_dags/example_setup_teardown.py for tasks to queue
[2024-08-27T17:15:36.162+0000] {logging_mixin.py:190} INFO - [2024-08-27T17:15:36.162+0000] {dagbag.py:587} INFO - Filling up the DagBag from /home/airflow/.local/lib/python3.12/site-packages/airflow/example_dags/example_setup_teardown.py
[2024-08-27T17:15:36.177+0000] {processor.py:925} INFO - DAG(s) 'example_setup_teardown' retrieved from /home/airflow/.local/lib/python3.12/site-packages/airflow/example_dags/example_setup_teardown.py
[2024-08-27T17:15:36.214+0000] {logging_mixin.py:190} INFO - [2024-08-27T17:15:36.213+0000] {dag.py:3211} INFO - Sync 1 DAGs
[2024-08-27T17:15:36.255+0000] {logging_mixin.py:190} INFO - [2024-08-27T17:15:36.255+0000] {dag.py:4138} INFO - Setting next_dagrun for example_setup_teardown to 2024-08-26 00:00:00+00:00, run_after=2024-08-27 00:00:00+00:00
[2024-08-27T17:15:36.291+0000] {processor.py:208} INFO - Processing /home/airflow/.local/lib/python3.12/site-packages/airflow/example_dags/example_setup_teardown.py took 0.145 seconds
[2024-08-27T17:16:07.116+0000] {processor.py:186} INFO - Started process (PID=1456) to work on /home/airflow/.local/lib/python3.12/site-packages/airflow/example_dags/example_setup_teardown.py
[2024-08-27T17:16:07.118+0000] {processor.py:914} INFO - Processing file /home/airflow/.local/lib/python3.12/site-packages/airflow/example_dags/example_setup_teardown.py for tasks to queue
[2024-08-27T17:16:07.122+0000] {logging_mixin.py:190} INFO - [2024-08-27T17:16:07.122+0000] {dagbag.py:587} INFO - Filling up the DagBag from /home/airflow/.local/lib/python3.12/site-packages/airflow/example_dags/example_setup_teardown.py
[2024-08-27T17:16:07.135+0000] {processor.py:925} INFO - DAG(s) 'example_setup_teardown' retrieved from /home/airflow/.local/lib/python3.12/site-packages/airflow/example_dags/example_setup_teardown.py
[2024-08-27T17:16:07.169+0000] {logging_mixin.py:190} INFO - [2024-08-27T17:16:07.169+0000] {dag.py:3211} INFO - Sync 1 DAGs
[2024-08-27T17:16:07.205+0000] {logging_mixin.py:190} INFO - [2024-08-27T17:16:07.205+0000] {dag.py:4138} INFO - Setting next_dagrun for example_setup_teardown to 2024-08-26 00:00:00+00:00, run_after=2024-08-27 00:00:00+00:00
[2024-08-27T17:16:07.243+0000] {processor.py:208} INFO - Processing /home/airflow/.local/lib/python3.12/site-packages/airflow/example_dags/example_setup_teardown.py took 0.136 seconds
[2024-08-27T17:16:37.798+0000] {processor.py:186} INFO - Started process (PID=1518) to work on /home/airflow/.local/lib/python3.12/site-packages/airflow/example_dags/example_setup_teardown.py
[2024-08-27T17:16:37.799+0000] {processor.py:914} INFO - Processing file /home/airflow/.local/lib/python3.12/site-packages/airflow/example_dags/example_setup_teardown.py for tasks to queue
[2024-08-27T17:16:37.802+0000] {logging_mixin.py:190} INFO - [2024-08-27T17:16:37.802+0000] {dagbag.py:587} INFO - Filling up the DagBag from /home/airflow/.local/lib/python3.12/site-packages/airflow/example_dags/example_setup_teardown.py
[2024-08-27T17:16:37.817+0000] {processor.py:925} INFO - DAG(s) 'example_setup_teardown' retrieved from /home/airflow/.local/lib/python3.12/site-packages/airflow/example_dags/example_setup_teardown.py
[2024-08-27T17:16:37.855+0000] {logging_mixin.py:190} INFO - [2024-08-27T17:16:37.854+0000] {dag.py:3211} INFO - Sync 1 DAGs
[2024-08-27T17:16:37.895+0000] {logging_mixin.py:190} INFO - [2024-08-27T17:16:37.895+0000] {dag.py:4138} INFO - Setting next_dagrun for example_setup_teardown to 2024-08-26 00:00:00+00:00, run_after=2024-08-27 00:00:00+00:00
[2024-08-27T17:16:37.927+0000] {processor.py:208} INFO - Processing /home/airflow/.local/lib/python3.12/site-packages/airflow/example_dags/example_setup_teardown.py took 0.138 seconds
