[2024-08-27T17:04:41.140+0000] {processor.py:186} INFO - Started process (PID=44) to work on /home/airflow/.local/lib/python3.12/site-packages/airflow/example_dags/example_task_group.py
[2024-08-27T17:04:41.141+0000] {processor.py:914} INFO - Processing file /home/airflow/.local/lib/python3.12/site-packages/airflow/example_dags/example_task_group.py for tasks to queue
[2024-08-27T17:04:41.145+0000] {logging_mixin.py:190} INFO - [2024-08-27T17:04:41.144+0000] {dagbag.py:587} INFO - Filling up the DagBag from /home/airflow/.local/lib/python3.12/site-packages/airflow/example_dags/example_task_group.py
[2024-08-27T17:04:41.160+0000] {processor.py:925} INFO - DAG(s) 'example_task_group' retrieved from /home/airflow/.local/lib/python3.12/site-packages/airflow/example_dags/example_task_group.py
[2024-08-27T17:04:41.353+0000] {logging_mixin.py:190} INFO - [2024-08-27T17:04:41.352+0000] {override.py:1858} INFO - Created Permission View: can edit on DAG:example_task_group
[2024-08-27T17:04:41.373+0000] {logging_mixin.py:190} INFO - [2024-08-27T17:04:41.372+0000] {override.py:1858} INFO - Created Permission View: can read on DAG:example_task_group
[2024-08-27T17:04:41.389+0000] {logging_mixin.py:190} INFO - [2024-08-27T17:04:41.389+0000] {override.py:1858} INFO - Created Permission View: can delete on DAG:example_task_group
[2024-08-27T17:04:41.391+0000] {logging_mixin.py:190} INFO - [2024-08-27T17:04:41.391+0000] {dag.py:3211} INFO - Sync 1 DAGs
[2024-08-27T17:04:41.415+0000] {logging_mixin.py:190} INFO - [2024-08-27T17:04:41.415+0000] {dag.py:3234} INFO - Creating ORM DAG for example_task_group
[2024-08-27T17:04:41.433+0000] {logging_mixin.py:190} INFO - [2024-08-27T17:04:41.433+0000] {dag.py:4138} INFO - Setting next_dagrun for example_task_group to 2024-08-26 00:00:00+00:00, run_after=2024-08-27 00:00:00+00:00
[2024-08-27T17:04:41.467+0000] {processor.py:208} INFO - Processing /home/airflow/.local/lib/python3.12/site-packages/airflow/example_dags/example_task_group.py took 0.338 seconds
[2024-08-27T17:05:12.251+0000] {processor.py:186} INFO - Started process (PID=106) to work on /home/airflow/.local/lib/python3.12/site-packages/airflow/example_dags/example_task_group.py
[2024-08-27T17:05:12.253+0000] {processor.py:914} INFO - Processing file /home/airflow/.local/lib/python3.12/site-packages/airflow/example_dags/example_task_group.py for tasks to queue
[2024-08-27T17:05:12.257+0000] {logging_mixin.py:190} INFO - [2024-08-27T17:05:12.256+0000] {dagbag.py:587} INFO - Filling up the DagBag from /home/airflow/.local/lib/python3.12/site-packages/airflow/example_dags/example_task_group.py
[2024-08-27T17:05:12.276+0000] {processor.py:925} INFO - DAG(s) 'example_task_group' retrieved from /home/airflow/.local/lib/python3.12/site-packages/airflow/example_dags/example_task_group.py
[2024-08-27T17:05:12.309+0000] {logging_mixin.py:190} INFO - [2024-08-27T17:05:12.309+0000] {dag.py:3211} INFO - Sync 1 DAGs
[2024-08-27T17:05:12.348+0000] {logging_mixin.py:190} INFO - [2024-08-27T17:05:12.347+0000] {dag.py:4138} INFO - Setting next_dagrun for example_task_group to 2024-08-26 00:00:00+00:00, run_after=2024-08-27 00:00:00+00:00
[2024-08-27T17:05:12.391+0000] {processor.py:208} INFO - Processing /home/airflow/.local/lib/python3.12/site-packages/airflow/example_dags/example_task_group.py took 0.150 seconds
[2024-08-27T17:05:43.446+0000] {processor.py:186} INFO - Started process (PID=168) to work on /home/airflow/.local/lib/python3.12/site-packages/airflow/example_dags/example_task_group.py
[2024-08-27T17:05:43.448+0000] {processor.py:914} INFO - Processing file /home/airflow/.local/lib/python3.12/site-packages/airflow/example_dags/example_task_group.py for tasks to queue
[2024-08-27T17:05:43.453+0000] {logging_mixin.py:190} INFO - [2024-08-27T17:05:43.452+0000] {dagbag.py:587} INFO - Filling up the DagBag from /home/airflow/.local/lib/python3.12/site-packages/airflow/example_dags/example_task_group.py
[2024-08-27T17:05:43.472+0000] {processor.py:925} INFO - DAG(s) 'example_task_group' retrieved from /home/airflow/.local/lib/python3.12/site-packages/airflow/example_dags/example_task_group.py
[2024-08-27T17:05:43.507+0000] {logging_mixin.py:190} INFO - [2024-08-27T17:05:43.507+0000] {dag.py:3211} INFO - Sync 1 DAGs
[2024-08-27T17:05:43.551+0000] {logging_mixin.py:190} INFO - [2024-08-27T17:05:43.550+0000] {dag.py:4138} INFO - Setting next_dagrun for example_task_group to 2024-08-26 00:00:00+00:00, run_after=2024-08-27 00:00:00+00:00
[2024-08-27T17:05:43.588+0000] {processor.py:208} INFO - Processing /home/airflow/.local/lib/python3.12/site-packages/airflow/example_dags/example_task_group.py took 0.151 seconds
[2024-08-27T17:06:13.806+0000] {processor.py:186} INFO - Started process (PID=230) to work on /home/airflow/.local/lib/python3.12/site-packages/airflow/example_dags/example_task_group.py
[2024-08-27T17:06:13.807+0000] {processor.py:914} INFO - Processing file /home/airflow/.local/lib/python3.12/site-packages/airflow/example_dags/example_task_group.py for tasks to queue
[2024-08-27T17:06:13.811+0000] {logging_mixin.py:190} INFO - [2024-08-27T17:06:13.810+0000] {dagbag.py:587} INFO - Filling up the DagBag from /home/airflow/.local/lib/python3.12/site-packages/airflow/example_dags/example_task_group.py
[2024-08-27T17:06:13.824+0000] {processor.py:925} INFO - DAG(s) 'example_task_group' retrieved from /home/airflow/.local/lib/python3.12/site-packages/airflow/example_dags/example_task_group.py
[2024-08-27T17:06:13.859+0000] {logging_mixin.py:190} INFO - [2024-08-27T17:06:13.858+0000] {dag.py:3211} INFO - Sync 1 DAGs
[2024-08-27T17:06:13.899+0000] {logging_mixin.py:190} INFO - [2024-08-27T17:06:13.898+0000] {dag.py:4138} INFO - Setting next_dagrun for example_task_group to 2024-08-26 00:00:00+00:00, run_after=2024-08-27 00:00:00+00:00
[2024-08-27T17:06:13.931+0000] {processor.py:208} INFO - Processing /home/airflow/.local/lib/python3.12/site-packages/airflow/example_dags/example_task_group.py took 0.134 seconds
[2024-08-27T17:06:44.787+0000] {processor.py:186} INFO - Started process (PID=292) to work on /home/airflow/.local/lib/python3.12/site-packages/airflow/example_dags/example_task_group.py
[2024-08-27T17:06:44.788+0000] {processor.py:914} INFO - Processing file /home/airflow/.local/lib/python3.12/site-packages/airflow/example_dags/example_task_group.py for tasks to queue
[2024-08-27T17:06:44.794+0000] {logging_mixin.py:190} INFO - [2024-08-27T17:06:44.793+0000] {dagbag.py:587} INFO - Filling up the DagBag from /home/airflow/.local/lib/python3.12/site-packages/airflow/example_dags/example_task_group.py
[2024-08-27T17:06:44.810+0000] {processor.py:925} INFO - DAG(s) 'example_task_group' retrieved from /home/airflow/.local/lib/python3.12/site-packages/airflow/example_dags/example_task_group.py
[2024-08-27T17:06:44.847+0000] {logging_mixin.py:190} INFO - [2024-08-27T17:06:44.846+0000] {dag.py:3211} INFO - Sync 1 DAGs
[2024-08-27T17:06:44.903+0000] {logging_mixin.py:190} INFO - [2024-08-27T17:06:44.902+0000] {dag.py:4138} INFO - Setting next_dagrun for example_task_group to 2024-08-26 00:00:00+00:00, run_after=2024-08-27 00:00:00+00:00
[2024-08-27T17:06:44.938+0000] {processor.py:208} INFO - Processing /home/airflow/.local/lib/python3.12/site-packages/airflow/example_dags/example_task_group.py took 0.163 seconds
[2024-08-27T17:07:15.381+0000] {processor.py:186} INFO - Started process (PID=354) to work on /home/airflow/.local/lib/python3.12/site-packages/airflow/example_dags/example_task_group.py
[2024-08-27T17:07:15.382+0000] {processor.py:914} INFO - Processing file /home/airflow/.local/lib/python3.12/site-packages/airflow/example_dags/example_task_group.py for tasks to queue
[2024-08-27T17:07:15.387+0000] {logging_mixin.py:190} INFO - [2024-08-27T17:07:15.386+0000] {dagbag.py:587} INFO - Filling up the DagBag from /home/airflow/.local/lib/python3.12/site-packages/airflow/example_dags/example_task_group.py
[2024-08-27T17:07:15.399+0000] {processor.py:925} INFO - DAG(s) 'example_task_group' retrieved from /home/airflow/.local/lib/python3.12/site-packages/airflow/example_dags/example_task_group.py
[2024-08-27T17:07:15.433+0000] {logging_mixin.py:190} INFO - [2024-08-27T17:07:15.433+0000] {dag.py:3211} INFO - Sync 1 DAGs
[2024-08-27T17:07:15.468+0000] {logging_mixin.py:190} INFO - [2024-08-27T17:07:15.468+0000] {dag.py:4138} INFO - Setting next_dagrun for example_task_group to 2024-08-26 00:00:00+00:00, run_after=2024-08-27 00:00:00+00:00
[2024-08-27T17:07:15.498+0000] {processor.py:208} INFO - Processing /home/airflow/.local/lib/python3.12/site-packages/airflow/example_dags/example_task_group.py took 0.126 seconds
[2024-08-27T17:07:45.890+0000] {processor.py:186} INFO - Started process (PID=416) to work on /home/airflow/.local/lib/python3.12/site-packages/airflow/example_dags/example_task_group.py
[2024-08-27T17:07:45.893+0000] {processor.py:914} INFO - Processing file /home/airflow/.local/lib/python3.12/site-packages/airflow/example_dags/example_task_group.py for tasks to queue
[2024-08-27T17:07:45.900+0000] {logging_mixin.py:190} INFO - [2024-08-27T17:07:45.899+0000] {dagbag.py:587} INFO - Filling up the DagBag from /home/airflow/.local/lib/python3.12/site-packages/airflow/example_dags/example_task_group.py
[2024-08-27T17:07:45.921+0000] {processor.py:925} INFO - DAG(s) 'example_task_group' retrieved from /home/airflow/.local/lib/python3.12/site-packages/airflow/example_dags/example_task_group.py
[2024-08-27T17:07:45.964+0000] {logging_mixin.py:190} INFO - [2024-08-27T17:07:45.963+0000] {dag.py:3211} INFO - Sync 1 DAGs
[2024-08-27T17:07:46.018+0000] {logging_mixin.py:190} INFO - [2024-08-27T17:07:46.017+0000] {dag.py:4138} INFO - Setting next_dagrun for example_task_group to 2024-08-26 00:00:00+00:00, run_after=2024-08-27 00:00:00+00:00
[2024-08-27T17:07:46.053+0000] {processor.py:208} INFO - Processing /home/airflow/.local/lib/python3.12/site-packages/airflow/example_dags/example_task_group.py took 0.173 seconds
[2024-08-27T17:08:16.375+0000] {processor.py:186} INFO - Started process (PID=478) to work on /home/airflow/.local/lib/python3.12/site-packages/airflow/example_dags/example_task_group.py
[2024-08-27T17:08:16.377+0000] {processor.py:914} INFO - Processing file /home/airflow/.local/lib/python3.12/site-packages/airflow/example_dags/example_task_group.py for tasks to queue
[2024-08-27T17:08:16.381+0000] {logging_mixin.py:190} INFO - [2024-08-27T17:08:16.381+0000] {dagbag.py:587} INFO - Filling up the DagBag from /home/airflow/.local/lib/python3.12/site-packages/airflow/example_dags/example_task_group.py
[2024-08-27T17:08:16.395+0000] {processor.py:925} INFO - DAG(s) 'example_task_group' retrieved from /home/airflow/.local/lib/python3.12/site-packages/airflow/example_dags/example_task_group.py
[2024-08-27T17:08:16.433+0000] {logging_mixin.py:190} INFO - [2024-08-27T17:08:16.433+0000] {dag.py:3211} INFO - Sync 1 DAGs
[2024-08-27T17:08:16.488+0000] {logging_mixin.py:190} INFO - [2024-08-27T17:08:16.488+0000] {dag.py:4138} INFO - Setting next_dagrun for example_task_group to 2024-08-26 00:00:00+00:00, run_after=2024-08-27 00:00:00+00:00
[2024-08-27T17:08:16.535+0000] {processor.py:208} INFO - Processing /home/airflow/.local/lib/python3.12/site-packages/airflow/example_dags/example_task_group.py took 0.169 seconds
[2024-08-27T17:08:46.903+0000] {processor.py:186} INFO - Started process (PID=540) to work on /home/airflow/.local/lib/python3.12/site-packages/airflow/example_dags/example_task_group.py
[2024-08-27T17:08:46.905+0000] {processor.py:914} INFO - Processing file /home/airflow/.local/lib/python3.12/site-packages/airflow/example_dags/example_task_group.py for tasks to queue
[2024-08-27T17:08:46.910+0000] {logging_mixin.py:190} INFO - [2024-08-27T17:08:46.909+0000] {dagbag.py:587} INFO - Filling up the DagBag from /home/airflow/.local/lib/python3.12/site-packages/airflow/example_dags/example_task_group.py
[2024-08-27T17:08:46.927+0000] {processor.py:925} INFO - DAG(s) 'example_task_group' retrieved from /home/airflow/.local/lib/python3.12/site-packages/airflow/example_dags/example_task_group.py
[2024-08-27T17:08:46.972+0000] {logging_mixin.py:190} INFO - [2024-08-27T17:08:46.971+0000] {dag.py:3211} INFO - Sync 1 DAGs
[2024-08-27T17:08:47.023+0000] {logging_mixin.py:190} INFO - [2024-08-27T17:08:47.022+0000] {dag.py:4138} INFO - Setting next_dagrun for example_task_group to 2024-08-26 00:00:00+00:00, run_after=2024-08-27 00:00:00+00:00
[2024-08-27T17:08:47.059+0000] {processor.py:208} INFO - Processing /home/airflow/.local/lib/python3.12/site-packages/airflow/example_dags/example_task_group.py took 0.177 seconds
[2024-08-27T17:09:17.793+0000] {processor.py:186} INFO - Started process (PID=602) to work on /home/airflow/.local/lib/python3.12/site-packages/airflow/example_dags/example_task_group.py
[2024-08-27T17:09:17.794+0000] {processor.py:914} INFO - Processing file /home/airflow/.local/lib/python3.12/site-packages/airflow/example_dags/example_task_group.py for tasks to queue
[2024-08-27T17:09:17.799+0000] {logging_mixin.py:190} INFO - [2024-08-27T17:09:17.798+0000] {dagbag.py:587} INFO - Filling up the DagBag from /home/airflow/.local/lib/python3.12/site-packages/airflow/example_dags/example_task_group.py
[2024-08-27T17:09:17.816+0000] {processor.py:925} INFO - DAG(s) 'example_task_group' retrieved from /home/airflow/.local/lib/python3.12/site-packages/airflow/example_dags/example_task_group.py
[2024-08-27T17:09:17.865+0000] {logging_mixin.py:190} INFO - [2024-08-27T17:09:17.864+0000] {dag.py:3211} INFO - Sync 1 DAGs
[2024-08-27T17:09:17.921+0000] {logging_mixin.py:190} INFO - [2024-08-27T17:09:17.921+0000] {dag.py:4138} INFO - Setting next_dagrun for example_task_group to 2024-08-26 00:00:00+00:00, run_after=2024-08-27 00:00:00+00:00
[2024-08-27T17:09:17.973+0000] {processor.py:208} INFO - Processing /home/airflow/.local/lib/python3.12/site-packages/airflow/example_dags/example_task_group.py took 0.191 seconds
[2024-08-27T17:09:48.331+0000] {processor.py:186} INFO - Started process (PID=664) to work on /home/airflow/.local/lib/python3.12/site-packages/airflow/example_dags/example_task_group.py
[2024-08-27T17:09:48.332+0000] {processor.py:914} INFO - Processing file /home/airflow/.local/lib/python3.12/site-packages/airflow/example_dags/example_task_group.py for tasks to queue
[2024-08-27T17:09:48.336+0000] {logging_mixin.py:190} INFO - [2024-08-27T17:09:48.335+0000] {dagbag.py:587} INFO - Filling up the DagBag from /home/airflow/.local/lib/python3.12/site-packages/airflow/example_dags/example_task_group.py
[2024-08-27T17:09:48.348+0000] {processor.py:925} INFO - DAG(s) 'example_task_group' retrieved from /home/airflow/.local/lib/python3.12/site-packages/airflow/example_dags/example_task_group.py
[2024-08-27T17:09:48.383+0000] {logging_mixin.py:190} INFO - [2024-08-27T17:09:48.383+0000] {dag.py:3211} INFO - Sync 1 DAGs
[2024-08-27T17:09:48.431+0000] {logging_mixin.py:190} INFO - [2024-08-27T17:09:48.430+0000] {dag.py:4138} INFO - Setting next_dagrun for example_task_group to 2024-08-26 00:00:00+00:00, run_after=2024-08-27 00:00:00+00:00
[2024-08-27T17:09:48.474+0000] {processor.py:208} INFO - Processing /home/airflow/.local/lib/python3.12/site-packages/airflow/example_dags/example_task_group.py took 0.151 seconds
[2024-08-27T17:10:18.668+0000] {processor.py:186} INFO - Started process (PID=726) to work on /home/airflow/.local/lib/python3.12/site-packages/airflow/example_dags/example_task_group.py
[2024-08-27T17:10:18.669+0000] {processor.py:914} INFO - Processing file /home/airflow/.local/lib/python3.12/site-packages/airflow/example_dags/example_task_group.py for tasks to queue
[2024-08-27T17:10:18.673+0000] {logging_mixin.py:190} INFO - [2024-08-27T17:10:18.673+0000] {dagbag.py:587} INFO - Filling up the DagBag from /home/airflow/.local/lib/python3.12/site-packages/airflow/example_dags/example_task_group.py
[2024-08-27T17:10:18.687+0000] {processor.py:925} INFO - DAG(s) 'example_task_group' retrieved from /home/airflow/.local/lib/python3.12/site-packages/airflow/example_dags/example_task_group.py
[2024-08-27T17:10:18.729+0000] {logging_mixin.py:190} INFO - [2024-08-27T17:10:18.728+0000] {dag.py:3211} INFO - Sync 1 DAGs
[2024-08-27T17:10:18.778+0000] {logging_mixin.py:190} INFO - [2024-08-27T17:10:18.778+0000] {dag.py:4138} INFO - Setting next_dagrun for example_task_group to 2024-08-26 00:00:00+00:00, run_after=2024-08-27 00:00:00+00:00
[2024-08-27T17:10:18.821+0000] {processor.py:208} INFO - Processing /home/airflow/.local/lib/python3.12/site-packages/airflow/example_dags/example_task_group.py took 0.163 seconds
[2024-08-27T17:10:49.291+0000] {processor.py:186} INFO - Started process (PID=788) to work on /home/airflow/.local/lib/python3.12/site-packages/airflow/example_dags/example_task_group.py
[2024-08-27T17:10:49.293+0000] {processor.py:914} INFO - Processing file /home/airflow/.local/lib/python3.12/site-packages/airflow/example_dags/example_task_group.py for tasks to queue
[2024-08-27T17:10:49.298+0000] {logging_mixin.py:190} INFO - [2024-08-27T17:10:49.298+0000] {dagbag.py:587} INFO - Filling up the DagBag from /home/airflow/.local/lib/python3.12/site-packages/airflow/example_dags/example_task_group.py
[2024-08-27T17:10:49.313+0000] {processor.py:925} INFO - DAG(s) 'example_task_group' retrieved from /home/airflow/.local/lib/python3.12/site-packages/airflow/example_dags/example_task_group.py
[2024-08-27T17:10:49.346+0000] {logging_mixin.py:190} INFO - [2024-08-27T17:10:49.346+0000] {dag.py:3211} INFO - Sync 1 DAGs
[2024-08-27T17:10:49.389+0000] {logging_mixin.py:190} INFO - [2024-08-27T17:10:49.388+0000] {dag.py:4138} INFO - Setting next_dagrun for example_task_group to 2024-08-26 00:00:00+00:00, run_after=2024-08-27 00:00:00+00:00
[2024-08-27T17:10:49.422+0000] {processor.py:208} INFO - Processing /home/airflow/.local/lib/python3.12/site-packages/airflow/example_dags/example_task_group.py took 0.139 seconds
[2024-08-27T17:11:19.668+0000] {processor.py:186} INFO - Started process (PID=850) to work on /home/airflow/.local/lib/python3.12/site-packages/airflow/example_dags/example_task_group.py
[2024-08-27T17:11:19.670+0000] {processor.py:914} INFO - Processing file /home/airflow/.local/lib/python3.12/site-packages/airflow/example_dags/example_task_group.py for tasks to queue
[2024-08-27T17:11:19.674+0000] {logging_mixin.py:190} INFO - [2024-08-27T17:11:19.674+0000] {dagbag.py:587} INFO - Filling up the DagBag from /home/airflow/.local/lib/python3.12/site-packages/airflow/example_dags/example_task_group.py
[2024-08-27T17:11:19.687+0000] {processor.py:925} INFO - DAG(s) 'example_task_group' retrieved from /home/airflow/.local/lib/python3.12/site-packages/airflow/example_dags/example_task_group.py
[2024-08-27T17:11:19.717+0000] {logging_mixin.py:190} INFO - [2024-08-27T17:11:19.717+0000] {dag.py:3211} INFO - Sync 1 DAGs
[2024-08-27T17:11:19.751+0000] {logging_mixin.py:190} INFO - [2024-08-27T17:11:19.751+0000] {dag.py:4138} INFO - Setting next_dagrun for example_task_group to 2024-08-26 00:00:00+00:00, run_after=2024-08-27 00:00:00+00:00
[2024-08-27T17:11:19.781+0000] {processor.py:208} INFO - Processing /home/airflow/.local/lib/python3.12/site-packages/airflow/example_dags/example_task_group.py took 0.120 seconds
[2024-08-27T17:11:49.984+0000] {processor.py:186} INFO - Started process (PID=912) to work on /home/airflow/.local/lib/python3.12/site-packages/airflow/example_dags/example_task_group.py
[2024-08-27T17:11:49.985+0000] {processor.py:914} INFO - Processing file /home/airflow/.local/lib/python3.12/site-packages/airflow/example_dags/example_task_group.py for tasks to queue
[2024-08-27T17:11:49.990+0000] {logging_mixin.py:190} INFO - [2024-08-27T17:11:49.990+0000] {dagbag.py:587} INFO - Filling up the DagBag from /home/airflow/.local/lib/python3.12/site-packages/airflow/example_dags/example_task_group.py
[2024-08-27T17:11:50.005+0000] {processor.py:925} INFO - DAG(s) 'example_task_group' retrieved from /home/airflow/.local/lib/python3.12/site-packages/airflow/example_dags/example_task_group.py
[2024-08-27T17:11:50.040+0000] {logging_mixin.py:190} INFO - [2024-08-27T17:11:50.040+0000] {dag.py:3211} INFO - Sync 1 DAGs
[2024-08-27T17:11:50.077+0000] {logging_mixin.py:190} INFO - [2024-08-27T17:11:50.076+0000] {dag.py:4138} INFO - Setting next_dagrun for example_task_group to 2024-08-26 00:00:00+00:00, run_after=2024-08-27 00:00:00+00:00
[2024-08-27T17:11:50.110+0000] {processor.py:208} INFO - Processing /home/airflow/.local/lib/python3.12/site-packages/airflow/example_dags/example_task_group.py took 0.134 seconds
[2024-08-27T17:12:21.064+0000] {processor.py:186} INFO - Started process (PID=974) to work on /home/airflow/.local/lib/python3.12/site-packages/airflow/example_dags/example_task_group.py
[2024-08-27T17:12:21.066+0000] {processor.py:914} INFO - Processing file /home/airflow/.local/lib/python3.12/site-packages/airflow/example_dags/example_task_group.py for tasks to queue
[2024-08-27T17:12:21.071+0000] {logging_mixin.py:190} INFO - [2024-08-27T17:12:21.071+0000] {dagbag.py:587} INFO - Filling up the DagBag from /home/airflow/.local/lib/python3.12/site-packages/airflow/example_dags/example_task_group.py
[2024-08-27T17:12:21.085+0000] {processor.py:925} INFO - DAG(s) 'example_task_group' retrieved from /home/airflow/.local/lib/python3.12/site-packages/airflow/example_dags/example_task_group.py
[2024-08-27T17:12:21.125+0000] {logging_mixin.py:190} INFO - [2024-08-27T17:12:21.125+0000] {dag.py:3211} INFO - Sync 1 DAGs
[2024-08-27T17:12:21.168+0000] {logging_mixin.py:190} INFO - [2024-08-27T17:12:21.167+0000] {dag.py:4138} INFO - Setting next_dagrun for example_task_group to 2024-08-26 00:00:00+00:00, run_after=2024-08-27 00:00:00+00:00
[2024-08-27T17:12:21.200+0000] {processor.py:208} INFO - Processing /home/airflow/.local/lib/python3.12/site-packages/airflow/example_dags/example_task_group.py took 0.146 seconds
[2024-08-27T17:12:51.611+0000] {processor.py:186} INFO - Started process (PID=1036) to work on /home/airflow/.local/lib/python3.12/site-packages/airflow/example_dags/example_task_group.py
[2024-08-27T17:12:51.612+0000] {processor.py:914} INFO - Processing file /home/airflow/.local/lib/python3.12/site-packages/airflow/example_dags/example_task_group.py for tasks to queue
[2024-08-27T17:12:51.618+0000] {logging_mixin.py:190} INFO - [2024-08-27T17:12:51.618+0000] {dagbag.py:587} INFO - Filling up the DagBag from /home/airflow/.local/lib/python3.12/site-packages/airflow/example_dags/example_task_group.py
[2024-08-27T17:12:51.630+0000] {processor.py:925} INFO - DAG(s) 'example_task_group' retrieved from /home/airflow/.local/lib/python3.12/site-packages/airflow/example_dags/example_task_group.py
[2024-08-27T17:12:51.666+0000] {logging_mixin.py:190} INFO - [2024-08-27T17:12:51.666+0000] {dag.py:3211} INFO - Sync 1 DAGs
[2024-08-27T17:12:51.703+0000] {logging_mixin.py:190} INFO - [2024-08-27T17:12:51.703+0000] {dag.py:4138} INFO - Setting next_dagrun for example_task_group to 2024-08-26 00:00:00+00:00, run_after=2024-08-27 00:00:00+00:00
[2024-08-27T17:12:51.734+0000] {processor.py:208} INFO - Processing /home/airflow/.local/lib/python3.12/site-packages/airflow/example_dags/example_task_group.py took 0.132 seconds
[2024-08-27T17:13:21.887+0000] {processor.py:186} INFO - Started process (PID=1098) to work on /home/airflow/.local/lib/python3.12/site-packages/airflow/example_dags/example_task_group.py
[2024-08-27T17:13:21.888+0000] {processor.py:914} INFO - Processing file /home/airflow/.local/lib/python3.12/site-packages/airflow/example_dags/example_task_group.py for tasks to queue
[2024-08-27T17:13:21.893+0000] {logging_mixin.py:190} INFO - [2024-08-27T17:13:21.892+0000] {dagbag.py:587} INFO - Filling up the DagBag from /home/airflow/.local/lib/python3.12/site-packages/airflow/example_dags/example_task_group.py
[2024-08-27T17:13:21.913+0000] {processor.py:925} INFO - DAG(s) 'example_task_group' retrieved from /home/airflow/.local/lib/python3.12/site-packages/airflow/example_dags/example_task_group.py
[2024-08-27T17:13:21.951+0000] {logging_mixin.py:190} INFO - [2024-08-27T17:13:21.951+0000] {dag.py:3211} INFO - Sync 1 DAGs
[2024-08-27T17:13:21.992+0000] {logging_mixin.py:190} INFO - [2024-08-27T17:13:21.992+0000] {dag.py:4138} INFO - Setting next_dagrun for example_task_group to 2024-08-26 00:00:00+00:00, run_after=2024-08-27 00:00:00+00:00
[2024-08-27T17:13:22.023+0000] {processor.py:208} INFO - Processing /home/airflow/.local/lib/python3.12/site-packages/airflow/example_dags/example_task_group.py took 0.146 seconds
[2024-08-27T17:13:52.366+0000] {processor.py:186} INFO - Started process (PID=1160) to work on /home/airflow/.local/lib/python3.12/site-packages/airflow/example_dags/example_task_group.py
[2024-08-27T17:13:52.368+0000] {processor.py:914} INFO - Processing file /home/airflow/.local/lib/python3.12/site-packages/airflow/example_dags/example_task_group.py for tasks to queue
[2024-08-27T17:13:52.373+0000] {logging_mixin.py:190} INFO - [2024-08-27T17:13:52.373+0000] {dagbag.py:587} INFO - Filling up the DagBag from /home/airflow/.local/lib/python3.12/site-packages/airflow/example_dags/example_task_group.py
[2024-08-27T17:13:52.392+0000] {processor.py:925} INFO - DAG(s) 'example_task_group' retrieved from /home/airflow/.local/lib/python3.12/site-packages/airflow/example_dags/example_task_group.py
[2024-08-27T17:13:52.432+0000] {logging_mixin.py:190} INFO - [2024-08-27T17:13:52.431+0000] {dag.py:3211} INFO - Sync 1 DAGs
[2024-08-27T17:13:52.475+0000] {logging_mixin.py:190} INFO - [2024-08-27T17:13:52.475+0000] {dag.py:4138} INFO - Setting next_dagrun for example_task_group to 2024-08-26 00:00:00+00:00, run_after=2024-08-27 00:00:00+00:00
[2024-08-27T17:13:52.513+0000] {processor.py:208} INFO - Processing /home/airflow/.local/lib/python3.12/site-packages/airflow/example_dags/example_task_group.py took 0.161 seconds
[2024-08-27T17:14:23.072+0000] {processor.py:186} INFO - Started process (PID=1222) to work on /home/airflow/.local/lib/python3.12/site-packages/airflow/example_dags/example_task_group.py
[2024-08-27T17:14:23.073+0000] {processor.py:914} INFO - Processing file /home/airflow/.local/lib/python3.12/site-packages/airflow/example_dags/example_task_group.py for tasks to queue
[2024-08-27T17:14:23.079+0000] {logging_mixin.py:190} INFO - [2024-08-27T17:14:23.078+0000] {dagbag.py:587} INFO - Filling up the DagBag from /home/airflow/.local/lib/python3.12/site-packages/airflow/example_dags/example_task_group.py
[2024-08-27T17:14:23.093+0000] {processor.py:925} INFO - DAG(s) 'example_task_group' retrieved from /home/airflow/.local/lib/python3.12/site-packages/airflow/example_dags/example_task_group.py
[2024-08-27T17:14:23.133+0000] {logging_mixin.py:190} INFO - [2024-08-27T17:14:23.133+0000] {dag.py:3211} INFO - Sync 1 DAGs
[2024-08-27T17:14:23.171+0000] {logging_mixin.py:190} INFO - [2024-08-27T17:14:23.171+0000] {dag.py:4138} INFO - Setting next_dagrun for example_task_group to 2024-08-26 00:00:00+00:00, run_after=2024-08-27 00:00:00+00:00
[2024-08-27T17:14:23.204+0000] {processor.py:208} INFO - Processing /home/airflow/.local/lib/python3.12/site-packages/airflow/example_dags/example_task_group.py took 0.142 seconds
[2024-08-27T17:14:53.789+0000] {processor.py:186} INFO - Started process (PID=1284) to work on /home/airflow/.local/lib/python3.12/site-packages/airflow/example_dags/example_task_group.py
[2024-08-27T17:14:53.791+0000] {processor.py:914} INFO - Processing file /home/airflow/.local/lib/python3.12/site-packages/airflow/example_dags/example_task_group.py for tasks to queue
[2024-08-27T17:14:53.795+0000] {logging_mixin.py:190} INFO - [2024-08-27T17:14:53.794+0000] {dagbag.py:587} INFO - Filling up the DagBag from /home/airflow/.local/lib/python3.12/site-packages/airflow/example_dags/example_task_group.py
[2024-08-27T17:14:53.808+0000] {processor.py:925} INFO - DAG(s) 'example_task_group' retrieved from /home/airflow/.local/lib/python3.12/site-packages/airflow/example_dags/example_task_group.py
[2024-08-27T17:14:53.853+0000] {logging_mixin.py:190} INFO - [2024-08-27T17:14:53.852+0000] {dag.py:3211} INFO - Sync 1 DAGs
[2024-08-27T17:14:53.905+0000] {logging_mixin.py:190} INFO - [2024-08-27T17:14:53.905+0000] {dag.py:4138} INFO - Setting next_dagrun for example_task_group to 2024-08-26 00:00:00+00:00, run_after=2024-08-27 00:00:00+00:00
[2024-08-27T17:14:53.948+0000] {processor.py:208} INFO - Processing /home/airflow/.local/lib/python3.12/site-packages/airflow/example_dags/example_task_group.py took 0.168 seconds
[2024-08-27T17:15:24.487+0000] {processor.py:186} INFO - Started process (PID=1346) to work on /home/airflow/.local/lib/python3.12/site-packages/airflow/example_dags/example_task_group.py
[2024-08-27T17:15:24.490+0000] {processor.py:914} INFO - Processing file /home/airflow/.local/lib/python3.12/site-packages/airflow/example_dags/example_task_group.py for tasks to queue
[2024-08-27T17:15:24.497+0000] {logging_mixin.py:190} INFO - [2024-08-27T17:15:24.496+0000] {dagbag.py:587} INFO - Filling up the DagBag from /home/airflow/.local/lib/python3.12/site-packages/airflow/example_dags/example_task_group.py
[2024-08-27T17:15:24.520+0000] {processor.py:925} INFO - DAG(s) 'example_task_group' retrieved from /home/airflow/.local/lib/python3.12/site-packages/airflow/example_dags/example_task_group.py
[2024-08-27T17:15:24.559+0000] {logging_mixin.py:190} INFO - [2024-08-27T17:15:24.558+0000] {dag.py:3211} INFO - Sync 1 DAGs
[2024-08-27T17:15:24.597+0000] {logging_mixin.py:190} INFO - [2024-08-27T17:15:24.597+0000] {dag.py:4138} INFO - Setting next_dagrun for example_task_group to 2024-08-26 00:00:00+00:00, run_after=2024-08-27 00:00:00+00:00
[2024-08-27T17:15:24.630+0000] {processor.py:208} INFO - Processing /home/airflow/.local/lib/python3.12/site-packages/airflow/example_dags/example_task_group.py took 0.160 seconds
[2024-08-27T17:15:55.174+0000] {processor.py:186} INFO - Started process (PID=1408) to work on /home/airflow/.local/lib/python3.12/site-packages/airflow/example_dags/example_task_group.py
[2024-08-27T17:15:55.176+0000] {processor.py:914} INFO - Processing file /home/airflow/.local/lib/python3.12/site-packages/airflow/example_dags/example_task_group.py for tasks to queue
[2024-08-27T17:15:55.180+0000] {logging_mixin.py:190} INFO - [2024-08-27T17:15:55.180+0000] {dagbag.py:587} INFO - Filling up the DagBag from /home/airflow/.local/lib/python3.12/site-packages/airflow/example_dags/example_task_group.py
[2024-08-27T17:15:55.195+0000] {processor.py:925} INFO - DAG(s) 'example_task_group' retrieved from /home/airflow/.local/lib/python3.12/site-packages/airflow/example_dags/example_task_group.py
[2024-08-27T17:15:55.230+0000] {logging_mixin.py:190} INFO - [2024-08-27T17:15:55.229+0000] {dag.py:3211} INFO - Sync 1 DAGs
[2024-08-27T17:15:55.263+0000] {logging_mixin.py:190} INFO - [2024-08-27T17:15:55.262+0000] {dag.py:4138} INFO - Setting next_dagrun for example_task_group to 2024-08-26 00:00:00+00:00, run_after=2024-08-27 00:00:00+00:00
[2024-08-27T17:15:55.295+0000] {processor.py:208} INFO - Processing /home/airflow/.local/lib/python3.12/site-packages/airflow/example_dags/example_task_group.py took 0.130 seconds
[2024-08-27T17:16:26.023+0000] {processor.py:186} INFO - Started process (PID=1470) to work on /home/airflow/.local/lib/python3.12/site-packages/airflow/example_dags/example_task_group.py
[2024-08-27T17:16:26.025+0000] {processor.py:914} INFO - Processing file /home/airflow/.local/lib/python3.12/site-packages/airflow/example_dags/example_task_group.py for tasks to queue
[2024-08-27T17:16:26.029+0000] {logging_mixin.py:190} INFO - [2024-08-27T17:16:26.029+0000] {dagbag.py:587} INFO - Filling up the DagBag from /home/airflow/.local/lib/python3.12/site-packages/airflow/example_dags/example_task_group.py
[2024-08-27T17:16:26.043+0000] {processor.py:925} INFO - DAG(s) 'example_task_group' retrieved from /home/airflow/.local/lib/python3.12/site-packages/airflow/example_dags/example_task_group.py
[2024-08-27T17:16:26.078+0000] {logging_mixin.py:190} INFO - [2024-08-27T17:16:26.078+0000] {dag.py:3211} INFO - Sync 1 DAGs
[2024-08-27T17:16:26.129+0000] {logging_mixin.py:190} INFO - [2024-08-27T17:16:26.129+0000] {dag.py:4138} INFO - Setting next_dagrun for example_task_group to 2024-08-26 00:00:00+00:00, run_after=2024-08-27 00:00:00+00:00
[2024-08-27T17:16:26.170+0000] {processor.py:208} INFO - Processing /home/airflow/.local/lib/python3.12/site-packages/airflow/example_dags/example_task_group.py took 0.158 seconds
[2024-08-27T17:16:56.435+0000] {processor.py:186} INFO - Started process (PID=1532) to work on /home/airflow/.local/lib/python3.12/site-packages/airflow/example_dags/example_task_group.py
[2024-08-27T17:16:56.436+0000] {processor.py:914} INFO - Processing file /home/airflow/.local/lib/python3.12/site-packages/airflow/example_dags/example_task_group.py for tasks to queue
[2024-08-27T17:16:56.440+0000] {logging_mixin.py:190} INFO - [2024-08-27T17:16:56.440+0000] {dagbag.py:587} INFO - Filling up the DagBag from /home/airflow/.local/lib/python3.12/site-packages/airflow/example_dags/example_task_group.py
[2024-08-27T17:16:56.454+0000] {processor.py:925} INFO - DAG(s) 'example_task_group' retrieved from /home/airflow/.local/lib/python3.12/site-packages/airflow/example_dags/example_task_group.py
[2024-08-27T17:16:56.491+0000] {logging_mixin.py:190} INFO - [2024-08-27T17:16:56.490+0000] {dag.py:3211} INFO - Sync 1 DAGs
[2024-08-27T17:16:56.528+0000] {logging_mixin.py:190} INFO - [2024-08-27T17:16:56.527+0000] {dag.py:4138} INFO - Setting next_dagrun for example_task_group to 2024-08-26 00:00:00+00:00, run_after=2024-08-27 00:00:00+00:00
[2024-08-27T17:16:56.560+0000] {processor.py:208} INFO - Processing /home/airflow/.local/lib/python3.12/site-packages/airflow/example_dags/example_task_group.py took 0.135 seconds
