[2024-08-27T17:04:47.595+0000] {processor.py:186} INFO - Started process (PID=67) to work on /home/airflow/.local/lib/python3.12/site-packages/airflow/example_dags/example_latest_only_with_trigger.py
[2024-08-27T17:04:47.596+0000] {processor.py:914} INFO - Processing file /home/airflow/.local/lib/python3.12/site-packages/airflow/example_dags/example_latest_only_with_trigger.py for tasks to queue
[2024-08-27T17:04:47.600+0000] {logging_mixin.py:190} INFO - [2024-08-27T17:04:47.600+0000] {dagbag.py:587} INFO - Filling up the DagBag from /home/airflow/.local/lib/python3.12/site-packages/airflow/example_dags/example_latest_only_with_trigger.py
[2024-08-27T17:04:47.614+0000] {processor.py:925} INFO - DAG(s) 'latest_only_with_trigger' retrieved from /home/airflow/.local/lib/python3.12/site-packages/airflow/example_dags/example_latest_only_with_trigger.py
[2024-08-27T17:04:47.775+0000] {logging_mixin.py:190} INFO - [2024-08-27T17:04:47.773+0000] {override.py:1858} INFO - Created Permission View: can edit on DAG:latest_only_with_trigger
[2024-08-27T17:04:47.792+0000] {logging_mixin.py:190} INFO - [2024-08-27T17:04:47.791+0000] {override.py:1858} INFO - Created Permission View: can read on DAG:latest_only_with_trigger
[2024-08-27T17:04:47.806+0000] {logging_mixin.py:190} INFO - [2024-08-27T17:04:47.805+0000] {override.py:1858} INFO - Created Permission View: can delete on DAG:latest_only_with_trigger
[2024-08-27T17:04:47.807+0000] {logging_mixin.py:190} INFO - [2024-08-27T17:04:47.806+0000] {dag.py:3211} INFO - Sync 1 DAGs
[2024-08-27T17:04:47.825+0000] {logging_mixin.py:190} INFO - [2024-08-27T17:04:47.825+0000] {dag.py:3234} INFO - Creating ORM DAG for latest_only_with_trigger
[2024-08-27T17:04:47.839+0000] {logging_mixin.py:190} INFO - [2024-08-27T17:04:47.839+0000] {dag.py:4138} INFO - Setting next_dagrun for latest_only_with_trigger to 2024-08-27 12:00:00+00:00, run_after=2024-08-27 16:00:00+00:00
[2024-08-27T17:04:47.871+0000] {processor.py:208} INFO - Processing /home/airflow/.local/lib/python3.12/site-packages/airflow/example_dags/example_latest_only_with_trigger.py took 0.285 seconds
[2024-08-27T17:05:18.617+0000] {processor.py:186} INFO - Started process (PID=129) to work on /home/airflow/.local/lib/python3.12/site-packages/airflow/example_dags/example_latest_only_with_trigger.py
[2024-08-27T17:05:18.619+0000] {processor.py:914} INFO - Processing file /home/airflow/.local/lib/python3.12/site-packages/airflow/example_dags/example_latest_only_with_trigger.py for tasks to queue
[2024-08-27T17:05:18.622+0000] {logging_mixin.py:190} INFO - [2024-08-27T17:05:18.622+0000] {dagbag.py:587} INFO - Filling up the DagBag from /home/airflow/.local/lib/python3.12/site-packages/airflow/example_dags/example_latest_only_with_trigger.py
[2024-08-27T17:05:18.639+0000] {processor.py:925} INFO - DAG(s) 'latest_only_with_trigger' retrieved from /home/airflow/.local/lib/python3.12/site-packages/airflow/example_dags/example_latest_only_with_trigger.py
[2024-08-27T17:05:18.677+0000] {logging_mixin.py:190} INFO - [2024-08-27T17:05:18.677+0000] {dag.py:3211} INFO - Sync 1 DAGs
[2024-08-27T17:05:18.717+0000] {logging_mixin.py:190} INFO - [2024-08-27T17:05:18.717+0000] {dag.py:4138} INFO - Setting next_dagrun for latest_only_with_trigger to 2024-08-27 12:00:00+00:00, run_after=2024-08-27 16:00:00+00:00
[2024-08-27T17:05:18.746+0000] {processor.py:208} INFO - Processing /home/airflow/.local/lib/python3.12/site-packages/airflow/example_dags/example_latest_only_with_trigger.py took 0.144 seconds
[2024-08-27T17:05:49.093+0000] {processor.py:186} INFO - Started process (PID=191) to work on /home/airflow/.local/lib/python3.12/site-packages/airflow/example_dags/example_latest_only_with_trigger.py
[2024-08-27T17:05:49.095+0000] {processor.py:914} INFO - Processing file /home/airflow/.local/lib/python3.12/site-packages/airflow/example_dags/example_latest_only_with_trigger.py for tasks to queue
[2024-08-27T17:05:49.099+0000] {logging_mixin.py:190} INFO - [2024-08-27T17:05:49.098+0000] {dagbag.py:587} INFO - Filling up the DagBag from /home/airflow/.local/lib/python3.12/site-packages/airflow/example_dags/example_latest_only_with_trigger.py
[2024-08-27T17:05:49.114+0000] {processor.py:925} INFO - DAG(s) 'latest_only_with_trigger' retrieved from /home/airflow/.local/lib/python3.12/site-packages/airflow/example_dags/example_latest_only_with_trigger.py
[2024-08-27T17:05:49.157+0000] {logging_mixin.py:190} INFO - [2024-08-27T17:05:49.157+0000] {dag.py:3211} INFO - Sync 1 DAGs
[2024-08-27T17:05:49.199+0000] {logging_mixin.py:190} INFO - [2024-08-27T17:05:49.199+0000] {dag.py:4138} INFO - Setting next_dagrun for latest_only_with_trigger to 2024-08-27 12:00:00+00:00, run_after=2024-08-27 16:00:00+00:00
[2024-08-27T17:05:49.231+0000] {processor.py:208} INFO - Processing /home/airflow/.local/lib/python3.12/site-packages/airflow/example_dags/example_latest_only_with_trigger.py took 0.150 seconds
[2024-08-27T17:06:19.419+0000] {processor.py:186} INFO - Started process (PID=253) to work on /home/airflow/.local/lib/python3.12/site-packages/airflow/example_dags/example_latest_only_with_trigger.py
[2024-08-27T17:06:19.421+0000] {processor.py:914} INFO - Processing file /home/airflow/.local/lib/python3.12/site-packages/airflow/example_dags/example_latest_only_with_trigger.py for tasks to queue
[2024-08-27T17:06:19.425+0000] {logging_mixin.py:190} INFO - [2024-08-27T17:06:19.424+0000] {dagbag.py:587} INFO - Filling up the DagBag from /home/airflow/.local/lib/python3.12/site-packages/airflow/example_dags/example_latest_only_with_trigger.py
[2024-08-27T17:06:19.440+0000] {processor.py:925} INFO - DAG(s) 'latest_only_with_trigger' retrieved from /home/airflow/.local/lib/python3.12/site-packages/airflow/example_dags/example_latest_only_with_trigger.py
[2024-08-27T17:06:19.482+0000] {logging_mixin.py:190} INFO - [2024-08-27T17:06:19.481+0000] {dag.py:3211} INFO - Sync 1 DAGs
[2024-08-27T17:06:19.536+0000] {logging_mixin.py:190} INFO - [2024-08-27T17:06:19.535+0000] {dag.py:4138} INFO - Setting next_dagrun for latest_only_with_trigger to 2024-08-27 12:00:00+00:00, run_after=2024-08-27 16:00:00+00:00
[2024-08-27T17:06:19.580+0000] {processor.py:208} INFO - Processing /home/airflow/.local/lib/python3.12/site-packages/airflow/example_dags/example_latest_only_with_trigger.py took 0.171 seconds
[2024-08-27T17:06:50.179+0000] {processor.py:186} INFO - Started process (PID=315) to work on /home/airflow/.local/lib/python3.12/site-packages/airflow/example_dags/example_latest_only_with_trigger.py
[2024-08-27T17:06:50.180+0000] {processor.py:914} INFO - Processing file /home/airflow/.local/lib/python3.12/site-packages/airflow/example_dags/example_latest_only_with_trigger.py for tasks to queue
[2024-08-27T17:06:50.185+0000] {logging_mixin.py:190} INFO - [2024-08-27T17:06:50.184+0000] {dagbag.py:587} INFO - Filling up the DagBag from /home/airflow/.local/lib/python3.12/site-packages/airflow/example_dags/example_latest_only_with_trigger.py
[2024-08-27T17:06:50.214+0000] {processor.py:925} INFO - DAG(s) 'latest_only_with_trigger' retrieved from /home/airflow/.local/lib/python3.12/site-packages/airflow/example_dags/example_latest_only_with_trigger.py
[2024-08-27T17:06:50.409+0000] {logging_mixin.py:190} INFO - [2024-08-27T17:06:50.408+0000] {dag.py:3211} INFO - Sync 1 DAGs
[2024-08-27T17:06:50.541+0000] {logging_mixin.py:190} INFO - [2024-08-27T17:06:50.540+0000] {dag.py:4138} INFO - Setting next_dagrun for latest_only_with_trigger to 2024-08-27 12:00:00+00:00, run_after=2024-08-27 16:00:00+00:00
[2024-08-27T17:06:50.621+0000] {processor.py:208} INFO - Processing /home/airflow/.local/lib/python3.12/site-packages/airflow/example_dags/example_latest_only_with_trigger.py took 0.455 seconds
[2024-08-27T17:07:20.776+0000] {processor.py:186} INFO - Started process (PID=377) to work on /home/airflow/.local/lib/python3.12/site-packages/airflow/example_dags/example_latest_only_with_trigger.py
[2024-08-27T17:07:20.777+0000] {processor.py:914} INFO - Processing file /home/airflow/.local/lib/python3.12/site-packages/airflow/example_dags/example_latest_only_with_trigger.py for tasks to queue
[2024-08-27T17:07:20.781+0000] {logging_mixin.py:190} INFO - [2024-08-27T17:07:20.780+0000] {dagbag.py:587} INFO - Filling up the DagBag from /home/airflow/.local/lib/python3.12/site-packages/airflow/example_dags/example_latest_only_with_trigger.py
[2024-08-27T17:07:20.791+0000] {processor.py:925} INFO - DAG(s) 'latest_only_with_trigger' retrieved from /home/airflow/.local/lib/python3.12/site-packages/airflow/example_dags/example_latest_only_with_trigger.py
[2024-08-27T17:07:20.822+0000] {logging_mixin.py:190} INFO - [2024-08-27T17:07:20.822+0000] {dag.py:3211} INFO - Sync 1 DAGs
[2024-08-27T17:07:20.855+0000] {logging_mixin.py:190} INFO - [2024-08-27T17:07:20.855+0000] {dag.py:4138} INFO - Setting next_dagrun for latest_only_with_trigger to 2024-08-27 12:00:00+00:00, run_after=2024-08-27 16:00:00+00:00
[2024-08-27T17:07:20.896+0000] {processor.py:208} INFO - Processing /home/airflow/.local/lib/python3.12/site-packages/airflow/example_dags/example_latest_only_with_trigger.py took 0.128 seconds
[2024-08-27T17:07:51.242+0000] {processor.py:186} INFO - Started process (PID=439) to work on /home/airflow/.local/lib/python3.12/site-packages/airflow/example_dags/example_latest_only_with_trigger.py
[2024-08-27T17:07:51.245+0000] {processor.py:914} INFO - Processing file /home/airflow/.local/lib/python3.12/site-packages/airflow/example_dags/example_latest_only_with_trigger.py for tasks to queue
[2024-08-27T17:07:51.250+0000] {logging_mixin.py:190} INFO - [2024-08-27T17:07:51.250+0000] {dagbag.py:587} INFO - Filling up the DagBag from /home/airflow/.local/lib/python3.12/site-packages/airflow/example_dags/example_latest_only_with_trigger.py
[2024-08-27T17:07:51.270+0000] {processor.py:925} INFO - DAG(s) 'latest_only_with_trigger' retrieved from /home/airflow/.local/lib/python3.12/site-packages/airflow/example_dags/example_latest_only_with_trigger.py
[2024-08-27T17:07:51.305+0000] {logging_mixin.py:190} INFO - [2024-08-27T17:07:51.305+0000] {dag.py:3211} INFO - Sync 1 DAGs
[2024-08-27T17:07:51.339+0000] {logging_mixin.py:190} INFO - [2024-08-27T17:07:51.339+0000] {dag.py:4138} INFO - Setting next_dagrun for latest_only_with_trigger to 2024-08-27 12:00:00+00:00, run_after=2024-08-27 16:00:00+00:00
[2024-08-27T17:07:51.368+0000] {processor.py:208} INFO - Processing /home/airflow/.local/lib/python3.12/site-packages/airflow/example_dags/example_latest_only_with_trigger.py took 0.142 seconds
[2024-08-27T17:08:22.002+0000] {processor.py:186} INFO - Started process (PID=501) to work on /home/airflow/.local/lib/python3.12/site-packages/airflow/example_dags/example_latest_only_with_trigger.py
[2024-08-27T17:08:22.004+0000] {processor.py:914} INFO - Processing file /home/airflow/.local/lib/python3.12/site-packages/airflow/example_dags/example_latest_only_with_trigger.py for tasks to queue
[2024-08-27T17:08:22.008+0000] {logging_mixin.py:190} INFO - [2024-08-27T17:08:22.007+0000] {dagbag.py:587} INFO - Filling up the DagBag from /home/airflow/.local/lib/python3.12/site-packages/airflow/example_dags/example_latest_only_with_trigger.py
[2024-08-27T17:08:22.020+0000] {processor.py:925} INFO - DAG(s) 'latest_only_with_trigger' retrieved from /home/airflow/.local/lib/python3.12/site-packages/airflow/example_dags/example_latest_only_with_trigger.py
[2024-08-27T17:08:22.056+0000] {logging_mixin.py:190} INFO - [2024-08-27T17:08:22.056+0000] {dag.py:3211} INFO - Sync 1 DAGs
[2024-08-27T17:08:22.099+0000] {logging_mixin.py:190} INFO - [2024-08-27T17:08:22.099+0000] {dag.py:4138} INFO - Setting next_dagrun for latest_only_with_trigger to 2024-08-27 12:00:00+00:00, run_after=2024-08-27 16:00:00+00:00
[2024-08-27T17:08:22.129+0000] {processor.py:208} INFO - Processing /home/airflow/.local/lib/python3.12/site-packages/airflow/example_dags/example_latest_only_with_trigger.py took 0.137 seconds
[2024-08-27T17:08:52.715+0000] {processor.py:186} INFO - Started process (PID=563) to work on /home/airflow/.local/lib/python3.12/site-packages/airflow/example_dags/example_latest_only_with_trigger.py
[2024-08-27T17:08:52.718+0000] {processor.py:914} INFO - Processing file /home/airflow/.local/lib/python3.12/site-packages/airflow/example_dags/example_latest_only_with_trigger.py for tasks to queue
[2024-08-27T17:08:52.723+0000] {logging_mixin.py:190} INFO - [2024-08-27T17:08:52.722+0000] {dagbag.py:587} INFO - Filling up the DagBag from /home/airflow/.local/lib/python3.12/site-packages/airflow/example_dags/example_latest_only_with_trigger.py
[2024-08-27T17:08:52.741+0000] {processor.py:925} INFO - DAG(s) 'latest_only_with_trigger' retrieved from /home/airflow/.local/lib/python3.12/site-packages/airflow/example_dags/example_latest_only_with_trigger.py
[2024-08-27T17:08:52.805+0000] {logging_mixin.py:190} INFO - [2024-08-27T17:08:52.805+0000] {dag.py:3211} INFO - Sync 1 DAGs
[2024-08-27T17:08:52.847+0000] {logging_mixin.py:190} INFO - [2024-08-27T17:08:52.846+0000] {dag.py:4138} INFO - Setting next_dagrun for latest_only_with_trigger to 2024-08-27 12:00:00+00:00, run_after=2024-08-27 16:00:00+00:00
[2024-08-27T17:08:52.884+0000] {processor.py:208} INFO - Processing /home/airflow/.local/lib/python3.12/site-packages/airflow/example_dags/example_latest_only_with_trigger.py took 0.181 seconds
[2024-08-27T17:09:23.376+0000] {processor.py:186} INFO - Started process (PID=625) to work on /home/airflow/.local/lib/python3.12/site-packages/airflow/example_dags/example_latest_only_with_trigger.py
[2024-08-27T17:09:23.378+0000] {processor.py:914} INFO - Processing file /home/airflow/.local/lib/python3.12/site-packages/airflow/example_dags/example_latest_only_with_trigger.py for tasks to queue
[2024-08-27T17:09:23.383+0000] {logging_mixin.py:190} INFO - [2024-08-27T17:09:23.382+0000] {dagbag.py:587} INFO - Filling up the DagBag from /home/airflow/.local/lib/python3.12/site-packages/airflow/example_dags/example_latest_only_with_trigger.py
[2024-08-27T17:09:23.395+0000] {processor.py:925} INFO - DAG(s) 'latest_only_with_trigger' retrieved from /home/airflow/.local/lib/python3.12/site-packages/airflow/example_dags/example_latest_only_with_trigger.py
[2024-08-27T17:09:23.441+0000] {logging_mixin.py:190} INFO - [2024-08-27T17:09:23.441+0000] {dag.py:3211} INFO - Sync 1 DAGs
[2024-08-27T17:09:23.501+0000] {logging_mixin.py:190} INFO - [2024-08-27T17:09:23.500+0000] {dag.py:4138} INFO - Setting next_dagrun for latest_only_with_trigger to 2024-08-27 12:00:00+00:00, run_after=2024-08-27 16:00:00+00:00
[2024-08-27T17:09:23.540+0000] {processor.py:208} INFO - Processing /home/airflow/.local/lib/python3.12/site-packages/airflow/example_dags/example_latest_only_with_trigger.py took 0.175 seconds
[2024-08-27T17:09:53.689+0000] {processor.py:186} INFO - Started process (PID=686) to work on /home/airflow/.local/lib/python3.12/site-packages/airflow/example_dags/example_latest_only_with_trigger.py
[2024-08-27T17:09:53.691+0000] {processor.py:914} INFO - Processing file /home/airflow/.local/lib/python3.12/site-packages/airflow/example_dags/example_latest_only_with_trigger.py for tasks to queue
[2024-08-27T17:09:53.696+0000] {logging_mixin.py:190} INFO - [2024-08-27T17:09:53.695+0000] {dagbag.py:587} INFO - Filling up the DagBag from /home/airflow/.local/lib/python3.12/site-packages/airflow/example_dags/example_latest_only_with_trigger.py
[2024-08-27T17:09:53.713+0000] {processor.py:925} INFO - DAG(s) 'latest_only_with_trigger' retrieved from /home/airflow/.local/lib/python3.12/site-packages/airflow/example_dags/example_latest_only_with_trigger.py
[2024-08-27T17:09:53.754+0000] {logging_mixin.py:190} INFO - [2024-08-27T17:09:53.754+0000] {dag.py:3211} INFO - Sync 1 DAGs
[2024-08-27T17:09:53.809+0000] {logging_mixin.py:190} INFO - [2024-08-27T17:09:53.809+0000] {dag.py:4138} INFO - Setting next_dagrun for latest_only_with_trigger to 2024-08-27 12:00:00+00:00, run_after=2024-08-27 16:00:00+00:00
[2024-08-27T17:09:53.850+0000] {processor.py:208} INFO - Processing /home/airflow/.local/lib/python3.12/site-packages/airflow/example_dags/example_latest_only_with_trigger.py took 0.173 seconds
[2024-08-27T17:10:23.934+0000] {processor.py:186} INFO - Started process (PID=748) to work on /home/airflow/.local/lib/python3.12/site-packages/airflow/example_dags/example_latest_only_with_trigger.py
[2024-08-27T17:10:23.936+0000] {processor.py:914} INFO - Processing file /home/airflow/.local/lib/python3.12/site-packages/airflow/example_dags/example_latest_only_with_trigger.py for tasks to queue
[2024-08-27T17:10:23.940+0000] {logging_mixin.py:190} INFO - [2024-08-27T17:10:23.940+0000] {dagbag.py:587} INFO - Filling up the DagBag from /home/airflow/.local/lib/python3.12/site-packages/airflow/example_dags/example_latest_only_with_trigger.py
[2024-08-27T17:10:23.957+0000] {processor.py:925} INFO - DAG(s) 'latest_only_with_trigger' retrieved from /home/airflow/.local/lib/python3.12/site-packages/airflow/example_dags/example_latest_only_with_trigger.py
[2024-08-27T17:10:23.993+0000] {logging_mixin.py:190} INFO - [2024-08-27T17:10:23.993+0000] {dag.py:3211} INFO - Sync 1 DAGs
[2024-08-27T17:10:24.029+0000] {logging_mixin.py:190} INFO - [2024-08-27T17:10:24.029+0000] {dag.py:4138} INFO - Setting next_dagrun for latest_only_with_trigger to 2024-08-27 12:00:00+00:00, run_after=2024-08-27 16:00:00+00:00
[2024-08-27T17:10:24.064+0000] {processor.py:208} INFO - Processing /home/airflow/.local/lib/python3.12/site-packages/airflow/example_dags/example_latest_only_with_trigger.py took 0.142 seconds
[2024-08-27T17:10:54.469+0000] {processor.py:186} INFO - Started process (PID=810) to work on /home/airflow/.local/lib/python3.12/site-packages/airflow/example_dags/example_latest_only_with_trigger.py
[2024-08-27T17:10:54.471+0000] {processor.py:914} INFO - Processing file /home/airflow/.local/lib/python3.12/site-packages/airflow/example_dags/example_latest_only_with_trigger.py for tasks to queue
[2024-08-27T17:10:54.475+0000] {logging_mixin.py:190} INFO - [2024-08-27T17:10:54.475+0000] {dagbag.py:587} INFO - Filling up the DagBag from /home/airflow/.local/lib/python3.12/site-packages/airflow/example_dags/example_latest_only_with_trigger.py
[2024-08-27T17:10:54.488+0000] {processor.py:925} INFO - DAG(s) 'latest_only_with_trigger' retrieved from /home/airflow/.local/lib/python3.12/site-packages/airflow/example_dags/example_latest_only_with_trigger.py
[2024-08-27T17:10:54.526+0000] {logging_mixin.py:190} INFO - [2024-08-27T17:10:54.525+0000] {dag.py:3211} INFO - Sync 1 DAGs
[2024-08-27T17:10:54.580+0000] {logging_mixin.py:190} INFO - [2024-08-27T17:10:54.580+0000] {dag.py:4138} INFO - Setting next_dagrun for latest_only_with_trigger to 2024-08-27 12:00:00+00:00, run_after=2024-08-27 16:00:00+00:00
[2024-08-27T17:10:54.614+0000] {processor.py:208} INFO - Processing /home/airflow/.local/lib/python3.12/site-packages/airflow/example_dags/example_latest_only_with_trigger.py took 0.158 seconds
[2024-08-27T17:11:25.142+0000] {processor.py:186} INFO - Started process (PID=872) to work on /home/airflow/.local/lib/python3.12/site-packages/airflow/example_dags/example_latest_only_with_trigger.py
[2024-08-27T17:11:25.144+0000] {processor.py:914} INFO - Processing file /home/airflow/.local/lib/python3.12/site-packages/airflow/example_dags/example_latest_only_with_trigger.py for tasks to queue
[2024-08-27T17:11:25.150+0000] {logging_mixin.py:190} INFO - [2024-08-27T17:11:25.149+0000] {dagbag.py:587} INFO - Filling up the DagBag from /home/airflow/.local/lib/python3.12/site-packages/airflow/example_dags/example_latest_only_with_trigger.py
[2024-08-27T17:11:25.163+0000] {processor.py:925} INFO - DAG(s) 'latest_only_with_trigger' retrieved from /home/airflow/.local/lib/python3.12/site-packages/airflow/example_dags/example_latest_only_with_trigger.py
[2024-08-27T17:11:25.205+0000] {logging_mixin.py:190} INFO - [2024-08-27T17:11:25.205+0000] {dag.py:3211} INFO - Sync 1 DAGs
[2024-08-27T17:11:25.249+0000] {logging_mixin.py:190} INFO - [2024-08-27T17:11:25.249+0000] {dag.py:4138} INFO - Setting next_dagrun for latest_only_with_trigger to 2024-08-27 12:00:00+00:00, run_after=2024-08-27 16:00:00+00:00
[2024-08-27T17:11:25.283+0000] {processor.py:208} INFO - Processing /home/airflow/.local/lib/python3.12/site-packages/airflow/example_dags/example_latest_only_with_trigger.py took 0.151 seconds
[2024-08-27T17:11:55.576+0000] {processor.py:186} INFO - Started process (PID=934) to work on /home/airflow/.local/lib/python3.12/site-packages/airflow/example_dags/example_latest_only_with_trigger.py
[2024-08-27T17:11:55.577+0000] {processor.py:914} INFO - Processing file /home/airflow/.local/lib/python3.12/site-packages/airflow/example_dags/example_latest_only_with_trigger.py for tasks to queue
[2024-08-27T17:11:55.582+0000] {logging_mixin.py:190} INFO - [2024-08-27T17:11:55.581+0000] {dagbag.py:587} INFO - Filling up the DagBag from /home/airflow/.local/lib/python3.12/site-packages/airflow/example_dags/example_latest_only_with_trigger.py
[2024-08-27T17:11:55.596+0000] {processor.py:925} INFO - DAG(s) 'latest_only_with_trigger' retrieved from /home/airflow/.local/lib/python3.12/site-packages/airflow/example_dags/example_latest_only_with_trigger.py
[2024-08-27T17:11:55.632+0000] {logging_mixin.py:190} INFO - [2024-08-27T17:11:55.631+0000] {dag.py:3211} INFO - Sync 1 DAGs
[2024-08-27T17:11:55.669+0000] {logging_mixin.py:190} INFO - [2024-08-27T17:11:55.669+0000] {dag.py:4138} INFO - Setting next_dagrun for latest_only_with_trigger to 2024-08-27 12:00:00+00:00, run_after=2024-08-27 16:00:00+00:00
[2024-08-27T17:11:55.699+0000] {processor.py:208} INFO - Processing /home/airflow/.local/lib/python3.12/site-packages/airflow/example_dags/example_latest_only_with_trigger.py took 0.133 seconds
[2024-08-27T17:12:26.101+0000] {processor.py:186} INFO - Started process (PID=996) to work on /home/airflow/.local/lib/python3.12/site-packages/airflow/example_dags/example_latest_only_with_trigger.py
[2024-08-27T17:12:26.102+0000] {processor.py:914} INFO - Processing file /home/airflow/.local/lib/python3.12/site-packages/airflow/example_dags/example_latest_only_with_trigger.py for tasks to queue
[2024-08-27T17:12:26.105+0000] {logging_mixin.py:190} INFO - [2024-08-27T17:12:26.105+0000] {dagbag.py:587} INFO - Filling up the DagBag from /home/airflow/.local/lib/python3.12/site-packages/airflow/example_dags/example_latest_only_with_trigger.py
[2024-08-27T17:12:26.114+0000] {processor.py:925} INFO - DAG(s) 'latest_only_with_trigger' retrieved from /home/airflow/.local/lib/python3.12/site-packages/airflow/example_dags/example_latest_only_with_trigger.py
[2024-08-27T17:12:26.147+0000] {logging_mixin.py:190} INFO - [2024-08-27T17:12:26.147+0000] {dag.py:3211} INFO - Sync 1 DAGs
[2024-08-27T17:12:26.179+0000] {logging_mixin.py:190} INFO - [2024-08-27T17:12:26.179+0000] {dag.py:4138} INFO - Setting next_dagrun for latest_only_with_trigger to 2024-08-27 12:00:00+00:00, run_after=2024-08-27 16:00:00+00:00
[2024-08-27T17:12:26.216+0000] {processor.py:208} INFO - Processing /home/airflow/.local/lib/python3.12/site-packages/airflow/example_dags/example_latest_only_with_trigger.py took 0.123 seconds
[2024-08-27T17:12:56.641+0000] {processor.py:186} INFO - Started process (PID=1058) to work on /home/airflow/.local/lib/python3.12/site-packages/airflow/example_dags/example_latest_only_with_trigger.py
[2024-08-27T17:12:56.642+0000] {processor.py:914} INFO - Processing file /home/airflow/.local/lib/python3.12/site-packages/airflow/example_dags/example_latest_only_with_trigger.py for tasks to queue
[2024-08-27T17:12:56.646+0000] {logging_mixin.py:190} INFO - [2024-08-27T17:12:56.646+0000] {dagbag.py:587} INFO - Filling up the DagBag from /home/airflow/.local/lib/python3.12/site-packages/airflow/example_dags/example_latest_only_with_trigger.py
[2024-08-27T17:12:56.656+0000] {processor.py:925} INFO - DAG(s) 'latest_only_with_trigger' retrieved from /home/airflow/.local/lib/python3.12/site-packages/airflow/example_dags/example_latest_only_with_trigger.py
[2024-08-27T17:12:56.696+0000] {logging_mixin.py:190} INFO - [2024-08-27T17:12:56.696+0000] {dag.py:3211} INFO - Sync 1 DAGs
[2024-08-27T17:12:56.752+0000] {logging_mixin.py:190} INFO - [2024-08-27T17:12:56.752+0000] {dag.py:4138} INFO - Setting next_dagrun for latest_only_with_trigger to 2024-08-27 12:00:00+00:00, run_after=2024-08-27 16:00:00+00:00
[2024-08-27T17:12:56.793+0000] {processor.py:208} INFO - Processing /home/airflow/.local/lib/python3.12/site-packages/airflow/example_dags/example_latest_only_with_trigger.py took 0.160 seconds
[2024-08-27T17:13:27.123+0000] {processor.py:186} INFO - Started process (PID=1120) to work on /home/airflow/.local/lib/python3.12/site-packages/airflow/example_dags/example_latest_only_with_trigger.py
[2024-08-27T17:13:27.125+0000] {processor.py:914} INFO - Processing file /home/airflow/.local/lib/python3.12/site-packages/airflow/example_dags/example_latest_only_with_trigger.py for tasks to queue
[2024-08-27T17:13:27.131+0000] {logging_mixin.py:190} INFO - [2024-08-27T17:13:27.131+0000] {dagbag.py:587} INFO - Filling up the DagBag from /home/airflow/.local/lib/python3.12/site-packages/airflow/example_dags/example_latest_only_with_trigger.py
[2024-08-27T17:13:27.147+0000] {processor.py:925} INFO - DAG(s) 'latest_only_with_trigger' retrieved from /home/airflow/.local/lib/python3.12/site-packages/airflow/example_dags/example_latest_only_with_trigger.py
[2024-08-27T17:13:27.188+0000] {logging_mixin.py:190} INFO - [2024-08-27T17:13:27.188+0000] {dag.py:3211} INFO - Sync 1 DAGs
[2024-08-27T17:13:27.235+0000] {logging_mixin.py:190} INFO - [2024-08-27T17:13:27.234+0000] {dag.py:4138} INFO - Setting next_dagrun for latest_only_with_trigger to 2024-08-27 12:00:00+00:00, run_after=2024-08-27 16:00:00+00:00
[2024-08-27T17:13:27.284+0000] {processor.py:208} INFO - Processing /home/airflow/.local/lib/python3.12/site-packages/airflow/example_dags/example_latest_only_with_trigger.py took 0.172 seconds
[2024-08-27T17:13:57.603+0000] {processor.py:186} INFO - Started process (PID=1182) to work on /home/airflow/.local/lib/python3.12/site-packages/airflow/example_dags/example_latest_only_with_trigger.py
[2024-08-27T17:13:57.604+0000] {processor.py:914} INFO - Processing file /home/airflow/.local/lib/python3.12/site-packages/airflow/example_dags/example_latest_only_with_trigger.py for tasks to queue
[2024-08-27T17:13:57.609+0000] {logging_mixin.py:190} INFO - [2024-08-27T17:13:57.608+0000] {dagbag.py:587} INFO - Filling up the DagBag from /home/airflow/.local/lib/python3.12/site-packages/airflow/example_dags/example_latest_only_with_trigger.py
[2024-08-27T17:13:57.620+0000] {processor.py:925} INFO - DAG(s) 'latest_only_with_trigger' retrieved from /home/airflow/.local/lib/python3.12/site-packages/airflow/example_dags/example_latest_only_with_trigger.py
[2024-08-27T17:13:57.670+0000] {logging_mixin.py:190} INFO - [2024-08-27T17:13:57.670+0000] {dag.py:3211} INFO - Sync 1 DAGs
[2024-08-27T17:13:57.710+0000] {logging_mixin.py:190} INFO - [2024-08-27T17:13:57.710+0000] {dag.py:4138} INFO - Setting next_dagrun for latest_only_with_trigger to 2024-08-27 12:00:00+00:00, run_after=2024-08-27 16:00:00+00:00
[2024-08-27T17:13:57.751+0000] {processor.py:208} INFO - Processing /home/airflow/.local/lib/python3.12/site-packages/airflow/example_dags/example_latest_only_with_trigger.py took 0.159 seconds
[2024-08-27T17:14:28.232+0000] {processor.py:186} INFO - Started process (PID=1244) to work on /home/airflow/.local/lib/python3.12/site-packages/airflow/example_dags/example_latest_only_with_trigger.py
[2024-08-27T17:14:28.233+0000] {processor.py:914} INFO - Processing file /home/airflow/.local/lib/python3.12/site-packages/airflow/example_dags/example_latest_only_with_trigger.py for tasks to queue
[2024-08-27T17:14:28.236+0000] {logging_mixin.py:190} INFO - [2024-08-27T17:14:28.236+0000] {dagbag.py:587} INFO - Filling up the DagBag from /home/airflow/.local/lib/python3.12/site-packages/airflow/example_dags/example_latest_only_with_trigger.py
[2024-08-27T17:14:28.246+0000] {processor.py:925} INFO - DAG(s) 'latest_only_with_trigger' retrieved from /home/airflow/.local/lib/python3.12/site-packages/airflow/example_dags/example_latest_only_with_trigger.py
[2024-08-27T17:14:28.282+0000] {logging_mixin.py:190} INFO - [2024-08-27T17:14:28.281+0000] {dag.py:3211} INFO - Sync 1 DAGs
[2024-08-27T17:14:28.312+0000] {logging_mixin.py:190} INFO - [2024-08-27T17:14:28.312+0000] {dag.py:4138} INFO - Setting next_dagrun for latest_only_with_trigger to 2024-08-27 12:00:00+00:00, run_after=2024-08-27 16:00:00+00:00
[2024-08-27T17:14:28.340+0000] {processor.py:208} INFO - Processing /home/airflow/.local/lib/python3.12/site-packages/airflow/example_dags/example_latest_only_with_trigger.py took 0.117 seconds
[2024-08-27T17:14:59.066+0000] {processor.py:186} INFO - Started process (PID=1306) to work on /home/airflow/.local/lib/python3.12/site-packages/airflow/example_dags/example_latest_only_with_trigger.py
[2024-08-27T17:14:59.068+0000] {processor.py:914} INFO - Processing file /home/airflow/.local/lib/python3.12/site-packages/airflow/example_dags/example_latest_only_with_trigger.py for tasks to queue
[2024-08-27T17:14:59.073+0000] {logging_mixin.py:190} INFO - [2024-08-27T17:14:59.072+0000] {dagbag.py:587} INFO - Filling up the DagBag from /home/airflow/.local/lib/python3.12/site-packages/airflow/example_dags/example_latest_only_with_trigger.py
[2024-08-27T17:14:59.091+0000] {processor.py:925} INFO - DAG(s) 'latest_only_with_trigger' retrieved from /home/airflow/.local/lib/python3.12/site-packages/airflow/example_dags/example_latest_only_with_trigger.py
[2024-08-27T17:14:59.133+0000] {logging_mixin.py:190} INFO - [2024-08-27T17:14:59.132+0000] {dag.py:3211} INFO - Sync 1 DAGs
[2024-08-27T17:14:59.171+0000] {logging_mixin.py:190} INFO - [2024-08-27T17:14:59.171+0000] {dag.py:4138} INFO - Setting next_dagrun for latest_only_with_trigger to 2024-08-27 12:00:00+00:00, run_after=2024-08-27 16:00:00+00:00
[2024-08-27T17:14:59.210+0000] {processor.py:208} INFO - Processing /home/airflow/.local/lib/python3.12/site-packages/airflow/example_dags/example_latest_only_with_trigger.py took 0.158 seconds
[2024-08-27T17:15:29.960+0000] {processor.py:186} INFO - Started process (PID=1368) to work on /home/airflow/.local/lib/python3.12/site-packages/airflow/example_dags/example_latest_only_with_trigger.py
[2024-08-27T17:15:29.962+0000] {processor.py:914} INFO - Processing file /home/airflow/.local/lib/python3.12/site-packages/airflow/example_dags/example_latest_only_with_trigger.py for tasks to queue
[2024-08-27T17:15:29.965+0000] {logging_mixin.py:190} INFO - [2024-08-27T17:15:29.965+0000] {dagbag.py:587} INFO - Filling up the DagBag from /home/airflow/.local/lib/python3.12/site-packages/airflow/example_dags/example_latest_only_with_trigger.py
[2024-08-27T17:15:29.976+0000] {processor.py:925} INFO - DAG(s) 'latest_only_with_trigger' retrieved from /home/airflow/.local/lib/python3.12/site-packages/airflow/example_dags/example_latest_only_with_trigger.py
[2024-08-27T17:15:30.009+0000] {logging_mixin.py:190} INFO - [2024-08-27T17:15:30.008+0000] {dag.py:3211} INFO - Sync 1 DAGs
[2024-08-27T17:15:30.041+0000] {logging_mixin.py:190} INFO - [2024-08-27T17:15:30.041+0000] {dag.py:4138} INFO - Setting next_dagrun for latest_only_with_trigger to 2024-08-27 12:00:00+00:00, run_after=2024-08-27 16:00:00+00:00
[2024-08-27T17:15:30.070+0000] {processor.py:208} INFO - Processing /home/airflow/.local/lib/python3.12/site-packages/airflow/example_dags/example_latest_only_with_trigger.py took 0.118 seconds
[2024-08-27T17:16:00.558+0000] {processor.py:186} INFO - Started process (PID=1430) to work on /home/airflow/.local/lib/python3.12/site-packages/airflow/example_dags/example_latest_only_with_trigger.py
[2024-08-27T17:16:00.560+0000] {processor.py:914} INFO - Processing file /home/airflow/.local/lib/python3.12/site-packages/airflow/example_dags/example_latest_only_with_trigger.py for tasks to queue
[2024-08-27T17:16:00.564+0000] {logging_mixin.py:190} INFO - [2024-08-27T17:16:00.563+0000] {dagbag.py:587} INFO - Filling up the DagBag from /home/airflow/.local/lib/python3.12/site-packages/airflow/example_dags/example_latest_only_with_trigger.py
[2024-08-27T17:16:00.578+0000] {processor.py:925} INFO - DAG(s) 'latest_only_with_trigger' retrieved from /home/airflow/.local/lib/python3.12/site-packages/airflow/example_dags/example_latest_only_with_trigger.py
[2024-08-27T17:16:00.610+0000] {logging_mixin.py:190} INFO - [2024-08-27T17:16:00.610+0000] {dag.py:3211} INFO - Sync 1 DAGs
[2024-08-27T17:16:00.649+0000] {logging_mixin.py:190} INFO - [2024-08-27T17:16:00.649+0000] {dag.py:4138} INFO - Setting next_dagrun for latest_only_with_trigger to 2024-08-27 12:00:00+00:00, run_after=2024-08-27 16:00:00+00:00
[2024-08-27T17:16:00.682+0000] {processor.py:208} INFO - Processing /home/airflow/.local/lib/python3.12/site-packages/airflow/example_dags/example_latest_only_with_trigger.py took 0.133 seconds
[2024-08-27T17:16:31.347+0000] {processor.py:186} INFO - Started process (PID=1492) to work on /home/airflow/.local/lib/python3.12/site-packages/airflow/example_dags/example_latest_only_with_trigger.py
[2024-08-27T17:16:31.349+0000] {processor.py:914} INFO - Processing file /home/airflow/.local/lib/python3.12/site-packages/airflow/example_dags/example_latest_only_with_trigger.py for tasks to queue
[2024-08-27T17:16:31.353+0000] {logging_mixin.py:190} INFO - [2024-08-27T17:16:31.352+0000] {dagbag.py:587} INFO - Filling up the DagBag from /home/airflow/.local/lib/python3.12/site-packages/airflow/example_dags/example_latest_only_with_trigger.py
[2024-08-27T17:16:31.365+0000] {processor.py:925} INFO - DAG(s) 'latest_only_with_trigger' retrieved from /home/airflow/.local/lib/python3.12/site-packages/airflow/example_dags/example_latest_only_with_trigger.py
[2024-08-27T17:16:31.396+0000] {logging_mixin.py:190} INFO - [2024-08-27T17:16:31.395+0000] {dag.py:3211} INFO - Sync 1 DAGs
[2024-08-27T17:16:31.431+0000] {logging_mixin.py:190} INFO - [2024-08-27T17:16:31.431+0000] {dag.py:4138} INFO - Setting next_dagrun for latest_only_with_trigger to 2024-08-27 12:00:00+00:00, run_after=2024-08-27 16:00:00+00:00
[2024-08-27T17:16:31.480+0000] {processor.py:208} INFO - Processing /home/airflow/.local/lib/python3.12/site-packages/airflow/example_dags/example_latest_only_with_trigger.py took 0.144 seconds
[2024-08-27T17:17:01.844+0000] {processor.py:186} INFO - Started process (PID=1554) to work on /home/airflow/.local/lib/python3.12/site-packages/airflow/example_dags/example_latest_only_with_trigger.py
[2024-08-27T17:17:01.846+0000] {processor.py:914} INFO - Processing file /home/airflow/.local/lib/python3.12/site-packages/airflow/example_dags/example_latest_only_with_trigger.py for tasks to queue
[2024-08-27T17:17:01.849+0000] {logging_mixin.py:190} INFO - [2024-08-27T17:17:01.849+0000] {dagbag.py:587} INFO - Filling up the DagBag from /home/airflow/.local/lib/python3.12/site-packages/airflow/example_dags/example_latest_only_with_trigger.py
[2024-08-27T17:17:01.863+0000] {processor.py:925} INFO - DAG(s) 'latest_only_with_trigger' retrieved from /home/airflow/.local/lib/python3.12/site-packages/airflow/example_dags/example_latest_only_with_trigger.py
[2024-08-27T17:17:01.903+0000] {logging_mixin.py:190} INFO - [2024-08-27T17:17:01.903+0000] {dag.py:3211} INFO - Sync 1 DAGs
[2024-08-27T17:17:01.941+0000] {logging_mixin.py:190} INFO - [2024-08-27T17:17:01.941+0000] {dag.py:4138} INFO - Setting next_dagrun for latest_only_with_trigger to 2024-08-27 12:00:00+00:00, run_after=2024-08-27 16:00:00+00:00
[2024-08-27T17:17:01.972+0000] {processor.py:208} INFO - Processing /home/airflow/.local/lib/python3.12/site-packages/airflow/example_dags/example_latest_only_with_trigger.py took 0.138 seconds
