[2024-08-27T17:04:53.005+0000] {processor.py:186} INFO - Started process (PID=86) to work on /home/airflow/.local/lib/python3.12/site-packages/airflow/example_dags/example_complex.py
[2024-08-27T17:04:53.007+0000] {processor.py:914} INFO - Processing file /home/airflow/.local/lib/python3.12/site-packages/airflow/example_dags/example_complex.py for tasks to queue
[2024-08-27T17:04:53.011+0000] {logging_mixin.py:190} INFO - [2024-08-27T17:04:53.010+0000] {dagbag.py:587} INFO - Filling up the DagBag from /home/airflow/.local/lib/python3.12/site-packages/airflow/example_dags/example_complex.py
[2024-08-27T17:04:53.036+0000] {processor.py:925} INFO - DAG(s) 'example_complex' retrieved from /home/airflow/.local/lib/python3.12/site-packages/airflow/example_dags/example_complex.py
[2024-08-27T17:04:53.255+0000] {logging_mixin.py:190} INFO - [2024-08-27T17:04:53.255+0000] {override.py:1858} INFO - Created Permission View: can edit on DAG:example_complex
[2024-08-27T17:04:53.280+0000] {logging_mixin.py:190} INFO - [2024-08-27T17:04:53.280+0000] {override.py:1858} INFO - Created Permission View: can read on DAG:example_complex
[2024-08-27T17:04:53.296+0000] {logging_mixin.py:190} INFO - [2024-08-27T17:04:53.296+0000] {override.py:1858} INFO - Created Permission View: can delete on DAG:example_complex
[2024-08-27T17:04:53.297+0000] {logging_mixin.py:190} INFO - [2024-08-27T17:04:53.297+0000] {dag.py:3211} INFO - Sync 1 DAGs
[2024-08-27T17:04:53.329+0000] {logging_mixin.py:190} INFO - [2024-08-27T17:04:53.329+0000] {dag.py:3234} INFO - Creating ORM DAG for example_complex
[2024-08-27T17:04:53.331+0000] {logging_mixin.py:190} INFO - [2024-08-27T17:04:53.331+0000] {dag.py:4138} INFO - Setting next_dagrun for example_complex to None, run_after=None
[2024-08-27T17:04:53.365+0000] {processor.py:208} INFO - Processing /home/airflow/.local/lib/python3.12/site-packages/airflow/example_dags/example_complex.py took 0.371 seconds
[2024-08-27T17:05:23.685+0000] {processor.py:186} INFO - Started process (PID=148) to work on /home/airflow/.local/lib/python3.12/site-packages/airflow/example_dags/example_complex.py
[2024-08-27T17:05:23.687+0000] {processor.py:914} INFO - Processing file /home/airflow/.local/lib/python3.12/site-packages/airflow/example_dags/example_complex.py for tasks to queue
[2024-08-27T17:05:23.691+0000] {logging_mixin.py:190} INFO - [2024-08-27T17:05:23.690+0000] {dagbag.py:587} INFO - Filling up the DagBag from /home/airflow/.local/lib/python3.12/site-packages/airflow/example_dags/example_complex.py
[2024-08-27T17:05:23.717+0000] {processor.py:925} INFO - DAG(s) 'example_complex' retrieved from /home/airflow/.local/lib/python3.12/site-packages/airflow/example_dags/example_complex.py
[2024-08-27T17:05:23.781+0000] {logging_mixin.py:190} INFO - [2024-08-27T17:05:23.781+0000] {dag.py:3211} INFO - Sync 1 DAGs
[2024-08-27T17:05:23.805+0000] {logging_mixin.py:190} INFO - [2024-08-27T17:05:23.805+0000] {dag.py:4138} INFO - Setting next_dagrun for example_complex to None, run_after=None
[2024-08-27T17:05:23.840+0000] {processor.py:208} INFO - Processing /home/airflow/.local/lib/python3.12/site-packages/airflow/example_dags/example_complex.py took 0.170 seconds
[2024-08-27T17:05:54.519+0000] {processor.py:186} INFO - Started process (PID=210) to work on /home/airflow/.local/lib/python3.12/site-packages/airflow/example_dags/example_complex.py
[2024-08-27T17:05:54.523+0000] {processor.py:914} INFO - Processing file /home/airflow/.local/lib/python3.12/site-packages/airflow/example_dags/example_complex.py for tasks to queue
[2024-08-27T17:05:54.528+0000] {logging_mixin.py:190} INFO - [2024-08-27T17:05:54.528+0000] {dagbag.py:587} INFO - Filling up the DagBag from /home/airflow/.local/lib/python3.12/site-packages/airflow/example_dags/example_complex.py
[2024-08-27T17:05:54.555+0000] {processor.py:925} INFO - DAG(s) 'example_complex' retrieved from /home/airflow/.local/lib/python3.12/site-packages/airflow/example_dags/example_complex.py
[2024-08-27T17:05:54.606+0000] {logging_mixin.py:190} INFO - [2024-08-27T17:05:54.606+0000] {dag.py:3211} INFO - Sync 1 DAGs
[2024-08-27T17:05:54.629+0000] {logging_mixin.py:190} INFO - [2024-08-27T17:05:54.629+0000] {dag.py:4138} INFO - Setting next_dagrun for example_complex to None, run_after=None
[2024-08-27T17:05:54.659+0000] {processor.py:208} INFO - Processing /home/airflow/.local/lib/python3.12/site-packages/airflow/example_dags/example_complex.py took 0.152 seconds
[2024-08-27T17:06:25.295+0000] {processor.py:186} INFO - Started process (PID=272) to work on /home/airflow/.local/lib/python3.12/site-packages/airflow/example_dags/example_complex.py
[2024-08-27T17:06:25.297+0000] {processor.py:914} INFO - Processing file /home/airflow/.local/lib/python3.12/site-packages/airflow/example_dags/example_complex.py for tasks to queue
[2024-08-27T17:06:25.302+0000] {logging_mixin.py:190} INFO - [2024-08-27T17:06:25.302+0000] {dagbag.py:587} INFO - Filling up the DagBag from /home/airflow/.local/lib/python3.12/site-packages/airflow/example_dags/example_complex.py
[2024-08-27T17:06:25.334+0000] {processor.py:925} INFO - DAG(s) 'example_complex' retrieved from /home/airflow/.local/lib/python3.12/site-packages/airflow/example_dags/example_complex.py
[2024-08-27T17:06:25.393+0000] {logging_mixin.py:190} INFO - [2024-08-27T17:06:25.393+0000] {dag.py:3211} INFO - Sync 1 DAGs
[2024-08-27T17:06:25.421+0000] {logging_mixin.py:190} INFO - [2024-08-27T17:06:25.421+0000] {dag.py:4138} INFO - Setting next_dagrun for example_complex to None, run_after=None
[2024-08-27T17:06:25.465+0000] {processor.py:208} INFO - Processing /home/airflow/.local/lib/python3.12/site-packages/airflow/example_dags/example_complex.py took 0.203 seconds
[2024-08-27T17:06:55.601+0000] {processor.py:186} INFO - Started process (PID=334) to work on /home/airflow/.local/lib/python3.12/site-packages/airflow/example_dags/example_complex.py
[2024-08-27T17:06:55.604+0000] {processor.py:914} INFO - Processing file /home/airflow/.local/lib/python3.12/site-packages/airflow/example_dags/example_complex.py for tasks to queue
[2024-08-27T17:06:55.617+0000] {logging_mixin.py:190} INFO - [2024-08-27T17:06:55.616+0000] {dagbag.py:587} INFO - Filling up the DagBag from /home/airflow/.local/lib/python3.12/site-packages/airflow/example_dags/example_complex.py
[2024-08-27T17:06:55.647+0000] {processor.py:925} INFO - DAG(s) 'example_complex' retrieved from /home/airflow/.local/lib/python3.12/site-packages/airflow/example_dags/example_complex.py
[2024-08-27T17:06:55.731+0000] {logging_mixin.py:190} INFO - [2024-08-27T17:06:55.730+0000] {dag.py:3211} INFO - Sync 1 DAGs
[2024-08-27T17:06:55.770+0000] {logging_mixin.py:190} INFO - [2024-08-27T17:06:55.770+0000] {dag.py:4138} INFO - Setting next_dagrun for example_complex to None, run_after=None
[2024-08-27T17:06:55.807+0000] {processor.py:208} INFO - Processing /home/airflow/.local/lib/python3.12/site-packages/airflow/example_dags/example_complex.py took 0.217 seconds
[2024-08-27T17:07:26.211+0000] {processor.py:186} INFO - Started process (PID=395) to work on /home/airflow/.local/lib/python3.12/site-packages/airflow/example_dags/example_complex.py
[2024-08-27T17:07:26.213+0000] {processor.py:914} INFO - Processing file /home/airflow/.local/lib/python3.12/site-packages/airflow/example_dags/example_complex.py for tasks to queue
[2024-08-27T17:07:26.217+0000] {logging_mixin.py:190} INFO - [2024-08-27T17:07:26.217+0000] {dagbag.py:587} INFO - Filling up the DagBag from /home/airflow/.local/lib/python3.12/site-packages/airflow/example_dags/example_complex.py
[2024-08-27T17:07:26.252+0000] {processor.py:925} INFO - DAG(s) 'example_complex' retrieved from /home/airflow/.local/lib/python3.12/site-packages/airflow/example_dags/example_complex.py
[2024-08-27T17:07:26.329+0000] {logging_mixin.py:190} INFO - [2024-08-27T17:07:26.329+0000] {dag.py:3211} INFO - Sync 1 DAGs
[2024-08-27T17:07:26.368+0000] {logging_mixin.py:190} INFO - [2024-08-27T17:07:26.368+0000] {dag.py:4138} INFO - Setting next_dagrun for example_complex to None, run_after=None
[2024-08-27T17:07:26.415+0000] {processor.py:208} INFO - Processing /home/airflow/.local/lib/python3.12/site-packages/airflow/example_dags/example_complex.py took 0.213 seconds
[2024-08-27T17:07:56.507+0000] {processor.py:186} INFO - Started process (PID=457) to work on /home/airflow/.local/lib/python3.12/site-packages/airflow/example_dags/example_complex.py
[2024-08-27T17:07:56.508+0000] {processor.py:914} INFO - Processing file /home/airflow/.local/lib/python3.12/site-packages/airflow/example_dags/example_complex.py for tasks to queue
[2024-08-27T17:07:56.512+0000] {logging_mixin.py:190} INFO - [2024-08-27T17:07:56.511+0000] {dagbag.py:587} INFO - Filling up the DagBag from /home/airflow/.local/lib/python3.12/site-packages/airflow/example_dags/example_complex.py
[2024-08-27T17:07:56.529+0000] {processor.py:925} INFO - DAG(s) 'example_complex' retrieved from /home/airflow/.local/lib/python3.12/site-packages/airflow/example_dags/example_complex.py
[2024-08-27T17:07:56.586+0000] {logging_mixin.py:190} INFO - [2024-08-27T17:07:56.585+0000] {dag.py:3211} INFO - Sync 1 DAGs
[2024-08-27T17:07:56.607+0000] {logging_mixin.py:190} INFO - [2024-08-27T17:07:56.606+0000] {dag.py:4138} INFO - Setting next_dagrun for example_complex to None, run_after=None
[2024-08-27T17:07:56.639+0000] {processor.py:208} INFO - Processing /home/airflow/.local/lib/python3.12/site-packages/airflow/example_dags/example_complex.py took 0.143 seconds
[2024-08-27T17:08:27.328+0000] {processor.py:186} INFO - Started process (PID=519) to work on /home/airflow/.local/lib/python3.12/site-packages/airflow/example_dags/example_complex.py
[2024-08-27T17:08:27.330+0000] {processor.py:914} INFO - Processing file /home/airflow/.local/lib/python3.12/site-packages/airflow/example_dags/example_complex.py for tasks to queue
[2024-08-27T17:08:27.334+0000] {logging_mixin.py:190} INFO - [2024-08-27T17:08:27.333+0000] {dagbag.py:587} INFO - Filling up the DagBag from /home/airflow/.local/lib/python3.12/site-packages/airflow/example_dags/example_complex.py
[2024-08-27T17:08:27.351+0000] {processor.py:925} INFO - DAG(s) 'example_complex' retrieved from /home/airflow/.local/lib/python3.12/site-packages/airflow/example_dags/example_complex.py
[2024-08-27T17:08:27.407+0000] {logging_mixin.py:190} INFO - [2024-08-27T17:08:27.407+0000] {dag.py:3211} INFO - Sync 1 DAGs
[2024-08-27T17:08:27.437+0000] {logging_mixin.py:190} INFO - [2024-08-27T17:08:27.437+0000] {dag.py:4138} INFO - Setting next_dagrun for example_complex to None, run_after=None
[2024-08-27T17:08:27.476+0000] {processor.py:208} INFO - Processing /home/airflow/.local/lib/python3.12/site-packages/airflow/example_dags/example_complex.py took 0.157 seconds
[2024-08-27T17:08:57.974+0000] {processor.py:186} INFO - Started process (PID=581) to work on /home/airflow/.local/lib/python3.12/site-packages/airflow/example_dags/example_complex.py
[2024-08-27T17:08:57.976+0000] {processor.py:914} INFO - Processing file /home/airflow/.local/lib/python3.12/site-packages/airflow/example_dags/example_complex.py for tasks to queue
[2024-08-27T17:08:57.980+0000] {logging_mixin.py:190} INFO - [2024-08-27T17:08:57.980+0000] {dagbag.py:587} INFO - Filling up the DagBag from /home/airflow/.local/lib/python3.12/site-packages/airflow/example_dags/example_complex.py
[2024-08-27T17:08:58.001+0000] {processor.py:925} INFO - DAG(s) 'example_complex' retrieved from /home/airflow/.local/lib/python3.12/site-packages/airflow/example_dags/example_complex.py
[2024-08-27T17:08:58.055+0000] {logging_mixin.py:190} INFO - [2024-08-27T17:08:58.054+0000] {dag.py:3211} INFO - Sync 1 DAGs
[2024-08-27T17:08:58.077+0000] {logging_mixin.py:190} INFO - [2024-08-27T17:08:58.076+0000] {dag.py:4138} INFO - Setting next_dagrun for example_complex to None, run_after=None
[2024-08-27T17:08:58.107+0000] {processor.py:208} INFO - Processing /home/airflow/.local/lib/python3.12/site-packages/airflow/example_dags/example_complex.py took 0.144 seconds
[2024-08-27T17:09:28.539+0000] {processor.py:186} INFO - Started process (PID=643) to work on /home/airflow/.local/lib/python3.12/site-packages/airflow/example_dags/example_complex.py
[2024-08-27T17:09:28.540+0000] {processor.py:914} INFO - Processing file /home/airflow/.local/lib/python3.12/site-packages/airflow/example_dags/example_complex.py for tasks to queue
[2024-08-27T17:09:28.545+0000] {logging_mixin.py:190} INFO - [2024-08-27T17:09:28.544+0000] {dagbag.py:587} INFO - Filling up the DagBag from /home/airflow/.local/lib/python3.12/site-packages/airflow/example_dags/example_complex.py
[2024-08-27T17:09:28.568+0000] {processor.py:925} INFO - DAG(s) 'example_complex' retrieved from /home/airflow/.local/lib/python3.12/site-packages/airflow/example_dags/example_complex.py
[2024-08-27T17:09:28.626+0000] {logging_mixin.py:190} INFO - [2024-08-27T17:09:28.625+0000] {dag.py:3211} INFO - Sync 1 DAGs
[2024-08-27T17:09:28.649+0000] {logging_mixin.py:190} INFO - [2024-08-27T17:09:28.649+0000] {dag.py:4138} INFO - Setting next_dagrun for example_complex to None, run_after=None
[2024-08-27T17:09:28.678+0000] {processor.py:208} INFO - Processing /home/airflow/.local/lib/python3.12/site-packages/airflow/example_dags/example_complex.py took 0.150 seconds
[2024-08-27T17:09:59.065+0000] {processor.py:186} INFO - Started process (PID=705) to work on /home/airflow/.local/lib/python3.12/site-packages/airflow/example_dags/example_complex.py
[2024-08-27T17:09:59.067+0000] {processor.py:914} INFO - Processing file /home/airflow/.local/lib/python3.12/site-packages/airflow/example_dags/example_complex.py for tasks to queue
[2024-08-27T17:09:59.071+0000] {logging_mixin.py:190} INFO - [2024-08-27T17:09:59.070+0000] {dagbag.py:587} INFO - Filling up the DagBag from /home/airflow/.local/lib/python3.12/site-packages/airflow/example_dags/example_complex.py
[2024-08-27T17:09:59.090+0000] {processor.py:925} INFO - DAG(s) 'example_complex' retrieved from /home/airflow/.local/lib/python3.12/site-packages/airflow/example_dags/example_complex.py
[2024-08-27T17:09:59.149+0000] {logging_mixin.py:190} INFO - [2024-08-27T17:09:59.149+0000] {dag.py:3211} INFO - Sync 1 DAGs
[2024-08-27T17:09:59.172+0000] {logging_mixin.py:190} INFO - [2024-08-27T17:09:59.171+0000] {dag.py:4138} INFO - Setting next_dagrun for example_complex to None, run_after=None
[2024-08-27T17:09:59.204+0000] {processor.py:208} INFO - Processing /home/airflow/.local/lib/python3.12/site-packages/airflow/example_dags/example_complex.py took 0.147 seconds
[2024-08-27T17:10:29.692+0000] {processor.py:186} INFO - Started process (PID=767) to work on /home/airflow/.local/lib/python3.12/site-packages/airflow/example_dags/example_complex.py
[2024-08-27T17:10:29.694+0000] {processor.py:914} INFO - Processing file /home/airflow/.local/lib/python3.12/site-packages/airflow/example_dags/example_complex.py for tasks to queue
[2024-08-27T17:10:29.711+0000] {logging_mixin.py:190} INFO - [2024-08-27T17:10:29.709+0000] {dagbag.py:587} INFO - Filling up the DagBag from /home/airflow/.local/lib/python3.12/site-packages/airflow/example_dags/example_complex.py
[2024-08-27T17:10:29.744+0000] {processor.py:925} INFO - DAG(s) 'example_complex' retrieved from /home/airflow/.local/lib/python3.12/site-packages/airflow/example_dags/example_complex.py
[2024-08-27T17:10:29.809+0000] {logging_mixin.py:190} INFO - [2024-08-27T17:10:29.808+0000] {dag.py:3211} INFO - Sync 1 DAGs
[2024-08-27T17:10:29.834+0000] {logging_mixin.py:190} INFO - [2024-08-27T17:10:29.834+0000] {dag.py:4138} INFO - Setting next_dagrun for example_complex to None, run_after=None
[2024-08-27T17:10:29.879+0000] {processor.py:208} INFO - Processing /home/airflow/.local/lib/python3.12/site-packages/airflow/example_dags/example_complex.py took 0.204 seconds
[2024-08-27T17:11:00.083+0000] {processor.py:186} INFO - Started process (PID=829) to work on /home/airflow/.local/lib/python3.12/site-packages/airflow/example_dags/example_complex.py
[2024-08-27T17:11:00.085+0000] {processor.py:914} INFO - Processing file /home/airflow/.local/lib/python3.12/site-packages/airflow/example_dags/example_complex.py for tasks to queue
[2024-08-27T17:11:00.089+0000] {logging_mixin.py:190} INFO - [2024-08-27T17:11:00.089+0000] {dagbag.py:587} INFO - Filling up the DagBag from /home/airflow/.local/lib/python3.12/site-packages/airflow/example_dags/example_complex.py
[2024-08-27T17:11:00.115+0000] {processor.py:925} INFO - DAG(s) 'example_complex' retrieved from /home/airflow/.local/lib/python3.12/site-packages/airflow/example_dags/example_complex.py
[2024-08-27T17:11:00.176+0000] {logging_mixin.py:190} INFO - [2024-08-27T17:11:00.175+0000] {dag.py:3211} INFO - Sync 1 DAGs
[2024-08-27T17:11:00.199+0000] {logging_mixin.py:190} INFO - [2024-08-27T17:11:00.198+0000] {dag.py:4138} INFO - Setting next_dagrun for example_complex to None, run_after=None
[2024-08-27T17:11:00.233+0000] {processor.py:208} INFO - Processing /home/airflow/.local/lib/python3.12/site-packages/airflow/example_dags/example_complex.py took 0.160 seconds
[2024-08-27T17:11:30.323+0000] {processor.py:186} INFO - Started process (PID=890) to work on /home/airflow/.local/lib/python3.12/site-packages/airflow/example_dags/example_complex.py
[2024-08-27T17:11:30.325+0000] {processor.py:914} INFO - Processing file /home/airflow/.local/lib/python3.12/site-packages/airflow/example_dags/example_complex.py for tasks to queue
[2024-08-27T17:11:30.330+0000] {logging_mixin.py:190} INFO - [2024-08-27T17:11:30.329+0000] {dagbag.py:587} INFO - Filling up the DagBag from /home/airflow/.local/lib/python3.12/site-packages/airflow/example_dags/example_complex.py
[2024-08-27T17:11:30.352+0000] {processor.py:925} INFO - DAG(s) 'example_complex' retrieved from /home/airflow/.local/lib/python3.12/site-packages/airflow/example_dags/example_complex.py
[2024-08-27T17:11:30.417+0000] {logging_mixin.py:190} INFO - [2024-08-27T17:11:30.416+0000] {dag.py:3211} INFO - Sync 1 DAGs
[2024-08-27T17:11:30.447+0000] {logging_mixin.py:190} INFO - [2024-08-27T17:11:30.447+0000] {dag.py:4138} INFO - Setting next_dagrun for example_complex to None, run_after=None
[2024-08-27T17:11:30.490+0000] {processor.py:208} INFO - Processing /home/airflow/.local/lib/python3.12/site-packages/airflow/example_dags/example_complex.py took 0.176 seconds
[2024-08-27T17:12:01.060+0000] {processor.py:186} INFO - Started process (PID=952) to work on /home/airflow/.local/lib/python3.12/site-packages/airflow/example_dags/example_complex.py
[2024-08-27T17:12:01.062+0000] {processor.py:914} INFO - Processing file /home/airflow/.local/lib/python3.12/site-packages/airflow/example_dags/example_complex.py for tasks to queue
[2024-08-27T17:12:01.067+0000] {logging_mixin.py:190} INFO - [2024-08-27T17:12:01.066+0000] {dagbag.py:587} INFO - Filling up the DagBag from /home/airflow/.local/lib/python3.12/site-packages/airflow/example_dags/example_complex.py
[2024-08-27T17:12:01.089+0000] {processor.py:925} INFO - DAG(s) 'example_complex' retrieved from /home/airflow/.local/lib/python3.12/site-packages/airflow/example_dags/example_complex.py
[2024-08-27T17:12:01.143+0000] {logging_mixin.py:190} INFO - [2024-08-27T17:12:01.142+0000] {dag.py:3211} INFO - Sync 1 DAGs
[2024-08-27T17:12:01.163+0000] {logging_mixin.py:190} INFO - [2024-08-27T17:12:01.163+0000] {dag.py:4138} INFO - Setting next_dagrun for example_complex to None, run_after=None
[2024-08-27T17:12:01.198+0000] {processor.py:208} INFO - Processing /home/airflow/.local/lib/python3.12/site-packages/airflow/example_dags/example_complex.py took 0.149 seconds
[2024-08-27T17:12:31.621+0000] {processor.py:186} INFO - Started process (PID=1014) to work on /home/airflow/.local/lib/python3.12/site-packages/airflow/example_dags/example_complex.py
[2024-08-27T17:12:31.622+0000] {processor.py:914} INFO - Processing file /home/airflow/.local/lib/python3.12/site-packages/airflow/example_dags/example_complex.py for tasks to queue
[2024-08-27T17:12:31.626+0000] {logging_mixin.py:190} INFO - [2024-08-27T17:12:31.626+0000] {dagbag.py:587} INFO - Filling up the DagBag from /home/airflow/.local/lib/python3.12/site-packages/airflow/example_dags/example_complex.py
[2024-08-27T17:12:31.651+0000] {processor.py:925} INFO - DAG(s) 'example_complex' retrieved from /home/airflow/.local/lib/python3.12/site-packages/airflow/example_dags/example_complex.py
[2024-08-27T17:12:31.714+0000] {logging_mixin.py:190} INFO - [2024-08-27T17:12:31.713+0000] {dag.py:3211} INFO - Sync 1 DAGs
[2024-08-27T17:12:31.742+0000] {logging_mixin.py:190} INFO - [2024-08-27T17:12:31.742+0000] {dag.py:4138} INFO - Setting next_dagrun for example_complex to None, run_after=None
[2024-08-27T17:12:31.780+0000] {processor.py:208} INFO - Processing /home/airflow/.local/lib/python3.12/site-packages/airflow/example_dags/example_complex.py took 0.169 seconds
[2024-08-27T17:13:02.876+0000] {processor.py:186} INFO - Started process (PID=1083) to work on /home/airflow/.local/lib/python3.12/site-packages/airflow/example_dags/example_complex.py
[2024-08-27T17:13:02.878+0000] {processor.py:914} INFO - Processing file /home/airflow/.local/lib/python3.12/site-packages/airflow/example_dags/example_complex.py for tasks to queue
[2024-08-27T17:13:02.882+0000] {logging_mixin.py:190} INFO - [2024-08-27T17:13:02.882+0000] {dagbag.py:587} INFO - Filling up the DagBag from /home/airflow/.local/lib/python3.12/site-packages/airflow/example_dags/example_complex.py
[2024-08-27T17:13:02.928+0000] {processor.py:925} INFO - DAG(s) 'example_complex' retrieved from /home/airflow/.local/lib/python3.12/site-packages/airflow/example_dags/example_complex.py
[2024-08-27T17:13:03.004+0000] {logging_mixin.py:190} INFO - [2024-08-27T17:13:03.003+0000] {dag.py:3211} INFO - Sync 1 DAGs
[2024-08-27T17:13:03.025+0000] {logging_mixin.py:190} INFO - [2024-08-27T17:13:03.025+0000] {dag.py:4138} INFO - Setting next_dagrun for example_complex to None, run_after=None
[2024-08-27T17:13:03.054+0000] {processor.py:208} INFO - Processing /home/airflow/.local/lib/python3.12/site-packages/airflow/example_dags/example_complex.py took 0.188 seconds
[2024-08-27T17:13:33.442+0000] {processor.py:186} INFO - Started process (PID=1145) to work on /home/airflow/.local/lib/python3.12/site-packages/airflow/example_dags/example_complex.py
[2024-08-27T17:13:33.443+0000] {processor.py:914} INFO - Processing file /home/airflow/.local/lib/python3.12/site-packages/airflow/example_dags/example_complex.py for tasks to queue
[2024-08-27T17:13:33.447+0000] {logging_mixin.py:190} INFO - [2024-08-27T17:13:33.446+0000] {dagbag.py:587} INFO - Filling up the DagBag from /home/airflow/.local/lib/python3.12/site-packages/airflow/example_dags/example_complex.py
[2024-08-27T17:13:33.468+0000] {processor.py:925} INFO - DAG(s) 'example_complex' retrieved from /home/airflow/.local/lib/python3.12/site-packages/airflow/example_dags/example_complex.py
[2024-08-27T17:13:33.520+0000] {logging_mixin.py:190} INFO - [2024-08-27T17:13:33.519+0000] {dag.py:3211} INFO - Sync 1 DAGs
[2024-08-27T17:13:33.541+0000] {logging_mixin.py:190} INFO - [2024-08-27T17:13:33.541+0000] {dag.py:4138} INFO - Setting next_dagrun for example_complex to None, run_after=None
[2024-08-27T17:13:33.572+0000] {processor.py:208} INFO - Processing /home/airflow/.local/lib/python3.12/site-packages/airflow/example_dags/example_complex.py took 0.140 seconds
[2024-08-27T17:14:04.125+0000] {processor.py:186} INFO - Started process (PID=1207) to work on /home/airflow/.local/lib/python3.12/site-packages/airflow/example_dags/example_complex.py
[2024-08-27T17:14:04.127+0000] {processor.py:914} INFO - Processing file /home/airflow/.local/lib/python3.12/site-packages/airflow/example_dags/example_complex.py for tasks to queue
[2024-08-27T17:14:04.131+0000] {logging_mixin.py:190} INFO - [2024-08-27T17:14:04.131+0000] {dagbag.py:587} INFO - Filling up the DagBag from /home/airflow/.local/lib/python3.12/site-packages/airflow/example_dags/example_complex.py
[2024-08-27T17:14:04.154+0000] {processor.py:925} INFO - DAG(s) 'example_complex' retrieved from /home/airflow/.local/lib/python3.12/site-packages/airflow/example_dags/example_complex.py
[2024-08-27T17:14:04.216+0000] {logging_mixin.py:190} INFO - [2024-08-27T17:14:04.215+0000] {dag.py:3211} INFO - Sync 1 DAGs
[2024-08-27T17:14:04.246+0000] {logging_mixin.py:190} INFO - [2024-08-27T17:14:04.245+0000] {dag.py:4138} INFO - Setting next_dagrun for example_complex to None, run_after=None
[2024-08-27T17:14:04.284+0000] {processor.py:208} INFO - Processing /home/airflow/.local/lib/python3.12/site-packages/airflow/example_dags/example_complex.py took 0.170 seconds
[2024-08-27T17:14:34.875+0000] {processor.py:186} INFO - Started process (PID=1269) to work on /home/airflow/.local/lib/python3.12/site-packages/airflow/example_dags/example_complex.py
[2024-08-27T17:14:34.877+0000] {processor.py:914} INFO - Processing file /home/airflow/.local/lib/python3.12/site-packages/airflow/example_dags/example_complex.py for tasks to queue
[2024-08-27T17:14:34.881+0000] {logging_mixin.py:190} INFO - [2024-08-27T17:14:34.881+0000] {dagbag.py:587} INFO - Filling up the DagBag from /home/airflow/.local/lib/python3.12/site-packages/airflow/example_dags/example_complex.py
[2024-08-27T17:14:34.907+0000] {processor.py:925} INFO - DAG(s) 'example_complex' retrieved from /home/airflow/.local/lib/python3.12/site-packages/airflow/example_dags/example_complex.py
[2024-08-27T17:14:34.973+0000] {logging_mixin.py:190} INFO - [2024-08-27T17:14:34.972+0000] {dag.py:3211} INFO - Sync 1 DAGs
[2024-08-27T17:14:34.998+0000] {logging_mixin.py:190} INFO - [2024-08-27T17:14:34.998+0000] {dag.py:4138} INFO - Setting next_dagrun for example_complex to None, run_after=None
[2024-08-27T17:14:35.033+0000] {processor.py:208} INFO - Processing /home/airflow/.local/lib/python3.12/site-packages/airflow/example_dags/example_complex.py took 0.168 seconds
[2024-08-27T17:15:05.239+0000] {processor.py:186} INFO - Started process (PID=1331) to work on /home/airflow/.local/lib/python3.12/site-packages/airflow/example_dags/example_complex.py
[2024-08-27T17:15:05.240+0000] {processor.py:914} INFO - Processing file /home/airflow/.local/lib/python3.12/site-packages/airflow/example_dags/example_complex.py for tasks to queue
[2024-08-27T17:15:05.245+0000] {logging_mixin.py:190} INFO - [2024-08-27T17:15:05.245+0000] {dagbag.py:587} INFO - Filling up the DagBag from /home/airflow/.local/lib/python3.12/site-packages/airflow/example_dags/example_complex.py
[2024-08-27T17:15:05.266+0000] {processor.py:925} INFO - DAG(s) 'example_complex' retrieved from /home/airflow/.local/lib/python3.12/site-packages/airflow/example_dags/example_complex.py
[2024-08-27T17:15:05.321+0000] {logging_mixin.py:190} INFO - [2024-08-27T17:15:05.321+0000] {dag.py:3211} INFO - Sync 1 DAGs
[2024-08-27T17:15:05.343+0000] {logging_mixin.py:190} INFO - [2024-08-27T17:15:05.342+0000] {dag.py:4138} INFO - Setting next_dagrun for example_complex to None, run_after=None
[2024-08-27T17:15:05.381+0000] {processor.py:208} INFO - Processing /home/airflow/.local/lib/python3.12/site-packages/airflow/example_dags/example_complex.py took 0.152 seconds
[2024-08-27T17:15:36.129+0000] {processor.py:186} INFO - Started process (PID=1393) to work on /home/airflow/.local/lib/python3.12/site-packages/airflow/example_dags/example_complex.py
[2024-08-27T17:15:36.130+0000] {processor.py:914} INFO - Processing file /home/airflow/.local/lib/python3.12/site-packages/airflow/example_dags/example_complex.py for tasks to queue
[2024-08-27T17:15:36.134+0000] {logging_mixin.py:190} INFO - [2024-08-27T17:15:36.133+0000] {dagbag.py:587} INFO - Filling up the DagBag from /home/airflow/.local/lib/python3.12/site-packages/airflow/example_dags/example_complex.py
[2024-08-27T17:15:36.153+0000] {processor.py:925} INFO - DAG(s) 'example_complex' retrieved from /home/airflow/.local/lib/python3.12/site-packages/airflow/example_dags/example_complex.py
[2024-08-27T17:15:36.210+0000] {logging_mixin.py:190} INFO - [2024-08-27T17:15:36.209+0000] {dag.py:3211} INFO - Sync 1 DAGs
[2024-08-27T17:15:36.235+0000] {logging_mixin.py:190} INFO - [2024-08-27T17:15:36.234+0000] {dag.py:4138} INFO - Setting next_dagrun for example_complex to None, run_after=None
[2024-08-27T17:15:36.271+0000] {processor.py:208} INFO - Processing /home/airflow/.local/lib/python3.12/site-packages/airflow/example_dags/example_complex.py took 0.154 seconds
[2024-08-27T17:16:06.923+0000] {processor.py:186} INFO - Started process (PID=1455) to work on /home/airflow/.local/lib/python3.12/site-packages/airflow/example_dags/example_complex.py
[2024-08-27T17:16:06.924+0000] {processor.py:914} INFO - Processing file /home/airflow/.local/lib/python3.12/site-packages/airflow/example_dags/example_complex.py for tasks to queue
[2024-08-27T17:16:06.928+0000] {logging_mixin.py:190} INFO - [2024-08-27T17:16:06.927+0000] {dagbag.py:587} INFO - Filling up the DagBag from /home/airflow/.local/lib/python3.12/site-packages/airflow/example_dags/example_complex.py
[2024-08-27T17:16:06.947+0000] {processor.py:925} INFO - DAG(s) 'example_complex' retrieved from /home/airflow/.local/lib/python3.12/site-packages/airflow/example_dags/example_complex.py
[2024-08-27T17:16:07.003+0000] {logging_mixin.py:190} INFO - [2024-08-27T17:16:07.003+0000] {dag.py:3211} INFO - Sync 1 DAGs
[2024-08-27T17:16:07.024+0000] {logging_mixin.py:190} INFO - [2024-08-27T17:16:07.023+0000] {dag.py:4138} INFO - Setting next_dagrun for example_complex to None, run_after=None
[2024-08-27T17:16:07.055+0000] {processor.py:208} INFO - Processing /home/airflow/.local/lib/python3.12/site-packages/airflow/example_dags/example_complex.py took 0.142 seconds
[2024-08-27T17:16:37.585+0000] {processor.py:186} INFO - Started process (PID=1517) to work on /home/airflow/.local/lib/python3.12/site-packages/airflow/example_dags/example_complex.py
[2024-08-27T17:16:37.587+0000] {processor.py:914} INFO - Processing file /home/airflow/.local/lib/python3.12/site-packages/airflow/example_dags/example_complex.py for tasks to queue
[2024-08-27T17:16:37.593+0000] {logging_mixin.py:190} INFO - [2024-08-27T17:16:37.592+0000] {dagbag.py:587} INFO - Filling up the DagBag from /home/airflow/.local/lib/python3.12/site-packages/airflow/example_dags/example_complex.py
[2024-08-27T17:16:37.615+0000] {processor.py:925} INFO - DAG(s) 'example_complex' retrieved from /home/airflow/.local/lib/python3.12/site-packages/airflow/example_dags/example_complex.py
[2024-08-27T17:16:37.679+0000] {logging_mixin.py:190} INFO - [2024-08-27T17:16:37.679+0000] {dag.py:3211} INFO - Sync 1 DAGs
[2024-08-27T17:16:37.701+0000] {logging_mixin.py:190} INFO - [2024-08-27T17:16:37.700+0000] {dag.py:4138} INFO - Setting next_dagrun for example_complex to None, run_after=None
[2024-08-27T17:16:37.737+0000] {processor.py:208} INFO - Processing /home/airflow/.local/lib/python3.12/site-packages/airflow/example_dags/example_complex.py took 0.163 seconds
