[2024-08-27T17:04:41.816+0000] {processor.py:186} INFO - Started process (PID=47) to work on /home/airflow/.local/lib/python3.12/site-packages/airflow/example_dags/example_inlet_event_extra.py
[2024-08-27T17:04:41.817+0000] {processor.py:914} INFO - Processing file /home/airflow/.local/lib/python3.12/site-packages/airflow/example_dags/example_inlet_event_extra.py for tasks to queue
[2024-08-27T17:04:41.821+0000] {logging_mixin.py:190} INFO - [2024-08-27T17:04:41.821+0000] {dagbag.py:587} INFO - Filling up the DagBag from /home/airflow/.local/lib/python3.12/site-packages/airflow/example_dags/example_inlet_event_extra.py
[2024-08-27T17:04:42.956+0000] {processor.py:925} INFO - DAG(s) 'read_dataset_event', 'read_dataset_event_from_classic' retrieved from /home/airflow/.local/lib/python3.12/site-packages/airflow/example_dags/example_inlet_event_extra.py
[2024-08-27T17:04:43.125+0000] {logging_mixin.py:190} INFO - [2024-08-27T17:04:43.124+0000] {override.py:1858} INFO - Created Permission View: can edit on DAG:read_dataset_event
[2024-08-27T17:04:43.149+0000] {logging_mixin.py:190} INFO - [2024-08-27T17:04:43.148+0000] {override.py:1858} INFO - Created Permission View: can read on DAG:read_dataset_event
[2024-08-27T17:04:43.162+0000] {logging_mixin.py:190} INFO - [2024-08-27T17:04:43.162+0000] {override.py:1858} INFO - Created Permission View: can delete on DAG:read_dataset_event
[2024-08-27T17:04:43.203+0000] {logging_mixin.py:190} INFO - [2024-08-27T17:04:43.202+0000] {override.py:1858} INFO - Created Permission View: can edit on DAG:read_dataset_event_from_classic
[2024-08-27T17:04:43.218+0000] {logging_mixin.py:190} INFO - [2024-08-27T17:04:43.218+0000] {override.py:1858} INFO - Created Permission View: can read on DAG:read_dataset_event_from_classic
[2024-08-27T17:04:43.235+0000] {logging_mixin.py:190} INFO - [2024-08-27T17:04:43.234+0000] {override.py:1858} INFO - Created Permission View: can delete on DAG:read_dataset_event_from_classic
[2024-08-27T17:04:43.236+0000] {logging_mixin.py:190} INFO - [2024-08-27T17:04:43.236+0000] {dag.py:3211} INFO - Sync 2 DAGs
[2024-08-27T17:04:43.260+0000] {logging_mixin.py:190} INFO - [2024-08-27T17:04:43.259+0000] {dag.py:3234} INFO - Creating ORM DAG for read_dataset_event
[2024-08-27T17:04:43.261+0000] {logging_mixin.py:190} INFO - [2024-08-27T17:04:43.261+0000] {dag.py:3234} INFO - Creating ORM DAG for read_dataset_event_from_classic
[2024-08-27T17:04:43.286+0000] {logging_mixin.py:190} INFO - [2024-08-27T17:04:43.286+0000] {dag.py:4138} INFO - Setting next_dagrun for read_dataset_event to 2024-08-26 00:00:00+00:00, run_after=2024-08-27 00:00:00+00:00
[2024-08-27T17:04:43.289+0000] {logging_mixin.py:190} INFO - [2024-08-27T17:04:43.289+0000] {dag.py:4138} INFO - Setting next_dagrun for read_dataset_event_from_classic to 2024-08-26 00:00:00+00:00, run_after=2024-08-27 00:00:00+00:00
[2024-08-27T17:04:43.327+0000] {processor.py:208} INFO - Processing /home/airflow/.local/lib/python3.12/site-packages/airflow/example_dags/example_inlet_event_extra.py took 1.519 seconds
[2024-08-27T17:05:13.651+0000] {processor.py:186} INFO - Started process (PID=110) to work on /home/airflow/.local/lib/python3.12/site-packages/airflow/example_dags/example_inlet_event_extra.py
[2024-08-27T17:05:13.653+0000] {processor.py:914} INFO - Processing file /home/airflow/.local/lib/python3.12/site-packages/airflow/example_dags/example_inlet_event_extra.py for tasks to queue
[2024-08-27T17:05:13.656+0000] {logging_mixin.py:190} INFO - [2024-08-27T17:05:13.656+0000] {dagbag.py:587} INFO - Filling up the DagBag from /home/airflow/.local/lib/python3.12/site-packages/airflow/example_dags/example_inlet_event_extra.py
[2024-08-27T17:05:13.889+0000] {processor.py:925} INFO - DAG(s) 'read_dataset_event', 'read_dataset_event_from_classic' retrieved from /home/airflow/.local/lib/python3.12/site-packages/airflow/example_dags/example_inlet_event_extra.py
[2024-08-27T17:05:13.925+0000] {logging_mixin.py:190} INFO - [2024-08-27T17:05:13.925+0000] {dag.py:3211} INFO - Sync 2 DAGs
[2024-08-27T17:05:13.974+0000] {logging_mixin.py:190} INFO - [2024-08-27T17:05:13.974+0000] {dag.py:4138} INFO - Setting next_dagrun for read_dataset_event to 2024-08-26 00:00:00+00:00, run_after=2024-08-27 00:00:00+00:00
[2024-08-27T17:05:13.983+0000] {logging_mixin.py:190} INFO - [2024-08-27T17:05:13.982+0000] {dag.py:4138} INFO - Setting next_dagrun for read_dataset_event_from_classic to 2024-08-26 00:00:00+00:00, run_after=2024-08-27 00:00:00+00:00
[2024-08-27T17:05:14.015+0000] {processor.py:208} INFO - Processing /home/airflow/.local/lib/python3.12/site-packages/airflow/example_dags/example_inlet_event_extra.py took 0.373 seconds
[2024-08-27T17:05:44.202+0000] {processor.py:186} INFO - Started process (PID=174) to work on /home/airflow/.local/lib/python3.12/site-packages/airflow/example_dags/example_inlet_event_extra.py
[2024-08-27T17:05:44.204+0000] {processor.py:914} INFO - Processing file /home/airflow/.local/lib/python3.12/site-packages/airflow/example_dags/example_inlet_event_extra.py for tasks to queue
[2024-08-27T17:05:44.209+0000] {logging_mixin.py:190} INFO - [2024-08-27T17:05:44.208+0000] {dagbag.py:587} INFO - Filling up the DagBag from /home/airflow/.local/lib/python3.12/site-packages/airflow/example_dags/example_inlet_event_extra.py
[2024-08-27T17:05:44.473+0000] {processor.py:925} INFO - DAG(s) 'read_dataset_event', 'read_dataset_event_from_classic' retrieved from /home/airflow/.local/lib/python3.12/site-packages/airflow/example_dags/example_inlet_event_extra.py
[2024-08-27T17:05:44.507+0000] {logging_mixin.py:190} INFO - [2024-08-27T17:05:44.507+0000] {dag.py:3211} INFO - Sync 2 DAGs
[2024-08-27T17:05:44.552+0000] {logging_mixin.py:190} INFO - [2024-08-27T17:05:44.552+0000] {dag.py:4138} INFO - Setting next_dagrun for read_dataset_event to 2024-08-26 00:00:00+00:00, run_after=2024-08-27 00:00:00+00:00
[2024-08-27T17:05:44.562+0000] {logging_mixin.py:190} INFO - [2024-08-27T17:05:44.561+0000] {dag.py:4138} INFO - Setting next_dagrun for read_dataset_event_from_classic to 2024-08-26 00:00:00+00:00, run_after=2024-08-27 00:00:00+00:00
[2024-08-27T17:05:44.591+0000] {processor.py:208} INFO - Processing /home/airflow/.local/lib/python3.12/site-packages/airflow/example_dags/example_inlet_event_extra.py took 0.399 seconds
[2024-08-27T17:06:14.671+0000] {processor.py:186} INFO - Started process (PID=237) to work on /home/airflow/.local/lib/python3.12/site-packages/airflow/example_dags/example_inlet_event_extra.py
[2024-08-27T17:06:14.673+0000] {processor.py:914} INFO - Processing file /home/airflow/.local/lib/python3.12/site-packages/airflow/example_dags/example_inlet_event_extra.py for tasks to queue
[2024-08-27T17:06:14.678+0000] {logging_mixin.py:190} INFO - [2024-08-27T17:06:14.677+0000] {dagbag.py:587} INFO - Filling up the DagBag from /home/airflow/.local/lib/python3.12/site-packages/airflow/example_dags/example_inlet_event_extra.py
[2024-08-27T17:06:14.926+0000] {processor.py:925} INFO - DAG(s) 'read_dataset_event', 'read_dataset_event_from_classic' retrieved from /home/airflow/.local/lib/python3.12/site-packages/airflow/example_dags/example_inlet_event_extra.py
[2024-08-27T17:06:14.963+0000] {logging_mixin.py:190} INFO - [2024-08-27T17:06:14.962+0000] {dag.py:3211} INFO - Sync 2 DAGs
[2024-08-27T17:06:15.008+0000] {logging_mixin.py:190} INFO - [2024-08-27T17:06:15.007+0000] {dag.py:4138} INFO - Setting next_dagrun for read_dataset_event to 2024-08-26 00:00:00+00:00, run_after=2024-08-27 00:00:00+00:00
[2024-08-27T17:06:15.017+0000] {logging_mixin.py:190} INFO - [2024-08-27T17:06:15.017+0000] {dag.py:4138} INFO - Setting next_dagrun for read_dataset_event_from_classic to 2024-08-26 00:00:00+00:00, run_after=2024-08-27 00:00:00+00:00
[2024-08-27T17:06:15.047+0000] {processor.py:208} INFO - Processing /home/airflow/.local/lib/python3.12/site-packages/airflow/example_dags/example_inlet_event_extra.py took 0.391 seconds
[2024-08-27T17:06:45.615+0000] {processor.py:186} INFO - Started process (PID=301) to work on /home/airflow/.local/lib/python3.12/site-packages/airflow/example_dags/example_inlet_event_extra.py
[2024-08-27T17:06:45.616+0000] {processor.py:914} INFO - Processing file /home/airflow/.local/lib/python3.12/site-packages/airflow/example_dags/example_inlet_event_extra.py for tasks to queue
[2024-08-27T17:06:45.620+0000] {logging_mixin.py:190} INFO - [2024-08-27T17:06:45.619+0000] {dagbag.py:587} INFO - Filling up the DagBag from /home/airflow/.local/lib/python3.12/site-packages/airflow/example_dags/example_inlet_event_extra.py
[2024-08-27T17:06:45.880+0000] {processor.py:925} INFO - DAG(s) 'read_dataset_event_from_classic', 'read_dataset_event' retrieved from /home/airflow/.local/lib/python3.12/site-packages/airflow/example_dags/example_inlet_event_extra.py
[2024-08-27T17:06:45.920+0000] {logging_mixin.py:190} INFO - [2024-08-27T17:06:45.920+0000] {dag.py:3211} INFO - Sync 2 DAGs
[2024-08-27T17:06:46.015+0000] {logging_mixin.py:190} INFO - [2024-08-27T17:06:46.015+0000] {dag.py:4138} INFO - Setting next_dagrun for read_dataset_event to 2024-08-26 00:00:00+00:00, run_after=2024-08-27 00:00:00+00:00
[2024-08-27T17:06:46.024+0000] {logging_mixin.py:190} INFO - [2024-08-27T17:06:46.023+0000] {dag.py:4138} INFO - Setting next_dagrun for read_dataset_event_from_classic to 2024-08-26 00:00:00+00:00, run_after=2024-08-27 00:00:00+00:00
[2024-08-27T17:06:46.068+0000] {processor.py:208} INFO - Processing /home/airflow/.local/lib/python3.12/site-packages/airflow/example_dags/example_inlet_event_extra.py took 0.464 seconds
[2024-08-27T17:07:16.209+0000] {processor.py:186} INFO - Started process (PID=364) to work on /home/airflow/.local/lib/python3.12/site-packages/airflow/example_dags/example_inlet_event_extra.py
[2024-08-27T17:07:16.210+0000] {processor.py:914} INFO - Processing file /home/airflow/.local/lib/python3.12/site-packages/airflow/example_dags/example_inlet_event_extra.py for tasks to queue
[2024-08-27T17:07:16.216+0000] {logging_mixin.py:190} INFO - [2024-08-27T17:07:16.215+0000] {dagbag.py:587} INFO - Filling up the DagBag from /home/airflow/.local/lib/python3.12/site-packages/airflow/example_dags/example_inlet_event_extra.py
[2024-08-27T17:07:16.453+0000] {processor.py:925} INFO - DAG(s) 'read_dataset_event_from_classic', 'read_dataset_event' retrieved from /home/airflow/.local/lib/python3.12/site-packages/airflow/example_dags/example_inlet_event_extra.py
[2024-08-27T17:07:16.488+0000] {logging_mixin.py:190} INFO - [2024-08-27T17:07:16.488+0000] {dag.py:3211} INFO - Sync 2 DAGs
[2024-08-27T17:07:16.525+0000] {logging_mixin.py:190} INFO - [2024-08-27T17:07:16.524+0000] {dag.py:4138} INFO - Setting next_dagrun for read_dataset_event to 2024-08-26 00:00:00+00:00, run_after=2024-08-27 00:00:00+00:00
[2024-08-27T17:07:16.533+0000] {logging_mixin.py:190} INFO - [2024-08-27T17:07:16.532+0000] {dag.py:4138} INFO - Setting next_dagrun for read_dataset_event_from_classic to 2024-08-26 00:00:00+00:00, run_after=2024-08-27 00:00:00+00:00
[2024-08-27T17:07:16.567+0000] {processor.py:208} INFO - Processing /home/airflow/.local/lib/python3.12/site-packages/airflow/example_dags/example_inlet_event_extra.py took 0.368 seconds
[2024-08-27T17:07:46.859+0000] {processor.py:186} INFO - Started process (PID=426) to work on /home/airflow/.local/lib/python3.12/site-packages/airflow/example_dags/example_inlet_event_extra.py
[2024-08-27T17:07:46.860+0000] {processor.py:914} INFO - Processing file /home/airflow/.local/lib/python3.12/site-packages/airflow/example_dags/example_inlet_event_extra.py for tasks to queue
[2024-08-27T17:07:46.864+0000] {logging_mixin.py:190} INFO - [2024-08-27T17:07:46.863+0000] {dagbag.py:587} INFO - Filling up the DagBag from /home/airflow/.local/lib/python3.12/site-packages/airflow/example_dags/example_inlet_event_extra.py
[2024-08-27T17:07:47.101+0000] {processor.py:925} INFO - DAG(s) 'read_dataset_event_from_classic', 'read_dataset_event' retrieved from /home/airflow/.local/lib/python3.12/site-packages/airflow/example_dags/example_inlet_event_extra.py
[2024-08-27T17:07:47.131+0000] {logging_mixin.py:190} INFO - [2024-08-27T17:07:47.131+0000] {dag.py:3211} INFO - Sync 2 DAGs
[2024-08-27T17:07:47.168+0000] {logging_mixin.py:190} INFO - [2024-08-27T17:07:47.168+0000] {dag.py:4138} INFO - Setting next_dagrun for read_dataset_event to 2024-08-26 00:00:00+00:00, run_after=2024-08-27 00:00:00+00:00
[2024-08-27T17:07:47.175+0000] {logging_mixin.py:190} INFO - [2024-08-27T17:07:47.175+0000] {dag.py:4138} INFO - Setting next_dagrun for read_dataset_event_from_classic to 2024-08-26 00:00:00+00:00, run_after=2024-08-27 00:00:00+00:00
[2024-08-27T17:07:47.197+0000] {processor.py:208} INFO - Processing /home/airflow/.local/lib/python3.12/site-packages/airflow/example_dags/example_inlet_event_extra.py took 0.350 seconds
[2024-08-27T17:08:17.350+0000] {processor.py:186} INFO - Started process (PID=485) to work on /home/airflow/.local/lib/python3.12/site-packages/airflow/example_dags/example_inlet_event_extra.py
[2024-08-27T17:08:17.351+0000] {processor.py:914} INFO - Processing file /home/airflow/.local/lib/python3.12/site-packages/airflow/example_dags/example_inlet_event_extra.py for tasks to queue
[2024-08-27T17:08:17.355+0000] {logging_mixin.py:190} INFO - [2024-08-27T17:08:17.355+0000] {dagbag.py:587} INFO - Filling up the DagBag from /home/airflow/.local/lib/python3.12/site-packages/airflow/example_dags/example_inlet_event_extra.py
[2024-08-27T17:08:17.620+0000] {processor.py:925} INFO - DAG(s) 'read_dataset_event_from_classic', 'read_dataset_event' retrieved from /home/airflow/.local/lib/python3.12/site-packages/airflow/example_dags/example_inlet_event_extra.py
[2024-08-27T17:08:17.658+0000] {logging_mixin.py:190} INFO - [2024-08-27T17:08:17.658+0000] {dag.py:3211} INFO - Sync 2 DAGs
[2024-08-27T17:08:17.698+0000] {logging_mixin.py:190} INFO - [2024-08-27T17:08:17.698+0000] {dag.py:4138} INFO - Setting next_dagrun for read_dataset_event to 2024-08-26 00:00:00+00:00, run_after=2024-08-27 00:00:00+00:00
[2024-08-27T17:08:17.706+0000] {logging_mixin.py:190} INFO - [2024-08-27T17:08:17.705+0000] {dag.py:4138} INFO - Setting next_dagrun for read_dataset_event_from_classic to 2024-08-26 00:00:00+00:00, run_after=2024-08-27 00:00:00+00:00
[2024-08-27T17:08:17.731+0000] {processor.py:208} INFO - Processing /home/airflow/.local/lib/python3.12/site-packages/airflow/example_dags/example_inlet_event_extra.py took 0.392 seconds
[2024-08-27T17:08:47.850+0000] {processor.py:186} INFO - Started process (PID=548) to work on /home/airflow/.local/lib/python3.12/site-packages/airflow/example_dags/example_inlet_event_extra.py
[2024-08-27T17:08:47.852+0000] {processor.py:914} INFO - Processing file /home/airflow/.local/lib/python3.12/site-packages/airflow/example_dags/example_inlet_event_extra.py for tasks to queue
[2024-08-27T17:08:47.856+0000] {logging_mixin.py:190} INFO - [2024-08-27T17:08:47.855+0000] {dagbag.py:587} INFO - Filling up the DagBag from /home/airflow/.local/lib/python3.12/site-packages/airflow/example_dags/example_inlet_event_extra.py
[2024-08-27T17:08:48.082+0000] {processor.py:925} INFO - DAG(s) 'read_dataset_event', 'read_dataset_event_from_classic' retrieved from /home/airflow/.local/lib/python3.12/site-packages/airflow/example_dags/example_inlet_event_extra.py
[2024-08-27T17:08:48.117+0000] {logging_mixin.py:190} INFO - [2024-08-27T17:08:48.117+0000] {dag.py:3211} INFO - Sync 2 DAGs
[2024-08-27T17:08:48.158+0000] {logging_mixin.py:190} INFO - [2024-08-27T17:08:48.158+0000] {dag.py:4138} INFO - Setting next_dagrun for read_dataset_event to 2024-08-26 00:00:00+00:00, run_after=2024-08-27 00:00:00+00:00
[2024-08-27T17:08:48.167+0000] {logging_mixin.py:190} INFO - [2024-08-27T17:08:48.166+0000] {dag.py:4138} INFO - Setting next_dagrun for read_dataset_event_from_classic to 2024-08-26 00:00:00+00:00, run_after=2024-08-27 00:00:00+00:00
[2024-08-27T17:08:48.200+0000] {processor.py:208} INFO - Processing /home/airflow/.local/lib/python3.12/site-packages/airflow/example_dags/example_inlet_event_extra.py took 0.361 seconds
[2024-08-27T17:09:18.655+0000] {processor.py:186} INFO - Started process (PID=610) to work on /home/airflow/.local/lib/python3.12/site-packages/airflow/example_dags/example_inlet_event_extra.py
[2024-08-27T17:09:18.657+0000] {processor.py:914} INFO - Processing file /home/airflow/.local/lib/python3.12/site-packages/airflow/example_dags/example_inlet_event_extra.py for tasks to queue
[2024-08-27T17:09:18.661+0000] {logging_mixin.py:190} INFO - [2024-08-27T17:09:18.660+0000] {dagbag.py:587} INFO - Filling up the DagBag from /home/airflow/.local/lib/python3.12/site-packages/airflow/example_dags/example_inlet_event_extra.py
[2024-08-27T17:09:18.990+0000] {processor.py:925} INFO - DAG(s) 'read_dataset_event_from_classic', 'read_dataset_event' retrieved from /home/airflow/.local/lib/python3.12/site-packages/airflow/example_dags/example_inlet_event_extra.py
[2024-08-27T17:09:19.031+0000] {logging_mixin.py:190} INFO - [2024-08-27T17:09:19.031+0000] {dag.py:3211} INFO - Sync 2 DAGs
[2024-08-27T17:09:19.085+0000] {logging_mixin.py:190} INFO - [2024-08-27T17:09:19.084+0000] {dag.py:4138} INFO - Setting next_dagrun for read_dataset_event to 2024-08-26 00:00:00+00:00, run_after=2024-08-27 00:00:00+00:00
[2024-08-27T17:09:19.094+0000] {logging_mixin.py:190} INFO - [2024-08-27T17:09:19.093+0000] {dag.py:4138} INFO - Setting next_dagrun for read_dataset_event_from_classic to 2024-08-26 00:00:00+00:00, run_after=2024-08-27 00:00:00+00:00
[2024-08-27T17:09:19.120+0000] {processor.py:208} INFO - Processing /home/airflow/.local/lib/python3.12/site-packages/airflow/example_dags/example_inlet_event_extra.py took 0.481 seconds
[2024-08-27T17:09:49.251+0000] {processor.py:186} INFO - Started process (PID=673) to work on /home/airflow/.local/lib/python3.12/site-packages/airflow/example_dags/example_inlet_event_extra.py
[2024-08-27T17:09:49.252+0000] {processor.py:914} INFO - Processing file /home/airflow/.local/lib/python3.12/site-packages/airflow/example_dags/example_inlet_event_extra.py for tasks to queue
[2024-08-27T17:09:49.256+0000] {logging_mixin.py:190} INFO - [2024-08-27T17:09:49.256+0000] {dagbag.py:587} INFO - Filling up the DagBag from /home/airflow/.local/lib/python3.12/site-packages/airflow/example_dags/example_inlet_event_extra.py
[2024-08-27T17:09:49.478+0000] {processor.py:925} INFO - DAG(s) 'read_dataset_event_from_classic', 'read_dataset_event' retrieved from /home/airflow/.local/lib/python3.12/site-packages/airflow/example_dags/example_inlet_event_extra.py
[2024-08-27T17:09:49.510+0000] {logging_mixin.py:190} INFO - [2024-08-27T17:09:49.510+0000] {dag.py:3211} INFO - Sync 2 DAGs
[2024-08-27T17:09:49.550+0000] {logging_mixin.py:190} INFO - [2024-08-27T17:09:49.549+0000] {dag.py:4138} INFO - Setting next_dagrun for read_dataset_event to 2024-08-26 00:00:00+00:00, run_after=2024-08-27 00:00:00+00:00
[2024-08-27T17:09:49.557+0000] {logging_mixin.py:190} INFO - [2024-08-27T17:09:49.557+0000] {dag.py:4138} INFO - Setting next_dagrun for read_dataset_event_from_classic to 2024-08-26 00:00:00+00:00, run_after=2024-08-27 00:00:00+00:00
[2024-08-27T17:09:49.583+0000] {processor.py:208} INFO - Processing /home/airflow/.local/lib/python3.12/site-packages/airflow/example_dags/example_inlet_event_extra.py took 0.344 seconds
[2024-08-27T17:10:19.761+0000] {processor.py:186} INFO - Started process (PID=736) to work on /home/airflow/.local/lib/python3.12/site-packages/airflow/example_dags/example_inlet_event_extra.py
[2024-08-27T17:10:19.762+0000] {processor.py:914} INFO - Processing file /home/airflow/.local/lib/python3.12/site-packages/airflow/example_dags/example_inlet_event_extra.py for tasks to queue
[2024-08-27T17:10:19.766+0000] {logging_mixin.py:190} INFO - [2024-08-27T17:10:19.765+0000] {dagbag.py:587} INFO - Filling up the DagBag from /home/airflow/.local/lib/python3.12/site-packages/airflow/example_dags/example_inlet_event_extra.py
[2024-08-27T17:10:19.995+0000] {processor.py:925} INFO - DAG(s) 'read_dataset_event_from_classic', 'read_dataset_event' retrieved from /home/airflow/.local/lib/python3.12/site-packages/airflow/example_dags/example_inlet_event_extra.py
[2024-08-27T17:10:20.028+0000] {logging_mixin.py:190} INFO - [2024-08-27T17:10:20.028+0000] {dag.py:3211} INFO - Sync 2 DAGs
[2024-08-27T17:10:20.064+0000] {logging_mixin.py:190} INFO - [2024-08-27T17:10:20.064+0000] {dag.py:4138} INFO - Setting next_dagrun for read_dataset_event to 2024-08-26 00:00:00+00:00, run_after=2024-08-27 00:00:00+00:00
[2024-08-27T17:10:20.071+0000] {logging_mixin.py:190} INFO - [2024-08-27T17:10:20.071+0000] {dag.py:4138} INFO - Setting next_dagrun for read_dataset_event_from_classic to 2024-08-26 00:00:00+00:00, run_after=2024-08-27 00:00:00+00:00
[2024-08-27T17:10:20.100+0000] {processor.py:208} INFO - Processing /home/airflow/.local/lib/python3.12/site-packages/airflow/example_dags/example_inlet_event_extra.py took 0.350 seconds
[2024-08-27T17:10:50.191+0000] {processor.py:186} INFO - Started process (PID=798) to work on /home/airflow/.local/lib/python3.12/site-packages/airflow/example_dags/example_inlet_event_extra.py
[2024-08-27T17:10:50.193+0000] {processor.py:914} INFO - Processing file /home/airflow/.local/lib/python3.12/site-packages/airflow/example_dags/example_inlet_event_extra.py for tasks to queue
[2024-08-27T17:10:50.198+0000] {logging_mixin.py:190} INFO - [2024-08-27T17:10:50.197+0000] {dagbag.py:587} INFO - Filling up the DagBag from /home/airflow/.local/lib/python3.12/site-packages/airflow/example_dags/example_inlet_event_extra.py
[2024-08-27T17:10:50.476+0000] {processor.py:925} INFO - DAG(s) 'read_dataset_event', 'read_dataset_event_from_classic' retrieved from /home/airflow/.local/lib/python3.12/site-packages/airflow/example_dags/example_inlet_event_extra.py
[2024-08-27T17:10:50.514+0000] {logging_mixin.py:190} INFO - [2024-08-27T17:10:50.513+0000] {dag.py:3211} INFO - Sync 2 DAGs
[2024-08-27T17:10:50.551+0000] {logging_mixin.py:190} INFO - [2024-08-27T17:10:50.551+0000] {dag.py:4138} INFO - Setting next_dagrun for read_dataset_event to 2024-08-26 00:00:00+00:00, run_after=2024-08-27 00:00:00+00:00
[2024-08-27T17:10:50.559+0000] {logging_mixin.py:190} INFO - [2024-08-27T17:10:50.558+0000] {dag.py:4138} INFO - Setting next_dagrun for read_dataset_event_from_classic to 2024-08-26 00:00:00+00:00, run_after=2024-08-27 00:00:00+00:00
[2024-08-27T17:10:50.588+0000] {processor.py:208} INFO - Processing /home/airflow/.local/lib/python3.12/site-packages/airflow/example_dags/example_inlet_event_extra.py took 0.411 seconds
[2024-08-27T17:11:20.771+0000] {processor.py:186} INFO - Started process (PID=860) to work on /home/airflow/.local/lib/python3.12/site-packages/airflow/example_dags/example_inlet_event_extra.py
[2024-08-27T17:11:20.773+0000] {processor.py:914} INFO - Processing file /home/airflow/.local/lib/python3.12/site-packages/airflow/example_dags/example_inlet_event_extra.py for tasks to queue
[2024-08-27T17:11:20.777+0000] {logging_mixin.py:190} INFO - [2024-08-27T17:11:20.777+0000] {dagbag.py:587} INFO - Filling up the DagBag from /home/airflow/.local/lib/python3.12/site-packages/airflow/example_dags/example_inlet_event_extra.py
[2024-08-27T17:11:20.995+0000] {processor.py:925} INFO - DAG(s) 'read_dataset_event', 'read_dataset_event_from_classic' retrieved from /home/airflow/.local/lib/python3.12/site-packages/airflow/example_dags/example_inlet_event_extra.py
[2024-08-27T17:11:21.036+0000] {logging_mixin.py:190} INFO - [2024-08-27T17:11:21.035+0000] {dag.py:3211} INFO - Sync 2 DAGs
[2024-08-27T17:11:21.101+0000] {logging_mixin.py:190} INFO - [2024-08-27T17:11:21.101+0000] {dag.py:4138} INFO - Setting next_dagrun for read_dataset_event to 2024-08-26 00:00:00+00:00, run_after=2024-08-27 00:00:00+00:00
[2024-08-27T17:11:21.113+0000] {logging_mixin.py:190} INFO - [2024-08-27T17:11:21.113+0000] {dag.py:4138} INFO - Setting next_dagrun for read_dataset_event_from_classic to 2024-08-26 00:00:00+00:00, run_after=2024-08-27 00:00:00+00:00
[2024-08-27T17:11:21.147+0000] {processor.py:208} INFO - Processing /home/airflow/.local/lib/python3.12/site-packages/airflow/example_dags/example_inlet_event_extra.py took 0.386 seconds
[2024-08-27T17:11:51.938+0000] {processor.py:186} INFO - Started process (PID=922) to work on /home/airflow/.local/lib/python3.12/site-packages/airflow/example_dags/example_inlet_event_extra.py
[2024-08-27T17:11:51.941+0000] {processor.py:914} INFO - Processing file /home/airflow/.local/lib/python3.12/site-packages/airflow/example_dags/example_inlet_event_extra.py for tasks to queue
[2024-08-27T17:11:51.944+0000] {logging_mixin.py:190} INFO - [2024-08-27T17:11:51.944+0000] {dagbag.py:587} INFO - Filling up the DagBag from /home/airflow/.local/lib/python3.12/site-packages/airflow/example_dags/example_inlet_event_extra.py
[2024-08-27T17:11:52.137+0000] {processor.py:925} INFO - DAG(s) 'read_dataset_event_from_classic', 'read_dataset_event' retrieved from /home/airflow/.local/lib/python3.12/site-packages/airflow/example_dags/example_inlet_event_extra.py
[2024-08-27T17:11:52.166+0000] {logging_mixin.py:190} INFO - [2024-08-27T17:11:52.165+0000] {dag.py:3211} INFO - Sync 2 DAGs
[2024-08-27T17:11:52.201+0000] {logging_mixin.py:190} INFO - [2024-08-27T17:11:52.201+0000] {dag.py:4138} INFO - Setting next_dagrun for read_dataset_event to 2024-08-26 00:00:00+00:00, run_after=2024-08-27 00:00:00+00:00
[2024-08-27T17:11:52.209+0000] {logging_mixin.py:190} INFO - [2024-08-27T17:11:52.209+0000] {dag.py:4138} INFO - Setting next_dagrun for read_dataset_event_from_classic to 2024-08-26 00:00:00+00:00, run_after=2024-08-27 00:00:00+00:00
[2024-08-27T17:11:52.241+0000] {processor.py:208} INFO - Processing /home/airflow/.local/lib/python3.12/site-packages/airflow/example_dags/example_inlet_event_extra.py took 0.311 seconds
[2024-08-27T17:12:22.919+0000] {processor.py:186} INFO - Started process (PID=984) to work on /home/airflow/.local/lib/python3.12/site-packages/airflow/example_dags/example_inlet_event_extra.py
[2024-08-27T17:12:22.920+0000] {processor.py:914} INFO - Processing file /home/airflow/.local/lib/python3.12/site-packages/airflow/example_dags/example_inlet_event_extra.py for tasks to queue
[2024-08-27T17:12:22.923+0000] {logging_mixin.py:190} INFO - [2024-08-27T17:12:22.923+0000] {dagbag.py:587} INFO - Filling up the DagBag from /home/airflow/.local/lib/python3.12/site-packages/airflow/example_dags/example_inlet_event_extra.py
[2024-08-27T17:12:23.184+0000] {processor.py:925} INFO - DAG(s) 'read_dataset_event', 'read_dataset_event_from_classic' retrieved from /home/airflow/.local/lib/python3.12/site-packages/airflow/example_dags/example_inlet_event_extra.py
[2024-08-27T17:12:23.240+0000] {logging_mixin.py:190} INFO - [2024-08-27T17:12:23.240+0000] {dag.py:3211} INFO - Sync 2 DAGs
[2024-08-27T17:12:23.285+0000] {logging_mixin.py:190} INFO - [2024-08-27T17:12:23.285+0000] {dag.py:4138} INFO - Setting next_dagrun for read_dataset_event to 2024-08-26 00:00:00+00:00, run_after=2024-08-27 00:00:00+00:00
[2024-08-27T17:12:23.293+0000] {logging_mixin.py:190} INFO - [2024-08-27T17:12:23.293+0000] {dag.py:4138} INFO - Setting next_dagrun for read_dataset_event_from_classic to 2024-08-26 00:00:00+00:00, run_after=2024-08-27 00:00:00+00:00
[2024-08-27T17:12:23.324+0000] {processor.py:208} INFO - Processing /home/airflow/.local/lib/python3.12/site-packages/airflow/example_dags/example_inlet_event_extra.py took 0.415 seconds
[2024-08-27T17:12:53.474+0000] {processor.py:186} INFO - Started process (PID=1046) to work on /home/airflow/.local/lib/python3.12/site-packages/airflow/example_dags/example_inlet_event_extra.py
[2024-08-27T17:12:53.476+0000] {processor.py:914} INFO - Processing file /home/airflow/.local/lib/python3.12/site-packages/airflow/example_dags/example_inlet_event_extra.py for tasks to queue
[2024-08-27T17:12:53.481+0000] {logging_mixin.py:190} INFO - [2024-08-27T17:12:53.480+0000] {dagbag.py:587} INFO - Filling up the DagBag from /home/airflow/.local/lib/python3.12/site-packages/airflow/example_dags/example_inlet_event_extra.py
[2024-08-27T17:12:53.775+0000] {processor.py:925} INFO - DAG(s) 'read_dataset_event', 'read_dataset_event_from_classic' retrieved from /home/airflow/.local/lib/python3.12/site-packages/airflow/example_dags/example_inlet_event_extra.py
[2024-08-27T17:12:53.814+0000] {logging_mixin.py:190} INFO - [2024-08-27T17:12:53.813+0000] {dag.py:3211} INFO - Sync 2 DAGs
[2024-08-27T17:12:53.858+0000] {logging_mixin.py:190} INFO - [2024-08-27T17:12:53.858+0000] {dag.py:4138} INFO - Setting next_dagrun for read_dataset_event to 2024-08-26 00:00:00+00:00, run_after=2024-08-27 00:00:00+00:00
[2024-08-27T17:12:53.871+0000] {logging_mixin.py:190} INFO - [2024-08-27T17:12:53.871+0000] {dag.py:4138} INFO - Setting next_dagrun for read_dataset_event_from_classic to 2024-08-26 00:00:00+00:00, run_after=2024-08-27 00:00:00+00:00
[2024-08-27T17:12:53.909+0000] {processor.py:208} INFO - Processing /home/airflow/.local/lib/python3.12/site-packages/airflow/example_dags/example_inlet_event_extra.py took 0.447 seconds
[2024-08-27T17:13:24.011+0000] {processor.py:186} INFO - Started process (PID=1109) to work on /home/airflow/.local/lib/python3.12/site-packages/airflow/example_dags/example_inlet_event_extra.py
[2024-08-27T17:13:24.013+0000] {processor.py:914} INFO - Processing file /home/airflow/.local/lib/python3.12/site-packages/airflow/example_dags/example_inlet_event_extra.py for tasks to queue
[2024-08-27T17:13:24.020+0000] {logging_mixin.py:190} INFO - [2024-08-27T17:13:24.019+0000] {dagbag.py:587} INFO - Filling up the DagBag from /home/airflow/.local/lib/python3.12/site-packages/airflow/example_dags/example_inlet_event_extra.py
[2024-08-27T17:13:24.313+0000] {processor.py:925} INFO - DAG(s) 'read_dataset_event_from_classic', 'read_dataset_event' retrieved from /home/airflow/.local/lib/python3.12/site-packages/airflow/example_dags/example_inlet_event_extra.py
[2024-08-27T17:13:24.351+0000] {logging_mixin.py:190} INFO - [2024-08-27T17:13:24.350+0000] {dag.py:3211} INFO - Sync 2 DAGs
[2024-08-27T17:13:24.393+0000] {logging_mixin.py:190} INFO - [2024-08-27T17:13:24.393+0000] {dag.py:4138} INFO - Setting next_dagrun for read_dataset_event to 2024-08-26 00:00:00+00:00, run_after=2024-08-27 00:00:00+00:00
[2024-08-27T17:13:24.402+0000] {logging_mixin.py:190} INFO - [2024-08-27T17:13:24.402+0000] {dag.py:4138} INFO - Setting next_dagrun for read_dataset_event_from_classic to 2024-08-26 00:00:00+00:00, run_after=2024-08-27 00:00:00+00:00
[2024-08-27T17:13:24.433+0000] {processor.py:208} INFO - Processing /home/airflow/.local/lib/python3.12/site-packages/airflow/example_dags/example_inlet_event_extra.py took 0.440 seconds
[2024-08-27T17:13:54.495+0000] {processor.py:186} INFO - Started process (PID=1173) to work on /home/airflow/.local/lib/python3.12/site-packages/airflow/example_dags/example_inlet_event_extra.py
[2024-08-27T17:13:54.497+0000] {processor.py:914} INFO - Processing file /home/airflow/.local/lib/python3.12/site-packages/airflow/example_dags/example_inlet_event_extra.py for tasks to queue
[2024-08-27T17:13:54.500+0000] {logging_mixin.py:190} INFO - [2024-08-27T17:13:54.499+0000] {dagbag.py:587} INFO - Filling up the DagBag from /home/airflow/.local/lib/python3.12/site-packages/airflow/example_dags/example_inlet_event_extra.py
[2024-08-27T17:13:54.765+0000] {processor.py:925} INFO - DAG(s) 'read_dataset_event_from_classic', 'read_dataset_event' retrieved from /home/airflow/.local/lib/python3.12/site-packages/airflow/example_dags/example_inlet_event_extra.py
[2024-08-27T17:13:54.804+0000] {logging_mixin.py:190} INFO - [2024-08-27T17:13:54.804+0000] {dag.py:3211} INFO - Sync 2 DAGs
[2024-08-27T17:13:54.846+0000] {logging_mixin.py:190} INFO - [2024-08-27T17:13:54.845+0000] {dag.py:4138} INFO - Setting next_dagrun for read_dataset_event to 2024-08-26 00:00:00+00:00, run_after=2024-08-27 00:00:00+00:00
[2024-08-27T17:13:54.856+0000] {logging_mixin.py:190} INFO - [2024-08-27T17:13:54.856+0000] {dag.py:4138} INFO - Setting next_dagrun for read_dataset_event_from_classic to 2024-08-26 00:00:00+00:00, run_after=2024-08-27 00:00:00+00:00
[2024-08-27T17:13:54.889+0000] {processor.py:208} INFO - Processing /home/airflow/.local/lib/python3.12/site-packages/airflow/example_dags/example_inlet_event_extra.py took 0.403 seconds
[2024-08-27T17:14:25.007+0000] {processor.py:186} INFO - Started process (PID=1232) to work on /home/airflow/.local/lib/python3.12/site-packages/airflow/example_dags/example_inlet_event_extra.py
[2024-08-27T17:14:25.009+0000] {processor.py:914} INFO - Processing file /home/airflow/.local/lib/python3.12/site-packages/airflow/example_dags/example_inlet_event_extra.py for tasks to queue
[2024-08-27T17:14:25.012+0000] {logging_mixin.py:190} INFO - [2024-08-27T17:14:25.012+0000] {dagbag.py:587} INFO - Filling up the DagBag from /home/airflow/.local/lib/python3.12/site-packages/airflow/example_dags/example_inlet_event_extra.py
[2024-08-27T17:14:25.311+0000] {processor.py:925} INFO - DAG(s) 'read_dataset_event_from_classic', 'read_dataset_event' retrieved from /home/airflow/.local/lib/python3.12/site-packages/airflow/example_dags/example_inlet_event_extra.py
[2024-08-27T17:14:25.361+0000] {logging_mixin.py:190} INFO - [2024-08-27T17:14:25.360+0000] {dag.py:3211} INFO - Sync 2 DAGs
[2024-08-27T17:14:25.416+0000] {logging_mixin.py:190} INFO - [2024-08-27T17:14:25.416+0000] {dag.py:4138} INFO - Setting next_dagrun for read_dataset_event to 2024-08-26 00:00:00+00:00, run_after=2024-08-27 00:00:00+00:00
[2024-08-27T17:14:25.428+0000] {logging_mixin.py:190} INFO - [2024-08-27T17:14:25.427+0000] {dag.py:4138} INFO - Setting next_dagrun for read_dataset_event_from_classic to 2024-08-26 00:00:00+00:00, run_after=2024-08-27 00:00:00+00:00
[2024-08-27T17:14:25.467+0000] {processor.py:208} INFO - Processing /home/airflow/.local/lib/python3.12/site-packages/airflow/example_dags/example_inlet_event_extra.py took 0.469 seconds
[2024-08-27T17:14:55.716+0000] {processor.py:186} INFO - Started process (PID=1294) to work on /home/airflow/.local/lib/python3.12/site-packages/airflow/example_dags/example_inlet_event_extra.py
[2024-08-27T17:14:55.718+0000] {processor.py:914} INFO - Processing file /home/airflow/.local/lib/python3.12/site-packages/airflow/example_dags/example_inlet_event_extra.py for tasks to queue
[2024-08-27T17:14:55.722+0000] {logging_mixin.py:190} INFO - [2024-08-27T17:14:55.721+0000] {dagbag.py:587} INFO - Filling up the DagBag from /home/airflow/.local/lib/python3.12/site-packages/airflow/example_dags/example_inlet_event_extra.py
[2024-08-27T17:14:55.995+0000] {processor.py:925} INFO - DAG(s) 'read_dataset_event', 'read_dataset_event_from_classic' retrieved from /home/airflow/.local/lib/python3.12/site-packages/airflow/example_dags/example_inlet_event_extra.py
[2024-08-27T17:14:56.033+0000] {logging_mixin.py:190} INFO - [2024-08-27T17:14:56.033+0000] {dag.py:3211} INFO - Sync 2 DAGs
[2024-08-27T17:14:56.074+0000] {logging_mixin.py:190} INFO - [2024-08-27T17:14:56.074+0000] {dag.py:4138} INFO - Setting next_dagrun for read_dataset_event to 2024-08-26 00:00:00+00:00, run_after=2024-08-27 00:00:00+00:00
[2024-08-27T17:14:56.082+0000] {logging_mixin.py:190} INFO - [2024-08-27T17:14:56.081+0000] {dag.py:4138} INFO - Setting next_dagrun for read_dataset_event_from_classic to 2024-08-26 00:00:00+00:00, run_after=2024-08-27 00:00:00+00:00
[2024-08-27T17:14:56.114+0000] {processor.py:208} INFO - Processing /home/airflow/.local/lib/python3.12/site-packages/airflow/example_dags/example_inlet_event_extra.py took 0.407 seconds
[2024-08-27T17:15:26.501+0000] {processor.py:186} INFO - Started process (PID=1356) to work on /home/airflow/.local/lib/python3.12/site-packages/airflow/example_dags/example_inlet_event_extra.py
[2024-08-27T17:15:26.503+0000] {processor.py:914} INFO - Processing file /home/airflow/.local/lib/python3.12/site-packages/airflow/example_dags/example_inlet_event_extra.py for tasks to queue
[2024-08-27T17:15:26.508+0000] {logging_mixin.py:190} INFO - [2024-08-27T17:15:26.507+0000] {dagbag.py:587} INFO - Filling up the DagBag from /home/airflow/.local/lib/python3.12/site-packages/airflow/example_dags/example_inlet_event_extra.py
[2024-08-27T17:15:26.770+0000] {processor.py:925} INFO - DAG(s) 'read_dataset_event', 'read_dataset_event_from_classic' retrieved from /home/airflow/.local/lib/python3.12/site-packages/airflow/example_dags/example_inlet_event_extra.py
[2024-08-27T17:15:26.812+0000] {logging_mixin.py:190} INFO - [2024-08-27T17:15:26.812+0000] {dag.py:3211} INFO - Sync 2 DAGs
[2024-08-27T17:15:26.864+0000] {logging_mixin.py:190} INFO - [2024-08-27T17:15:26.864+0000] {dag.py:4138} INFO - Setting next_dagrun for read_dataset_event to 2024-08-26 00:00:00+00:00, run_after=2024-08-27 00:00:00+00:00
[2024-08-27T17:15:26.876+0000] {logging_mixin.py:190} INFO - [2024-08-27T17:15:26.875+0000] {dag.py:4138} INFO - Setting next_dagrun for read_dataset_event_from_classic to 2024-08-26 00:00:00+00:00, run_after=2024-08-27 00:00:00+00:00
[2024-08-27T17:15:26.915+0000] {processor.py:208} INFO - Processing /home/airflow/.local/lib/python3.12/site-packages/airflow/example_dags/example_inlet_event_extra.py took 0.429 seconds
[2024-08-27T17:15:57.125+0000] {processor.py:186} INFO - Started process (PID=1418) to work on /home/airflow/.local/lib/python3.12/site-packages/airflow/example_dags/example_inlet_event_extra.py
[2024-08-27T17:15:57.127+0000] {processor.py:914} INFO - Processing file /home/airflow/.local/lib/python3.12/site-packages/airflow/example_dags/example_inlet_event_extra.py for tasks to queue
[2024-08-27T17:15:57.131+0000] {logging_mixin.py:190} INFO - [2024-08-27T17:15:57.130+0000] {dagbag.py:587} INFO - Filling up the DagBag from /home/airflow/.local/lib/python3.12/site-packages/airflow/example_dags/example_inlet_event_extra.py
[2024-08-27T17:15:57.341+0000] {processor.py:925} INFO - DAG(s) 'read_dataset_event_from_classic', 'read_dataset_event' retrieved from /home/airflow/.local/lib/python3.12/site-packages/airflow/example_dags/example_inlet_event_extra.py
[2024-08-27T17:15:57.374+0000] {logging_mixin.py:190} INFO - [2024-08-27T17:15:57.374+0000] {dag.py:3211} INFO - Sync 2 DAGs
[2024-08-27T17:15:57.429+0000] {logging_mixin.py:190} INFO - [2024-08-27T17:15:57.428+0000] {dag.py:4138} INFO - Setting next_dagrun for read_dataset_event to 2024-08-26 00:00:00+00:00, run_after=2024-08-27 00:00:00+00:00
[2024-08-27T17:15:57.441+0000] {logging_mixin.py:190} INFO - [2024-08-27T17:15:57.440+0000] {dag.py:4138} INFO - Setting next_dagrun for read_dataset_event_from_classic to 2024-08-26 00:00:00+00:00, run_after=2024-08-27 00:00:00+00:00
[2024-08-27T17:15:57.474+0000] {processor.py:208} INFO - Processing /home/airflow/.local/lib/python3.12/site-packages/airflow/example_dags/example_inlet_event_extra.py took 0.359 seconds
[2024-08-27T17:16:27.974+0000] {processor.py:186} INFO - Started process (PID=1480) to work on /home/airflow/.local/lib/python3.12/site-packages/airflow/example_dags/example_inlet_event_extra.py
[2024-08-27T17:16:27.976+0000] {processor.py:914} INFO - Processing file /home/airflow/.local/lib/python3.12/site-packages/airflow/example_dags/example_inlet_event_extra.py for tasks to queue
[2024-08-27T17:16:27.980+0000] {logging_mixin.py:190} INFO - [2024-08-27T17:16:27.979+0000] {dagbag.py:587} INFO - Filling up the DagBag from /home/airflow/.local/lib/python3.12/site-packages/airflow/example_dags/example_inlet_event_extra.py
[2024-08-27T17:16:28.203+0000] {processor.py:925} INFO - DAG(s) 'read_dataset_event_from_classic', 'read_dataset_event' retrieved from /home/airflow/.local/lib/python3.12/site-packages/airflow/example_dags/example_inlet_event_extra.py
[2024-08-27T17:16:28.238+0000] {logging_mixin.py:190} INFO - [2024-08-27T17:16:28.238+0000] {dag.py:3211} INFO - Sync 2 DAGs
[2024-08-27T17:16:28.278+0000] {logging_mixin.py:190} INFO - [2024-08-27T17:16:28.278+0000] {dag.py:4138} INFO - Setting next_dagrun for read_dataset_event to 2024-08-26 00:00:00+00:00, run_after=2024-08-27 00:00:00+00:00
[2024-08-27T17:16:28.285+0000] {logging_mixin.py:190} INFO - [2024-08-27T17:16:28.285+0000] {dag.py:4138} INFO - Setting next_dagrun for read_dataset_event_from_classic to 2024-08-26 00:00:00+00:00, run_after=2024-08-27 00:00:00+00:00
[2024-08-27T17:16:28.313+0000] {processor.py:208} INFO - Processing /home/airflow/.local/lib/python3.12/site-packages/airflow/example_dags/example_inlet_event_extra.py took 0.348 seconds
[2024-08-27T17:16:58.496+0000] {processor.py:186} INFO - Started process (PID=1543) to work on /home/airflow/.local/lib/python3.12/site-packages/airflow/example_dags/example_inlet_event_extra.py
[2024-08-27T17:16:58.498+0000] {processor.py:914} INFO - Processing file /home/airflow/.local/lib/python3.12/site-packages/airflow/example_dags/example_inlet_event_extra.py for tasks to queue
[2024-08-27T17:16:58.505+0000] {logging_mixin.py:190} INFO - [2024-08-27T17:16:58.504+0000] {dagbag.py:587} INFO - Filling up the DagBag from /home/airflow/.local/lib/python3.12/site-packages/airflow/example_dags/example_inlet_event_extra.py
[2024-08-27T17:16:58.788+0000] {processor.py:925} INFO - DAG(s) 'read_dataset_event', 'read_dataset_event_from_classic' retrieved from /home/airflow/.local/lib/python3.12/site-packages/airflow/example_dags/example_inlet_event_extra.py
[2024-08-27T17:16:58.830+0000] {logging_mixin.py:190} INFO - [2024-08-27T17:16:58.829+0000] {dag.py:3211} INFO - Sync 2 DAGs
[2024-08-27T17:16:58.870+0000] {logging_mixin.py:190} INFO - [2024-08-27T17:16:58.870+0000] {dag.py:4138} INFO - Setting next_dagrun for read_dataset_event to 2024-08-26 00:00:00+00:00, run_after=2024-08-27 00:00:00+00:00
[2024-08-27T17:16:58.884+0000] {logging_mixin.py:190} INFO - [2024-08-27T17:16:58.883+0000] {dag.py:4138} INFO - Setting next_dagrun for read_dataset_event_from_classic to 2024-08-26 00:00:00+00:00, run_after=2024-08-27 00:00:00+00:00
[2024-08-27T17:16:58.922+0000] {processor.py:208} INFO - Processing /home/airflow/.local/lib/python3.12/site-packages/airflow/example_dags/example_inlet_event_extra.py took 0.438 seconds
