[2024-08-27T17:04:46.810+0000] {processor.py:186} INFO - Started process (PID=63) to work on /home/airflow/.local/lib/python3.12/site-packages/airflow/example_dags/example_skip_dag.py
[2024-08-27T17:04:46.813+0000] {processor.py:914} INFO - Processing file /home/airflow/.local/lib/python3.12/site-packages/airflow/example_dags/example_skip_dag.py for tasks to queue
[2024-08-27T17:04:46.817+0000] {logging_mixin.py:190} INFO - [2024-08-27T17:04:46.817+0000] {dagbag.py:587} INFO - Filling up the DagBag from /home/airflow/.local/lib/python3.12/site-packages/airflow/example_dags/example_skip_dag.py
[2024-08-27T17:04:46.833+0000] {processor.py:925} INFO - DAG(s) 'example_skip_dag' retrieved from /home/airflow/.local/lib/python3.12/site-packages/airflow/example_dags/example_skip_dag.py
[2024-08-27T17:04:47.030+0000] {logging_mixin.py:190} INFO - [2024-08-27T17:04:47.029+0000] {override.py:1858} INFO - Created Permission View: can edit on DAG:example_skip_dag
[2024-08-27T17:04:47.048+0000] {logging_mixin.py:190} INFO - [2024-08-27T17:04:47.047+0000] {override.py:1858} INFO - Created Permission View: can read on DAG:example_skip_dag
[2024-08-27T17:04:47.061+0000] {logging_mixin.py:190} INFO - [2024-08-27T17:04:47.060+0000] {override.py:1858} INFO - Created Permission View: can delete on DAG:example_skip_dag
[2024-08-27T17:04:47.062+0000] {logging_mixin.py:190} INFO - [2024-08-27T17:04:47.062+0000] {dag.py:3211} INFO - Sync 1 DAGs
[2024-08-27T17:04:47.089+0000] {logging_mixin.py:190} INFO - [2024-08-27T17:04:47.088+0000] {dag.py:3234} INFO - Creating ORM DAG for example_skip_dag
[2024-08-27T17:04:47.108+0000] {logging_mixin.py:190} INFO - [2024-08-27T17:04:47.108+0000] {dag.py:4138} INFO - Setting next_dagrun for example_skip_dag to 2024-08-26 00:00:00+00:00, run_after=2024-08-27 00:00:00+00:00
[2024-08-27T17:04:47.146+0000] {processor.py:208} INFO - Processing /home/airflow/.local/lib/python3.12/site-packages/airflow/example_dags/example_skip_dag.py took 0.346 seconds
[2024-08-27T17:05:17.220+0000] {processor.py:186} INFO - Started process (PID=125) to work on /home/airflow/.local/lib/python3.12/site-packages/airflow/example_dags/example_skip_dag.py
[2024-08-27T17:05:17.221+0000] {processor.py:914} INFO - Processing file /home/airflow/.local/lib/python3.12/site-packages/airflow/example_dags/example_skip_dag.py for tasks to queue
[2024-08-27T17:05:17.228+0000] {logging_mixin.py:190} INFO - [2024-08-27T17:05:17.227+0000] {dagbag.py:587} INFO - Filling up the DagBag from /home/airflow/.local/lib/python3.12/site-packages/airflow/example_dags/example_skip_dag.py
[2024-08-27T17:05:17.240+0000] {processor.py:925} INFO - DAG(s) 'example_skip_dag' retrieved from /home/airflow/.local/lib/python3.12/site-packages/airflow/example_dags/example_skip_dag.py
[2024-08-27T17:05:17.272+0000] {logging_mixin.py:190} INFO - [2024-08-27T17:05:17.272+0000] {dag.py:3211} INFO - Sync 1 DAGs
[2024-08-27T17:05:17.309+0000] {logging_mixin.py:190} INFO - [2024-08-27T17:05:17.308+0000] {dag.py:4138} INFO - Setting next_dagrun for example_skip_dag to 2024-08-26 00:00:00+00:00, run_after=2024-08-27 00:00:00+00:00
[2024-08-27T17:05:17.343+0000] {processor.py:208} INFO - Processing /home/airflow/.local/lib/python3.12/site-packages/airflow/example_dags/example_skip_dag.py took 0.133 seconds
[2024-08-27T17:05:47.430+0000] {processor.py:186} INFO - Started process (PID=186) to work on /home/airflow/.local/lib/python3.12/site-packages/airflow/example_dags/example_skip_dag.py
[2024-08-27T17:05:47.432+0000] {processor.py:914} INFO - Processing file /home/airflow/.local/lib/python3.12/site-packages/airflow/example_dags/example_skip_dag.py for tasks to queue
[2024-08-27T17:05:47.437+0000] {logging_mixin.py:190} INFO - [2024-08-27T17:05:47.436+0000] {dagbag.py:587} INFO - Filling up the DagBag from /home/airflow/.local/lib/python3.12/site-packages/airflow/example_dags/example_skip_dag.py
[2024-08-27T17:05:47.451+0000] {processor.py:925} INFO - DAG(s) 'example_skip_dag' retrieved from /home/airflow/.local/lib/python3.12/site-packages/airflow/example_dags/example_skip_dag.py
[2024-08-27T17:05:47.490+0000] {logging_mixin.py:190} INFO - [2024-08-27T17:05:47.490+0000] {dag.py:3211} INFO - Sync 1 DAGs
[2024-08-27T17:05:47.531+0000] {logging_mixin.py:190} INFO - [2024-08-27T17:05:47.531+0000] {dag.py:4138} INFO - Setting next_dagrun for example_skip_dag to 2024-08-26 00:00:00+00:00, run_after=2024-08-27 00:00:00+00:00
[2024-08-27T17:05:47.572+0000] {processor.py:208} INFO - Processing /home/airflow/.local/lib/python3.12/site-packages/airflow/example_dags/example_skip_dag.py took 0.154 seconds
[2024-08-27T17:06:17.698+0000] {processor.py:186} INFO - Started process (PID=248) to work on /home/airflow/.local/lib/python3.12/site-packages/airflow/example_dags/example_skip_dag.py
[2024-08-27T17:06:17.700+0000] {processor.py:914} INFO - Processing file /home/airflow/.local/lib/python3.12/site-packages/airflow/example_dags/example_skip_dag.py for tasks to queue
[2024-08-27T17:06:17.706+0000] {logging_mixin.py:190} INFO - [2024-08-27T17:06:17.705+0000] {dagbag.py:587} INFO - Filling up the DagBag from /home/airflow/.local/lib/python3.12/site-packages/airflow/example_dags/example_skip_dag.py
[2024-08-27T17:06:17.718+0000] {processor.py:925} INFO - DAG(s) 'example_skip_dag' retrieved from /home/airflow/.local/lib/python3.12/site-packages/airflow/example_dags/example_skip_dag.py
[2024-08-27T17:06:17.759+0000] {logging_mixin.py:190} INFO - [2024-08-27T17:06:17.758+0000] {dag.py:3211} INFO - Sync 1 DAGs
[2024-08-27T17:06:17.796+0000] {logging_mixin.py:190} INFO - [2024-08-27T17:06:17.795+0000] {dag.py:4138} INFO - Setting next_dagrun for example_skip_dag to 2024-08-26 00:00:00+00:00, run_after=2024-08-27 00:00:00+00:00
[2024-08-27T17:06:17.838+0000] {processor.py:208} INFO - Processing /home/airflow/.local/lib/python3.12/site-packages/airflow/example_dags/example_skip_dag.py took 0.151 seconds
[2024-08-27T17:06:48.484+0000] {processor.py:186} INFO - Started process (PID=310) to work on /home/airflow/.local/lib/python3.12/site-packages/airflow/example_dags/example_skip_dag.py
[2024-08-27T17:06:48.486+0000] {processor.py:914} INFO - Processing file /home/airflow/.local/lib/python3.12/site-packages/airflow/example_dags/example_skip_dag.py for tasks to queue
[2024-08-27T17:06:48.492+0000] {logging_mixin.py:190} INFO - [2024-08-27T17:06:48.490+0000] {dagbag.py:587} INFO - Filling up the DagBag from /home/airflow/.local/lib/python3.12/site-packages/airflow/example_dags/example_skip_dag.py
[2024-08-27T17:06:48.506+0000] {processor.py:925} INFO - DAG(s) 'example_skip_dag' retrieved from /home/airflow/.local/lib/python3.12/site-packages/airflow/example_dags/example_skip_dag.py
[2024-08-27T17:06:48.556+0000] {logging_mixin.py:190} INFO - [2024-08-27T17:06:48.556+0000] {dag.py:3211} INFO - Sync 1 DAGs
[2024-08-27T17:06:48.604+0000] {logging_mixin.py:190} INFO - [2024-08-27T17:06:48.603+0000] {dag.py:4138} INFO - Setting next_dagrun for example_skip_dag to 2024-08-26 00:00:00+00:00, run_after=2024-08-27 00:00:00+00:00
[2024-08-27T17:06:48.649+0000] {processor.py:208} INFO - Processing /home/airflow/.local/lib/python3.12/site-packages/airflow/example_dags/example_skip_dag.py took 0.177 seconds
[2024-08-27T17:07:18.966+0000] {processor.py:186} INFO - Started process (PID=372) to work on /home/airflow/.local/lib/python3.12/site-packages/airflow/example_dags/example_skip_dag.py
[2024-08-27T17:07:18.968+0000] {processor.py:914} INFO - Processing file /home/airflow/.local/lib/python3.12/site-packages/airflow/example_dags/example_skip_dag.py for tasks to queue
[2024-08-27T17:07:18.971+0000] {logging_mixin.py:190} INFO - [2024-08-27T17:07:18.971+0000] {dagbag.py:587} INFO - Filling up the DagBag from /home/airflow/.local/lib/python3.12/site-packages/airflow/example_dags/example_skip_dag.py
[2024-08-27T17:07:18.982+0000] {processor.py:925} INFO - DAG(s) 'example_skip_dag' retrieved from /home/airflow/.local/lib/python3.12/site-packages/airflow/example_dags/example_skip_dag.py
[2024-08-27T17:07:19.018+0000] {logging_mixin.py:190} INFO - [2024-08-27T17:07:19.018+0000] {dag.py:3211} INFO - Sync 1 DAGs
[2024-08-27T17:07:19.051+0000] {logging_mixin.py:190} INFO - [2024-08-27T17:07:19.050+0000] {dag.py:4138} INFO - Setting next_dagrun for example_skip_dag to 2024-08-26 00:00:00+00:00, run_after=2024-08-27 00:00:00+00:00
[2024-08-27T17:07:19.084+0000] {processor.py:208} INFO - Processing /home/airflow/.local/lib/python3.12/site-packages/airflow/example_dags/example_skip_dag.py took 0.126 seconds
[2024-08-27T17:07:49.716+0000] {processor.py:186} INFO - Started process (PID=434) to work on /home/airflow/.local/lib/python3.12/site-packages/airflow/example_dags/example_skip_dag.py
[2024-08-27T17:07:49.718+0000] {processor.py:914} INFO - Processing file /home/airflow/.local/lib/python3.12/site-packages/airflow/example_dags/example_skip_dag.py for tasks to queue
[2024-08-27T17:07:49.724+0000] {logging_mixin.py:190} INFO - [2024-08-27T17:07:49.723+0000] {dagbag.py:587} INFO - Filling up the DagBag from /home/airflow/.local/lib/python3.12/site-packages/airflow/example_dags/example_skip_dag.py
[2024-08-27T17:07:49.739+0000] {processor.py:925} INFO - DAG(s) 'example_skip_dag' retrieved from /home/airflow/.local/lib/python3.12/site-packages/airflow/example_dags/example_skip_dag.py
[2024-08-27T17:07:49.781+0000] {logging_mixin.py:190} INFO - [2024-08-27T17:07:49.781+0000] {dag.py:3211} INFO - Sync 1 DAGs
[2024-08-27T17:07:49.819+0000] {logging_mixin.py:190} INFO - [2024-08-27T17:07:49.819+0000] {dag.py:4138} INFO - Setting next_dagrun for example_skip_dag to 2024-08-26 00:00:00+00:00, run_after=2024-08-27 00:00:00+00:00
[2024-08-27T17:07:49.853+0000] {processor.py:208} INFO - Processing /home/airflow/.local/lib/python3.12/site-packages/airflow/example_dags/example_skip_dag.py took 0.148 seconds
[2024-08-27T17:08:20.383+0000] {processor.py:186} INFO - Started process (PID=496) to work on /home/airflow/.local/lib/python3.12/site-packages/airflow/example_dags/example_skip_dag.py
[2024-08-27T17:08:20.385+0000] {processor.py:914} INFO - Processing file /home/airflow/.local/lib/python3.12/site-packages/airflow/example_dags/example_skip_dag.py for tasks to queue
[2024-08-27T17:08:20.390+0000] {logging_mixin.py:190} INFO - [2024-08-27T17:08:20.389+0000] {dagbag.py:587} INFO - Filling up the DagBag from /home/airflow/.local/lib/python3.12/site-packages/airflow/example_dags/example_skip_dag.py
[2024-08-27T17:08:20.404+0000] {processor.py:925} INFO - DAG(s) 'example_skip_dag' retrieved from /home/airflow/.local/lib/python3.12/site-packages/airflow/example_dags/example_skip_dag.py
[2024-08-27T17:08:20.449+0000] {logging_mixin.py:190} INFO - [2024-08-27T17:08:20.448+0000] {dag.py:3211} INFO - Sync 1 DAGs
[2024-08-27T17:08:20.492+0000] {logging_mixin.py:190} INFO - [2024-08-27T17:08:20.492+0000] {dag.py:4138} INFO - Setting next_dagrun for example_skip_dag to 2024-08-26 00:00:00+00:00, run_after=2024-08-27 00:00:00+00:00
[2024-08-27T17:08:20.527+0000] {processor.py:208} INFO - Processing /home/airflow/.local/lib/python3.12/site-packages/airflow/example_dags/example_skip_dag.py took 0.155 seconds
[2024-08-27T17:08:51.150+0000] {processor.py:186} INFO - Started process (PID=558) to work on /home/airflow/.local/lib/python3.12/site-packages/airflow/example_dags/example_skip_dag.py
[2024-08-27T17:08:51.152+0000] {processor.py:914} INFO - Processing file /home/airflow/.local/lib/python3.12/site-packages/airflow/example_dags/example_skip_dag.py for tasks to queue
[2024-08-27T17:08:51.156+0000] {logging_mixin.py:190} INFO - [2024-08-27T17:08:51.155+0000] {dagbag.py:587} INFO - Filling up the DagBag from /home/airflow/.local/lib/python3.12/site-packages/airflow/example_dags/example_skip_dag.py
[2024-08-27T17:08:51.168+0000] {processor.py:925} INFO - DAG(s) 'example_skip_dag' retrieved from /home/airflow/.local/lib/python3.12/site-packages/airflow/example_dags/example_skip_dag.py
[2024-08-27T17:08:51.212+0000] {logging_mixin.py:190} INFO - [2024-08-27T17:08:51.211+0000] {dag.py:3211} INFO - Sync 1 DAGs
[2024-08-27T17:08:51.251+0000] {logging_mixin.py:190} INFO - [2024-08-27T17:08:51.251+0000] {dag.py:4138} INFO - Setting next_dagrun for example_skip_dag to 2024-08-26 00:00:00+00:00, run_after=2024-08-27 00:00:00+00:00
[2024-08-27T17:08:51.285+0000] {processor.py:208} INFO - Processing /home/airflow/.local/lib/python3.12/site-packages/airflow/example_dags/example_skip_dag.py took 0.146 seconds
[2024-08-27T17:09:21.830+0000] {processor.py:186} INFO - Started process (PID=620) to work on /home/airflow/.local/lib/python3.12/site-packages/airflow/example_dags/example_skip_dag.py
[2024-08-27T17:09:21.832+0000] {processor.py:914} INFO - Processing file /home/airflow/.local/lib/python3.12/site-packages/airflow/example_dags/example_skip_dag.py for tasks to queue
[2024-08-27T17:09:21.837+0000] {logging_mixin.py:190} INFO - [2024-08-27T17:09:21.836+0000] {dagbag.py:587} INFO - Filling up the DagBag from /home/airflow/.local/lib/python3.12/site-packages/airflow/example_dags/example_skip_dag.py
[2024-08-27T17:09:21.850+0000] {processor.py:925} INFO - DAG(s) 'example_skip_dag' retrieved from /home/airflow/.local/lib/python3.12/site-packages/airflow/example_dags/example_skip_dag.py
[2024-08-27T17:09:21.894+0000] {logging_mixin.py:190} INFO - [2024-08-27T17:09:21.893+0000] {dag.py:3211} INFO - Sync 1 DAGs
[2024-08-27T17:09:21.946+0000] {logging_mixin.py:190} INFO - [2024-08-27T17:09:21.946+0000] {dag.py:4138} INFO - Setting next_dagrun for example_skip_dag to 2024-08-26 00:00:00+00:00, run_after=2024-08-27 00:00:00+00:00
[2024-08-27T17:09:21.975+0000] {processor.py:208} INFO - Processing /home/airflow/.local/lib/python3.12/site-packages/airflow/example_dags/example_skip_dag.py took 0.156 seconds
[2024-08-27T17:09:52.105+0000] {processor.py:186} INFO - Started process (PID=682) to work on /home/airflow/.local/lib/python3.12/site-packages/airflow/example_dags/example_skip_dag.py
[2024-08-27T17:09:52.107+0000] {processor.py:914} INFO - Processing file /home/airflow/.local/lib/python3.12/site-packages/airflow/example_dags/example_skip_dag.py for tasks to queue
[2024-08-27T17:09:52.112+0000] {logging_mixin.py:190} INFO - [2024-08-27T17:09:52.112+0000] {dagbag.py:587} INFO - Filling up the DagBag from /home/airflow/.local/lib/python3.12/site-packages/airflow/example_dags/example_skip_dag.py
[2024-08-27T17:09:52.131+0000] {processor.py:925} INFO - DAG(s) 'example_skip_dag' retrieved from /home/airflow/.local/lib/python3.12/site-packages/airflow/example_dags/example_skip_dag.py
[2024-08-27T17:09:52.173+0000] {logging_mixin.py:190} INFO - [2024-08-27T17:09:52.173+0000] {dag.py:3211} INFO - Sync 1 DAGs
[2024-08-27T17:09:52.212+0000] {logging_mixin.py:190} INFO - [2024-08-27T17:09:52.212+0000] {dag.py:4138} INFO - Setting next_dagrun for example_skip_dag to 2024-08-26 00:00:00+00:00, run_after=2024-08-27 00:00:00+00:00
[2024-08-27T17:09:52.250+0000] {processor.py:208} INFO - Processing /home/airflow/.local/lib/python3.12/site-packages/airflow/example_dags/example_skip_dag.py took 0.157 seconds
[2024-08-27T17:10:22.394+0000] {processor.py:186} INFO - Started process (PID=744) to work on /home/airflow/.local/lib/python3.12/site-packages/airflow/example_dags/example_skip_dag.py
[2024-08-27T17:10:22.396+0000] {processor.py:914} INFO - Processing file /home/airflow/.local/lib/python3.12/site-packages/airflow/example_dags/example_skip_dag.py for tasks to queue
[2024-08-27T17:10:22.401+0000] {logging_mixin.py:190} INFO - [2024-08-27T17:10:22.400+0000] {dagbag.py:587} INFO - Filling up the DagBag from /home/airflow/.local/lib/python3.12/site-packages/airflow/example_dags/example_skip_dag.py
[2024-08-27T17:10:22.413+0000] {processor.py:925} INFO - DAG(s) 'example_skip_dag' retrieved from /home/airflow/.local/lib/python3.12/site-packages/airflow/example_dags/example_skip_dag.py
[2024-08-27T17:10:22.446+0000] {logging_mixin.py:190} INFO - [2024-08-27T17:10:22.446+0000] {dag.py:3211} INFO - Sync 1 DAGs
[2024-08-27T17:10:22.485+0000] {logging_mixin.py:190} INFO - [2024-08-27T17:10:22.484+0000] {dag.py:4138} INFO - Setting next_dagrun for example_skip_dag to 2024-08-26 00:00:00+00:00, run_after=2024-08-27 00:00:00+00:00
[2024-08-27T17:10:22.519+0000] {processor.py:208} INFO - Processing /home/airflow/.local/lib/python3.12/site-packages/airflow/example_dags/example_skip_dag.py took 0.132 seconds
[2024-08-27T17:10:53.073+0000] {processor.py:186} INFO - Started process (PID=806) to work on /home/airflow/.local/lib/python3.12/site-packages/airflow/example_dags/example_skip_dag.py
[2024-08-27T17:10:53.074+0000] {processor.py:914} INFO - Processing file /home/airflow/.local/lib/python3.12/site-packages/airflow/example_dags/example_skip_dag.py for tasks to queue
[2024-08-27T17:10:53.078+0000] {logging_mixin.py:190} INFO - [2024-08-27T17:10:53.077+0000] {dagbag.py:587} INFO - Filling up the DagBag from /home/airflow/.local/lib/python3.12/site-packages/airflow/example_dags/example_skip_dag.py
[2024-08-27T17:10:53.090+0000] {processor.py:925} INFO - DAG(s) 'example_skip_dag' retrieved from /home/airflow/.local/lib/python3.12/site-packages/airflow/example_dags/example_skip_dag.py
[2024-08-27T17:10:53.125+0000] {logging_mixin.py:190} INFO - [2024-08-27T17:10:53.125+0000] {dag.py:3211} INFO - Sync 1 DAGs
[2024-08-27T17:10:53.165+0000] {logging_mixin.py:190} INFO - [2024-08-27T17:10:53.164+0000] {dag.py:4138} INFO - Setting next_dagrun for example_skip_dag to 2024-08-26 00:00:00+00:00, run_after=2024-08-27 00:00:00+00:00
[2024-08-27T17:10:53.205+0000] {processor.py:208} INFO - Processing /home/airflow/.local/lib/python3.12/site-packages/airflow/example_dags/example_skip_dag.py took 0.140 seconds
[2024-08-27T17:11:23.643+0000] {processor.py:186} INFO - Started process (PID=868) to work on /home/airflow/.local/lib/python3.12/site-packages/airflow/example_dags/example_skip_dag.py
[2024-08-27T17:11:23.645+0000] {processor.py:914} INFO - Processing file /home/airflow/.local/lib/python3.12/site-packages/airflow/example_dags/example_skip_dag.py for tasks to queue
[2024-08-27T17:11:23.651+0000] {logging_mixin.py:190} INFO - [2024-08-27T17:11:23.650+0000] {dagbag.py:587} INFO - Filling up the DagBag from /home/airflow/.local/lib/python3.12/site-packages/airflow/example_dags/example_skip_dag.py
[2024-08-27T17:11:23.665+0000] {processor.py:925} INFO - DAG(s) 'example_skip_dag' retrieved from /home/airflow/.local/lib/python3.12/site-packages/airflow/example_dags/example_skip_dag.py
[2024-08-27T17:11:23.711+0000] {logging_mixin.py:190} INFO - [2024-08-27T17:11:23.711+0000] {dag.py:3211} INFO - Sync 1 DAGs
[2024-08-27T17:11:23.772+0000] {logging_mixin.py:190} INFO - [2024-08-27T17:11:23.771+0000] {dag.py:4138} INFO - Setting next_dagrun for example_skip_dag to 2024-08-26 00:00:00+00:00, run_after=2024-08-27 00:00:00+00:00
[2024-08-27T17:11:23.812+0000] {processor.py:208} INFO - Processing /home/airflow/.local/lib/python3.12/site-packages/airflow/example_dags/example_skip_dag.py took 0.185 seconds
[2024-08-27T17:11:53.895+0000] {processor.py:186} INFO - Started process (PID=929) to work on /home/airflow/.local/lib/python3.12/site-packages/airflow/example_dags/example_skip_dag.py
[2024-08-27T17:11:53.897+0000] {processor.py:914} INFO - Processing file /home/airflow/.local/lib/python3.12/site-packages/airflow/example_dags/example_skip_dag.py for tasks to queue
[2024-08-27T17:11:53.904+0000] {logging_mixin.py:190} INFO - [2024-08-27T17:11:53.902+0000] {dagbag.py:587} INFO - Filling up the DagBag from /home/airflow/.local/lib/python3.12/site-packages/airflow/example_dags/example_skip_dag.py
[2024-08-27T17:11:53.915+0000] {processor.py:925} INFO - DAG(s) 'example_skip_dag' retrieved from /home/airflow/.local/lib/python3.12/site-packages/airflow/example_dags/example_skip_dag.py
[2024-08-27T17:11:53.946+0000] {logging_mixin.py:190} INFO - [2024-08-27T17:11:53.946+0000] {dag.py:3211} INFO - Sync 1 DAGs
[2024-08-27T17:11:53.978+0000] {logging_mixin.py:190} INFO - [2024-08-27T17:11:53.977+0000] {dag.py:4138} INFO - Setting next_dagrun for example_skip_dag to 2024-08-26 00:00:00+00:00, run_after=2024-08-27 00:00:00+00:00
[2024-08-27T17:11:54.008+0000] {processor.py:208} INFO - Processing /home/airflow/.local/lib/python3.12/site-packages/airflow/example_dags/example_skip_dag.py took 0.123 seconds
[2024-08-27T17:12:24.745+0000] {processor.py:186} INFO - Started process (PID=992) to work on /home/airflow/.local/lib/python3.12/site-packages/airflow/example_dags/example_skip_dag.py
[2024-08-27T17:12:24.746+0000] {processor.py:914} INFO - Processing file /home/airflow/.local/lib/python3.12/site-packages/airflow/example_dags/example_skip_dag.py for tasks to queue
[2024-08-27T17:12:24.753+0000] {logging_mixin.py:190} INFO - [2024-08-27T17:12:24.752+0000] {dagbag.py:587} INFO - Filling up the DagBag from /home/airflow/.local/lib/python3.12/site-packages/airflow/example_dags/example_skip_dag.py
[2024-08-27T17:12:24.769+0000] {processor.py:925} INFO - DAG(s) 'example_skip_dag' retrieved from /home/airflow/.local/lib/python3.12/site-packages/airflow/example_dags/example_skip_dag.py
[2024-08-27T17:12:24.814+0000] {logging_mixin.py:190} INFO - [2024-08-27T17:12:24.813+0000] {dag.py:3211} INFO - Sync 1 DAGs
[2024-08-27T17:12:24.847+0000] {logging_mixin.py:190} INFO - [2024-08-27T17:12:24.847+0000] {dag.py:4138} INFO - Setting next_dagrun for example_skip_dag to 2024-08-26 00:00:00+00:00, run_after=2024-08-27 00:00:00+00:00
[2024-08-27T17:12:24.878+0000] {processor.py:208} INFO - Processing /home/airflow/.local/lib/python3.12/site-packages/airflow/example_dags/example_skip_dag.py took 0.143 seconds
[2024-08-27T17:12:55.297+0000] {processor.py:186} INFO - Started process (PID=1054) to work on /home/airflow/.local/lib/python3.12/site-packages/airflow/example_dags/example_skip_dag.py
[2024-08-27T17:12:55.299+0000] {processor.py:914} INFO - Processing file /home/airflow/.local/lib/python3.12/site-packages/airflow/example_dags/example_skip_dag.py for tasks to queue
[2024-08-27T17:12:55.303+0000] {logging_mixin.py:190} INFO - [2024-08-27T17:12:55.302+0000] {dagbag.py:587} INFO - Filling up the DagBag from /home/airflow/.local/lib/python3.12/site-packages/airflow/example_dags/example_skip_dag.py
[2024-08-27T17:12:55.312+0000] {processor.py:925} INFO - DAG(s) 'example_skip_dag' retrieved from /home/airflow/.local/lib/python3.12/site-packages/airflow/example_dags/example_skip_dag.py
[2024-08-27T17:12:55.347+0000] {logging_mixin.py:190} INFO - [2024-08-27T17:12:55.347+0000] {dag.py:3211} INFO - Sync 1 DAGs
[2024-08-27T17:12:55.384+0000] {logging_mixin.py:190} INFO - [2024-08-27T17:12:55.384+0000] {dag.py:4138} INFO - Setting next_dagrun for example_skip_dag to 2024-08-26 00:00:00+00:00, run_after=2024-08-27 00:00:00+00:00
[2024-08-27T17:12:55.413+0000] {processor.py:208} INFO - Processing /home/airflow/.local/lib/python3.12/site-packages/airflow/example_dags/example_skip_dag.py took 0.124 seconds
[2024-08-27T17:13:25.721+0000] {processor.py:186} INFO - Started process (PID=1116) to work on /home/airflow/.local/lib/python3.12/site-packages/airflow/example_dags/example_skip_dag.py
[2024-08-27T17:13:25.722+0000] {processor.py:914} INFO - Processing file /home/airflow/.local/lib/python3.12/site-packages/airflow/example_dags/example_skip_dag.py for tasks to queue
[2024-08-27T17:13:25.725+0000] {logging_mixin.py:190} INFO - [2024-08-27T17:13:25.725+0000] {dagbag.py:587} INFO - Filling up the DagBag from /home/airflow/.local/lib/python3.12/site-packages/airflow/example_dags/example_skip_dag.py
[2024-08-27T17:13:25.738+0000] {processor.py:925} INFO - DAG(s) 'example_skip_dag' retrieved from /home/airflow/.local/lib/python3.12/site-packages/airflow/example_dags/example_skip_dag.py
[2024-08-27T17:13:25.773+0000] {logging_mixin.py:190} INFO - [2024-08-27T17:13:25.772+0000] {dag.py:3211} INFO - Sync 1 DAGs
[2024-08-27T17:13:25.810+0000] {logging_mixin.py:190} INFO - [2024-08-27T17:13:25.810+0000] {dag.py:4138} INFO - Setting next_dagrun for example_skip_dag to 2024-08-26 00:00:00+00:00, run_after=2024-08-27 00:00:00+00:00
[2024-08-27T17:13:25.842+0000] {processor.py:208} INFO - Processing /home/airflow/.local/lib/python3.12/site-packages/airflow/example_dags/example_skip_dag.py took 0.131 seconds
[2024-08-27T17:13:56.158+0000] {processor.py:186} INFO - Started process (PID=1178) to work on /home/airflow/.local/lib/python3.12/site-packages/airflow/example_dags/example_skip_dag.py
[2024-08-27T17:13:56.160+0000] {processor.py:914} INFO - Processing file /home/airflow/.local/lib/python3.12/site-packages/airflow/example_dags/example_skip_dag.py for tasks to queue
[2024-08-27T17:13:56.165+0000] {logging_mixin.py:190} INFO - [2024-08-27T17:13:56.165+0000] {dagbag.py:587} INFO - Filling up the DagBag from /home/airflow/.local/lib/python3.12/site-packages/airflow/example_dags/example_skip_dag.py
[2024-08-27T17:13:56.179+0000] {processor.py:925} INFO - DAG(s) 'example_skip_dag' retrieved from /home/airflow/.local/lib/python3.12/site-packages/airflow/example_dags/example_skip_dag.py
[2024-08-27T17:13:56.226+0000] {logging_mixin.py:190} INFO - [2024-08-27T17:13:56.226+0000] {dag.py:3211} INFO - Sync 1 DAGs
[2024-08-27T17:13:56.287+0000] {logging_mixin.py:190} INFO - [2024-08-27T17:13:56.286+0000] {dag.py:4138} INFO - Setting next_dagrun for example_skip_dag to 2024-08-26 00:00:00+00:00, run_after=2024-08-27 00:00:00+00:00
[2024-08-27T17:13:56.339+0000] {processor.py:208} INFO - Processing /home/airflow/.local/lib/python3.12/site-packages/airflow/example_dags/example_skip_dag.py took 0.191 seconds
[2024-08-27T17:14:26.855+0000] {processor.py:186} INFO - Started process (PID=1240) to work on /home/airflow/.local/lib/python3.12/site-packages/airflow/example_dags/example_skip_dag.py
[2024-08-27T17:14:26.857+0000] {processor.py:914} INFO - Processing file /home/airflow/.local/lib/python3.12/site-packages/airflow/example_dags/example_skip_dag.py for tasks to queue
[2024-08-27T17:14:26.862+0000] {logging_mixin.py:190} INFO - [2024-08-27T17:14:26.861+0000] {dagbag.py:587} INFO - Filling up the DagBag from /home/airflow/.local/lib/python3.12/site-packages/airflow/example_dags/example_skip_dag.py
[2024-08-27T17:14:26.877+0000] {processor.py:925} INFO - DAG(s) 'example_skip_dag' retrieved from /home/airflow/.local/lib/python3.12/site-packages/airflow/example_dags/example_skip_dag.py
[2024-08-27T17:14:26.924+0000] {logging_mixin.py:190} INFO - [2024-08-27T17:14:26.923+0000] {dag.py:3211} INFO - Sync 1 DAGs
[2024-08-27T17:14:26.966+0000] {logging_mixin.py:190} INFO - [2024-08-27T17:14:26.965+0000] {dag.py:4138} INFO - Setting next_dagrun for example_skip_dag to 2024-08-26 00:00:00+00:00, run_after=2024-08-27 00:00:00+00:00
[2024-08-27T17:14:26.999+0000] {processor.py:208} INFO - Processing /home/airflow/.local/lib/python3.12/site-packages/airflow/example_dags/example_skip_dag.py took 0.153 seconds
[2024-08-27T17:14:57.556+0000] {processor.py:186} INFO - Started process (PID=1302) to work on /home/airflow/.local/lib/python3.12/site-packages/airflow/example_dags/example_skip_dag.py
[2024-08-27T17:14:57.563+0000] {processor.py:914} INFO - Processing file /home/airflow/.local/lib/python3.12/site-packages/airflow/example_dags/example_skip_dag.py for tasks to queue
[2024-08-27T17:14:57.571+0000] {logging_mixin.py:190} INFO - [2024-08-27T17:14:57.570+0000] {dagbag.py:587} INFO - Filling up the DagBag from /home/airflow/.local/lib/python3.12/site-packages/airflow/example_dags/example_skip_dag.py
[2024-08-27T17:14:57.586+0000] {processor.py:925} INFO - DAG(s) 'example_skip_dag' retrieved from /home/airflow/.local/lib/python3.12/site-packages/airflow/example_dags/example_skip_dag.py
[2024-08-27T17:14:57.637+0000] {logging_mixin.py:190} INFO - [2024-08-27T17:14:57.637+0000] {dag.py:3211} INFO - Sync 1 DAGs
[2024-08-27T17:14:57.686+0000] {logging_mixin.py:190} INFO - [2024-08-27T17:14:57.686+0000] {dag.py:4138} INFO - Setting next_dagrun for example_skip_dag to 2024-08-26 00:00:00+00:00, run_after=2024-08-27 00:00:00+00:00
[2024-08-27T17:14:57.727+0000] {processor.py:208} INFO - Processing /home/airflow/.local/lib/python3.12/site-packages/airflow/example_dags/example_skip_dag.py took 0.189 seconds
[2024-08-27T17:15:28.570+0000] {processor.py:186} INFO - Started process (PID=1364) to work on /home/airflow/.local/lib/python3.12/site-packages/airflow/example_dags/example_skip_dag.py
[2024-08-27T17:15:28.571+0000] {processor.py:914} INFO - Processing file /home/airflow/.local/lib/python3.12/site-packages/airflow/example_dags/example_skip_dag.py for tasks to queue
[2024-08-27T17:15:28.575+0000] {logging_mixin.py:190} INFO - [2024-08-27T17:15:28.574+0000] {dagbag.py:587} INFO - Filling up the DagBag from /home/airflow/.local/lib/python3.12/site-packages/airflow/example_dags/example_skip_dag.py
[2024-08-27T17:15:28.589+0000] {processor.py:925} INFO - DAG(s) 'example_skip_dag' retrieved from /home/airflow/.local/lib/python3.12/site-packages/airflow/example_dags/example_skip_dag.py
[2024-08-27T17:15:28.626+0000] {logging_mixin.py:190} INFO - [2024-08-27T17:15:28.626+0000] {dag.py:3211} INFO - Sync 1 DAGs
[2024-08-27T17:15:28.663+0000] {logging_mixin.py:190} INFO - [2024-08-27T17:15:28.663+0000] {dag.py:4138} INFO - Setting next_dagrun for example_skip_dag to 2024-08-26 00:00:00+00:00, run_after=2024-08-27 00:00:00+00:00
[2024-08-27T17:15:28.692+0000] {processor.py:208} INFO - Processing /home/airflow/.local/lib/python3.12/site-packages/airflow/example_dags/example_skip_dag.py took 0.131 seconds
[2024-08-27T17:15:59.184+0000] {processor.py:186} INFO - Started process (PID=1426) to work on /home/airflow/.local/lib/python3.12/site-packages/airflow/example_dags/example_skip_dag.py
[2024-08-27T17:15:59.186+0000] {processor.py:914} INFO - Processing file /home/airflow/.local/lib/python3.12/site-packages/airflow/example_dags/example_skip_dag.py for tasks to queue
[2024-08-27T17:15:59.191+0000] {logging_mixin.py:190} INFO - [2024-08-27T17:15:59.190+0000] {dagbag.py:587} INFO - Filling up the DagBag from /home/airflow/.local/lib/python3.12/site-packages/airflow/example_dags/example_skip_dag.py
[2024-08-27T17:15:59.209+0000] {processor.py:925} INFO - DAG(s) 'example_skip_dag' retrieved from /home/airflow/.local/lib/python3.12/site-packages/airflow/example_dags/example_skip_dag.py
[2024-08-27T17:15:59.256+0000] {logging_mixin.py:190} INFO - [2024-08-27T17:15:59.256+0000] {dag.py:3211} INFO - Sync 1 DAGs
[2024-08-27T17:15:59.302+0000] {logging_mixin.py:190} INFO - [2024-08-27T17:15:59.302+0000] {dag.py:4138} INFO - Setting next_dagrun for example_skip_dag to 2024-08-26 00:00:00+00:00, run_after=2024-08-27 00:00:00+00:00
[2024-08-27T17:15:59.331+0000] {processor.py:208} INFO - Processing /home/airflow/.local/lib/python3.12/site-packages/airflow/example_dags/example_skip_dag.py took 0.161 seconds
[2024-08-27T17:16:29.949+0000] {processor.py:186} INFO - Started process (PID=1488) to work on /home/airflow/.local/lib/python3.12/site-packages/airflow/example_dags/example_skip_dag.py
[2024-08-27T17:16:29.951+0000] {processor.py:914} INFO - Processing file /home/airflow/.local/lib/python3.12/site-packages/airflow/example_dags/example_skip_dag.py for tasks to queue
[2024-08-27T17:16:29.957+0000] {logging_mixin.py:190} INFO - [2024-08-27T17:16:29.956+0000] {dagbag.py:587} INFO - Filling up the DagBag from /home/airflow/.local/lib/python3.12/site-packages/airflow/example_dags/example_skip_dag.py
[2024-08-27T17:16:29.979+0000] {processor.py:925} INFO - DAG(s) 'example_skip_dag' retrieved from /home/airflow/.local/lib/python3.12/site-packages/airflow/example_dags/example_skip_dag.py
[2024-08-27T17:16:30.034+0000] {logging_mixin.py:190} INFO - [2024-08-27T17:16:30.034+0000] {dag.py:3211} INFO - Sync 1 DAGs
[2024-08-27T17:16:30.085+0000] {logging_mixin.py:190} INFO - [2024-08-27T17:16:30.084+0000] {dag.py:4138} INFO - Setting next_dagrun for example_skip_dag to 2024-08-26 00:00:00+00:00, run_after=2024-08-27 00:00:00+00:00
[2024-08-27T17:16:30.120+0000] {processor.py:208} INFO - Processing /home/airflow/.local/lib/python3.12/site-packages/airflow/example_dags/example_skip_dag.py took 0.190 seconds
[2024-08-27T17:17:00.430+0000] {processor.py:186} INFO - Started process (PID=1550) to work on /home/airflow/.local/lib/python3.12/site-packages/airflow/example_dags/example_skip_dag.py
[2024-08-27T17:17:00.433+0000] {processor.py:914} INFO - Processing file /home/airflow/.local/lib/python3.12/site-packages/airflow/example_dags/example_skip_dag.py for tasks to queue
[2024-08-27T17:17:00.439+0000] {logging_mixin.py:190} INFO - [2024-08-27T17:17:00.438+0000] {dagbag.py:587} INFO - Filling up the DagBag from /home/airflow/.local/lib/python3.12/site-packages/airflow/example_dags/example_skip_dag.py
[2024-08-27T17:17:00.451+0000] {processor.py:925} INFO - DAG(s) 'example_skip_dag' retrieved from /home/airflow/.local/lib/python3.12/site-packages/airflow/example_dags/example_skip_dag.py
[2024-08-27T17:17:00.488+0000] {logging_mixin.py:190} INFO - [2024-08-27T17:17:00.487+0000] {dag.py:3211} INFO - Sync 1 DAGs
[2024-08-27T17:17:00.531+0000] {logging_mixin.py:190} INFO - [2024-08-27T17:17:00.531+0000] {dag.py:4138} INFO - Setting next_dagrun for example_skip_dag to 2024-08-26 00:00:00+00:00, run_after=2024-08-27 00:00:00+00:00
[2024-08-27T17:17:00.570+0000] {processor.py:208} INFO - Processing /home/airflow/.local/lib/python3.12/site-packages/airflow/example_dags/example_skip_dag.py took 0.150 seconds
