[2024-08-27T17:04:53.938+0000] {processor.py:186} INFO - Started process (PID=90) to work on /home/airflow/.local/lib/python3.12/site-packages/airflow/example_dags/example_short_circuit_operator.py
[2024-08-27T17:04:53.939+0000] {processor.py:914} INFO - Processing file /home/airflow/.local/lib/python3.12/site-packages/airflow/example_dags/example_short_circuit_operator.py for tasks to queue
[2024-08-27T17:04:53.943+0000] {logging_mixin.py:190} INFO - [2024-08-27T17:04:53.942+0000] {dagbag.py:587} INFO - Filling up the DagBag from /home/airflow/.local/lib/python3.12/site-packages/airflow/example_dags/example_short_circuit_operator.py
[2024-08-27T17:04:53.957+0000] {processor.py:925} INFO - DAG(s) 'example_short_circuit_operator' retrieved from /home/airflow/.local/lib/python3.12/site-packages/airflow/example_dags/example_short_circuit_operator.py
[2024-08-27T17:04:54.160+0000] {logging_mixin.py:190} INFO - [2024-08-27T17:04:54.160+0000] {override.py:1858} INFO - Created Permission View: can edit on DAG:example_short_circuit_operator
[2024-08-27T17:04:54.178+0000] {logging_mixin.py:190} INFO - [2024-08-27T17:04:54.177+0000] {override.py:1858} INFO - Created Permission View: can read on DAG:example_short_circuit_operator
[2024-08-27T17:04:54.190+0000] {logging_mixin.py:190} INFO - [2024-08-27T17:04:54.190+0000] {override.py:1858} INFO - Created Permission View: can delete on DAG:example_short_circuit_operator
[2024-08-27T17:04:54.191+0000] {logging_mixin.py:190} INFO - [2024-08-27T17:04:54.191+0000] {dag.py:3211} INFO - Sync 1 DAGs
[2024-08-27T17:04:54.214+0000] {logging_mixin.py:190} INFO - [2024-08-27T17:04:54.213+0000] {dag.py:3234} INFO - Creating ORM DAG for example_short_circuit_operator
[2024-08-27T17:04:54.238+0000] {logging_mixin.py:190} INFO - [2024-08-27T17:04:54.238+0000] {dag.py:4138} INFO - Setting next_dagrun for example_short_circuit_operator to 2024-08-26 00:00:00+00:00, run_after=2024-08-27 00:00:00+00:00
[2024-08-27T17:04:54.271+0000] {processor.py:208} INFO - Processing /home/airflow/.local/lib/python3.12/site-packages/airflow/example_dags/example_short_circuit_operator.py took 0.342 seconds
[2024-08-27T17:05:24.544+0000] {processor.py:186} INFO - Started process (PID=152) to work on /home/airflow/.local/lib/python3.12/site-packages/airflow/example_dags/example_short_circuit_operator.py
[2024-08-27T17:05:24.546+0000] {processor.py:914} INFO - Processing file /home/airflow/.local/lib/python3.12/site-packages/airflow/example_dags/example_short_circuit_operator.py for tasks to queue
[2024-08-27T17:05:24.550+0000] {logging_mixin.py:190} INFO - [2024-08-27T17:05:24.549+0000] {dagbag.py:587} INFO - Filling up the DagBag from /home/airflow/.local/lib/python3.12/site-packages/airflow/example_dags/example_short_circuit_operator.py
[2024-08-27T17:05:24.566+0000] {processor.py:925} INFO - DAG(s) 'example_short_circuit_operator' retrieved from /home/airflow/.local/lib/python3.12/site-packages/airflow/example_dags/example_short_circuit_operator.py
[2024-08-27T17:05:24.611+0000] {logging_mixin.py:190} INFO - [2024-08-27T17:05:24.610+0000] {dag.py:3211} INFO - Sync 1 DAGs
[2024-08-27T17:05:24.657+0000] {logging_mixin.py:190} INFO - [2024-08-27T17:05:24.656+0000] {dag.py:4138} INFO - Setting next_dagrun for example_short_circuit_operator to 2024-08-26 00:00:00+00:00, run_after=2024-08-27 00:00:00+00:00
[2024-08-27T17:05:24.692+0000] {processor.py:208} INFO - Processing /home/airflow/.local/lib/python3.12/site-packages/airflow/example_dags/example_short_circuit_operator.py took 0.160 seconds
[2024-08-27T17:05:54.860+0000] {processor.py:186} INFO - Started process (PID=214) to work on /home/airflow/.local/lib/python3.12/site-packages/airflow/example_dags/example_short_circuit_operator.py
[2024-08-27T17:05:54.861+0000] {processor.py:914} INFO - Processing file /home/airflow/.local/lib/python3.12/site-packages/airflow/example_dags/example_short_circuit_operator.py for tasks to queue
[2024-08-27T17:05:54.865+0000] {logging_mixin.py:190} INFO - [2024-08-27T17:05:54.865+0000] {dagbag.py:587} INFO - Filling up the DagBag from /home/airflow/.local/lib/python3.12/site-packages/airflow/example_dags/example_short_circuit_operator.py
[2024-08-27T17:05:54.878+0000] {processor.py:925} INFO - DAG(s) 'example_short_circuit_operator' retrieved from /home/airflow/.local/lib/python3.12/site-packages/airflow/example_dags/example_short_circuit_operator.py
[2024-08-27T17:05:54.917+0000] {logging_mixin.py:190} INFO - [2024-08-27T17:05:54.916+0000] {dag.py:3211} INFO - Sync 1 DAGs
[2024-08-27T17:05:54.951+0000] {logging_mixin.py:190} INFO - [2024-08-27T17:05:54.951+0000] {dag.py:4138} INFO - Setting next_dagrun for example_short_circuit_operator to 2024-08-26 00:00:00+00:00, run_after=2024-08-27 00:00:00+00:00
[2024-08-27T17:05:54.982+0000] {processor.py:208} INFO - Processing /home/airflow/.local/lib/python3.12/site-packages/airflow/example_dags/example_short_circuit_operator.py took 0.132 seconds
[2024-08-27T17:06:25.689+0000] {processor.py:186} INFO - Started process (PID=276) to work on /home/airflow/.local/lib/python3.12/site-packages/airflow/example_dags/example_short_circuit_operator.py
[2024-08-27T17:06:25.690+0000] {processor.py:914} INFO - Processing file /home/airflow/.local/lib/python3.12/site-packages/airflow/example_dags/example_short_circuit_operator.py for tasks to queue
[2024-08-27T17:06:25.694+0000] {logging_mixin.py:190} INFO - [2024-08-27T17:06:25.694+0000] {dagbag.py:587} INFO - Filling up the DagBag from /home/airflow/.local/lib/python3.12/site-packages/airflow/example_dags/example_short_circuit_operator.py
[2024-08-27T17:06:25.720+0000] {processor.py:925} INFO - DAG(s) 'example_short_circuit_operator' retrieved from /home/airflow/.local/lib/python3.12/site-packages/airflow/example_dags/example_short_circuit_operator.py
[2024-08-27T17:06:25.767+0000] {logging_mixin.py:190} INFO - [2024-08-27T17:06:25.766+0000] {dag.py:3211} INFO - Sync 1 DAGs
[2024-08-27T17:06:25.804+0000] {logging_mixin.py:190} INFO - [2024-08-27T17:06:25.804+0000] {dag.py:4138} INFO - Setting next_dagrun for example_short_circuit_operator to 2024-08-26 00:00:00+00:00, run_after=2024-08-27 00:00:00+00:00
[2024-08-27T17:06:25.841+0000] {processor.py:208} INFO - Processing /home/airflow/.local/lib/python3.12/site-packages/airflow/example_dags/example_short_circuit_operator.py took 0.163 seconds
[2024-08-27T17:06:56.400+0000] {processor.py:186} INFO - Started process (PID=338) to work on /home/airflow/.local/lib/python3.12/site-packages/airflow/example_dags/example_short_circuit_operator.py
[2024-08-27T17:06:56.402+0000] {processor.py:914} INFO - Processing file /home/airflow/.local/lib/python3.12/site-packages/airflow/example_dags/example_short_circuit_operator.py for tasks to queue
[2024-08-27T17:06:56.406+0000] {logging_mixin.py:190} INFO - [2024-08-27T17:06:56.405+0000] {dagbag.py:587} INFO - Filling up the DagBag from /home/airflow/.local/lib/python3.12/site-packages/airflow/example_dags/example_short_circuit_operator.py
[2024-08-27T17:06:56.429+0000] {processor.py:925} INFO - DAG(s) 'example_short_circuit_operator' retrieved from /home/airflow/.local/lib/python3.12/site-packages/airflow/example_dags/example_short_circuit_operator.py
[2024-08-27T17:06:56.482+0000] {logging_mixin.py:190} INFO - [2024-08-27T17:06:56.482+0000] {dag.py:3211} INFO - Sync 1 DAGs
[2024-08-27T17:06:56.525+0000] {logging_mixin.py:190} INFO - [2024-08-27T17:06:56.525+0000] {dag.py:4138} INFO - Setting next_dagrun for example_short_circuit_operator to 2024-08-26 00:00:00+00:00, run_after=2024-08-27 00:00:00+00:00
[2024-08-27T17:06:56.561+0000] {processor.py:208} INFO - Processing /home/airflow/.local/lib/python3.12/site-packages/airflow/example_dags/example_short_circuit_operator.py took 0.172 seconds
[2024-08-27T17:07:26.878+0000] {processor.py:186} INFO - Started process (PID=400) to work on /home/airflow/.local/lib/python3.12/site-packages/airflow/example_dags/example_short_circuit_operator.py
[2024-08-27T17:07:26.880+0000] {processor.py:914} INFO - Processing file /home/airflow/.local/lib/python3.12/site-packages/airflow/example_dags/example_short_circuit_operator.py for tasks to queue
[2024-08-27T17:07:26.886+0000] {logging_mixin.py:190} INFO - [2024-08-27T17:07:26.885+0000] {dagbag.py:587} INFO - Filling up the DagBag from /home/airflow/.local/lib/python3.12/site-packages/airflow/example_dags/example_short_circuit_operator.py
[2024-08-27T17:07:26.902+0000] {processor.py:925} INFO - DAG(s) 'example_short_circuit_operator' retrieved from /home/airflow/.local/lib/python3.12/site-packages/airflow/example_dags/example_short_circuit_operator.py
[2024-08-27T17:07:26.936+0000] {logging_mixin.py:190} INFO - [2024-08-27T17:07:26.936+0000] {dag.py:3211} INFO - Sync 1 DAGs
[2024-08-27T17:07:26.988+0000] {logging_mixin.py:190} INFO - [2024-08-27T17:07:26.987+0000] {dag.py:4138} INFO - Setting next_dagrun for example_short_circuit_operator to 2024-08-26 00:00:00+00:00, run_after=2024-08-27 00:00:00+00:00
[2024-08-27T17:07:27.030+0000] {processor.py:208} INFO - Processing /home/airflow/.local/lib/python3.12/site-packages/airflow/example_dags/example_short_circuit_operator.py took 0.164 seconds
[2024-08-27T17:07:57.130+0000] {processor.py:186} INFO - Started process (PID=462) to work on /home/airflow/.local/lib/python3.12/site-packages/airflow/example_dags/example_short_circuit_operator.py
[2024-08-27T17:07:57.131+0000] {processor.py:914} INFO - Processing file /home/airflow/.local/lib/python3.12/site-packages/airflow/example_dags/example_short_circuit_operator.py for tasks to queue
[2024-08-27T17:07:57.135+0000] {logging_mixin.py:190} INFO - [2024-08-27T17:07:57.134+0000] {dagbag.py:587} INFO - Filling up the DagBag from /home/airflow/.local/lib/python3.12/site-packages/airflow/example_dags/example_short_circuit_operator.py
[2024-08-27T17:07:57.150+0000] {processor.py:925} INFO - DAG(s) 'example_short_circuit_operator' retrieved from /home/airflow/.local/lib/python3.12/site-packages/airflow/example_dags/example_short_circuit_operator.py
[2024-08-27T17:07:57.191+0000] {logging_mixin.py:190} INFO - [2024-08-27T17:07:57.190+0000] {dag.py:3211} INFO - Sync 1 DAGs
[2024-08-27T17:07:57.240+0000] {logging_mixin.py:190} INFO - [2024-08-27T17:07:57.239+0000] {dag.py:4138} INFO - Setting next_dagrun for example_short_circuit_operator to 2024-08-26 00:00:00+00:00, run_after=2024-08-27 00:00:00+00:00
[2024-08-27T17:07:57.278+0000] {processor.py:208} INFO - Processing /home/airflow/.local/lib/python3.12/site-packages/airflow/example_dags/example_short_circuit_operator.py took 0.156 seconds
[2024-08-27T17:08:27.719+0000] {processor.py:186} INFO - Started process (PID=523) to work on /home/airflow/.local/lib/python3.12/site-packages/airflow/example_dags/example_short_circuit_operator.py
[2024-08-27T17:08:27.721+0000] {processor.py:914} INFO - Processing file /home/airflow/.local/lib/python3.12/site-packages/airflow/example_dags/example_short_circuit_operator.py for tasks to queue
[2024-08-27T17:08:27.724+0000] {logging_mixin.py:190} INFO - [2024-08-27T17:08:27.723+0000] {dagbag.py:587} INFO - Filling up the DagBag from /home/airflow/.local/lib/python3.12/site-packages/airflow/example_dags/example_short_circuit_operator.py
[2024-08-27T17:08:27.738+0000] {processor.py:925} INFO - DAG(s) 'example_short_circuit_operator' retrieved from /home/airflow/.local/lib/python3.12/site-packages/airflow/example_dags/example_short_circuit_operator.py
[2024-08-27T17:08:27.785+0000] {logging_mixin.py:190} INFO - [2024-08-27T17:08:27.785+0000] {dag.py:3211} INFO - Sync 1 DAGs
[2024-08-27T17:08:27.838+0000] {logging_mixin.py:190} INFO - [2024-08-27T17:08:27.837+0000] {dag.py:4138} INFO - Setting next_dagrun for example_short_circuit_operator to 2024-08-26 00:00:00+00:00, run_after=2024-08-27 00:00:00+00:00
[2024-08-27T17:08:27.878+0000] {processor.py:208} INFO - Processing /home/airflow/.local/lib/python3.12/site-packages/airflow/example_dags/example_short_circuit_operator.py took 0.168 seconds
[2024-08-27T17:08:58.329+0000] {processor.py:186} INFO - Started process (PID=585) to work on /home/airflow/.local/lib/python3.12/site-packages/airflow/example_dags/example_short_circuit_operator.py
[2024-08-27T17:08:58.331+0000] {processor.py:914} INFO - Processing file /home/airflow/.local/lib/python3.12/site-packages/airflow/example_dags/example_short_circuit_operator.py for tasks to queue
[2024-08-27T17:08:58.336+0000] {logging_mixin.py:190} INFO - [2024-08-27T17:08:58.335+0000] {dagbag.py:587} INFO - Filling up the DagBag from /home/airflow/.local/lib/python3.12/site-packages/airflow/example_dags/example_short_circuit_operator.py
[2024-08-27T17:08:58.352+0000] {processor.py:925} INFO - DAG(s) 'example_short_circuit_operator' retrieved from /home/airflow/.local/lib/python3.12/site-packages/airflow/example_dags/example_short_circuit_operator.py
[2024-08-27T17:08:58.393+0000] {logging_mixin.py:190} INFO - [2024-08-27T17:08:58.393+0000] {dag.py:3211} INFO - Sync 1 DAGs
[2024-08-27T17:08:58.429+0000] {logging_mixin.py:190} INFO - [2024-08-27T17:08:58.429+0000] {dag.py:4138} INFO - Setting next_dagrun for example_short_circuit_operator to 2024-08-26 00:00:00+00:00, run_after=2024-08-27 00:00:00+00:00
[2024-08-27T17:08:58.460+0000] {processor.py:208} INFO - Processing /home/airflow/.local/lib/python3.12/site-packages/airflow/example_dags/example_short_circuit_operator.py took 0.141 seconds
[2024-08-27T17:09:28.868+0000] {processor.py:186} INFO - Started process (PID=647) to work on /home/airflow/.local/lib/python3.12/site-packages/airflow/example_dags/example_short_circuit_operator.py
[2024-08-27T17:09:28.871+0000] {processor.py:914} INFO - Processing file /home/airflow/.local/lib/python3.12/site-packages/airflow/example_dags/example_short_circuit_operator.py for tasks to queue
[2024-08-27T17:09:28.875+0000] {logging_mixin.py:190} INFO - [2024-08-27T17:09:28.874+0000] {dagbag.py:587} INFO - Filling up the DagBag from /home/airflow/.local/lib/python3.12/site-packages/airflow/example_dags/example_short_circuit_operator.py
[2024-08-27T17:09:28.891+0000] {processor.py:925} INFO - DAG(s) 'example_short_circuit_operator' retrieved from /home/airflow/.local/lib/python3.12/site-packages/airflow/example_dags/example_short_circuit_operator.py
[2024-08-27T17:09:28.927+0000] {logging_mixin.py:190} INFO - [2024-08-27T17:09:28.927+0000] {dag.py:3211} INFO - Sync 1 DAGs
[2024-08-27T17:09:28.962+0000] {logging_mixin.py:190} INFO - [2024-08-27T17:09:28.962+0000] {dag.py:4138} INFO - Setting next_dagrun for example_short_circuit_operator to 2024-08-26 00:00:00+00:00, run_after=2024-08-27 00:00:00+00:00
[2024-08-27T17:09:28.989+0000] {processor.py:208} INFO - Processing /home/airflow/.local/lib/python3.12/site-packages/airflow/example_dags/example_short_circuit_operator.py took 0.129 seconds
[2024-08-27T17:09:59.419+0000] {processor.py:186} INFO - Started process (PID=709) to work on /home/airflow/.local/lib/python3.12/site-packages/airflow/example_dags/example_short_circuit_operator.py
[2024-08-27T17:09:59.420+0000] {processor.py:914} INFO - Processing file /home/airflow/.local/lib/python3.12/site-packages/airflow/example_dags/example_short_circuit_operator.py for tasks to queue
[2024-08-27T17:09:59.424+0000] {logging_mixin.py:190} INFO - [2024-08-27T17:09:59.424+0000] {dagbag.py:587} INFO - Filling up the DagBag from /home/airflow/.local/lib/python3.12/site-packages/airflow/example_dags/example_short_circuit_operator.py
[2024-08-27T17:09:59.443+0000] {processor.py:925} INFO - DAG(s) 'example_short_circuit_operator' retrieved from /home/airflow/.local/lib/python3.12/site-packages/airflow/example_dags/example_short_circuit_operator.py
[2024-08-27T17:09:59.482+0000] {logging_mixin.py:190} INFO - [2024-08-27T17:09:59.482+0000] {dag.py:3211} INFO - Sync 1 DAGs
[2024-08-27T17:09:59.522+0000] {logging_mixin.py:190} INFO - [2024-08-27T17:09:59.521+0000] {dag.py:4138} INFO - Setting next_dagrun for example_short_circuit_operator to 2024-08-26 00:00:00+00:00, run_after=2024-08-27 00:00:00+00:00
[2024-08-27T17:09:59.559+0000] {processor.py:208} INFO - Processing /home/airflow/.local/lib/python3.12/site-packages/airflow/example_dags/example_short_circuit_operator.py took 0.150 seconds
[2024-08-27T17:10:30.121+0000] {processor.py:186} INFO - Started process (PID=771) to work on /home/airflow/.local/lib/python3.12/site-packages/airflow/example_dags/example_short_circuit_operator.py
[2024-08-27T17:10:30.123+0000] {processor.py:914} INFO - Processing file /home/airflow/.local/lib/python3.12/site-packages/airflow/example_dags/example_short_circuit_operator.py for tasks to queue
[2024-08-27T17:10:30.129+0000] {logging_mixin.py:190} INFO - [2024-08-27T17:10:30.128+0000] {dagbag.py:587} INFO - Filling up the DagBag from /home/airflow/.local/lib/python3.12/site-packages/airflow/example_dags/example_short_circuit_operator.py
[2024-08-27T17:10:30.147+0000] {processor.py:925} INFO - DAG(s) 'example_short_circuit_operator' retrieved from /home/airflow/.local/lib/python3.12/site-packages/airflow/example_dags/example_short_circuit_operator.py
[2024-08-27T17:10:30.189+0000] {logging_mixin.py:190} INFO - [2024-08-27T17:10:30.188+0000] {dag.py:3211} INFO - Sync 1 DAGs
[2024-08-27T17:10:30.234+0000] {logging_mixin.py:190} INFO - [2024-08-27T17:10:30.234+0000] {dag.py:4138} INFO - Setting next_dagrun for example_short_circuit_operator to 2024-08-26 00:00:00+00:00, run_after=2024-08-27 00:00:00+00:00
[2024-08-27T17:10:30.269+0000] {processor.py:208} INFO - Processing /home/airflow/.local/lib/python3.12/site-packages/airflow/example_dags/example_short_circuit_operator.py took 0.159 seconds
[2024-08-27T17:11:00.556+0000] {processor.py:186} INFO - Started process (PID=833) to work on /home/airflow/.local/lib/python3.12/site-packages/airflow/example_dags/example_short_circuit_operator.py
[2024-08-27T17:11:00.558+0000] {processor.py:914} INFO - Processing file /home/airflow/.local/lib/python3.12/site-packages/airflow/example_dags/example_short_circuit_operator.py for tasks to queue
[2024-08-27T17:11:00.562+0000] {logging_mixin.py:190} INFO - [2024-08-27T17:11:00.562+0000] {dagbag.py:587} INFO - Filling up the DagBag from /home/airflow/.local/lib/python3.12/site-packages/airflow/example_dags/example_short_circuit_operator.py
[2024-08-27T17:11:00.578+0000] {processor.py:925} INFO - DAG(s) 'example_short_circuit_operator' retrieved from /home/airflow/.local/lib/python3.12/site-packages/airflow/example_dags/example_short_circuit_operator.py
[2024-08-27T17:11:00.626+0000] {logging_mixin.py:190} INFO - [2024-08-27T17:11:00.625+0000] {dag.py:3211} INFO - Sync 1 DAGs
[2024-08-27T17:11:00.662+0000] {logging_mixin.py:190} INFO - [2024-08-27T17:11:00.661+0000] {dag.py:4138} INFO - Setting next_dagrun for example_short_circuit_operator to 2024-08-26 00:00:00+00:00, run_after=2024-08-27 00:00:00+00:00
[2024-08-27T17:11:00.699+0000] {processor.py:208} INFO - Processing /home/airflow/.local/lib/python3.12/site-packages/airflow/example_dags/example_short_circuit_operator.py took 0.156 seconds
[2024-08-27T17:11:31.100+0000] {processor.py:186} INFO - Started process (PID=895) to work on /home/airflow/.local/lib/python3.12/site-packages/airflow/example_dags/example_short_circuit_operator.py
[2024-08-27T17:11:31.101+0000] {processor.py:914} INFO - Processing file /home/airflow/.local/lib/python3.12/site-packages/airflow/example_dags/example_short_circuit_operator.py for tasks to queue
[2024-08-27T17:11:31.105+0000] {logging_mixin.py:190} INFO - [2024-08-27T17:11:31.104+0000] {dagbag.py:587} INFO - Filling up the DagBag from /home/airflow/.local/lib/python3.12/site-packages/airflow/example_dags/example_short_circuit_operator.py
[2024-08-27T17:11:31.118+0000] {processor.py:925} INFO - DAG(s) 'example_short_circuit_operator' retrieved from /home/airflow/.local/lib/python3.12/site-packages/airflow/example_dags/example_short_circuit_operator.py
[2024-08-27T17:11:31.154+0000] {logging_mixin.py:190} INFO - [2024-08-27T17:11:31.154+0000] {dag.py:3211} INFO - Sync 1 DAGs
[2024-08-27T17:11:31.197+0000] {logging_mixin.py:190} INFO - [2024-08-27T17:11:31.196+0000] {dag.py:4138} INFO - Setting next_dagrun for example_short_circuit_operator to 2024-08-26 00:00:00+00:00, run_after=2024-08-27 00:00:00+00:00
[2024-08-27T17:11:31.244+0000] {processor.py:208} INFO - Processing /home/airflow/.local/lib/python3.12/site-packages/airflow/example_dags/example_short_circuit_operator.py took 0.152 seconds
[2024-08-27T17:12:01.554+0000] {processor.py:186} INFO - Started process (PID=957) to work on /home/airflow/.local/lib/python3.12/site-packages/airflow/example_dags/example_short_circuit_operator.py
[2024-08-27T17:12:01.556+0000] {processor.py:914} INFO - Processing file /home/airflow/.local/lib/python3.12/site-packages/airflow/example_dags/example_short_circuit_operator.py for tasks to queue
[2024-08-27T17:12:01.562+0000] {logging_mixin.py:190} INFO - [2024-08-27T17:12:01.561+0000] {dagbag.py:587} INFO - Filling up the DagBag from /home/airflow/.local/lib/python3.12/site-packages/airflow/example_dags/example_short_circuit_operator.py
[2024-08-27T17:12:01.580+0000] {processor.py:925} INFO - DAG(s) 'example_short_circuit_operator' retrieved from /home/airflow/.local/lib/python3.12/site-packages/airflow/example_dags/example_short_circuit_operator.py
[2024-08-27T17:12:01.621+0000] {logging_mixin.py:190} INFO - [2024-08-27T17:12:01.621+0000] {dag.py:3211} INFO - Sync 1 DAGs
[2024-08-27T17:12:01.661+0000] {logging_mixin.py:190} INFO - [2024-08-27T17:12:01.660+0000] {dag.py:4138} INFO - Setting next_dagrun for example_short_circuit_operator to 2024-08-26 00:00:00+00:00, run_after=2024-08-27 00:00:00+00:00
[2024-08-27T17:12:01.719+0000] {processor.py:208} INFO - Processing /home/airflow/.local/lib/python3.12/site-packages/airflow/example_dags/example_short_circuit_operator.py took 0.176 seconds
[2024-08-27T17:12:32.183+0000] {processor.py:186} INFO - Started process (PID=1019) to work on /home/airflow/.local/lib/python3.12/site-packages/airflow/example_dags/example_short_circuit_operator.py
[2024-08-27T17:12:32.185+0000] {processor.py:914} INFO - Processing file /home/airflow/.local/lib/python3.12/site-packages/airflow/example_dags/example_short_circuit_operator.py for tasks to queue
[2024-08-27T17:12:32.188+0000] {logging_mixin.py:190} INFO - [2024-08-27T17:12:32.188+0000] {dagbag.py:587} INFO - Filling up the DagBag from /home/airflow/.local/lib/python3.12/site-packages/airflow/example_dags/example_short_circuit_operator.py
[2024-08-27T17:12:32.209+0000] {processor.py:925} INFO - DAG(s) 'example_short_circuit_operator' retrieved from /home/airflow/.local/lib/python3.12/site-packages/airflow/example_dags/example_short_circuit_operator.py
[2024-08-27T17:12:32.261+0000] {logging_mixin.py:190} INFO - [2024-08-27T17:12:32.260+0000] {dag.py:3211} INFO - Sync 1 DAGs
[2024-08-27T17:12:32.308+0000] {logging_mixin.py:190} INFO - [2024-08-27T17:12:32.308+0000] {dag.py:4138} INFO - Setting next_dagrun for example_short_circuit_operator to 2024-08-26 00:00:00+00:00, run_after=2024-08-27 00:00:00+00:00
[2024-08-27T17:12:32.341+0000] {processor.py:208} INFO - Processing /home/airflow/.local/lib/python3.12/site-packages/airflow/example_dags/example_short_circuit_operator.py took 0.171 seconds
[2024-08-27T17:13:03.509+0000] {processor.py:186} INFO - Started process (PID=1087) to work on /home/airflow/.local/lib/python3.12/site-packages/airflow/example_dags/example_short_circuit_operator.py
[2024-08-27T17:13:03.511+0000] {processor.py:914} INFO - Processing file /home/airflow/.local/lib/python3.12/site-packages/airflow/example_dags/example_short_circuit_operator.py for tasks to queue
[2024-08-27T17:13:03.515+0000] {logging_mixin.py:190} INFO - [2024-08-27T17:13:03.515+0000] {dagbag.py:587} INFO - Filling up the DagBag from /home/airflow/.local/lib/python3.12/site-packages/airflow/example_dags/example_short_circuit_operator.py
[2024-08-27T17:13:03.533+0000] {processor.py:925} INFO - DAG(s) 'example_short_circuit_operator' retrieved from /home/airflow/.local/lib/python3.12/site-packages/airflow/example_dags/example_short_circuit_operator.py
[2024-08-27T17:13:03.573+0000] {logging_mixin.py:190} INFO - [2024-08-27T17:13:03.573+0000] {dag.py:3211} INFO - Sync 1 DAGs
[2024-08-27T17:13:03.613+0000] {logging_mixin.py:190} INFO - [2024-08-27T17:13:03.613+0000] {dag.py:4138} INFO - Setting next_dagrun for example_short_circuit_operator to 2024-08-26 00:00:00+00:00, run_after=2024-08-27 00:00:00+00:00
[2024-08-27T17:13:03.648+0000] {processor.py:208} INFO - Processing /home/airflow/.local/lib/python3.12/site-packages/airflow/example_dags/example_short_circuit_operator.py took 0.150 seconds
[2024-08-27T17:13:34.006+0000] {processor.py:186} INFO - Started process (PID=1149) to work on /home/airflow/.local/lib/python3.12/site-packages/airflow/example_dags/example_short_circuit_operator.py
[2024-08-27T17:13:34.008+0000] {processor.py:914} INFO - Processing file /home/airflow/.local/lib/python3.12/site-packages/airflow/example_dags/example_short_circuit_operator.py for tasks to queue
[2024-08-27T17:13:34.012+0000] {logging_mixin.py:190} INFO - [2024-08-27T17:13:34.012+0000] {dagbag.py:587} INFO - Filling up the DagBag from /home/airflow/.local/lib/python3.12/site-packages/airflow/example_dags/example_short_circuit_operator.py
[2024-08-27T17:13:34.027+0000] {processor.py:925} INFO - DAG(s) 'example_short_circuit_operator' retrieved from /home/airflow/.local/lib/python3.12/site-packages/airflow/example_dags/example_short_circuit_operator.py
[2024-08-27T17:13:34.064+0000] {logging_mixin.py:190} INFO - [2024-08-27T17:13:34.064+0000] {dag.py:3211} INFO - Sync 1 DAGs
[2024-08-27T17:13:34.098+0000] {logging_mixin.py:190} INFO - [2024-08-27T17:13:34.098+0000] {dag.py:4138} INFO - Setting next_dagrun for example_short_circuit_operator to 2024-08-26 00:00:00+00:00, run_after=2024-08-27 00:00:00+00:00
[2024-08-27T17:13:34.135+0000] {processor.py:208} INFO - Processing /home/airflow/.local/lib/python3.12/site-packages/airflow/example_dags/example_short_circuit_operator.py took 0.141 seconds
[2024-08-27T17:14:04.694+0000] {processor.py:186} INFO - Started process (PID=1211) to work on /home/airflow/.local/lib/python3.12/site-packages/airflow/example_dags/example_short_circuit_operator.py
[2024-08-27T17:14:04.696+0000] {processor.py:914} INFO - Processing file /home/airflow/.local/lib/python3.12/site-packages/airflow/example_dags/example_short_circuit_operator.py for tasks to queue
[2024-08-27T17:14:04.700+0000] {logging_mixin.py:190} INFO - [2024-08-27T17:14:04.699+0000] {dagbag.py:587} INFO - Filling up the DagBag from /home/airflow/.local/lib/python3.12/site-packages/airflow/example_dags/example_short_circuit_operator.py
[2024-08-27T17:14:04.713+0000] {processor.py:925} INFO - DAG(s) 'example_short_circuit_operator' retrieved from /home/airflow/.local/lib/python3.12/site-packages/airflow/example_dags/example_short_circuit_operator.py
[2024-08-27T17:14:04.760+0000] {logging_mixin.py:190} INFO - [2024-08-27T17:14:04.759+0000] {dag.py:3211} INFO - Sync 1 DAGs
[2024-08-27T17:14:04.819+0000] {logging_mixin.py:190} INFO - [2024-08-27T17:14:04.818+0000] {dag.py:4138} INFO - Setting next_dagrun for example_short_circuit_operator to 2024-08-26 00:00:00+00:00, run_after=2024-08-27 00:00:00+00:00
[2024-08-27T17:14:04.863+0000] {processor.py:208} INFO - Processing /home/airflow/.local/lib/python3.12/site-packages/airflow/example_dags/example_short_circuit_operator.py took 0.176 seconds
[2024-08-27T17:14:35.460+0000] {processor.py:186} INFO - Started process (PID=1273) to work on /home/airflow/.local/lib/python3.12/site-packages/airflow/example_dags/example_short_circuit_operator.py
[2024-08-27T17:14:35.462+0000] {processor.py:914} INFO - Processing file /home/airflow/.local/lib/python3.12/site-packages/airflow/example_dags/example_short_circuit_operator.py for tasks to queue
[2024-08-27T17:14:35.466+0000] {logging_mixin.py:190} INFO - [2024-08-27T17:14:35.465+0000] {dagbag.py:587} INFO - Filling up the DagBag from /home/airflow/.local/lib/python3.12/site-packages/airflow/example_dags/example_short_circuit_operator.py
[2024-08-27T17:14:35.482+0000] {processor.py:925} INFO - DAG(s) 'example_short_circuit_operator' retrieved from /home/airflow/.local/lib/python3.12/site-packages/airflow/example_dags/example_short_circuit_operator.py
[2024-08-27T17:14:35.521+0000] {logging_mixin.py:190} INFO - [2024-08-27T17:14:35.520+0000] {dag.py:3211} INFO - Sync 1 DAGs
[2024-08-27T17:14:35.562+0000] {logging_mixin.py:190} INFO - [2024-08-27T17:14:35.561+0000] {dag.py:4138} INFO - Setting next_dagrun for example_short_circuit_operator to 2024-08-26 00:00:00+00:00, run_after=2024-08-27 00:00:00+00:00
[2024-08-27T17:14:35.595+0000] {processor.py:208} INFO - Processing /home/airflow/.local/lib/python3.12/site-packages/airflow/example_dags/example_short_circuit_operator.py took 0.144 seconds
[2024-08-27T17:15:05.871+0000] {processor.py:186} INFO - Started process (PID=1335) to work on /home/airflow/.local/lib/python3.12/site-packages/airflow/example_dags/example_short_circuit_operator.py
[2024-08-27T17:15:05.873+0000] {processor.py:914} INFO - Processing file /home/airflow/.local/lib/python3.12/site-packages/airflow/example_dags/example_short_circuit_operator.py for tasks to queue
[2024-08-27T17:15:05.879+0000] {logging_mixin.py:190} INFO - [2024-08-27T17:15:05.878+0000] {dagbag.py:587} INFO - Filling up the DagBag from /home/airflow/.local/lib/python3.12/site-packages/airflow/example_dags/example_short_circuit_operator.py
[2024-08-27T17:15:05.896+0000] {processor.py:925} INFO - DAG(s) 'example_short_circuit_operator' retrieved from /home/airflow/.local/lib/python3.12/site-packages/airflow/example_dags/example_short_circuit_operator.py
[2024-08-27T17:15:05.951+0000] {logging_mixin.py:190} INFO - [2024-08-27T17:15:05.951+0000] {dag.py:3211} INFO - Sync 1 DAGs
[2024-08-27T17:15:05.992+0000] {logging_mixin.py:190} INFO - [2024-08-27T17:15:05.991+0000] {dag.py:4138} INFO - Setting next_dagrun for example_short_circuit_operator to 2024-08-26 00:00:00+00:00, run_after=2024-08-27 00:00:00+00:00
[2024-08-27T17:15:06.024+0000] {processor.py:208} INFO - Processing /home/airflow/.local/lib/python3.12/site-packages/airflow/example_dags/example_short_circuit_operator.py took 0.167 seconds
[2024-08-27T17:15:36.519+0000] {processor.py:186} INFO - Started process (PID=1397) to work on /home/airflow/.local/lib/python3.12/site-packages/airflow/example_dags/example_short_circuit_operator.py
[2024-08-27T17:15:36.521+0000] {processor.py:914} INFO - Processing file /home/airflow/.local/lib/python3.12/site-packages/airflow/example_dags/example_short_circuit_operator.py for tasks to queue
[2024-08-27T17:15:36.525+0000] {logging_mixin.py:190} INFO - [2024-08-27T17:15:36.525+0000] {dagbag.py:587} INFO - Filling up the DagBag from /home/airflow/.local/lib/python3.12/site-packages/airflow/example_dags/example_short_circuit_operator.py
[2024-08-27T17:15:36.543+0000] {processor.py:925} INFO - DAG(s) 'example_short_circuit_operator' retrieved from /home/airflow/.local/lib/python3.12/site-packages/airflow/example_dags/example_short_circuit_operator.py
[2024-08-27T17:15:36.584+0000] {logging_mixin.py:190} INFO - [2024-08-27T17:15:36.583+0000] {dag.py:3211} INFO - Sync 1 DAGs
[2024-08-27T17:15:36.627+0000] {logging_mixin.py:190} INFO - [2024-08-27T17:15:36.627+0000] {dag.py:4138} INFO - Setting next_dagrun for example_short_circuit_operator to 2024-08-26 00:00:00+00:00, run_after=2024-08-27 00:00:00+00:00
[2024-08-27T17:15:36.675+0000] {processor.py:208} INFO - Processing /home/airflow/.local/lib/python3.12/site-packages/airflow/example_dags/example_short_circuit_operator.py took 0.168 seconds
[2024-08-27T17:16:07.303+0000] {processor.py:186} INFO - Started process (PID=1459) to work on /home/airflow/.local/lib/python3.12/site-packages/airflow/example_dags/example_short_circuit_operator.py
[2024-08-27T17:16:07.305+0000] {processor.py:914} INFO - Processing file /home/airflow/.local/lib/python3.12/site-packages/airflow/example_dags/example_short_circuit_operator.py for tasks to queue
[2024-08-27T17:16:07.309+0000] {logging_mixin.py:190} INFO - [2024-08-27T17:16:07.309+0000] {dagbag.py:587} INFO - Filling up the DagBag from /home/airflow/.local/lib/python3.12/site-packages/airflow/example_dags/example_short_circuit_operator.py
[2024-08-27T17:16:07.331+0000] {processor.py:925} INFO - DAG(s) 'example_short_circuit_operator' retrieved from /home/airflow/.local/lib/python3.12/site-packages/airflow/example_dags/example_short_circuit_operator.py
[2024-08-27T17:16:07.376+0000] {logging_mixin.py:190} INFO - [2024-08-27T17:16:07.375+0000] {dag.py:3211} INFO - Sync 1 DAGs
[2024-08-27T17:16:07.417+0000] {logging_mixin.py:190} INFO - [2024-08-27T17:16:07.416+0000] {dag.py:4138} INFO - Setting next_dagrun for example_short_circuit_operator to 2024-08-26 00:00:00+00:00, run_after=2024-08-27 00:00:00+00:00
[2024-08-27T17:16:07.450+0000] {processor.py:208} INFO - Processing /home/airflow/.local/lib/python3.12/site-packages/airflow/example_dags/example_short_circuit_operator.py took 0.157 seconds
[2024-08-27T17:16:38.178+0000] {processor.py:186} INFO - Started process (PID=1521) to work on /home/airflow/.local/lib/python3.12/site-packages/airflow/example_dags/example_short_circuit_operator.py
[2024-08-27T17:16:38.180+0000] {processor.py:914} INFO - Processing file /home/airflow/.local/lib/python3.12/site-packages/airflow/example_dags/example_short_circuit_operator.py for tasks to queue
[2024-08-27T17:16:38.184+0000] {logging_mixin.py:190} INFO - [2024-08-27T17:16:38.184+0000] {dagbag.py:587} INFO - Filling up the DagBag from /home/airflow/.local/lib/python3.12/site-packages/airflow/example_dags/example_short_circuit_operator.py
[2024-08-27T17:16:38.205+0000] {processor.py:925} INFO - DAG(s) 'example_short_circuit_operator' retrieved from /home/airflow/.local/lib/python3.12/site-packages/airflow/example_dags/example_short_circuit_operator.py
[2024-08-27T17:16:38.245+0000] {logging_mixin.py:190} INFO - [2024-08-27T17:16:38.245+0000] {dag.py:3211} INFO - Sync 1 DAGs
[2024-08-27T17:16:38.285+0000] {logging_mixin.py:190} INFO - [2024-08-27T17:16:38.285+0000] {dag.py:4138} INFO - Setting next_dagrun for example_short_circuit_operator to 2024-08-26 00:00:00+00:00, run_after=2024-08-27 00:00:00+00:00
[2024-08-27T17:16:38.320+0000] {processor.py:208} INFO - Processing /home/airflow/.local/lib/python3.12/site-packages/airflow/example_dags/example_short_circuit_operator.py took 0.152 seconds
