[2024-08-27T17:04:45.708+0000] {processor.py:186} INFO - Started process (PID=62) to work on /home/airflow/.local/lib/python3.12/site-packages/airflow/example_dags/example_branch_datetime_operator.py
[2024-08-27T17:04:45.709+0000] {processor.py:914} INFO - Processing file /home/airflow/.local/lib/python3.12/site-packages/airflow/example_dags/example_branch_datetime_operator.py for tasks to queue
[2024-08-27T17:04:45.714+0000] {logging_mixin.py:190} INFO - [2024-08-27T17:04:45.714+0000] {dagbag.py:587} INFO - Filling up the DagBag from /home/airflow/.local/lib/python3.12/site-packages/airflow/example_dags/example_branch_datetime_operator.py
[2024-08-27T17:04:45.748+0000] {processor.py:925} INFO - DAG(s) 'example_branch_datetime_operator_2', 'example_branch_datetime_operator_3', 'example_branch_datetime_operator' retrieved from /home/airflow/.local/lib/python3.12/site-packages/airflow/example_dags/example_branch_datetime_operator.py
[2024-08-27T17:04:46.334+0000] {logging_mixin.py:190} INFO - [2024-08-27T17:04:46.332+0000] {override.py:1858} INFO - Created Permission View: can edit on DAG:example_branch_datetime_operator_2
[2024-08-27T17:04:46.498+0000] {logging_mixin.py:190} INFO - [2024-08-27T17:04:46.497+0000] {override.py:1858} INFO - Created Permission View: can read on DAG:example_branch_datetime_operator_2
[2024-08-27T17:04:46.522+0000] {logging_mixin.py:190} INFO - [2024-08-27T17:04:46.522+0000] {override.py:1858} INFO - Created Permission View: can delete on DAG:example_branch_datetime_operator_2
[2024-08-27T17:04:46.554+0000] {logging_mixin.py:190} INFO - [2024-08-27T17:04:46.553+0000] {override.py:1858} INFO - Created Permission View: can edit on DAG:example_branch_datetime_operator_3
[2024-08-27T17:04:46.569+0000] {logging_mixin.py:190} INFO - [2024-08-27T17:04:46.568+0000] {override.py:1858} INFO - Created Permission View: can read on DAG:example_branch_datetime_operator_3
[2024-08-27T17:04:46.583+0000] {logging_mixin.py:190} INFO - [2024-08-27T17:04:46.582+0000] {override.py:1858} INFO - Created Permission View: can delete on DAG:example_branch_datetime_operator_3
[2024-08-27T17:04:46.615+0000] {logging_mixin.py:190} INFO - [2024-08-27T17:04:46.615+0000] {override.py:1858} INFO - Created Permission View: can edit on DAG:example_branch_datetime_operator
[2024-08-27T17:04:46.629+0000] {logging_mixin.py:190} INFO - [2024-08-27T17:04:46.628+0000] {override.py:1858} INFO - Created Permission View: can read on DAG:example_branch_datetime_operator
[2024-08-27T17:04:46.643+0000] {logging_mixin.py:190} INFO - [2024-08-27T17:04:46.643+0000] {override.py:1858} INFO - Created Permission View: can delete on DAG:example_branch_datetime_operator
[2024-08-27T17:04:46.645+0000] {logging_mixin.py:190} INFO - [2024-08-27T17:04:46.644+0000] {dag.py:3211} INFO - Sync 3 DAGs
[2024-08-27T17:04:46.662+0000] {logging_mixin.py:190} INFO - [2024-08-27T17:04:46.662+0000] {dag.py:3234} INFO - Creating ORM DAG for example_branch_datetime_operator_2
[2024-08-27T17:04:46.664+0000] {logging_mixin.py:190} INFO - [2024-08-27T17:04:46.664+0000] {dag.py:3234} INFO - Creating ORM DAG for example_branch_datetime_operator_3
[2024-08-27T17:04:46.665+0000] {logging_mixin.py:190} INFO - [2024-08-27T17:04:46.665+0000] {dag.py:3234} INFO - Creating ORM DAG for example_branch_datetime_operator
[2024-08-27T17:04:46.681+0000] {logging_mixin.py:190} INFO - [2024-08-27T17:04:46.681+0000] {dag.py:4138} INFO - Setting next_dagrun for example_branch_datetime_operator to 2024-08-26 00:00:00+00:00, run_after=2024-08-27 00:00:00+00:00
[2024-08-27T17:04:46.686+0000] {logging_mixin.py:190} INFO - [2024-08-27T17:04:46.685+0000] {dag.py:4138} INFO - Setting next_dagrun for example_branch_datetime_operator_2 to 2024-08-26 00:00:00+00:00, run_after=2024-08-27 00:00:00+00:00
[2024-08-27T17:04:46.690+0000] {logging_mixin.py:190} INFO - [2024-08-27T17:04:46.689+0000] {dag.py:4138} INFO - Setting next_dagrun for example_branch_datetime_operator_3 to 2024-08-26 00:00:00+00:00, run_after=2024-08-27 00:00:00+00:00
[2024-08-27T17:04:46.730+0000] {processor.py:208} INFO - Processing /home/airflow/.local/lib/python3.12/site-packages/airflow/example_dags/example_branch_datetime_operator.py took 1.032 seconds
[2024-08-27T17:05:16.972+0000] {processor.py:186} INFO - Started process (PID=124) to work on /home/airflow/.local/lib/python3.12/site-packages/airflow/example_dags/example_branch_datetime_operator.py
[2024-08-27T17:05:16.976+0000] {processor.py:914} INFO - Processing file /home/airflow/.local/lib/python3.12/site-packages/airflow/example_dags/example_branch_datetime_operator.py for tasks to queue
[2024-08-27T17:05:16.984+0000] {logging_mixin.py:190} INFO - [2024-08-27T17:05:16.983+0000] {dagbag.py:587} INFO - Filling up the DagBag from /home/airflow/.local/lib/python3.12/site-packages/airflow/example_dags/example_branch_datetime_operator.py
[2024-08-27T17:05:17.013+0000] {processor.py:925} INFO - DAG(s) 'example_branch_datetime_operator_2', 'example_branch_datetime_operator', 'example_branch_datetime_operator_3' retrieved from /home/airflow/.local/lib/python3.12/site-packages/airflow/example_dags/example_branch_datetime_operator.py
[2024-08-27T17:05:17.070+0000] {logging_mixin.py:190} INFO - [2024-08-27T17:05:17.070+0000] {dag.py:3211} INFO - Sync 3 DAGs
[2024-08-27T17:05:17.124+0000] {logging_mixin.py:190} INFO - [2024-08-27T17:05:17.123+0000] {dag.py:4138} INFO - Setting next_dagrun for example_branch_datetime_operator to 2024-08-26 00:00:00+00:00, run_after=2024-08-27 00:00:00+00:00
[2024-08-27T17:05:17.134+0000] {logging_mixin.py:190} INFO - [2024-08-27T17:05:17.134+0000] {dag.py:4138} INFO - Setting next_dagrun for example_branch_datetime_operator_2 to 2024-08-26 00:00:00+00:00, run_after=2024-08-27 00:00:00+00:00
[2024-08-27T17:05:17.140+0000] {logging_mixin.py:190} INFO - [2024-08-27T17:05:17.139+0000] {dag.py:4138} INFO - Setting next_dagrun for example_branch_datetime_operator_3 to 2024-08-26 00:00:00+00:00, run_after=2024-08-27 00:00:00+00:00
[2024-08-27T17:05:17.172+0000] {processor.py:208} INFO - Processing /home/airflow/.local/lib/python3.12/site-packages/airflow/example_dags/example_branch_datetime_operator.py took 0.212 seconds
[2024-08-27T17:05:47.395+0000] {processor.py:186} INFO - Started process (PID=185) to work on /home/airflow/.local/lib/python3.12/site-packages/airflow/example_dags/example_branch_datetime_operator.py
[2024-08-27T17:05:47.396+0000] {processor.py:914} INFO - Processing file /home/airflow/.local/lib/python3.12/site-packages/airflow/example_dags/example_branch_datetime_operator.py for tasks to queue
[2024-08-27T17:05:47.403+0000] {logging_mixin.py:190} INFO - [2024-08-27T17:05:47.402+0000] {dagbag.py:587} INFO - Filling up the DagBag from /home/airflow/.local/lib/python3.12/site-packages/airflow/example_dags/example_branch_datetime_operator.py
[2024-08-27T17:05:47.424+0000] {processor.py:925} INFO - DAG(s) 'example_branch_datetime_operator_3', 'example_branch_datetime_operator', 'example_branch_datetime_operator_2' retrieved from /home/airflow/.local/lib/python3.12/site-packages/airflow/example_dags/example_branch_datetime_operator.py
[2024-08-27T17:05:47.477+0000] {logging_mixin.py:190} INFO - [2024-08-27T17:05:47.477+0000] {dag.py:3211} INFO - Sync 3 DAGs
[2024-08-27T17:05:47.528+0000] {logging_mixin.py:190} INFO - [2024-08-27T17:05:47.528+0000] {dag.py:4138} INFO - Setting next_dagrun for example_branch_datetime_operator to 2024-08-26 00:00:00+00:00, run_after=2024-08-27 00:00:00+00:00
[2024-08-27T17:05:47.539+0000] {logging_mixin.py:190} INFO - [2024-08-27T17:05:47.539+0000] {dag.py:4138} INFO - Setting next_dagrun for example_branch_datetime_operator_2 to 2024-08-26 00:00:00+00:00, run_after=2024-08-27 00:00:00+00:00
[2024-08-27T17:05:47.545+0000] {logging_mixin.py:190} INFO - [2024-08-27T17:05:47.545+0000] {dag.py:4138} INFO - Setting next_dagrun for example_branch_datetime_operator_3 to 2024-08-26 00:00:00+00:00, run_after=2024-08-27 00:00:00+00:00
[2024-08-27T17:05:47.599+0000] {processor.py:208} INFO - Processing /home/airflow/.local/lib/python3.12/site-packages/airflow/example_dags/example_branch_datetime_operator.py took 0.216 seconds
[2024-08-27T17:06:17.698+0000] {processor.py:186} INFO - Started process (PID=247) to work on /home/airflow/.local/lib/python3.12/site-packages/airflow/example_dags/example_branch_datetime_operator.py
[2024-08-27T17:06:17.701+0000] {processor.py:914} INFO - Processing file /home/airflow/.local/lib/python3.12/site-packages/airflow/example_dags/example_branch_datetime_operator.py for tasks to queue
[2024-08-27T17:06:17.708+0000] {logging_mixin.py:190} INFO - [2024-08-27T17:06:17.708+0000] {dagbag.py:587} INFO - Filling up the DagBag from /home/airflow/.local/lib/python3.12/site-packages/airflow/example_dags/example_branch_datetime_operator.py
[2024-08-27T17:06:17.730+0000] {processor.py:925} INFO - DAG(s) 'example_branch_datetime_operator_3', 'example_branch_datetime_operator', 'example_branch_datetime_operator_2' retrieved from /home/airflow/.local/lib/python3.12/site-packages/airflow/example_dags/example_branch_datetime_operator.py
[2024-08-27T17:06:17.775+0000] {logging_mixin.py:190} INFO - [2024-08-27T17:06:17.775+0000] {dag.py:3211} INFO - Sync 3 DAGs
[2024-08-27T17:06:17.830+0000] {logging_mixin.py:190} INFO - [2024-08-27T17:06:17.830+0000] {dag.py:4138} INFO - Setting next_dagrun for example_branch_datetime_operator to 2024-08-26 00:00:00+00:00, run_after=2024-08-27 00:00:00+00:00
[2024-08-27T17:06:17.856+0000] {logging_mixin.py:190} INFO - [2024-08-27T17:06:17.855+0000] {dag.py:4138} INFO - Setting next_dagrun for example_branch_datetime_operator_2 to 2024-08-26 00:00:00+00:00, run_after=2024-08-27 00:00:00+00:00
[2024-08-27T17:06:17.865+0000] {logging_mixin.py:190} INFO - [2024-08-27T17:06:17.864+0000] {dag.py:4138} INFO - Setting next_dagrun for example_branch_datetime_operator_3 to 2024-08-26 00:00:00+00:00, run_after=2024-08-27 00:00:00+00:00
[2024-08-27T17:06:17.919+0000] {processor.py:208} INFO - Processing /home/airflow/.local/lib/python3.12/site-packages/airflow/example_dags/example_branch_datetime_operator.py took 0.234 seconds
[2024-08-27T17:06:48.488+0000] {processor.py:186} INFO - Started process (PID=309) to work on /home/airflow/.local/lib/python3.12/site-packages/airflow/example_dags/example_branch_datetime_operator.py
[2024-08-27T17:06:48.490+0000] {processor.py:914} INFO - Processing file /home/airflow/.local/lib/python3.12/site-packages/airflow/example_dags/example_branch_datetime_operator.py for tasks to queue
[2024-08-27T17:06:48.495+0000] {logging_mixin.py:190} INFO - [2024-08-27T17:06:48.495+0000] {dagbag.py:587} INFO - Filling up the DagBag from /home/airflow/.local/lib/python3.12/site-packages/airflow/example_dags/example_branch_datetime_operator.py
[2024-08-27T17:06:48.516+0000] {processor.py:925} INFO - DAG(s) 'example_branch_datetime_operator', 'example_branch_datetime_operator_2', 'example_branch_datetime_operator_3' retrieved from /home/airflow/.local/lib/python3.12/site-packages/airflow/example_dags/example_branch_datetime_operator.py
[2024-08-27T17:06:48.573+0000] {logging_mixin.py:190} INFO - [2024-08-27T17:06:48.573+0000] {dag.py:3211} INFO - Sync 3 DAGs
[2024-08-27T17:06:48.639+0000] {logging_mixin.py:190} INFO - [2024-08-27T17:06:48.638+0000] {dag.py:4138} INFO - Setting next_dagrun for example_branch_datetime_operator to 2024-08-26 00:00:00+00:00, run_after=2024-08-27 00:00:00+00:00
[2024-08-27T17:06:48.647+0000] {logging_mixin.py:190} INFO - [2024-08-27T17:06:48.647+0000] {dag.py:4138} INFO - Setting next_dagrun for example_branch_datetime_operator_2 to 2024-08-26 00:00:00+00:00, run_after=2024-08-27 00:00:00+00:00
[2024-08-27T17:06:48.656+0000] {logging_mixin.py:190} INFO - [2024-08-27T17:06:48.656+0000] {dag.py:4138} INFO - Setting next_dagrun for example_branch_datetime_operator_3 to 2024-08-26 00:00:00+00:00, run_after=2024-08-27 00:00:00+00:00
[2024-08-27T17:06:48.698+0000] {processor.py:208} INFO - Processing /home/airflow/.local/lib/python3.12/site-packages/airflow/example_dags/example_branch_datetime_operator.py took 0.223 seconds
[2024-08-27T17:07:18.966+0000] {processor.py:186} INFO - Started process (PID=371) to work on /home/airflow/.local/lib/python3.12/site-packages/airflow/example_dags/example_branch_datetime_operator.py
[2024-08-27T17:07:18.968+0000] {processor.py:914} INFO - Processing file /home/airflow/.local/lib/python3.12/site-packages/airflow/example_dags/example_branch_datetime_operator.py for tasks to queue
[2024-08-27T17:07:18.971+0000] {logging_mixin.py:190} INFO - [2024-08-27T17:07:18.971+0000] {dagbag.py:587} INFO - Filling up the DagBag from /home/airflow/.local/lib/python3.12/site-packages/airflow/example_dags/example_branch_datetime_operator.py
[2024-08-27T17:07:18.988+0000] {processor.py:925} INFO - DAG(s) 'example_branch_datetime_operator_3', 'example_branch_datetime_operator_2', 'example_branch_datetime_operator' retrieved from /home/airflow/.local/lib/python3.12/site-packages/airflow/example_dags/example_branch_datetime_operator.py
[2024-08-27T17:07:19.031+0000] {logging_mixin.py:190} INFO - [2024-08-27T17:07:19.031+0000] {dag.py:3211} INFO - Sync 3 DAGs
[2024-08-27T17:07:19.070+0000] {logging_mixin.py:190} INFO - [2024-08-27T17:07:19.070+0000] {dag.py:4138} INFO - Setting next_dagrun for example_branch_datetime_operator to 2024-08-26 00:00:00+00:00, run_after=2024-08-27 00:00:00+00:00
[2024-08-27T17:07:19.077+0000] {logging_mixin.py:190} INFO - [2024-08-27T17:07:19.077+0000] {dag.py:4138} INFO - Setting next_dagrun for example_branch_datetime_operator_2 to 2024-08-26 00:00:00+00:00, run_after=2024-08-27 00:00:00+00:00
[2024-08-27T17:07:19.081+0000] {logging_mixin.py:190} INFO - [2024-08-27T17:07:19.081+0000] {dag.py:4138} INFO - Setting next_dagrun for example_branch_datetime_operator_3 to 2024-08-26 00:00:00+00:00, run_after=2024-08-27 00:00:00+00:00
[2024-08-27T17:07:19.113+0000] {processor.py:208} INFO - Processing /home/airflow/.local/lib/python3.12/site-packages/airflow/example_dags/example_branch_datetime_operator.py took 0.156 seconds
[2024-08-27T17:07:49.715+0000] {processor.py:186} INFO - Started process (PID=433) to work on /home/airflow/.local/lib/python3.12/site-packages/airflow/example_dags/example_branch_datetime_operator.py
[2024-08-27T17:07:49.718+0000] {processor.py:914} INFO - Processing file /home/airflow/.local/lib/python3.12/site-packages/airflow/example_dags/example_branch_datetime_operator.py for tasks to queue
[2024-08-27T17:07:49.723+0000] {logging_mixin.py:190} INFO - [2024-08-27T17:07:49.722+0000] {dagbag.py:587} INFO - Filling up the DagBag from /home/airflow/.local/lib/python3.12/site-packages/airflow/example_dags/example_branch_datetime_operator.py
[2024-08-27T17:07:49.748+0000] {processor.py:925} INFO - DAG(s) 'example_branch_datetime_operator_2', 'example_branch_datetime_operator_3', 'example_branch_datetime_operator' retrieved from /home/airflow/.local/lib/python3.12/site-packages/airflow/example_dags/example_branch_datetime_operator.py
[2024-08-27T17:07:49.794+0000] {logging_mixin.py:190} INFO - [2024-08-27T17:07:49.794+0000] {dag.py:3211} INFO - Sync 3 DAGs
[2024-08-27T17:07:49.843+0000] {logging_mixin.py:190} INFO - [2024-08-27T17:07:49.842+0000] {dag.py:4138} INFO - Setting next_dagrun for example_branch_datetime_operator to 2024-08-26 00:00:00+00:00, run_after=2024-08-27 00:00:00+00:00
[2024-08-27T17:07:49.850+0000] {logging_mixin.py:190} INFO - [2024-08-27T17:07:49.850+0000] {dag.py:4138} INFO - Setting next_dagrun for example_branch_datetime_operator_2 to 2024-08-26 00:00:00+00:00, run_after=2024-08-27 00:00:00+00:00
[2024-08-27T17:07:49.855+0000] {logging_mixin.py:190} INFO - [2024-08-27T17:07:49.855+0000] {dag.py:4138} INFO - Setting next_dagrun for example_branch_datetime_operator_3 to 2024-08-26 00:00:00+00:00, run_after=2024-08-27 00:00:00+00:00
[2024-08-27T17:07:49.889+0000] {processor.py:208} INFO - Processing /home/airflow/.local/lib/python3.12/site-packages/airflow/example_dags/example_branch_datetime_operator.py took 0.186 seconds
[2024-08-27T17:08:20.379+0000] {processor.py:186} INFO - Started process (PID=495) to work on /home/airflow/.local/lib/python3.12/site-packages/airflow/example_dags/example_branch_datetime_operator.py
[2024-08-27T17:08:20.381+0000] {processor.py:914} INFO - Processing file /home/airflow/.local/lib/python3.12/site-packages/airflow/example_dags/example_branch_datetime_operator.py for tasks to queue
[2024-08-27T17:08:20.387+0000] {logging_mixin.py:190} INFO - [2024-08-27T17:08:20.386+0000] {dagbag.py:587} INFO - Filling up the DagBag from /home/airflow/.local/lib/python3.12/site-packages/airflow/example_dags/example_branch_datetime_operator.py
[2024-08-27T17:08:20.408+0000] {processor.py:925} INFO - DAG(s) 'example_branch_datetime_operator_3', 'example_branch_datetime_operator', 'example_branch_datetime_operator_2' retrieved from /home/airflow/.local/lib/python3.12/site-packages/airflow/example_dags/example_branch_datetime_operator.py
[2024-08-27T17:08:20.467+0000] {logging_mixin.py:190} INFO - [2024-08-27T17:08:20.466+0000] {dag.py:3211} INFO - Sync 3 DAGs
[2024-08-27T17:08:20.508+0000] {logging_mixin.py:190} INFO - [2024-08-27T17:08:20.508+0000] {dag.py:4138} INFO - Setting next_dagrun for example_branch_datetime_operator to 2024-08-26 00:00:00+00:00, run_after=2024-08-27 00:00:00+00:00
[2024-08-27T17:08:20.518+0000] {logging_mixin.py:190} INFO - [2024-08-27T17:08:20.518+0000] {dag.py:4138} INFO - Setting next_dagrun for example_branch_datetime_operator_2 to 2024-08-26 00:00:00+00:00, run_after=2024-08-27 00:00:00+00:00
[2024-08-27T17:08:20.524+0000] {logging_mixin.py:190} INFO - [2024-08-27T17:08:20.524+0000] {dag.py:4138} INFO - Setting next_dagrun for example_branch_datetime_operator_3 to 2024-08-26 00:00:00+00:00, run_after=2024-08-27 00:00:00+00:00
[2024-08-27T17:08:20.558+0000] {processor.py:208} INFO - Processing /home/airflow/.local/lib/python3.12/site-packages/airflow/example_dags/example_branch_datetime_operator.py took 0.192 seconds
[2024-08-27T17:08:51.148+0000] {processor.py:186} INFO - Started process (PID=557) to work on /home/airflow/.local/lib/python3.12/site-packages/airflow/example_dags/example_branch_datetime_operator.py
[2024-08-27T17:08:51.151+0000] {processor.py:914} INFO - Processing file /home/airflow/.local/lib/python3.12/site-packages/airflow/example_dags/example_branch_datetime_operator.py for tasks to queue
[2024-08-27T17:08:51.156+0000] {logging_mixin.py:190} INFO - [2024-08-27T17:08:51.155+0000] {dagbag.py:587} INFO - Filling up the DagBag from /home/airflow/.local/lib/python3.12/site-packages/airflow/example_dags/example_branch_datetime_operator.py
[2024-08-27T17:08:51.176+0000] {processor.py:925} INFO - DAG(s) 'example_branch_datetime_operator_2', 'example_branch_datetime_operator_3', 'example_branch_datetime_operator' retrieved from /home/airflow/.local/lib/python3.12/site-packages/airflow/example_dags/example_branch_datetime_operator.py
[2024-08-27T17:08:51.230+0000] {logging_mixin.py:190} INFO - [2024-08-27T17:08:51.229+0000] {dag.py:3211} INFO - Sync 3 DAGs
[2024-08-27T17:08:51.272+0000] {logging_mixin.py:190} INFO - [2024-08-27T17:08:51.272+0000] {dag.py:4138} INFO - Setting next_dagrun for example_branch_datetime_operator to 2024-08-26 00:00:00+00:00, run_after=2024-08-27 00:00:00+00:00
[2024-08-27T17:08:51.281+0000] {logging_mixin.py:190} INFO - [2024-08-27T17:08:51.280+0000] {dag.py:4138} INFO - Setting next_dagrun for example_branch_datetime_operator_2 to 2024-08-26 00:00:00+00:00, run_after=2024-08-27 00:00:00+00:00
[2024-08-27T17:08:51.286+0000] {logging_mixin.py:190} INFO - [2024-08-27T17:08:51.286+0000] {dag.py:4138} INFO - Setting next_dagrun for example_branch_datetime_operator_3 to 2024-08-26 00:00:00+00:00, run_after=2024-08-27 00:00:00+00:00
[2024-08-27T17:08:51.316+0000] {processor.py:208} INFO - Processing /home/airflow/.local/lib/python3.12/site-packages/airflow/example_dags/example_branch_datetime_operator.py took 0.180 seconds
[2024-08-27T17:09:21.828+0000] {processor.py:186} INFO - Started process (PID=619) to work on /home/airflow/.local/lib/python3.12/site-packages/airflow/example_dags/example_branch_datetime_operator.py
[2024-08-27T17:09:21.830+0000] {processor.py:914} INFO - Processing file /home/airflow/.local/lib/python3.12/site-packages/airflow/example_dags/example_branch_datetime_operator.py for tasks to queue
[2024-08-27T17:09:21.834+0000] {logging_mixin.py:190} INFO - [2024-08-27T17:09:21.834+0000] {dagbag.py:587} INFO - Filling up the DagBag from /home/airflow/.local/lib/python3.12/site-packages/airflow/example_dags/example_branch_datetime_operator.py
[2024-08-27T17:09:21.852+0000] {processor.py:925} INFO - DAG(s) 'example_branch_datetime_operator_2', 'example_branch_datetime_operator_3', 'example_branch_datetime_operator' retrieved from /home/airflow/.local/lib/python3.12/site-packages/airflow/example_dags/example_branch_datetime_operator.py
[2024-08-27T17:09:21.909+0000] {logging_mixin.py:190} INFO - [2024-08-27T17:09:21.908+0000] {dag.py:3211} INFO - Sync 3 DAGs
[2024-08-27T17:09:21.960+0000] {logging_mixin.py:190} INFO - [2024-08-27T17:09:21.960+0000] {dag.py:4138} INFO - Setting next_dagrun for example_branch_datetime_operator to 2024-08-26 00:00:00+00:00, run_after=2024-08-27 00:00:00+00:00
[2024-08-27T17:09:21.967+0000] {logging_mixin.py:190} INFO - [2024-08-27T17:09:21.967+0000] {dag.py:4138} INFO - Setting next_dagrun for example_branch_datetime_operator_2 to 2024-08-26 00:00:00+00:00, run_after=2024-08-27 00:00:00+00:00
[2024-08-27T17:09:21.972+0000] {logging_mixin.py:190} INFO - [2024-08-27T17:09:21.971+0000] {dag.py:4138} INFO - Setting next_dagrun for example_branch_datetime_operator_3 to 2024-08-26 00:00:00+00:00, run_after=2024-08-27 00:00:00+00:00
[2024-08-27T17:09:21.999+0000] {processor.py:208} INFO - Processing /home/airflow/.local/lib/python3.12/site-packages/airflow/example_dags/example_branch_datetime_operator.py took 0.182 seconds
[2024-08-27T17:09:52.105+0000] {processor.py:186} INFO - Started process (PID=681) to work on /home/airflow/.local/lib/python3.12/site-packages/airflow/example_dags/example_branch_datetime_operator.py
[2024-08-27T17:09:52.107+0000] {processor.py:914} INFO - Processing file /home/airflow/.local/lib/python3.12/site-packages/airflow/example_dags/example_branch_datetime_operator.py for tasks to queue
[2024-08-27T17:09:52.112+0000] {logging_mixin.py:190} INFO - [2024-08-27T17:09:52.112+0000] {dagbag.py:587} INFO - Filling up the DagBag from /home/airflow/.local/lib/python3.12/site-packages/airflow/example_dags/example_branch_datetime_operator.py
[2024-08-27T17:09:52.139+0000] {processor.py:925} INFO - DAG(s) 'example_branch_datetime_operator', 'example_branch_datetime_operator_2', 'example_branch_datetime_operator_3' retrieved from /home/airflow/.local/lib/python3.12/site-packages/airflow/example_dags/example_branch_datetime_operator.py
[2024-08-27T17:09:52.192+0000] {logging_mixin.py:190} INFO - [2024-08-27T17:09:52.191+0000] {dag.py:3211} INFO - Sync 3 DAGs
[2024-08-27T17:09:52.235+0000] {logging_mixin.py:190} INFO - [2024-08-27T17:09:52.235+0000] {dag.py:4138} INFO - Setting next_dagrun for example_branch_datetime_operator to 2024-08-26 00:00:00+00:00, run_after=2024-08-27 00:00:00+00:00
[2024-08-27T17:09:52.247+0000] {logging_mixin.py:190} INFO - [2024-08-27T17:09:52.247+0000] {dag.py:4138} INFO - Setting next_dagrun for example_branch_datetime_operator_2 to 2024-08-26 00:00:00+00:00, run_after=2024-08-27 00:00:00+00:00
[2024-08-27T17:09:52.251+0000] {logging_mixin.py:190} INFO - [2024-08-27T17:09:52.251+0000] {dag.py:4138} INFO - Setting next_dagrun for example_branch_datetime_operator_3 to 2024-08-26 00:00:00+00:00, run_after=2024-08-27 00:00:00+00:00
[2024-08-27T17:09:52.281+0000] {processor.py:208} INFO - Processing /home/airflow/.local/lib/python3.12/site-packages/airflow/example_dags/example_branch_datetime_operator.py took 0.189 seconds
[2024-08-27T17:10:22.394+0000] {processor.py:186} INFO - Started process (PID=743) to work on /home/airflow/.local/lib/python3.12/site-packages/airflow/example_dags/example_branch_datetime_operator.py
[2024-08-27T17:10:22.396+0000] {processor.py:914} INFO - Processing file /home/airflow/.local/lib/python3.12/site-packages/airflow/example_dags/example_branch_datetime_operator.py for tasks to queue
[2024-08-27T17:10:22.401+0000] {logging_mixin.py:190} INFO - [2024-08-27T17:10:22.400+0000] {dagbag.py:587} INFO - Filling up the DagBag from /home/airflow/.local/lib/python3.12/site-packages/airflow/example_dags/example_branch_datetime_operator.py
[2024-08-27T17:10:22.422+0000] {processor.py:925} INFO - DAG(s) 'example_branch_datetime_operator_2', 'example_branch_datetime_operator', 'example_branch_datetime_operator_3' retrieved from /home/airflow/.local/lib/python3.12/site-packages/airflow/example_dags/example_branch_datetime_operator.py
[2024-08-27T17:10:22.466+0000] {logging_mixin.py:190} INFO - [2024-08-27T17:10:22.465+0000] {dag.py:3211} INFO - Sync 3 DAGs
[2024-08-27T17:10:22.506+0000] {logging_mixin.py:190} INFO - [2024-08-27T17:10:22.505+0000] {dag.py:4138} INFO - Setting next_dagrun for example_branch_datetime_operator to 2024-08-26 00:00:00+00:00, run_after=2024-08-27 00:00:00+00:00
[2024-08-27T17:10:22.514+0000] {logging_mixin.py:190} INFO - [2024-08-27T17:10:22.514+0000] {dag.py:4138} INFO - Setting next_dagrun for example_branch_datetime_operator_2 to 2024-08-26 00:00:00+00:00, run_after=2024-08-27 00:00:00+00:00
[2024-08-27T17:10:22.519+0000] {logging_mixin.py:190} INFO - [2024-08-27T17:10:22.518+0000] {dag.py:4138} INFO - Setting next_dagrun for example_branch_datetime_operator_3 to 2024-08-26 00:00:00+00:00, run_after=2024-08-27 00:00:00+00:00
[2024-08-27T17:10:22.552+0000] {processor.py:208} INFO - Processing /home/airflow/.local/lib/python3.12/site-packages/airflow/example_dags/example_branch_datetime_operator.py took 0.166 seconds
[2024-08-27T17:10:53.073+0000] {processor.py:186} INFO - Started process (PID=805) to work on /home/airflow/.local/lib/python3.12/site-packages/airflow/example_dags/example_branch_datetime_operator.py
[2024-08-27T17:10:53.074+0000] {processor.py:914} INFO - Processing file /home/airflow/.local/lib/python3.12/site-packages/airflow/example_dags/example_branch_datetime_operator.py for tasks to queue
[2024-08-27T17:10:53.078+0000] {logging_mixin.py:190} INFO - [2024-08-27T17:10:53.077+0000] {dagbag.py:587} INFO - Filling up the DagBag from /home/airflow/.local/lib/python3.12/site-packages/airflow/example_dags/example_branch_datetime_operator.py
[2024-08-27T17:10:53.097+0000] {processor.py:925} INFO - DAG(s) 'example_branch_datetime_operator', 'example_branch_datetime_operator_2', 'example_branch_datetime_operator_3' retrieved from /home/airflow/.local/lib/python3.12/site-packages/airflow/example_dags/example_branch_datetime_operator.py
[2024-08-27T17:10:53.141+0000] {logging_mixin.py:190} INFO - [2024-08-27T17:10:53.140+0000] {dag.py:3211} INFO - Sync 3 DAGs
[2024-08-27T17:10:53.186+0000] {logging_mixin.py:190} INFO - [2024-08-27T17:10:53.185+0000] {dag.py:4138} INFO - Setting next_dagrun for example_branch_datetime_operator to 2024-08-26 00:00:00+00:00, run_after=2024-08-27 00:00:00+00:00
[2024-08-27T17:10:53.198+0000] {logging_mixin.py:190} INFO - [2024-08-27T17:10:53.197+0000] {dag.py:4138} INFO - Setting next_dagrun for example_branch_datetime_operator_2 to 2024-08-26 00:00:00+00:00, run_after=2024-08-27 00:00:00+00:00
[2024-08-27T17:10:53.204+0000] {logging_mixin.py:190} INFO - [2024-08-27T17:10:53.203+0000] {dag.py:4138} INFO - Setting next_dagrun for example_branch_datetime_operator_3 to 2024-08-26 00:00:00+00:00, run_after=2024-08-27 00:00:00+00:00
[2024-08-27T17:10:53.239+0000] {processor.py:208} INFO - Processing /home/airflow/.local/lib/python3.12/site-packages/airflow/example_dags/example_branch_datetime_operator.py took 0.174 seconds
[2024-08-27T17:11:23.639+0000] {processor.py:186} INFO - Started process (PID=867) to work on /home/airflow/.local/lib/python3.12/site-packages/airflow/example_dags/example_branch_datetime_operator.py
[2024-08-27T17:11:23.642+0000] {processor.py:914} INFO - Processing file /home/airflow/.local/lib/python3.12/site-packages/airflow/example_dags/example_branch_datetime_operator.py for tasks to queue
[2024-08-27T17:11:23.647+0000] {logging_mixin.py:190} INFO - [2024-08-27T17:11:23.646+0000] {dagbag.py:587} INFO - Filling up the DagBag from /home/airflow/.local/lib/python3.12/site-packages/airflow/example_dags/example_branch_datetime_operator.py
[2024-08-27T17:11:23.678+0000] {processor.py:925} INFO - DAG(s) 'example_branch_datetime_operator_3', 'example_branch_datetime_operator', 'example_branch_datetime_operator_2' retrieved from /home/airflow/.local/lib/python3.12/site-packages/airflow/example_dags/example_branch_datetime_operator.py
[2024-08-27T17:11:23.732+0000] {logging_mixin.py:190} INFO - [2024-08-27T17:11:23.731+0000] {dag.py:3211} INFO - Sync 3 DAGs
[2024-08-27T17:11:23.795+0000] {logging_mixin.py:190} INFO - [2024-08-27T17:11:23.795+0000] {dag.py:4138} INFO - Setting next_dagrun for example_branch_datetime_operator to 2024-08-26 00:00:00+00:00, run_after=2024-08-27 00:00:00+00:00
[2024-08-27T17:11:23.806+0000] {logging_mixin.py:190} INFO - [2024-08-27T17:11:23.806+0000] {dag.py:4138} INFO - Setting next_dagrun for example_branch_datetime_operator_2 to 2024-08-26 00:00:00+00:00, run_after=2024-08-27 00:00:00+00:00
[2024-08-27T17:11:23.813+0000] {logging_mixin.py:190} INFO - [2024-08-27T17:11:23.813+0000] {dag.py:4138} INFO - Setting next_dagrun for example_branch_datetime_operator_3 to 2024-08-26 00:00:00+00:00, run_after=2024-08-27 00:00:00+00:00
[2024-08-27T17:11:23.847+0000] {processor.py:208} INFO - Processing /home/airflow/.local/lib/python3.12/site-packages/airflow/example_dags/example_branch_datetime_operator.py took 0.222 seconds
[2024-08-27T17:11:53.915+0000] {processor.py:186} INFO - Started process (PID=930) to work on /home/airflow/.local/lib/python3.12/site-packages/airflow/example_dags/example_branch_datetime_operator.py
[2024-08-27T17:11:53.917+0000] {processor.py:914} INFO - Processing file /home/airflow/.local/lib/python3.12/site-packages/airflow/example_dags/example_branch_datetime_operator.py for tasks to queue
[2024-08-27T17:11:53.922+0000] {logging_mixin.py:190} INFO - [2024-08-27T17:11:53.922+0000] {dagbag.py:587} INFO - Filling up the DagBag from /home/airflow/.local/lib/python3.12/site-packages/airflow/example_dags/example_branch_datetime_operator.py
[2024-08-27T17:11:53.939+0000] {processor.py:925} INFO - DAG(s) 'example_branch_datetime_operator_3', 'example_branch_datetime_operator', 'example_branch_datetime_operator_2' retrieved from /home/airflow/.local/lib/python3.12/site-packages/airflow/example_dags/example_branch_datetime_operator.py
[2024-08-27T17:11:53.978+0000] {logging_mixin.py:190} INFO - [2024-08-27T17:11:53.978+0000] {dag.py:3211} INFO - Sync 3 DAGs
[2024-08-27T17:11:54.013+0000] {logging_mixin.py:190} INFO - [2024-08-27T17:11:54.013+0000] {dag.py:4138} INFO - Setting next_dagrun for example_branch_datetime_operator to 2024-08-26 00:00:00+00:00, run_after=2024-08-27 00:00:00+00:00
[2024-08-27T17:11:54.020+0000] {logging_mixin.py:190} INFO - [2024-08-27T17:11:54.020+0000] {dag.py:4138} INFO - Setting next_dagrun for example_branch_datetime_operator_2 to 2024-08-26 00:00:00+00:00, run_after=2024-08-27 00:00:00+00:00
[2024-08-27T17:11:54.024+0000] {logging_mixin.py:190} INFO - [2024-08-27T17:11:54.024+0000] {dag.py:4138} INFO - Setting next_dagrun for example_branch_datetime_operator_3 to 2024-08-26 00:00:00+00:00, run_after=2024-08-27 00:00:00+00:00
[2024-08-27T17:11:54.055+0000] {processor.py:208} INFO - Processing /home/airflow/.local/lib/python3.12/site-packages/airflow/example_dags/example_branch_datetime_operator.py took 0.148 seconds
[2024-08-27T17:12:24.744+0000] {processor.py:186} INFO - Started process (PID=991) to work on /home/airflow/.local/lib/python3.12/site-packages/airflow/example_dags/example_branch_datetime_operator.py
[2024-08-27T17:12:24.745+0000] {processor.py:914} INFO - Processing file /home/airflow/.local/lib/python3.12/site-packages/airflow/example_dags/example_branch_datetime_operator.py for tasks to queue
[2024-08-27T17:12:24.752+0000] {logging_mixin.py:190} INFO - [2024-08-27T17:12:24.750+0000] {dagbag.py:587} INFO - Filling up the DagBag from /home/airflow/.local/lib/python3.12/site-packages/airflow/example_dags/example_branch_datetime_operator.py
[2024-08-27T17:12:24.779+0000] {processor.py:925} INFO - DAG(s) 'example_branch_datetime_operator_2', 'example_branch_datetime_operator_3', 'example_branch_datetime_operator' retrieved from /home/airflow/.local/lib/python3.12/site-packages/airflow/example_dags/example_branch_datetime_operator.py
[2024-08-27T17:12:24.830+0000] {logging_mixin.py:190} INFO - [2024-08-27T17:12:24.829+0000] {dag.py:3211} INFO - Sync 3 DAGs
[2024-08-27T17:12:24.865+0000] {logging_mixin.py:190} INFO - [2024-08-27T17:12:24.865+0000] {dag.py:4138} INFO - Setting next_dagrun for example_branch_datetime_operator to 2024-08-26 00:00:00+00:00, run_after=2024-08-27 00:00:00+00:00
[2024-08-27T17:12:24.872+0000] {logging_mixin.py:190} INFO - [2024-08-27T17:12:24.872+0000] {dag.py:4138} INFO - Setting next_dagrun for example_branch_datetime_operator_2 to 2024-08-26 00:00:00+00:00, run_after=2024-08-27 00:00:00+00:00
[2024-08-27T17:12:24.875+0000] {logging_mixin.py:190} INFO - [2024-08-27T17:12:24.875+0000] {dag.py:4138} INFO - Setting next_dagrun for example_branch_datetime_operator_3 to 2024-08-26 00:00:00+00:00, run_after=2024-08-27 00:00:00+00:00
[2024-08-27T17:12:24.906+0000] {processor.py:208} INFO - Processing /home/airflow/.local/lib/python3.12/site-packages/airflow/example_dags/example_branch_datetime_operator.py took 0.172 seconds
[2024-08-27T17:12:55.297+0000] {processor.py:186} INFO - Started process (PID=1053) to work on /home/airflow/.local/lib/python3.12/site-packages/airflow/example_dags/example_branch_datetime_operator.py
[2024-08-27T17:12:55.298+0000] {processor.py:914} INFO - Processing file /home/airflow/.local/lib/python3.12/site-packages/airflow/example_dags/example_branch_datetime_operator.py for tasks to queue
[2024-08-27T17:12:55.302+0000] {logging_mixin.py:190} INFO - [2024-08-27T17:12:55.301+0000] {dagbag.py:587} INFO - Filling up the DagBag from /home/airflow/.local/lib/python3.12/site-packages/airflow/example_dags/example_branch_datetime_operator.py
[2024-08-27T17:12:55.320+0000] {processor.py:925} INFO - DAG(s) 'example_branch_datetime_operator', 'example_branch_datetime_operator_2', 'example_branch_datetime_operator_3' retrieved from /home/airflow/.local/lib/python3.12/site-packages/airflow/example_dags/example_branch_datetime_operator.py
[2024-08-27T17:12:55.364+0000] {logging_mixin.py:190} INFO - [2024-08-27T17:12:55.364+0000] {dag.py:3211} INFO - Sync 3 DAGs
[2024-08-27T17:12:55.402+0000] {logging_mixin.py:190} INFO - [2024-08-27T17:12:55.401+0000] {dag.py:4138} INFO - Setting next_dagrun for example_branch_datetime_operator to 2024-08-26 00:00:00+00:00, run_after=2024-08-27 00:00:00+00:00
[2024-08-27T17:12:55.409+0000] {logging_mixin.py:190} INFO - [2024-08-27T17:12:55.409+0000] {dag.py:4138} INFO - Setting next_dagrun for example_branch_datetime_operator_2 to 2024-08-26 00:00:00+00:00, run_after=2024-08-27 00:00:00+00:00
[2024-08-27T17:12:55.414+0000] {logging_mixin.py:190} INFO - [2024-08-27T17:12:55.414+0000] {dag.py:4138} INFO - Setting next_dagrun for example_branch_datetime_operator_3 to 2024-08-26 00:00:00+00:00, run_after=2024-08-27 00:00:00+00:00
[2024-08-27T17:12:55.443+0000] {processor.py:208} INFO - Processing /home/airflow/.local/lib/python3.12/site-packages/airflow/example_dags/example_branch_datetime_operator.py took 0.154 seconds
[2024-08-27T17:13:25.724+0000] {processor.py:186} INFO - Started process (PID=1115) to work on /home/airflow/.local/lib/python3.12/site-packages/airflow/example_dags/example_branch_datetime_operator.py
[2024-08-27T17:13:25.725+0000] {processor.py:914} INFO - Processing file /home/airflow/.local/lib/python3.12/site-packages/airflow/example_dags/example_branch_datetime_operator.py for tasks to queue
[2024-08-27T17:13:25.730+0000] {logging_mixin.py:190} INFO - [2024-08-27T17:13:25.729+0000] {dagbag.py:587} INFO - Filling up the DagBag from /home/airflow/.local/lib/python3.12/site-packages/airflow/example_dags/example_branch_datetime_operator.py
[2024-08-27T17:13:25.748+0000] {processor.py:925} INFO - DAG(s) 'example_branch_datetime_operator_2', 'example_branch_datetime_operator', 'example_branch_datetime_operator_3' retrieved from /home/airflow/.local/lib/python3.12/site-packages/airflow/example_dags/example_branch_datetime_operator.py
[2024-08-27T17:13:25.795+0000] {logging_mixin.py:190} INFO - [2024-08-27T17:13:25.795+0000] {dag.py:3211} INFO - Sync 3 DAGs
[2024-08-27T17:13:25.837+0000] {logging_mixin.py:190} INFO - [2024-08-27T17:13:25.836+0000] {dag.py:4138} INFO - Setting next_dagrun for example_branch_datetime_operator to 2024-08-26 00:00:00+00:00, run_after=2024-08-27 00:00:00+00:00
[2024-08-27T17:13:25.845+0000] {logging_mixin.py:190} INFO - [2024-08-27T17:13:25.845+0000] {dag.py:4138} INFO - Setting next_dagrun for example_branch_datetime_operator_2 to 2024-08-26 00:00:00+00:00, run_after=2024-08-27 00:00:00+00:00
[2024-08-27T17:13:25.850+0000] {logging_mixin.py:190} INFO - [2024-08-27T17:13:25.849+0000] {dag.py:4138} INFO - Setting next_dagrun for example_branch_datetime_operator_3 to 2024-08-26 00:00:00+00:00, run_after=2024-08-27 00:00:00+00:00
[2024-08-27T17:13:25.886+0000] {processor.py:208} INFO - Processing /home/airflow/.local/lib/python3.12/site-packages/airflow/example_dags/example_branch_datetime_operator.py took 0.174 seconds
[2024-08-27T17:13:56.158+0000] {processor.py:186} INFO - Started process (PID=1177) to work on /home/airflow/.local/lib/python3.12/site-packages/airflow/example_dags/example_branch_datetime_operator.py
[2024-08-27T17:13:56.160+0000] {processor.py:914} INFO - Processing file /home/airflow/.local/lib/python3.12/site-packages/airflow/example_dags/example_branch_datetime_operator.py for tasks to queue
[2024-08-27T17:13:56.166+0000] {logging_mixin.py:190} INFO - [2024-08-27T17:13:56.164+0000] {dagbag.py:587} INFO - Filling up the DagBag from /home/airflow/.local/lib/python3.12/site-packages/airflow/example_dags/example_branch_datetime_operator.py
[2024-08-27T17:13:56.189+0000] {processor.py:925} INFO - DAG(s) 'example_branch_datetime_operator_3', 'example_branch_datetime_operator_2', 'example_branch_datetime_operator' retrieved from /home/airflow/.local/lib/python3.12/site-packages/airflow/example_dags/example_branch_datetime_operator.py
[2024-08-27T17:13:56.246+0000] {logging_mixin.py:190} INFO - [2024-08-27T17:13:56.245+0000] {dag.py:3211} INFO - Sync 3 DAGs
[2024-08-27T17:13:56.315+0000] {logging_mixin.py:190} INFO - [2024-08-27T17:13:56.314+0000] {dag.py:4138} INFO - Setting next_dagrun for example_branch_datetime_operator to 2024-08-26 00:00:00+00:00, run_after=2024-08-27 00:00:00+00:00
[2024-08-27T17:13:56.333+0000] {logging_mixin.py:190} INFO - [2024-08-27T17:13:56.333+0000] {dag.py:4138} INFO - Setting next_dagrun for example_branch_datetime_operator_2 to 2024-08-26 00:00:00+00:00, run_after=2024-08-27 00:00:00+00:00
[2024-08-27T17:13:56.348+0000] {logging_mixin.py:190} INFO - [2024-08-27T17:13:56.347+0000] {dag.py:4138} INFO - Setting next_dagrun for example_branch_datetime_operator_3 to 2024-08-26 00:00:00+00:00, run_after=2024-08-27 00:00:00+00:00
[2024-08-27T17:13:56.397+0000] {processor.py:208} INFO - Processing /home/airflow/.local/lib/python3.12/site-packages/airflow/example_dags/example_branch_datetime_operator.py took 0.253 seconds
[2024-08-27T17:14:26.855+0000] {processor.py:186} INFO - Started process (PID=1239) to work on /home/airflow/.local/lib/python3.12/site-packages/airflow/example_dags/example_branch_datetime_operator.py
[2024-08-27T17:14:26.857+0000] {processor.py:914} INFO - Processing file /home/airflow/.local/lib/python3.12/site-packages/airflow/example_dags/example_branch_datetime_operator.py for tasks to queue
[2024-08-27T17:14:26.862+0000] {logging_mixin.py:190} INFO - [2024-08-27T17:14:26.861+0000] {dagbag.py:587} INFO - Filling up the DagBag from /home/airflow/.local/lib/python3.12/site-packages/airflow/example_dags/example_branch_datetime_operator.py
[2024-08-27T17:14:26.886+0000] {processor.py:925} INFO - DAG(s) 'example_branch_datetime_operator', 'example_branch_datetime_operator_3', 'example_branch_datetime_operator_2' retrieved from /home/airflow/.local/lib/python3.12/site-packages/airflow/example_dags/example_branch_datetime_operator.py
[2024-08-27T17:14:26.944+0000] {logging_mixin.py:190} INFO - [2024-08-27T17:14:26.944+0000] {dag.py:3211} INFO - Sync 3 DAGs
[2024-08-27T17:14:26.986+0000] {logging_mixin.py:190} INFO - [2024-08-27T17:14:26.986+0000] {dag.py:4138} INFO - Setting next_dagrun for example_branch_datetime_operator to 2024-08-26 00:00:00+00:00, run_after=2024-08-27 00:00:00+00:00
[2024-08-27T17:14:26.995+0000] {logging_mixin.py:190} INFO - [2024-08-27T17:14:26.994+0000] {dag.py:4138} INFO - Setting next_dagrun for example_branch_datetime_operator_2 to 2024-08-26 00:00:00+00:00, run_after=2024-08-27 00:00:00+00:00
[2024-08-27T17:14:27.000+0000] {logging_mixin.py:190} INFO - [2024-08-27T17:14:26.999+0000] {dag.py:4138} INFO - Setting next_dagrun for example_branch_datetime_operator_3 to 2024-08-26 00:00:00+00:00, run_after=2024-08-27 00:00:00+00:00
[2024-08-27T17:14:27.037+0000] {processor.py:208} INFO - Processing /home/airflow/.local/lib/python3.12/site-packages/airflow/example_dags/example_branch_datetime_operator.py took 0.193 seconds
[2024-08-27T17:14:57.550+0000] {processor.py:186} INFO - Started process (PID=1301) to work on /home/airflow/.local/lib/python3.12/site-packages/airflow/example_dags/example_branch_datetime_operator.py
[2024-08-27T17:14:57.556+0000] {processor.py:914} INFO - Processing file /home/airflow/.local/lib/python3.12/site-packages/airflow/example_dags/example_branch_datetime_operator.py for tasks to queue
[2024-08-27T17:14:57.567+0000] {logging_mixin.py:190} INFO - [2024-08-27T17:14:57.565+0000] {dagbag.py:587} INFO - Filling up the DagBag from /home/airflow/.local/lib/python3.12/site-packages/airflow/example_dags/example_branch_datetime_operator.py
[2024-08-27T17:14:57.595+0000] {processor.py:925} INFO - DAG(s) 'example_branch_datetime_operator_3', 'example_branch_datetime_operator_2', 'example_branch_datetime_operator' retrieved from /home/airflow/.local/lib/python3.12/site-packages/airflow/example_dags/example_branch_datetime_operator.py
[2024-08-27T17:14:57.653+0000] {logging_mixin.py:190} INFO - [2024-08-27T17:14:57.652+0000] {dag.py:3211} INFO - Sync 3 DAGs
[2024-08-27T17:14:57.707+0000] {logging_mixin.py:190} INFO - [2024-08-27T17:14:57.707+0000] {dag.py:4138} INFO - Setting next_dagrun for example_branch_datetime_operator to 2024-08-26 00:00:00+00:00, run_after=2024-08-27 00:00:00+00:00
[2024-08-27T17:14:57.717+0000] {logging_mixin.py:190} INFO - [2024-08-27T17:14:57.716+0000] {dag.py:4138} INFO - Setting next_dagrun for example_branch_datetime_operator_2 to 2024-08-26 00:00:00+00:00, run_after=2024-08-27 00:00:00+00:00
[2024-08-27T17:14:57.723+0000] {logging_mixin.py:190} INFO - [2024-08-27T17:14:57.723+0000] {dag.py:4138} INFO - Setting next_dagrun for example_branch_datetime_operator_3 to 2024-08-26 00:00:00+00:00, run_after=2024-08-27 00:00:00+00:00
[2024-08-27T17:14:57.773+0000] {processor.py:208} INFO - Processing /home/airflow/.local/lib/python3.12/site-packages/airflow/example_dags/example_branch_datetime_operator.py took 0.237 seconds
[2024-08-27T17:15:28.569+0000] {processor.py:186} INFO - Started process (PID=1363) to work on /home/airflow/.local/lib/python3.12/site-packages/airflow/example_dags/example_branch_datetime_operator.py
[2024-08-27T17:15:28.570+0000] {processor.py:914} INFO - Processing file /home/airflow/.local/lib/python3.12/site-packages/airflow/example_dags/example_branch_datetime_operator.py for tasks to queue
[2024-08-27T17:15:28.574+0000] {logging_mixin.py:190} INFO - [2024-08-27T17:15:28.574+0000] {dagbag.py:587} INFO - Filling up the DagBag from /home/airflow/.local/lib/python3.12/site-packages/airflow/example_dags/example_branch_datetime_operator.py
[2024-08-27T17:15:28.593+0000] {processor.py:925} INFO - DAG(s) 'example_branch_datetime_operator_3', 'example_branch_datetime_operator_2', 'example_branch_datetime_operator' retrieved from /home/airflow/.local/lib/python3.12/site-packages/airflow/example_dags/example_branch_datetime_operator.py
[2024-08-27T17:15:28.637+0000] {logging_mixin.py:190} INFO - [2024-08-27T17:15:28.637+0000] {dag.py:3211} INFO - Sync 3 DAGs
[2024-08-27T17:15:28.677+0000] {logging_mixin.py:190} INFO - [2024-08-27T17:15:28.676+0000] {dag.py:4138} INFO - Setting next_dagrun for example_branch_datetime_operator to 2024-08-26 00:00:00+00:00, run_after=2024-08-27 00:00:00+00:00
[2024-08-27T17:15:28.684+0000] {logging_mixin.py:190} INFO - [2024-08-27T17:15:28.683+0000] {dag.py:4138} INFO - Setting next_dagrun for example_branch_datetime_operator_2 to 2024-08-26 00:00:00+00:00, run_after=2024-08-27 00:00:00+00:00
[2024-08-27T17:15:28.688+0000] {logging_mixin.py:190} INFO - [2024-08-27T17:15:28.687+0000] {dag.py:4138} INFO - Setting next_dagrun for example_branch_datetime_operator_3 to 2024-08-26 00:00:00+00:00, run_after=2024-08-27 00:00:00+00:00
[2024-08-27T17:15:28.717+0000] {processor.py:208} INFO - Processing /home/airflow/.local/lib/python3.12/site-packages/airflow/example_dags/example_branch_datetime_operator.py took 0.157 seconds
[2024-08-27T17:15:59.181+0000] {processor.py:186} INFO - Started process (PID=1425) to work on /home/airflow/.local/lib/python3.12/site-packages/airflow/example_dags/example_branch_datetime_operator.py
[2024-08-27T17:15:59.183+0000] {processor.py:914} INFO - Processing file /home/airflow/.local/lib/python3.12/site-packages/airflow/example_dags/example_branch_datetime_operator.py for tasks to queue
[2024-08-27T17:15:59.188+0000] {logging_mixin.py:190} INFO - [2024-08-27T17:15:59.187+0000] {dagbag.py:587} INFO - Filling up the DagBag from /home/airflow/.local/lib/python3.12/site-packages/airflow/example_dags/example_branch_datetime_operator.py
[2024-08-27T17:15:59.217+0000] {processor.py:925} INFO - DAG(s) 'example_branch_datetime_operator', 'example_branch_datetime_operator_2', 'example_branch_datetime_operator_3' retrieved from /home/airflow/.local/lib/python3.12/site-packages/airflow/example_dags/example_branch_datetime_operator.py
[2024-08-27T17:15:59.272+0000] {logging_mixin.py:190} INFO - [2024-08-27T17:15:59.272+0000] {dag.py:3211} INFO - Sync 3 DAGs
[2024-08-27T17:15:59.317+0000] {logging_mixin.py:190} INFO - [2024-08-27T17:15:59.317+0000] {dag.py:4138} INFO - Setting next_dagrun for example_branch_datetime_operator to 2024-08-26 00:00:00+00:00, run_after=2024-08-27 00:00:00+00:00
[2024-08-27T17:15:59.324+0000] {logging_mixin.py:190} INFO - [2024-08-27T17:15:59.324+0000] {dag.py:4138} INFO - Setting next_dagrun for example_branch_datetime_operator_2 to 2024-08-26 00:00:00+00:00, run_after=2024-08-27 00:00:00+00:00
[2024-08-27T17:15:59.328+0000] {logging_mixin.py:190} INFO - [2024-08-27T17:15:59.327+0000] {dag.py:4138} INFO - Setting next_dagrun for example_branch_datetime_operator_3 to 2024-08-26 00:00:00+00:00, run_after=2024-08-27 00:00:00+00:00
[2024-08-27T17:15:59.355+0000] {processor.py:208} INFO - Processing /home/airflow/.local/lib/python3.12/site-packages/airflow/example_dags/example_branch_datetime_operator.py took 0.185 seconds
[2024-08-27T17:16:29.943+0000] {processor.py:186} INFO - Started process (PID=1487) to work on /home/airflow/.local/lib/python3.12/site-packages/airflow/example_dags/example_branch_datetime_operator.py
[2024-08-27T17:16:29.946+0000] {processor.py:914} INFO - Processing file /home/airflow/.local/lib/python3.12/site-packages/airflow/example_dags/example_branch_datetime_operator.py for tasks to queue
[2024-08-27T17:16:29.953+0000] {logging_mixin.py:190} INFO - [2024-08-27T17:16:29.952+0000] {dagbag.py:587} INFO - Filling up the DagBag from /home/airflow/.local/lib/python3.12/site-packages/airflow/example_dags/example_branch_datetime_operator.py
[2024-08-27T17:16:29.985+0000] {processor.py:925} INFO - DAG(s) 'example_branch_datetime_operator_3', 'example_branch_datetime_operator_2', 'example_branch_datetime_operator' retrieved from /home/airflow/.local/lib/python3.12/site-packages/airflow/example_dags/example_branch_datetime_operator.py
[2024-08-27T17:16:30.063+0000] {logging_mixin.py:190} INFO - [2024-08-27T17:16:30.063+0000] {dag.py:3211} INFO - Sync 3 DAGs
[2024-08-27T17:16:30.106+0000] {logging_mixin.py:190} INFO - [2024-08-27T17:16:30.105+0000] {dag.py:4138} INFO - Setting next_dagrun for example_branch_datetime_operator to 2024-08-26 00:00:00+00:00, run_after=2024-08-27 00:00:00+00:00
[2024-08-27T17:16:30.113+0000] {logging_mixin.py:190} INFO - [2024-08-27T17:16:30.113+0000] {dag.py:4138} INFO - Setting next_dagrun for example_branch_datetime_operator_2 to 2024-08-26 00:00:00+00:00, run_after=2024-08-27 00:00:00+00:00
[2024-08-27T17:16:30.118+0000] {logging_mixin.py:190} INFO - [2024-08-27T17:16:30.118+0000] {dag.py:4138} INFO - Setting next_dagrun for example_branch_datetime_operator_3 to 2024-08-26 00:00:00+00:00, run_after=2024-08-27 00:00:00+00:00
[2024-08-27T17:16:30.151+0000] {processor.py:208} INFO - Processing /home/airflow/.local/lib/python3.12/site-packages/airflow/example_dags/example_branch_datetime_operator.py took 0.222 seconds
[2024-08-27T17:17:00.429+0000] {processor.py:186} INFO - Started process (PID=1549) to work on /home/airflow/.local/lib/python3.12/site-packages/airflow/example_dags/example_branch_datetime_operator.py
[2024-08-27T17:17:00.431+0000] {processor.py:914} INFO - Processing file /home/airflow/.local/lib/python3.12/site-packages/airflow/example_dags/example_branch_datetime_operator.py for tasks to queue
[2024-08-27T17:17:00.437+0000] {logging_mixin.py:190} INFO - [2024-08-27T17:17:00.435+0000] {dagbag.py:587} INFO - Filling up the DagBag from /home/airflow/.local/lib/python3.12/site-packages/airflow/example_dags/example_branch_datetime_operator.py
[2024-08-27T17:17:00.462+0000] {processor.py:925} INFO - DAG(s) 'example_branch_datetime_operator_3', 'example_branch_datetime_operator_2', 'example_branch_datetime_operator' retrieved from /home/airflow/.local/lib/python3.12/site-packages/airflow/example_dags/example_branch_datetime_operator.py
[2024-08-27T17:17:00.504+0000] {logging_mixin.py:190} INFO - [2024-08-27T17:17:00.503+0000] {dag.py:3211} INFO - Sync 3 DAGs
[2024-08-27T17:17:00.556+0000] {logging_mixin.py:190} INFO - [2024-08-27T17:17:00.555+0000] {dag.py:4138} INFO - Setting next_dagrun for example_branch_datetime_operator to 2024-08-26 00:00:00+00:00, run_after=2024-08-27 00:00:00+00:00
[2024-08-27T17:17:00.566+0000] {logging_mixin.py:190} INFO - [2024-08-27T17:17:00.566+0000] {dag.py:4138} INFO - Setting next_dagrun for example_branch_datetime_operator_2 to 2024-08-26 00:00:00+00:00, run_after=2024-08-27 00:00:00+00:00
[2024-08-27T17:17:00.572+0000] {logging_mixin.py:190} INFO - [2024-08-27T17:17:00.572+0000] {dag.py:4138} INFO - Setting next_dagrun for example_branch_datetime_operator_3 to 2024-08-26 00:00:00+00:00, run_after=2024-08-27 00:00:00+00:00
[2024-08-27T17:17:00.606+0000] {processor.py:208} INFO - Processing /home/airflow/.local/lib/python3.12/site-packages/airflow/example_dags/example_branch_datetime_operator.py took 0.186 seconds
