[2024-08-27T17:04:47.938+0000] {processor.py:186} INFO - Started process (PID=68) to work on /home/airflow/.local/lib/python3.12/site-packages/airflow/example_dags/tutorial.py
[2024-08-27T17:04:47.939+0000] {processor.py:914} INFO - Processing file /home/airflow/.local/lib/python3.12/site-packages/airflow/example_dags/tutorial.py for tasks to queue
[2024-08-27T17:04:47.943+0000] {logging_mixin.py:190} INFO - [2024-08-27T17:04:47.942+0000] {dagbag.py:587} INFO - Filling up the DagBag from /home/airflow/.local/lib/python3.12/site-packages/airflow/example_dags/tutorial.py
[2024-08-27T17:04:47.954+0000] {processor.py:925} INFO - DAG(s) 'tutorial' retrieved from /home/airflow/.local/lib/python3.12/site-packages/airflow/example_dags/tutorial.py
[2024-08-27T17:04:48.106+0000] {logging_mixin.py:190} INFO - [2024-08-27T17:04:48.105+0000] {override.py:1858} INFO - Created Permission View: can edit on DAG:tutorial
[2024-08-27T17:04:48.123+0000] {logging_mixin.py:190} INFO - [2024-08-27T17:04:48.123+0000] {override.py:1858} INFO - Created Permission View: can read on DAG:tutorial
[2024-08-27T17:04:48.137+0000] {logging_mixin.py:190} INFO - [2024-08-27T17:04:48.137+0000] {override.py:1858} INFO - Created Permission View: can delete on DAG:tutorial
[2024-08-27T17:04:48.138+0000] {logging_mixin.py:190} INFO - [2024-08-27T17:04:48.138+0000] {dag.py:3211} INFO - Sync 1 DAGs
[2024-08-27T17:04:48.154+0000] {logging_mixin.py:190} INFO - [2024-08-27T17:04:48.154+0000] {dag.py:3234} INFO - Creating ORM DAG for tutorial
[2024-08-27T17:04:48.170+0000] {logging_mixin.py:190} INFO - [2024-08-27T17:04:48.170+0000] {dag.py:4138} INFO - Setting next_dagrun for tutorial to 2024-08-26 00:00:00+00:00, run_after=2024-08-27 00:00:00+00:00
[2024-08-27T17:04:48.196+0000] {processor.py:208} INFO - Processing /home/airflow/.local/lib/python3.12/site-packages/airflow/example_dags/tutorial.py took 0.268 seconds
[2024-08-27T17:05:18.785+0000] {processor.py:186} INFO - Started process (PID=130) to work on /home/airflow/.local/lib/python3.12/site-packages/airflow/example_dags/tutorial.py
[2024-08-27T17:05:18.787+0000] {processor.py:914} INFO - Processing file /home/airflow/.local/lib/python3.12/site-packages/airflow/example_dags/tutorial.py for tasks to queue
[2024-08-27T17:05:18.791+0000] {logging_mixin.py:190} INFO - [2024-08-27T17:05:18.790+0000] {dagbag.py:587} INFO - Filling up the DagBag from /home/airflow/.local/lib/python3.12/site-packages/airflow/example_dags/tutorial.py
[2024-08-27T17:05:18.801+0000] {processor.py:925} INFO - DAG(s) 'tutorial' retrieved from /home/airflow/.local/lib/python3.12/site-packages/airflow/example_dags/tutorial.py
[2024-08-27T17:05:18.836+0000] {logging_mixin.py:190} INFO - [2024-08-27T17:05:18.835+0000] {dag.py:3211} INFO - Sync 1 DAGs
[2024-08-27T17:05:18.892+0000] {logging_mixin.py:190} INFO - [2024-08-27T17:05:18.892+0000] {dag.py:4138} INFO - Setting next_dagrun for tutorial to 2024-08-26 00:00:00+00:00, run_after=2024-08-27 00:00:00+00:00
[2024-08-27T17:05:18.928+0000] {processor.py:208} INFO - Processing /home/airflow/.local/lib/python3.12/site-packages/airflow/example_dags/tutorial.py took 0.154 seconds
[2024-08-27T17:05:49.261+0000] {processor.py:186} INFO - Started process (PID=192) to work on /home/airflow/.local/lib/python3.12/site-packages/airflow/example_dags/tutorial.py
[2024-08-27T17:05:49.262+0000] {processor.py:914} INFO - Processing file /home/airflow/.local/lib/python3.12/site-packages/airflow/example_dags/tutorial.py for tasks to queue
[2024-08-27T17:05:49.266+0000] {logging_mixin.py:190} INFO - [2024-08-27T17:05:49.265+0000] {dagbag.py:587} INFO - Filling up the DagBag from /home/airflow/.local/lib/python3.12/site-packages/airflow/example_dags/tutorial.py
[2024-08-27T17:05:49.280+0000] {processor.py:925} INFO - DAG(s) 'tutorial' retrieved from /home/airflow/.local/lib/python3.12/site-packages/airflow/example_dags/tutorial.py
[2024-08-27T17:05:49.318+0000] {logging_mixin.py:190} INFO - [2024-08-27T17:05:49.317+0000] {dag.py:3211} INFO - Sync 1 DAGs
[2024-08-27T17:05:49.380+0000] {logging_mixin.py:190} INFO - [2024-08-27T17:05:49.379+0000] {dag.py:4138} INFO - Setting next_dagrun for tutorial to 2024-08-26 00:00:00+00:00, run_after=2024-08-27 00:00:00+00:00
[2024-08-27T17:05:49.418+0000] {processor.py:208} INFO - Processing /home/airflow/.local/lib/python3.12/site-packages/airflow/example_dags/tutorial.py took 0.167 seconds
[2024-08-27T17:06:19.591+0000] {processor.py:186} INFO - Started process (PID=254) to work on /home/airflow/.local/lib/python3.12/site-packages/airflow/example_dags/tutorial.py
[2024-08-27T17:06:19.593+0000] {processor.py:914} INFO - Processing file /home/airflow/.local/lib/python3.12/site-packages/airflow/example_dags/tutorial.py for tasks to queue
[2024-08-27T17:06:19.596+0000] {logging_mixin.py:190} INFO - [2024-08-27T17:06:19.596+0000] {dagbag.py:587} INFO - Filling up the DagBag from /home/airflow/.local/lib/python3.12/site-packages/airflow/example_dags/tutorial.py
[2024-08-27T17:06:19.609+0000] {processor.py:925} INFO - DAG(s) 'tutorial' retrieved from /home/airflow/.local/lib/python3.12/site-packages/airflow/example_dags/tutorial.py
[2024-08-27T17:06:19.642+0000] {logging_mixin.py:190} INFO - [2024-08-27T17:06:19.642+0000] {dag.py:3211} INFO - Sync 1 DAGs
[2024-08-27T17:06:19.690+0000] {logging_mixin.py:190} INFO - [2024-08-27T17:06:19.690+0000] {dag.py:4138} INFO - Setting next_dagrun for tutorial to 2024-08-26 00:00:00+00:00, run_after=2024-08-27 00:00:00+00:00
[2024-08-27T17:06:19.731+0000] {processor.py:208} INFO - Processing /home/airflow/.local/lib/python3.12/site-packages/airflow/example_dags/tutorial.py took 0.150 seconds
[2024-08-27T17:06:50.687+0000] {processor.py:186} INFO - Started process (PID=316) to work on /home/airflow/.local/lib/python3.12/site-packages/airflow/example_dags/tutorial.py
[2024-08-27T17:06:50.688+0000] {processor.py:914} INFO - Processing file /home/airflow/.local/lib/python3.12/site-packages/airflow/example_dags/tutorial.py for tasks to queue
[2024-08-27T17:06:50.691+0000] {logging_mixin.py:190} INFO - [2024-08-27T17:06:50.691+0000] {dagbag.py:587} INFO - Filling up the DagBag from /home/airflow/.local/lib/python3.12/site-packages/airflow/example_dags/tutorial.py
[2024-08-27T17:06:50.704+0000] {processor.py:925} INFO - DAG(s) 'tutorial' retrieved from /home/airflow/.local/lib/python3.12/site-packages/airflow/example_dags/tutorial.py
[2024-08-27T17:06:50.747+0000] {logging_mixin.py:190} INFO - [2024-08-27T17:06:50.747+0000] {dag.py:3211} INFO - Sync 1 DAGs
[2024-08-27T17:06:50.818+0000] {logging_mixin.py:190} INFO - [2024-08-27T17:06:50.817+0000] {dag.py:4138} INFO - Setting next_dagrun for tutorial to 2024-08-26 00:00:00+00:00, run_after=2024-08-27 00:00:00+00:00
[2024-08-27T17:06:50.868+0000] {processor.py:208} INFO - Processing /home/airflow/.local/lib/python3.12/site-packages/airflow/example_dags/tutorial.py took 0.191 seconds
[2024-08-27T17:07:20.949+0000] {processor.py:186} INFO - Started process (PID=378) to work on /home/airflow/.local/lib/python3.12/site-packages/airflow/example_dags/tutorial.py
[2024-08-27T17:07:20.950+0000] {processor.py:914} INFO - Processing file /home/airflow/.local/lib/python3.12/site-packages/airflow/example_dags/tutorial.py for tasks to queue
[2024-08-27T17:07:20.953+0000] {logging_mixin.py:190} INFO - [2024-08-27T17:07:20.953+0000] {dagbag.py:587} INFO - Filling up the DagBag from /home/airflow/.local/lib/python3.12/site-packages/airflow/example_dags/tutorial.py
[2024-08-27T17:07:20.967+0000] {processor.py:925} INFO - DAG(s) 'tutorial' retrieved from /home/airflow/.local/lib/python3.12/site-packages/airflow/example_dags/tutorial.py
[2024-08-27T17:07:21.018+0000] {logging_mixin.py:190} INFO - [2024-08-27T17:07:21.017+0000] {dag.py:3211} INFO - Sync 1 DAGs
[2024-08-27T17:07:21.071+0000] {logging_mixin.py:190} INFO - [2024-08-27T17:07:21.071+0000] {dag.py:4138} INFO - Setting next_dagrun for tutorial to 2024-08-26 00:00:00+00:00, run_after=2024-08-27 00:00:00+00:00
[2024-08-27T17:07:21.102+0000] {processor.py:208} INFO - Processing /home/airflow/.local/lib/python3.12/site-packages/airflow/example_dags/tutorial.py took 0.163 seconds
[2024-08-27T17:07:51.419+0000] {processor.py:186} INFO - Started process (PID=440) to work on /home/airflow/.local/lib/python3.12/site-packages/airflow/example_dags/tutorial.py
[2024-08-27T17:07:51.421+0000] {processor.py:914} INFO - Processing file /home/airflow/.local/lib/python3.12/site-packages/airflow/example_dags/tutorial.py for tasks to queue
[2024-08-27T17:07:51.425+0000] {logging_mixin.py:190} INFO - [2024-08-27T17:07:51.424+0000] {dagbag.py:587} INFO - Filling up the DagBag from /home/airflow/.local/lib/python3.12/site-packages/airflow/example_dags/tutorial.py
[2024-08-27T17:07:51.437+0000] {processor.py:925} INFO - DAG(s) 'tutorial' retrieved from /home/airflow/.local/lib/python3.12/site-packages/airflow/example_dags/tutorial.py
[2024-08-27T17:07:51.467+0000] {logging_mixin.py:190} INFO - [2024-08-27T17:07:51.466+0000] {dag.py:3211} INFO - Sync 1 DAGs
[2024-08-27T17:07:51.500+0000] {logging_mixin.py:190} INFO - [2024-08-27T17:07:51.500+0000] {dag.py:4138} INFO - Setting next_dagrun for tutorial to 2024-08-26 00:00:00+00:00, run_after=2024-08-27 00:00:00+00:00
[2024-08-27T17:07:51.531+0000] {processor.py:208} INFO - Processing /home/airflow/.local/lib/python3.12/site-packages/airflow/example_dags/tutorial.py took 0.121 seconds
[2024-08-27T17:08:22.185+0000] {processor.py:186} INFO - Started process (PID=502) to work on /home/airflow/.local/lib/python3.12/site-packages/airflow/example_dags/tutorial.py
[2024-08-27T17:08:22.187+0000] {processor.py:914} INFO - Processing file /home/airflow/.local/lib/python3.12/site-packages/airflow/example_dags/tutorial.py for tasks to queue
[2024-08-27T17:08:22.190+0000] {logging_mixin.py:190} INFO - [2024-08-27T17:08:22.190+0000] {dagbag.py:587} INFO - Filling up the DagBag from /home/airflow/.local/lib/python3.12/site-packages/airflow/example_dags/tutorial.py
[2024-08-27T17:08:22.204+0000] {processor.py:925} INFO - DAG(s) 'tutorial' retrieved from /home/airflow/.local/lib/python3.12/site-packages/airflow/example_dags/tutorial.py
[2024-08-27T17:08:22.236+0000] {logging_mixin.py:190} INFO - [2024-08-27T17:08:22.235+0000] {dag.py:3211} INFO - Sync 1 DAGs
[2024-08-27T17:08:22.281+0000] {logging_mixin.py:190} INFO - [2024-08-27T17:08:22.281+0000] {dag.py:4138} INFO - Setting next_dagrun for tutorial to 2024-08-26 00:00:00+00:00, run_after=2024-08-27 00:00:00+00:00
[2024-08-27T17:08:22.319+0000] {processor.py:208} INFO - Processing /home/airflow/.local/lib/python3.12/site-packages/airflow/example_dags/tutorial.py took 0.147 seconds
[2024-08-27T17:08:52.937+0000] {processor.py:186} INFO - Started process (PID=564) to work on /home/airflow/.local/lib/python3.12/site-packages/airflow/example_dags/tutorial.py
[2024-08-27T17:08:52.939+0000] {processor.py:914} INFO - Processing file /home/airflow/.local/lib/python3.12/site-packages/airflow/example_dags/tutorial.py for tasks to queue
[2024-08-27T17:08:52.943+0000] {logging_mixin.py:190} INFO - [2024-08-27T17:08:52.942+0000] {dagbag.py:587} INFO - Filling up the DagBag from /home/airflow/.local/lib/python3.12/site-packages/airflow/example_dags/tutorial.py
[2024-08-27T17:08:52.956+0000] {processor.py:925} INFO - DAG(s) 'tutorial' retrieved from /home/airflow/.local/lib/python3.12/site-packages/airflow/example_dags/tutorial.py
[2024-08-27T17:08:52.993+0000] {logging_mixin.py:190} INFO - [2024-08-27T17:08:52.992+0000] {dag.py:3211} INFO - Sync 1 DAGs
[2024-08-27T17:08:53.043+0000] {logging_mixin.py:190} INFO - [2024-08-27T17:08:53.042+0000] {dag.py:4138} INFO - Setting next_dagrun for tutorial to 2024-08-26 00:00:00+00:00, run_after=2024-08-27 00:00:00+00:00
[2024-08-27T17:08:53.084+0000] {processor.py:208} INFO - Processing /home/airflow/.local/lib/python3.12/site-packages/airflow/example_dags/tutorial.py took 0.157 seconds
[2024-08-27T17:09:23.585+0000] {processor.py:186} INFO - Started process (PID=626) to work on /home/airflow/.local/lib/python3.12/site-packages/airflow/example_dags/tutorial.py
[2024-08-27T17:09:23.587+0000] {processor.py:914} INFO - Processing file /home/airflow/.local/lib/python3.12/site-packages/airflow/example_dags/tutorial.py for tasks to queue
[2024-08-27T17:09:23.591+0000] {logging_mixin.py:190} INFO - [2024-08-27T17:09:23.590+0000] {dagbag.py:587} INFO - Filling up the DagBag from /home/airflow/.local/lib/python3.12/site-packages/airflow/example_dags/tutorial.py
[2024-08-27T17:09:23.604+0000] {processor.py:925} INFO - DAG(s) 'tutorial' retrieved from /home/airflow/.local/lib/python3.12/site-packages/airflow/example_dags/tutorial.py
[2024-08-27T17:09:23.633+0000] {logging_mixin.py:190} INFO - [2024-08-27T17:09:23.633+0000] {dag.py:3211} INFO - Sync 1 DAGs
[2024-08-27T17:09:23.670+0000] {logging_mixin.py:190} INFO - [2024-08-27T17:09:23.670+0000] {dag.py:4138} INFO - Setting next_dagrun for tutorial to 2024-08-26 00:00:00+00:00, run_after=2024-08-27 00:00:00+00:00
[2024-08-27T17:09:23.701+0000] {processor.py:208} INFO - Processing /home/airflow/.local/lib/python3.12/site-packages/airflow/example_dags/tutorial.py took 0.125 seconds
[2024-08-27T17:09:53.933+0000] {processor.py:186} INFO - Started process (PID=688) to work on /home/airflow/.local/lib/python3.12/site-packages/airflow/example_dags/tutorial.py
[2024-08-27T17:09:53.936+0000] {processor.py:914} INFO - Processing file /home/airflow/.local/lib/python3.12/site-packages/airflow/example_dags/tutorial.py for tasks to queue
[2024-08-27T17:09:53.946+0000] {logging_mixin.py:190} INFO - [2024-08-27T17:09:53.945+0000] {dagbag.py:587} INFO - Filling up the DagBag from /home/airflow/.local/lib/python3.12/site-packages/airflow/example_dags/tutorial.py
[2024-08-27T17:09:53.962+0000] {processor.py:925} INFO - DAG(s) 'tutorial' retrieved from /home/airflow/.local/lib/python3.12/site-packages/airflow/example_dags/tutorial.py
[2024-08-27T17:09:53.996+0000] {logging_mixin.py:190} INFO - [2024-08-27T17:09:53.996+0000] {dag.py:3211} INFO - Sync 1 DAGs
[2024-08-27T17:09:54.035+0000] {logging_mixin.py:190} INFO - [2024-08-27T17:09:54.034+0000] {dag.py:4138} INFO - Setting next_dagrun for tutorial to 2024-08-26 00:00:00+00:00, run_after=2024-08-27 00:00:00+00:00
[2024-08-27T17:09:54.071+0000] {processor.py:208} INFO - Processing /home/airflow/.local/lib/python3.12/site-packages/airflow/example_dags/tutorial.py took 0.151 seconds
[2024-08-27T17:10:24.959+0000] {processor.py:186} INFO - Started process (PID=750) to work on /home/airflow/.local/lib/python3.12/site-packages/airflow/example_dags/tutorial.py
[2024-08-27T17:10:24.960+0000] {processor.py:914} INFO - Processing file /home/airflow/.local/lib/python3.12/site-packages/airflow/example_dags/tutorial.py for tasks to queue
[2024-08-27T17:10:24.965+0000] {logging_mixin.py:190} INFO - [2024-08-27T17:10:24.964+0000] {dagbag.py:587} INFO - Filling up the DagBag from /home/airflow/.local/lib/python3.12/site-packages/airflow/example_dags/tutorial.py
[2024-08-27T17:10:24.982+0000] {processor.py:925} INFO - DAG(s) 'tutorial' retrieved from /home/airflow/.local/lib/python3.12/site-packages/airflow/example_dags/tutorial.py
[2024-08-27T17:10:25.017+0000] {logging_mixin.py:190} INFO - [2024-08-27T17:10:25.016+0000] {dag.py:3211} INFO - Sync 1 DAGs
[2024-08-27T17:10:25.065+0000] {logging_mixin.py:190} INFO - [2024-08-27T17:10:25.064+0000] {dag.py:4138} INFO - Setting next_dagrun for tutorial to 2024-08-26 00:00:00+00:00, run_after=2024-08-27 00:00:00+00:00
[2024-08-27T17:10:25.120+0000] {processor.py:208} INFO - Processing /home/airflow/.local/lib/python3.12/site-packages/airflow/example_dags/tutorial.py took 0.174 seconds
[2024-08-27T17:10:55.671+0000] {processor.py:186} INFO - Started process (PID=812) to work on /home/airflow/.local/lib/python3.12/site-packages/airflow/example_dags/tutorial.py
[2024-08-27T17:10:55.673+0000] {processor.py:914} INFO - Processing file /home/airflow/.local/lib/python3.12/site-packages/airflow/example_dags/tutorial.py for tasks to queue
[2024-08-27T17:10:55.675+0000] {logging_mixin.py:190} INFO - [2024-08-27T17:10:55.675+0000] {dagbag.py:587} INFO - Filling up the DagBag from /home/airflow/.local/lib/python3.12/site-packages/airflow/example_dags/tutorial.py
[2024-08-27T17:10:55.687+0000] {processor.py:925} INFO - DAG(s) 'tutorial' retrieved from /home/airflow/.local/lib/python3.12/site-packages/airflow/example_dags/tutorial.py
[2024-08-27T17:10:55.719+0000] {logging_mixin.py:190} INFO - [2024-08-27T17:10:55.719+0000] {dag.py:3211} INFO - Sync 1 DAGs
[2024-08-27T17:10:55.753+0000] {logging_mixin.py:190} INFO - [2024-08-27T17:10:55.753+0000] {dag.py:4138} INFO - Setting next_dagrun for tutorial to 2024-08-26 00:00:00+00:00, run_after=2024-08-27 00:00:00+00:00
[2024-08-27T17:10:55.785+0000] {processor.py:208} INFO - Processing /home/airflow/.local/lib/python3.12/site-packages/airflow/example_dags/tutorial.py took 0.123 seconds
[2024-08-27T17:11:26.334+0000] {processor.py:186} INFO - Started process (PID=874) to work on /home/airflow/.local/lib/python3.12/site-packages/airflow/example_dags/tutorial.py
[2024-08-27T17:11:26.336+0000] {processor.py:914} INFO - Processing file /home/airflow/.local/lib/python3.12/site-packages/airflow/example_dags/tutorial.py for tasks to queue
[2024-08-27T17:11:26.340+0000] {logging_mixin.py:190} INFO - [2024-08-27T17:11:26.339+0000] {dagbag.py:587} INFO - Filling up the DagBag from /home/airflow/.local/lib/python3.12/site-packages/airflow/example_dags/tutorial.py
[2024-08-27T17:11:26.352+0000] {processor.py:925} INFO - DAG(s) 'tutorial' retrieved from /home/airflow/.local/lib/python3.12/site-packages/airflow/example_dags/tutorial.py
[2024-08-27T17:11:26.387+0000] {logging_mixin.py:190} INFO - [2024-08-27T17:11:26.386+0000] {dag.py:3211} INFO - Sync 1 DAGs
[2024-08-27T17:11:26.427+0000] {logging_mixin.py:190} INFO - [2024-08-27T17:11:26.426+0000] {dag.py:4138} INFO - Setting next_dagrun for tutorial to 2024-08-26 00:00:00+00:00, run_after=2024-08-27 00:00:00+00:00
[2024-08-27T17:11:26.462+0000] {processor.py:208} INFO - Processing /home/airflow/.local/lib/python3.12/site-packages/airflow/example_dags/tutorial.py took 0.135 seconds
[2024-08-27T17:11:56.770+0000] {processor.py:186} INFO - Started process (PID=935) to work on /home/airflow/.local/lib/python3.12/site-packages/airflow/example_dags/tutorial.py
[2024-08-27T17:11:56.772+0000] {processor.py:914} INFO - Processing file /home/airflow/.local/lib/python3.12/site-packages/airflow/example_dags/tutorial.py for tasks to queue
[2024-08-27T17:11:56.777+0000] {logging_mixin.py:190} INFO - [2024-08-27T17:11:56.776+0000] {dagbag.py:587} INFO - Filling up the DagBag from /home/airflow/.local/lib/python3.12/site-packages/airflow/example_dags/tutorial.py
[2024-08-27T17:11:56.790+0000] {processor.py:925} INFO - DAG(s) 'tutorial' retrieved from /home/airflow/.local/lib/python3.12/site-packages/airflow/example_dags/tutorial.py
[2024-08-27T17:11:56.832+0000] {logging_mixin.py:190} INFO - [2024-08-27T17:11:56.831+0000] {dag.py:3211} INFO - Sync 1 DAGs
[2024-08-27T17:11:56.884+0000] {logging_mixin.py:190} INFO - [2024-08-27T17:11:56.883+0000] {dag.py:4138} INFO - Setting next_dagrun for tutorial to 2024-08-26 00:00:00+00:00, run_after=2024-08-27 00:00:00+00:00
[2024-08-27T17:11:56.916+0000] {processor.py:208} INFO - Processing /home/airflow/.local/lib/python3.12/site-packages/airflow/example_dags/tutorial.py took 0.159 seconds
[2024-08-27T17:12:27.291+0000] {processor.py:186} INFO - Started process (PID=997) to work on /home/airflow/.local/lib/python3.12/site-packages/airflow/example_dags/tutorial.py
[2024-08-27T17:12:27.293+0000] {processor.py:914} INFO - Processing file /home/airflow/.local/lib/python3.12/site-packages/airflow/example_dags/tutorial.py for tasks to queue
[2024-08-27T17:12:27.296+0000] {logging_mixin.py:190} INFO - [2024-08-27T17:12:27.295+0000] {dagbag.py:587} INFO - Filling up the DagBag from /home/airflow/.local/lib/python3.12/site-packages/airflow/example_dags/tutorial.py
[2024-08-27T17:12:27.307+0000] {processor.py:925} INFO - DAG(s) 'tutorial' retrieved from /home/airflow/.local/lib/python3.12/site-packages/airflow/example_dags/tutorial.py
[2024-08-27T17:12:27.337+0000] {logging_mixin.py:190} INFO - [2024-08-27T17:12:27.336+0000] {dag.py:3211} INFO - Sync 1 DAGs
[2024-08-27T17:12:27.367+0000] {logging_mixin.py:190} INFO - [2024-08-27T17:12:27.366+0000] {dag.py:4138} INFO - Setting next_dagrun for tutorial to 2024-08-26 00:00:00+00:00, run_after=2024-08-27 00:00:00+00:00
[2024-08-27T17:12:27.395+0000] {processor.py:208} INFO - Processing /home/airflow/.local/lib/python3.12/site-packages/airflow/example_dags/tutorial.py took 0.117 seconds
[2024-08-27T17:12:57.835+0000] {processor.py:186} INFO - Started process (PID=1059) to work on /home/airflow/.local/lib/python3.12/site-packages/airflow/example_dags/tutorial.py
[2024-08-27T17:12:57.836+0000] {processor.py:914} INFO - Processing file /home/airflow/.local/lib/python3.12/site-packages/airflow/example_dags/tutorial.py for tasks to queue
[2024-08-27T17:12:57.839+0000] {logging_mixin.py:190} INFO - [2024-08-27T17:12:57.839+0000] {dagbag.py:587} INFO - Filling up the DagBag from /home/airflow/.local/lib/python3.12/site-packages/airflow/example_dags/tutorial.py
[2024-08-27T17:12:57.850+0000] {processor.py:925} INFO - DAG(s) 'tutorial' retrieved from /home/airflow/.local/lib/python3.12/site-packages/airflow/example_dags/tutorial.py
[2024-08-27T17:12:57.883+0000] {logging_mixin.py:190} INFO - [2024-08-27T17:12:57.883+0000] {dag.py:3211} INFO - Sync 1 DAGs
[2024-08-27T17:12:57.932+0000] {logging_mixin.py:190} INFO - [2024-08-27T17:12:57.932+0000] {dag.py:4138} INFO - Setting next_dagrun for tutorial to 2024-08-26 00:00:00+00:00, run_after=2024-08-27 00:00:00+00:00
[2024-08-27T17:12:57.974+0000] {processor.py:208} INFO - Processing /home/airflow/.local/lib/python3.12/site-packages/airflow/example_dags/tutorial.py took 0.147 seconds
[2024-08-27T17:13:28.335+0000] {processor.py:186} INFO - Started process (PID=1121) to work on /home/airflow/.local/lib/python3.12/site-packages/airflow/example_dags/tutorial.py
[2024-08-27T17:13:28.337+0000] {processor.py:914} INFO - Processing file /home/airflow/.local/lib/python3.12/site-packages/airflow/example_dags/tutorial.py for tasks to queue
[2024-08-27T17:13:28.342+0000] {logging_mixin.py:190} INFO - [2024-08-27T17:13:28.341+0000] {dagbag.py:587} INFO - Filling up the DagBag from /home/airflow/.local/lib/python3.12/site-packages/airflow/example_dags/tutorial.py
[2024-08-27T17:13:28.354+0000] {processor.py:925} INFO - DAG(s) 'tutorial' retrieved from /home/airflow/.local/lib/python3.12/site-packages/airflow/example_dags/tutorial.py
[2024-08-27T17:13:28.383+0000] {logging_mixin.py:190} INFO - [2024-08-27T17:13:28.383+0000] {dag.py:3211} INFO - Sync 1 DAGs
[2024-08-27T17:13:28.415+0000] {logging_mixin.py:190} INFO - [2024-08-27T17:13:28.415+0000] {dag.py:4138} INFO - Setting next_dagrun for tutorial to 2024-08-26 00:00:00+00:00, run_after=2024-08-27 00:00:00+00:00
[2024-08-27T17:13:28.455+0000] {processor.py:208} INFO - Processing /home/airflow/.local/lib/python3.12/site-packages/airflow/example_dags/tutorial.py took 0.127 seconds
[2024-08-27T17:13:58.805+0000] {processor.py:186} INFO - Started process (PID=1183) to work on /home/airflow/.local/lib/python3.12/site-packages/airflow/example_dags/tutorial.py
[2024-08-27T17:13:58.807+0000] {processor.py:914} INFO - Processing file /home/airflow/.local/lib/python3.12/site-packages/airflow/example_dags/tutorial.py for tasks to queue
[2024-08-27T17:13:58.812+0000] {logging_mixin.py:190} INFO - [2024-08-27T17:13:58.812+0000] {dagbag.py:587} INFO - Filling up the DagBag from /home/airflow/.local/lib/python3.12/site-packages/airflow/example_dags/tutorial.py
[2024-08-27T17:13:58.830+0000] {processor.py:925} INFO - DAG(s) 'tutorial' retrieved from /home/airflow/.local/lib/python3.12/site-packages/airflow/example_dags/tutorial.py
[2024-08-27T17:13:58.873+0000] {logging_mixin.py:190} INFO - [2024-08-27T17:13:58.872+0000] {dag.py:3211} INFO - Sync 1 DAGs
[2024-08-27T17:13:58.928+0000] {logging_mixin.py:190} INFO - [2024-08-27T17:13:58.927+0000] {dag.py:4138} INFO - Setting next_dagrun for tutorial to 2024-08-26 00:00:00+00:00, run_after=2024-08-27 00:00:00+00:00
[2024-08-27T17:13:58.963+0000] {processor.py:208} INFO - Processing /home/airflow/.local/lib/python3.12/site-packages/airflow/example_dags/tutorial.py took 0.175 seconds
[2024-08-27T17:14:29.414+0000] {processor.py:186} INFO - Started process (PID=1245) to work on /home/airflow/.local/lib/python3.12/site-packages/airflow/example_dags/tutorial.py
[2024-08-27T17:14:29.416+0000] {processor.py:914} INFO - Processing file /home/airflow/.local/lib/python3.12/site-packages/airflow/example_dags/tutorial.py for tasks to queue
[2024-08-27T17:14:29.422+0000] {logging_mixin.py:190} INFO - [2024-08-27T17:14:29.421+0000] {dagbag.py:587} INFO - Filling up the DagBag from /home/airflow/.local/lib/python3.12/site-packages/airflow/example_dags/tutorial.py
[2024-08-27T17:14:29.438+0000] {processor.py:925} INFO - DAG(s) 'tutorial' retrieved from /home/airflow/.local/lib/python3.12/site-packages/airflow/example_dags/tutorial.py
[2024-08-27T17:14:29.486+0000] {logging_mixin.py:190} INFO - [2024-08-27T17:14:29.485+0000] {dag.py:3211} INFO - Sync 1 DAGs
[2024-08-27T17:14:29.540+0000] {logging_mixin.py:190} INFO - [2024-08-27T17:14:29.540+0000] {dag.py:4138} INFO - Setting next_dagrun for tutorial to 2024-08-26 00:00:00+00:00, run_after=2024-08-27 00:00:00+00:00
[2024-08-27T17:14:29.589+0000] {processor.py:208} INFO - Processing /home/airflow/.local/lib/python3.12/site-packages/airflow/example_dags/tutorial.py took 0.192 seconds
[2024-08-27T17:15:00.283+0000] {processor.py:186} INFO - Started process (PID=1308) to work on /home/airflow/.local/lib/python3.12/site-packages/airflow/example_dags/tutorial.py
[2024-08-27T17:15:00.285+0000] {processor.py:914} INFO - Processing file /home/airflow/.local/lib/python3.12/site-packages/airflow/example_dags/tutorial.py for tasks to queue
[2024-08-27T17:15:00.290+0000] {logging_mixin.py:190} INFO - [2024-08-27T17:15:00.289+0000] {dagbag.py:587} INFO - Filling up the DagBag from /home/airflow/.local/lib/python3.12/site-packages/airflow/example_dags/tutorial.py
[2024-08-27T17:15:00.307+0000] {processor.py:925} INFO - DAG(s) 'tutorial' retrieved from /home/airflow/.local/lib/python3.12/site-packages/airflow/example_dags/tutorial.py
[2024-08-27T17:15:00.346+0000] {logging_mixin.py:190} INFO - [2024-08-27T17:15:00.345+0000] {dag.py:3211} INFO - Sync 1 DAGs
[2024-08-27T17:15:00.386+0000] {logging_mixin.py:190} INFO - [2024-08-27T17:15:00.386+0000] {dag.py:4138} INFO - Setting next_dagrun for tutorial to 2024-08-26 00:00:00+00:00, run_after=2024-08-27 00:00:00+00:00
[2024-08-27T17:15:00.424+0000] {processor.py:208} INFO - Processing /home/airflow/.local/lib/python3.12/site-packages/airflow/example_dags/tutorial.py took 0.151 seconds
[2024-08-27T17:15:31.128+0000] {processor.py:186} INFO - Started process (PID=1370) to work on /home/airflow/.local/lib/python3.12/site-packages/airflow/example_dags/tutorial.py
[2024-08-27T17:15:31.130+0000] {processor.py:914} INFO - Processing file /home/airflow/.local/lib/python3.12/site-packages/airflow/example_dags/tutorial.py for tasks to queue
[2024-08-27T17:15:31.134+0000] {logging_mixin.py:190} INFO - [2024-08-27T17:15:31.133+0000] {dagbag.py:587} INFO - Filling up the DagBag from /home/airflow/.local/lib/python3.12/site-packages/airflow/example_dags/tutorial.py
[2024-08-27T17:15:31.146+0000] {processor.py:925} INFO - DAG(s) 'tutorial' retrieved from /home/airflow/.local/lib/python3.12/site-packages/airflow/example_dags/tutorial.py
[2024-08-27T17:15:31.181+0000] {logging_mixin.py:190} INFO - [2024-08-27T17:15:31.180+0000] {dag.py:3211} INFO - Sync 1 DAGs
[2024-08-27T17:15:31.226+0000] {logging_mixin.py:190} INFO - [2024-08-27T17:15:31.225+0000] {dag.py:4138} INFO - Setting next_dagrun for tutorial to 2024-08-26 00:00:00+00:00, run_after=2024-08-27 00:00:00+00:00
[2024-08-27T17:15:31.258+0000] {processor.py:208} INFO - Processing /home/airflow/.local/lib/python3.12/site-packages/airflow/example_dags/tutorial.py took 0.140 seconds
[2024-08-27T17:16:01.747+0000] {processor.py:186} INFO - Started process (PID=1432) to work on /home/airflow/.local/lib/python3.12/site-packages/airflow/example_dags/tutorial.py
[2024-08-27T17:16:01.749+0000] {processor.py:914} INFO - Processing file /home/airflow/.local/lib/python3.12/site-packages/airflow/example_dags/tutorial.py for tasks to queue
[2024-08-27T17:16:01.753+0000] {logging_mixin.py:190} INFO - [2024-08-27T17:16:01.752+0000] {dagbag.py:587} INFO - Filling up the DagBag from /home/airflow/.local/lib/python3.12/site-packages/airflow/example_dags/tutorial.py
[2024-08-27T17:16:01.765+0000] {processor.py:925} INFO - DAG(s) 'tutorial' retrieved from /home/airflow/.local/lib/python3.12/site-packages/airflow/example_dags/tutorial.py
[2024-08-27T17:16:01.796+0000] {logging_mixin.py:190} INFO - [2024-08-27T17:16:01.796+0000] {dag.py:3211} INFO - Sync 1 DAGs
[2024-08-27T17:16:01.833+0000] {logging_mixin.py:190} INFO - [2024-08-27T17:16:01.833+0000] {dag.py:4138} INFO - Setting next_dagrun for tutorial to 2024-08-26 00:00:00+00:00, run_after=2024-08-27 00:00:00+00:00
[2024-08-27T17:16:01.861+0000] {processor.py:208} INFO - Processing /home/airflow/.local/lib/python3.12/site-packages/airflow/example_dags/tutorial.py took 0.122 seconds
[2024-08-27T17:16:32.555+0000] {processor.py:186} INFO - Started process (PID=1494) to work on /home/airflow/.local/lib/python3.12/site-packages/airflow/example_dags/tutorial.py
[2024-08-27T17:16:32.558+0000] {processor.py:914} INFO - Processing file /home/airflow/.local/lib/python3.12/site-packages/airflow/example_dags/tutorial.py for tasks to queue
[2024-08-27T17:16:32.563+0000] {logging_mixin.py:190} INFO - [2024-08-27T17:16:32.562+0000] {dagbag.py:587} INFO - Filling up the DagBag from /home/airflow/.local/lib/python3.12/site-packages/airflow/example_dags/tutorial.py
[2024-08-27T17:16:32.578+0000] {processor.py:925} INFO - DAG(s) 'tutorial' retrieved from /home/airflow/.local/lib/python3.12/site-packages/airflow/example_dags/tutorial.py
[2024-08-27T17:16:32.619+0000] {logging_mixin.py:190} INFO - [2024-08-27T17:16:32.618+0000] {dag.py:3211} INFO - Sync 1 DAGs
[2024-08-27T17:16:32.662+0000] {logging_mixin.py:190} INFO - [2024-08-27T17:16:32.662+0000] {dag.py:4138} INFO - Setting next_dagrun for tutorial to 2024-08-26 00:00:00+00:00, run_after=2024-08-27 00:00:00+00:00
[2024-08-27T17:16:32.690+0000] {processor.py:208} INFO - Processing /home/airflow/.local/lib/python3.12/site-packages/airflow/example_dags/tutorial.py took 0.148 seconds
[2024-08-27T17:17:03.027+0000] {processor.py:186} INFO - Started process (PID=1555) to work on /home/airflow/.local/lib/python3.12/site-packages/airflow/example_dags/tutorial.py
[2024-08-27T17:17:03.029+0000] {processor.py:914} INFO - Processing file /home/airflow/.local/lib/python3.12/site-packages/airflow/example_dags/tutorial.py for tasks to queue
[2024-08-27T17:17:03.033+0000] {logging_mixin.py:190} INFO - [2024-08-27T17:17:03.032+0000] {dagbag.py:587} INFO - Filling up the DagBag from /home/airflow/.local/lib/python3.12/site-packages/airflow/example_dags/tutorial.py
[2024-08-27T17:17:03.045+0000] {processor.py:925} INFO - DAG(s) 'tutorial' retrieved from /home/airflow/.local/lib/python3.12/site-packages/airflow/example_dags/tutorial.py
[2024-08-27T17:17:03.082+0000] {logging_mixin.py:190} INFO - [2024-08-27T17:17:03.081+0000] {dag.py:3211} INFO - Sync 1 DAGs
[2024-08-27T17:17:03.120+0000] {logging_mixin.py:190} INFO - [2024-08-27T17:17:03.119+0000] {dag.py:4138} INFO - Setting next_dagrun for tutorial to 2024-08-26 00:00:00+00:00, run_after=2024-08-27 00:00:00+00:00
[2024-08-27T17:17:03.150+0000] {processor.py:208} INFO - Processing /home/airflow/.local/lib/python3.12/site-packages/airflow/example_dags/tutorial.py took 0.134 seconds
